# JRE version: OpenJDK Runtime Environment Temurin-11.0.21+9 (11.0.21+9) (build 11.0.21+9)
# Java VM: OpenJDK Client VM Temurin-11.0.21+9 (11.0.21+9, mixed mode, serial gc, windows-x86)
Heap:
 def new generation   total 14400K, used 9941K [0x05600000, 0x06590000, 0x0ab50000)
  eden space 12864K,  65% used [0x05600000, 0x05e35640, 0x06290000)
  from space 1536K, 100% used [0x06410000, 0x06590000, 0x06590000)
  to   space 1536K,   0% used [0x06290000, 0x06290000, 0x06410000)
 tenured generation   total 31832K, used 24446K [0x0ab50000, 0x0ca66000, 0x15600000)
   the space 31832K,  76% used [0x0ab50000, 0x0c32fa50, 0x0c32fc00, 0x0ca66000)
 Metaspace       used 16329K, capacity 16733K, committed 17024K, reserved 17792K
GC Heap History (20 events):
Event: 0.926 GC heap before
{Heap before GC invocations=9 (full 1):
 def new generation   total 8768K, used 7808K [0x05600000, 0x05f80000, 0x0ab50000)
  eden space 7808K, 100% used [0x05600000, 0x05da0000, 0x05da0000)
  from space 960K,   0% used [0x05da0000, 0x05da0000, 0x05e90000)
  to   space 960K,   0% used [0x05e90000, 0x05e90000, 0x05f80000)
 tenured generation   total 19308K, used 11583K [0x0ab50000, 0x0be2b000, 0x15600000)
   the space 19308K,  59% used [0x0ab50000, 0x0b69fff8, 0x0b6a0000, 0x0be2b000)
 Metaspace       used 12721K, capacity 12899K, committed 12928K, reserved 13696K
}
Event: 0.929 GC heap after
{Heap after GC invocations=10 (full 1):
 def new generation   total 8768K, used 960K [0x05600000, 0x05f80000, 0x0ab50000)
  eden space 7808K,   0% used [0x05600000, 0x05600000, 0x05da0000)
  from space 960K, 100% used [0x05e90000, 0x05f80000, 0x05f80000)
  to   space 960K,   0% used [0x05da0000, 0x05da0000, 0x05e90000)
 tenured generation   total 19308K, used 11944K [0x0ab50000, 0x0be2b000, 0x15600000)
   the space 19308K,  61% used [0x0ab50000, 0x0b6fa300, 0x0b6fa400, 0x0be2b000)
 Metaspace       used 12721K, capacity 12899K, committed 12928K, reserved 13696K
}
Event: 1.011 GC heap before
{Heap before GC invocations=10 (full 1):
 def new generation   total 8768K, used 8722K [0x05600000, 0x05f80000, 0x0ab50000)
  eden space 7808K,  99% used [0x05600000, 0x05d94b58, 0x05da0000)
  from space 960K, 100% used [0x05e90000, 0x05f80000, 0x05f80000)
  to   space 960K,   0% used [0x05da0000, 0x05da0000, 0x05e90000)
 tenured generation   total 19308K, used 11944K [0x0ab50000, 0x0be2b000, 0x15600000)
   the space 19308K,  61% used [0x0ab50000, 0x0b6fa300, 0x0b6fa400, 0x0be2b000)
 Metaspace       used 13963K, capacity 14253K, committed 14336K, reserved 14720K
}
Event: 1.015 GC heap after
{Heap after GC invocations=11 (full 1):
 def new generation   total 8768K, used 598K [0x05600000, 0x05f80000, 0x0ab50000)
  eden space 7808K,   0% used [0x05600000, 0x05600000, 0x05da0000)
  from space 960K,  62% used [0x05da0000, 0x05e35980, 0x05e90000)
  to   space 960K,   0% used [0x05e90000, 0x05e90000, 0x05f80000)
 tenured generation   total 19308K, used 12896K [0x0ab50000, 0x0be2b000, 0x15600000)
   the space 19308K,  66% used [0x0ab50000, 0x0b7e82a8, 0x0b7e8400, 0x0be2b000)
 Metaspace       used 13963K, capacity 14253K, committed 14336K, reserved 14720K
}
Event: 3.497 GC heap before
{Heap before GC invocations=11 (full 1):
 def new generation   total 8768K, used 8406K [0x05600000, 0x05f80000, 0x0ab50000)
  eden space 7808K, 100% used [0x05600000, 0x05da0000, 0x05da0000)
  from space 960K,  62% used [0x05da0000, 0x05e35980, 0x05e90000)
  to   space 960K,   0% used [0x05e90000, 0x05e90000, 0x05f80000)
 tenured generation   total 19308K, used 12896K [0x0ab50000, 0x0be2b000, 0x15600000)
   the space 19308K,  66% used [0x0ab50000, 0x0b7e82a8, 0x0b7e8400, 0x0be2b000)
 Metaspace       used 15039K, capacity 15352K, committed 15360K, reserved 15744K
}
Event: 3.500 GC heap after
{Heap after GC invocations=12 (full 1):
 def new generation   total 8768K, used 796K [0x05600000, 0x05f80000, 0x0ab50000)
  eden space 7808K,   0% used [0x05600000, 0x05600000, 0x05da0000)
  from space 960K,  83% used [0x05e90000, 0x05f57358, 0x05f80000)
  to   space 960K,   0% used [0x05da0000, 0x05da0000, 0x05e90000)
 tenured generation   total 19308K, used 14476K [0x0ab50000, 0x0be2b000, 0x15600000)
   the space 19308K,  74% used [0x0ab50000, 0x0b973338, 0x0b973400, 0x0be2b000)
 Metaspace       used 15039K, capacity 15352K, committed 15360K, reserved 15744K
}
Event: 10.155 GC heap before
{Heap before GC invocations=12 (full 1):
 def new generation   total 8768K, used 8604K [0x05600000, 0x05f80000, 0x0ab50000)
  eden space 7808K, 100% used [0x05600000, 0x05da0000, 0x05da0000)
  from space 960K,  83% used [0x05e90000, 0x05f57358, 0x05f80000)
  to   space 960K,   0% used [0x05da0000, 0x05da0000, 0x05e90000)
 tenured generation   total 19308K, used 14476K [0x0ab50000, 0x0be2b000, 0x15600000)
   the space 19308K,  74% used [0x0ab50000, 0x0b973338, 0x0b973400, 0x0be2b000)
 Metaspace       used 15988K, capacity 16346K, committed 16384K, reserved 16768K
}
Event: 10.158 GC heap after
{Heap after GC invocations=13 (full 1):
 def new generation   total 8768K, used 960K [0x05600000, 0x05f80000, 0x0ab50000)
  eden space 7808K,   0% used [0x05600000, 0x05600000, 0x05da0000)
  from space 960K, 100% used [0x05da0000, 0x05e90000, 0x05e90000)
  to   space 960K,   0% used [0x05e90000, 0x05e90000, 0x05f80000)
 tenured generation   total 19308K, used 15172K [0x0ab50000, 0x0be2b000, 0x15600000)
   the space 19308K,  78% used [0x0ab50000, 0x0ba213a0, 0x0ba21400, 0x0be2b000)
 Metaspace       used 15988K, capacity 16346K, committed 16384K, reserved 16768K
}
Event: 16.409 GC heap before
{Heap before GC invocations=13 (full 1):
 def new generation   total 8768K, used 8768K [0x05600000, 0x05f80000, 0x0ab50000)
  eden space 7808K, 100% used [0x05600000, 0x05da0000, 0x05da0000)
  from space 960K, 100% used [0x05da0000, 0x05e90000, 0x05e90000)
  to   space 960K,   0% used [0x05e90000, 0x05e90000, 0x05f80000)
 tenured generation   total 19308K, used 15172K [0x0ab50000, 0x0be2b000, 0x15600000)
   the space 19308K,  78% used [0x0ab50000, 0x0ba213a0, 0x0ba21400, 0x0be2b000)
 Metaspace       used 16327K, capacity 16742K, committed 16768K, reserved 16768K
}
Event: 16.413 GC heap after
{Heap after GC invocations=14 (full 1):
 def new generation   total 8768K, used 960K [0x05600000, 0x05f80000, 0x0ab50000)
  eden space 7808K,   0% used [0x05600000, 0x05600000, 0x05da0000)
  from space 960K, 100% used [0x05e90000, 0x05f80000, 0x05f80000)
  to   space 960K,   0% used [0x05da0000, 0x05da0000, 0x05e90000)
 tenured generation   total 19308K, used 16276K [0x0ab50000, 0x0be2b000, 0x15600000)
   the space 19308K,  84% used [0x0ab50000, 0x0bb351b0, 0x0bb35200, 0x0be2b000)
 Metaspace       used 16327K, capacity 16742K, committed 16768K, reserved 16768K
}
Event: 45.328 GC heap before
{Heap before GC invocations=14 (full 1):
 def new generation   total 8768K, used 8768K [0x05600000, 0x05f80000, 0x0ab50000)
  eden space 7808K, 100% used [0x05600000, 0x05da0000, 0x05da0000)
  from space 960K, 100% used [0x05e90000, 0x05f80000, 0x05f80000)
  to   space 960K,   0% used [0x05da0000, 0x05da0000, 0x05e90000)
 tenured generation   total 19308K, used 16276K [0x0ab50000, 0x0be2b000, 0x15600000)
   the space 19308K,  84% used [0x0ab50000, 0x0bb351b0, 0x0bb35200, 0x0be2b000)
 Metaspace       used 16489K, capacity 16939K, committed 17024K, reserved 17792K
}
Event: 45.332 GC heap after
{Heap after GC invocations=15 (full 1):
 def new generation   total 8768K, used 696K [0x05600000, 0x05f80000, 0x0ab50000)
  eden space 7808K,   0% used [0x05600000, 0x05600000, 0x05da0000)
  from space 960K,  72% used [0x05da0000, 0x05e4e248, 0x05e90000)
  to   space 960K,   0% used [0x05e90000, 0x05e90000, 0x05f80000)
 tenured generation   total 19308K, used 18245K [0x0ab50000, 0x0be2b000, 0x15600000)
   the space 19308K,  94% used [0x0ab50000, 0x0bd217f8, 0x0bd21800, 0x0be2b000)
 Metaspace       used 16489K, capacity 16939K, committed 17024K, reserved 17792K
}
Event: 70.004 GC heap before
{Heap before GC invocations=15 (full 1):
 def new generation   total 8768K, used 8504K [0x05600000, 0x05f80000, 0x0ab50000)
  eden space 7808K, 100% used [0x05600000, 0x05da0000, 0x05da0000)
  from space 960K,  72% used [0x05da0000, 0x05e4e248, 0x05e90000)
  to   space 960K,   0% used [0x05e90000, 0x05e90000, 0x05f80000)
 tenured generation   total 19308K, used 18245K [0x0ab50000, 0x0be2b000, 0x15600000)
   the space 19308K,  94% used [0x0ab50000, 0x0bd217f8, 0x0bd21800, 0x0be2b000)
 Metaspace       used 16535K, capacity 16998K, committed 17024K, reserved 17792K
}
Event: 70.025 GC heap after
{Heap after GC invocations=16 (full 2):
 def new generation   total 14400K, used 0K [0x05600000, 0x06590000, 0x0ab50000)
  eden space 12864K,   0% used [0x05600000, 0x05600000, 0x06290000)
  from space 1536K,   0% used [0x06290000, 0x06290000, 0x06410000)
  to   space 1536K,   0% used [0x06410000, 0x06410000, 0x06590000)
 tenured generation   total 31832K, used 19098K [0x0ab50000, 0x0ca66000, 0x15600000)
   the space 31832K,  59% used [0x0ab50000, 0x0bdf6af0, 0x0bdf6c00, 0x0ca66000)
 Metaspace       used 16266K, capacity 16669K, committed 17024K, reserved 17792K
}
Event: 82.734 GC heap before
{Heap before GC invocations=16 (full 2):
 def new generation   total 14400K, used 12864K [0x05600000, 0x06590000, 0x0ab50000)
  eden space 12864K, 100% used [0x05600000, 0x06290000, 0x06290000)
  from space 1536K,   0% used [0x06290000, 0x06290000, 0x06410000)
  to   space 1536K,   0% used [0x06410000, 0x06410000, 0x06590000)
 tenured generation   total 31832K, used 19098K [0x0ab50000, 0x0ca66000, 0x15600000)
   the space 31832K,  59% used [0x0ab50000, 0x0bdf6af0, 0x0bdf6c00, 0x0ca66000)
 Metaspace       used 16288K, capacity 16693K, committed 17024K, reserved 17792K
}
Event: 82.740 GC heap after
{Heap after GC invocations=17 (full 2):
 def new generation   total 14400K, used 1536K [0x05600000, 0x06590000, 0x0ab50000)
  eden space 12864K,   0% used [0x05600000, 0x05600000, 0x06290000)
  from space 1536K, 100% used [0x06410000, 0x06590000, 0x06590000)
  to   space 1536K,   0% used [0x06290000, 0x06290000, 0x06410000)
 tenured generation   total 31832K, used 20670K [0x0ab50000, 0x0ca66000, 0x15600000)
   the space 31832K,  64% used [0x0ab50000, 0x0bf7f930, 0x0bf7fa00, 0x0ca66000)
 Metaspace       used 16288K, capacity 16693K, committed 17024K, reserved 17792K
}
Event: 105.761 GC heap before
{Heap before GC invocations=17 (full 2):
 def new generation   total 14400K, used 14400K [0x05600000, 0x06590000, 0x0ab50000)
  eden space 12864K, 100% used [0x05600000, 0x06290000, 0x06290000)
  from space 1536K, 100% used [0x06410000, 0x06590000, 0x06590000)
  to   space 1536K,   0% used [0x06290000, 0x06290000, 0x06410000)
 tenured generation   total 31832K, used 20670K [0x0ab50000, 0x0ca66000, 0x15600000)
   the space 31832K,  64% used [0x0ab50000, 0x0bf7f930, 0x0bf7fa00, 0x0ca66000)
 Metaspace       used 16291K, capacity 16695K, committed 17024K, reserved 17792K
}
Event: 105.767 GC heap after
{Heap after GC invocations=18 (full 2):
 def new generation   total 14400K, used 1535K [0x05600000, 0x06590000, 0x0ab50000)
  eden space 12864K,   0% used [0x05600000, 0x05600000, 0x06290000)
  from space 1536K,  99% used [0x06290000, 0x0640fff8, 0x06410000)
  to   space 1536K,   0% used [0x06410000, 0x06410000, 0x06590000)
 tenured generation   total 31832K, used 22727K [0x0ab50000, 0x0ca66000, 0x15600000)
   the space 31832K,  71% used [0x0ab50000, 0x0c181f88, 0x0c182000, 0x0ca66000)
 Metaspace       used 16291K, capacity 16695K, committed 17024K, reserved 17792K
}
Event: 159.488 GC heap before
{Heap before GC invocations=18 (full 2):
 def new generation   total 14400K, used 8401K [0x05600000, 0x06590000, 0x0ab50000)
  eden space 12864K,  53% used [0x05600000, 0x05cb4800, 0x06290000)
  from space 1536K,  99% used [0x06290000, 0x0640fff8, 0x06410000)
  to   space 1536K,   0% used [0x06410000, 0x06410000, 0x06590000)
 tenured generation   total 31832K, used 22727K [0x0ab50000, 0x0ca66000, 0x15600000)
   the space 31832K,  71% used [0x0ab50000, 0x0c181f88, 0x0c182000, 0x0ca66000)
 Metaspace       used 16294K, capacity 16698K, committed 17024K, reserved 17792K
}
Event: 159.493 GC heap after
{Heap after GC invocations=19 (full 2):
 def new generation   total 14400K, used 1536K [0x05600000, 0x06590000, 0x0ab50000)
  eden space 12864K,   0% used [0x05600000, 0x05600000, 0x06290000)
  from space 1536K, 100% used [0x06410000, 0x06590000, 0x06590000)
  to   space 1536K,   0% used [0x06290000, 0x06290000, 0x06410000)
 tenured generation   total 31832K, used 24446K [0x0ab50000, 0x0ca66000, 0x15600000)
   the space 31832K,  76% used [0x0ab50000, 0x0c32fa50, 0x0c32fc00, 0x0ca66000)
 Metaspace       used 16294K, capacity 16698K, committed 17024K, reserved 17792K
}

