# JRE version: OpenJDK Runtime Environment Temurin-11.0.21+9 (11.0.21+9) (build 11.0.21+9)
# Java VM: OpenJDK Client VM Temurin-11.0.21+9 (11.0.21+9, mixed mode, serial gc, windows-x86)
Heap:
 def new generation   total 16640K, used 1217K [0x04600000, 0x05800000, 0x09b50000)
  eden space 14848K,   8% used [0x04600000, 0x047306e0, 0x05480000)
  from space 1792K,   0% used [0x05480000, 0x05480000, 0x05640000)
  to   space 1792K,   0% used [0x05640000, 0x05640000, 0x05800000)
 tenured generation   total 36744K, used 22046K [0x09b50000, 0x0bf32000, 0x14600000)
   the space 36744K,  59% used [0x09b50000, 0x0b0d7848, 0x0b0d7a00, 0x0bf32000)
 Metaspace       used 14694K, capacity 14943K, committed 15232K, reserved 15744K
GC Heap History (20 events):
Event: 1.046 GC heap before
{Heap before GC invocations=3 (full 0):
 def new generation   total 4928K, used 4794K [0x04600000, 0x04b50000, 0x09b50000)
  eden space 4416K, 100% used [0x04600000, 0x04a50000, 0x04a50000)
  from space 512K,  73% used [0x04ad0000, 0x04b2ea18, 0x04b50000)
  to   space 512K,   0% used [0x04a50000, 0x04a50000, 0x04ad0000)
 tenured generation   total 10944K, used 1688K [0x09b50000, 0x0a600000, 0x14600000)
   the space 10944K,  15% used [0x09b50000, 0x09cf6140, 0x09cf6200, 0x0a600000)
 Metaspace       used 6595K, capacity 6670K, committed 6784K, reserved 7552K
}
Event: 1.047 GC heap after
{Heap after GC invocations=4 (full 0):
 def new generation   total 4928K, used 227K [0x04600000, 0x04b50000, 0x09b50000)
  eden space 4416K,   0% used [0x04600000, 0x04600000, 0x04a50000)
  from space 512K,  44% used [0x04a50000, 0x04a88c30, 0x04ad0000)
  to   space 512K,   0% used [0x04ad0000, 0x04ad0000, 0x04b50000)
 tenured generation   total 10944K, used 2047K [0x09b50000, 0x0a600000, 0x14600000)
   the space 10944K,  18% used [0x09b50000, 0x09d4fca8, 0x09d4fe00, 0x0a600000)
 Metaspace       used 6595K, capacity 6670K, committed 6784K, reserved 7552K
}
Event: 1.129 GC heap before
{Heap before GC invocations=4 (full 0):
 def new generation   total 4928K, used 4642K [0x04600000, 0x04b50000, 0x09b50000)
  eden space 4416K,  99% used [0x04600000, 0x04a4fd88, 0x04a50000)
  from space 512K,  44% used [0x04a50000, 0x04a88c30, 0x04ad0000)
  to   space 512K,   0% used [0x04ad0000, 0x04ad0000, 0x04b50000)
 tenured generation   total 10944K, used 2047K [0x09b50000, 0x0a600000, 0x14600000)
   the space 10944K,  18% used [0x09b50000, 0x09d4fca8, 0x09d4fe00, 0x0a600000)
 Metaspace       used 7704K, capacity 7809K, committed 7936K, reserved 8576K
}
Event: 1.130 GC heap after
{Heap after GC invocations=5 (full 0):
 def new generation   total 4928K, used 413K [0x04600000, 0x04b50000, 0x09b50000)
  eden space 4416K,   0% used [0x04600000, 0x04600000, 0x04a50000)
  from space 512K,  80% used [0x04ad0000, 0x04b37610, 0x04b50000)
  to   space 512K,   0% used [0x04a50000, 0x04a50000, 0x04ad0000)
 tenured generation   total 10944K, used 2495K [0x09b50000, 0x0a600000, 0x14600000)
   the space 10944K,  22% used [0x09b50000, 0x09dbfcb8, 0x09dbfe00, 0x0a600000)
 Metaspace       used 7704K, capacity 7809K, committed 7936K, reserved 8576K
}
Event: 1.224 GC heap before
{Heap before GC invocations=5 (full 0):
 def new generation   total 4928K, used 4812K [0x04600000, 0x04b50000, 0x09b50000)
  eden space 4416K,  99% used [0x04600000, 0x04a4bd60, 0x04a50000)
  from space 512K,  80% used [0x04ad0000, 0x04b37610, 0x04b50000)
  to   space 512K,   0% used [0x04a50000, 0x04a50000, 0x04ad0000)
 tenured generation   total 10944K, used 2495K [0x09b50000, 0x0a600000, 0x14600000)
   the space 10944K,  22% used [0x09b50000, 0x09dbfcb8, 0x09dbfe00, 0x0a600000)
 Metaspace       used 8878K, capacity 8989K, committed 9088K, reserved 9600K
}
Event: 1.226 GC heap after
{Heap after GC invocations=6 (full 0):
 def new generation   total 4928K, used 512K [0x04600000, 0x04b50000, 0x09b50000)
  eden space 4416K,   0% used [0x04600000, 0x04600000, 0x04a50000)
  from space 512K, 100% used [0x04a50000, 0x04ad0000, 0x04ad0000)
  to   space 512K,   0% used [0x04ad0000, 0x04ad0000, 0x04b50000)
 tenured generation   total 10944K, used 3041K [0x09b50000, 0x0a600000, 0x14600000)
   the space 10944K,  27% used [0x09b50000, 0x09e48668, 0x09e48800, 0x0a600000)
 Metaspace       used 8878K, capacity 8989K, committed 9088K, reserved 9600K
}
Event: 1.319 GC heap before
{Heap before GC invocations=6 (full 0):
 def new generation   total 4928K, used 4896K [0x04600000, 0x04b50000, 0x09b50000)
  eden space 4416K,  99% used [0x04600000, 0x04a482b8, 0x04a50000)
  from space 512K, 100% used [0x04a50000, 0x04ad0000, 0x04ad0000)
  to   space 512K,   0% used [0x04ad0000, 0x04ad0000, 0x04b50000)
 tenured generation   total 10944K, used 3041K [0x09b50000, 0x0a600000, 0x14600000)
   the space 10944K,  27% used [0x09b50000, 0x09e48668, 0x09e48800, 0x0a600000)
 Metaspace       used 10559K, capacity 10734K, committed 10752K, reserved 11648K
}
Event: 1.322 GC heap after
{Heap after GC invocations=7 (full 0):
 def new generation   total 4928K, used 512K [0x04600000, 0x04b50000, 0x09b50000)
  eden space 4416K,   0% used [0x04600000, 0x04600000, 0x04a50000)
  from space 512K, 100% used [0x04ad0000, 0x04b50000, 0x04b50000)
  to   space 512K,   0% used [0x04a50000, 0x04a50000, 0x04ad0000)
 tenured generation   total 10944K, used 3921K [0x09b50000, 0x0a600000, 0x14600000)
   the space 10944K,  35% used [0x09b50000, 0x09f24440, 0x09f24600, 0x0a600000)
 Metaspace       used 10559K, capacity 10734K, committed 10752K, reserved 11648K
}
Event: 1.407 GC heap before
{Heap before GC invocations=7 (full 0):
 def new generation   total 4928K, used 4928K [0x04600000, 0x04b50000, 0x09b50000)
  eden space 4416K, 100% used [0x04600000, 0x04a50000, 0x04a50000)
  from space 512K, 100% used [0x04ad0000, 0x04b50000, 0x04b50000)
  to   space 512K,   0% used [0x04a50000, 0x04a50000, 0x04ad0000)
 tenured generation   total 10944K, used 3921K [0x09b50000, 0x0a600000, 0x14600000)
   the space 10944K,  35% used [0x09b50000, 0x09f24440, 0x09f24600, 0x0a600000)
 Metaspace       used 11341K, capacity 11510K, committed 11520K, reserved 11648K
}
Event: 1.409 GC heap after
{Heap after GC invocations=8 (full 0):
 def new generation   total 4928K, used 512K [0x04600000, 0x04b50000, 0x09b50000)
  eden space 4416K,   0% used [0x04600000, 0x04600000, 0x04a50000)
  from space 512K, 100% used [0x04a50000, 0x04ad0000, 0x04ad0000)
  to   space 512K,   0% used [0x04ad0000, 0x04ad0000, 0x04b50000)
 tenured generation   total 10944K, used 4431K [0x09b50000, 0x0a600000, 0x14600000)
   the space 10944K,  40% used [0x09b50000, 0x09fa3f18, 0x09fa4000, 0x0a600000)
 Metaspace       used 11341K, capacity 11510K, committed 11520K, reserved 11648K
}
Event: 1.506 GC heap before
{Heap before GC invocations=8 (full 0):
 def new generation   total 4928K, used 4928K [0x04600000, 0x04b50000, 0x09b50000)
  eden space 4416K, 100% used [0x04600000, 0x04a50000, 0x04a50000)
  from space 512K, 100% used [0x04a50000, 0x04ad0000, 0x04ad0000)
  to   space 512K,   0% used [0x04ad0000, 0x04ad0000, 0x04b50000)
 tenured generation   total 10944K, used 10662K [0x09b50000, 0x0a600000, 0x14600000)
   the space 10944K,  97% used [0x09b50000, 0x0a5b9910, 0x0a5b9a00, 0x0a600000)
 Metaspace       used 11800K, capacity 11976K, committed 12032K, reserved 12672K
}
Event: 1.517 GC heap after
{Heap after GC invocations=9 (full 1):
 def new generation   total 8832K, used 387K [0x04600000, 0x04f90000, 0x09b50000)
  eden space 7872K,   4% used [0x04600000, 0x04660f30, 0x04db0000)
  from space 960K,   0% used [0x04db0000, 0x04db0000, 0x04ea0000)
  to   space 960K,   0% used [0x04ea0000, 0x04ea0000, 0x04f90000)
 tenured generation   total 19520K, used 11711K [0x09b50000, 0x0ae60000, 0x14600000)
   the space 19520K,  59% used [0x09b50000, 0x0a6bff98, 0x0a6c0000, 0x0ae60000)
 Metaspace       used 11800K, capacity 11976K, committed 12032K, reserved 12672K
}
Event: 1.718 GC heap before
{Heap before GC invocations=9 (full 1):
 def new generation   total 8832K, used 7866K [0x04600000, 0x04f90000, 0x09b50000)
  eden space 7872K,  99% used [0x04600000, 0x04dae8d8, 0x04db0000)
  from space 960K,   0% used [0x04db0000, 0x04db0000, 0x04ea0000)
  to   space 960K,   0% used [0x04ea0000, 0x04ea0000, 0x04f90000)
 tenured generation   total 19520K, used 11711K [0x09b50000, 0x0ae60000, 0x14600000)
   the space 19520K,  59% used [0x09b50000, 0x0a6bff98, 0x0a6c0000, 0x0ae60000)
 Metaspace       used 12744K, capacity 12931K, committed 13056K, reserved 13696K
}
Event: 1.723 GC heap after
{Heap after GC invocations=10 (full 1):
 def new generation   total 8832K, used 960K [0x04600000, 0x04f90000, 0x09b50000)
  eden space 7872K,   0% used [0x04600000, 0x04600000, 0x04db0000)
  from space 960K, 100% used [0x04ea0000, 0x04f90000, 0x04f90000)
  to   space 960K,   0% used [0x04db0000, 0x04db0000, 0x04ea0000)
 tenured generation   total 19520K, used 11964K [0x09b50000, 0x0ae60000, 0x14600000)
   the space 19520K,  61% used [0x09b50000, 0x0a6ff080, 0x0a6ff200, 0x0ae60000)
 Metaspace       used 12744K, capacity 12931K, committed 13056K, reserved 13696K
}
Event: 1.879 GC heap before
{Heap before GC invocations=10 (full 1):
 def new generation   total 8832K, used 8832K [0x04600000, 0x04f90000, 0x09b50000)
  eden space 7872K, 100% used [0x04600000, 0x04db0000, 0x04db0000)
  from space 960K, 100% used [0x04ea0000, 0x04f90000, 0x04f90000)
  to   space 960K,   0% used [0x04db0000, 0x04db0000, 0x04ea0000)
 tenured generation   total 19520K, used 11964K [0x09b50000, 0x0ae60000, 0x14600000)
   the space 19520K,  61% used [0x09b50000, 0x0a6ff080, 0x0a6ff200, 0x0ae60000)
 Metaspace       used 13999K, capacity 14287K, committed 14336K, reserved 14720K
}
Event: 1.885 GC heap after
{Heap after GC invocations=11 (full 1):
 def new generation   total 8832K, used 635K [0x04600000, 0x04f90000, 0x09b50000)
  eden space 7872K,   0% used [0x04600000, 0x04600000, 0x04db0000)
  from space 960K,  66% used [0x04db0000, 0x04e4edf0, 0x04ea0000)
  to   space 960K,   0% used [0x04ea0000, 0x04ea0000, 0x04f90000)
 tenured generation   total 19520K, used 12916K [0x09b50000, 0x0ae60000, 0x14600000)
   the space 19520K,  66% used [0x09b50000, 0x0a7ed078, 0x0a7ed200, 0x0ae60000)
 Metaspace       used 13999K, capacity 14287K, committed 14336K, reserved 14720K
}
Event: 9.048 GC heap before
{Heap before GC invocations=11 (full 1):
 def new generation   total 8832K, used 8507K [0x04600000, 0x04f90000, 0x09b50000)
  eden space 7872K, 100% used [0x04600000, 0x04db0000, 0x04db0000)
  from space 960K,  66% used [0x04db0000, 0x04e4edf0, 0x04ea0000)
  to   space 960K,   0% used [0x04ea0000, 0x04ea0000, 0x04f90000)
 tenured generation   total 19520K, used 12916K [0x09b50000, 0x0ae60000, 0x14600000)
   the space 19520K,  66% used [0x09b50000, 0x0a7ed078, 0x0a7ed200, 0x0ae60000)
 Metaspace       used 14765K, capacity 15081K, committed 15104K, reserved 15744K
}
Event: 9.053 GC heap after
{Heap after GC invocations=12 (full 1):
 def new generation   total 8832K, used 960K [0x04600000, 0x04f90000, 0x09b50000)
  eden space 7872K,   0% used [0x04600000, 0x04600000, 0x04db0000)
  from space 960K, 100% used [0x04ea0000, 0x04f90000, 0x04f90000)
  to   space 960K,   0% used [0x04db0000, 0x04db0000, 0x04ea0000)
 tenured generation   total 19520K, used 14584K [0x09b50000, 0x0ae60000, 0x14600000)
   the space 19520K,  74% used [0x09b50000, 0x0a98e170, 0x0a98e200, 0x0ae60000)
 Metaspace       used 14765K, capacity 15081K, committed 15104K, reserved 15744K
}
Event: 9.922 GC heap before
{Heap before GC invocations=12 (full 1):
 def new generation   total 8832K, used 8832K [0x04600000, 0x04f90000, 0x09b50000)
  eden space 7872K, 100% used [0x04600000, 0x04db0000, 0x04db0000)
  from space 960K, 100% used [0x04ea0000, 0x04f90000, 0x04f90000)
  to   space 960K,   0% used [0x04db0000, 0x04db0000, 0x04ea0000)
 tenured generation   total 19520K, used 14584K [0x09b50000, 0x0ae60000, 0x14600000)
   the space 19520K,  74% used [0x09b50000, 0x0a98e170, 0x0a98e200, 0x0ae60000)
 Metaspace       used 14867K, capacity 15164K, committed 15232K, reserved 15744K
}
Event: 9.939 GC heap after
{Heap after GC invocations=13 (full 2):
 def new generation   total 16640K, used 0K [0x04600000, 0x05800000, 0x09b50000)
  eden space 14848K,   0% used [0x04600000, 0x04600000, 0x05480000)
  from space 1792K,   0% used [0x05480000, 0x05480000, 0x05640000)
  to   space 1792K,   0% used [0x05640000, 0x05640000, 0x05800000)
 tenured generation   total 36744K, used 22046K [0x09b50000, 0x0bf32000, 0x14600000)
   the space 36744K,  59% used [0x09b50000, 0x0b0d7848, 0x0b0d7a00, 0x0bf32000)
 Metaspace       used 14675K, capacity 14927K, committed 15232K, reserved 15744K
}

