# JRE version: OpenJDK Runtime Environment Corretto-11.0.22.7.1 (11.0.22+7) (build 11.0.22+7-LTS)
# Java VM: OpenJDK 64-Bit Server VM Corretto-11.0.22.7.1 (11.0.22+7-LTS, mixed mode, tiered, compressed oops, g1 gc, windows-amd64)
Heap:
 garbage-first heap   total 126976K, used 64908K [0x0000000084800000, 0x0000000100000000)
  region size 1024K, 38 young (38912K), 6 survivors (6144K)
 Metaspace       used 29116K, capacity 30324K, committed 30640K, reserved 1075200K
  class space    used 3557K, capacity 4029K, committed 4096K, reserved 1048576K
GC Heap History (6 events):
Event: 1.234 GC heap before
{Heap before GC invocations=0 (full 0):
 garbage-first heap   total 126976K, used 23552K [0x0000000084800000, 0x0000000100000000)
  region size 1024K, 24 young (24576K), 0 survivors (0K)
 Metaspace       used 12577K, capacity 12872K, committed 13056K, reserved 1060864K
  class space    used 1284K, capacity 1429K, committed 1536K, reserved 1048576K
}
Event: 1.239 GC heap after
{Heap after GC invocations=1 (full 0):
 garbage-first heap   total 126976K, used 3317K [0x0000000084800000, 0x0000000100000000)
  region size 1024K, 3 young (3072K), 3 survivors (3072K)
 Metaspace       used 12577K, capacity 12872K, committed 13056K, reserved 1060864K
  class space    used 1284K, capacity 1429K, committed 1536K, reserved 1048576K
}
Event: 2.206 GC heap before
{Heap before GC invocations=1 (full 0):
 garbage-first heap   total 126976K, used 38133K [0x0000000084800000, 0x0000000100000000)
  region size 1024K, 31 young (31744K), 3 survivors (3072K)
 Metaspace       used 20571K, capacity 21185K, committed 21296K, reserved 1069056K
  class space    used 2410K, capacity 2660K, committed 2688K, reserved 1048576K
}
Event: 2.217 GC heap after
{Heap after GC invocations=2 (full 0):
 garbage-first heap   total 126976K, used 14241K [0x0000000084800000, 0x0000000100000000)
  region size 1024K, 7 young (7168K), 7 survivors (7168K)
 Metaspace       used 20571K, capacity 21185K, committed 21296K, reserved 1069056K
  class space    used 2410K, capacity 2660K, committed 2688K, reserved 1048576K
}
Event: 22.115 GC heap before
{Heap before GC invocations=3 (full 0):
 garbage-first heap   total 126976K, used 59297K [0x0000000084800000, 0x0000000100000000)
  region size 1024K, 47 young (48128K), 7 survivors (7168K)
 Metaspace       used 27669K, capacity 28803K, committed 28976K, reserved 1075200K
  class space    used 3432K, capacity 3907K, committed 3968K, reserved 1048576K
}
Event: 22.126 GC heap after
{Heap after GC invocations=4 (full 0):
 garbage-first heap   total 126976K, used 21900K [0x0000000084800000, 0x0000000100000000)
  region size 1024K, 6 young (6144K), 6 survivors (6144K)
 Metaspace       used 27669K, capacity 28803K, committed 28976K, reserved 1075200K
  class space    used 3432K, capacity 3907K, committed 3968K, reserved 1048576K
}

