# JRE version: OpenJDK Runtime Environment Corretto-11.0.22.7.1 (11.0.22+7) (build 11.0.22+7-LTS)
# Java VM: OpenJDK 64-Bit Server VM Corretto-11.0.22.7.1 (11.0.22+7-LTS, mixed mode, tiered, compressed oops, g1 gc, windows-amd64)
Heap:
 garbage-first heap   total 126976K, used 77066K [0x0000000084800000, 0x0000000100000000)
  region size 1024K, 42 young (43008K), 6 survivors (6144K)
 Metaspace       used 27146K, capacity 28091K, committed 28336K, reserved 1075200K
  class space    used 3110K, capacity 3480K, committed 3584K, reserved 1048576K
GC Heap History (6 events):
Event: 0.948 GC heap before
{Heap before GC invocations=0 (full 0):
 garbage-first heap   total 126976K, used 23552K [0x0000000084800000, 0x0000000100000000)
  region size 1024K, 24 young (24576K), 0 survivors (0K)
 Metaspace       used 12269K, capacity 12577K, committed 12672K, reserved 1060864K
  class space    used 1265K, capacity 1396K, committed 1408K, reserved 1048576K
}
Event: 0.952 GC heap after
{Heap after GC invocations=1 (full 0):
 garbage-first heap   total 126976K, used 3235K [0x0000000084800000, 0x0000000100000000)
  region size 1024K, 3 young (3072K), 3 survivors (3072K)
 Metaspace       used 12269K, capacity 12577K, committed 12672K, reserved 1060864K
  class space    used 1265K, capacity 1396K, committed 1408K, reserved 1048576K
}
Event: 1.476 GC heap before
{Heap before GC invocations=1 (full 0):
 garbage-first heap   total 126976K, used 37027K [0x0000000084800000, 0x0000000100000000)
  region size 1024K, 30 young (30720K), 3 survivors (3072K)
 Metaspace       used 20582K, capacity 21185K, committed 21296K, reserved 1069056K
  class space    used 2409K, capacity 2660K, committed 2688K, reserved 1048576K
}
Event: 1.485 GC heap after
{Heap after GC invocations=2 (full 0):
 garbage-first heap   total 126976K, used 14656K [0x0000000084800000, 0x0000000100000000)
  region size 1024K, 8 young (8192K), 8 survivors (8192K)
 Metaspace       used 20582K, capacity 21185K, committed 21296K, reserved 1069056K
  class space    used 2409K, capacity 2660K, committed 2688K, reserved 1048576K
}
Event: 21.663 GC heap before
{Heap before GC invocations=3 (full 0):
 garbage-first heap   total 126976K, used 61760K [0x0000000084800000, 0x0000000100000000)
  region size 1024K, 50 young (51200K), 8 survivors (8192K)
 Metaspace       used 26362K, capacity 27278K, committed 27568K, reserved 1073152K
  class space    used 3099K, capacity 3472K, committed 3584K, reserved 1048576K
}
Event: 21.672 GC heap after
{Heap after GC invocations=4 (full 0):
 garbage-first heap   total 126976K, used 21770K [0x0000000084800000, 0x0000000100000000)
  region size 1024K, 6 young (6144K), 6 survivors (6144K)
 Metaspace       used 26362K, capacity 27278K, committed 27568K, reserved 1073152K
  class space    used 3099K, capacity 3472K, committed 3584K, reserved 1048576K
}

