# JRE version: OpenJDK Runtime Environment Temurin-11.0.21+9 (11.0.21+9) (build 11.0.21+9)
# Java VM: OpenJDK Client VM Temurin-11.0.21+9 (11.0.21+9, mixed mode, serial gc, windows-x86)
Heap:
 def new generation   total 16448K, used 883K [0x04e00000, 0x05fd0000, 0x0a350000)
  eden space 14656K,   6% used [0x04e00000, 0x04edcec8, 0x05c50000)
  from space 1792K,   0% used [0x05c50000, 0x05c50000, 0x05e10000)
  to   space 1792K,   0% used [0x05e10000, 0x05e10000, 0x05fd0000)
 tenured generation   total 36348K, used 21806K [0x0a350000, 0x0c6cf000, 0x14e00000)
   the space 36348K,  59% used [0x0a350000, 0x0b89baa0, 0x0b89bc00, 0x0c6cf000)
 Metaspace       used 14833K, capacity 15117K, committed 15232K, reserved 15744K
GC Heap History (20 events):
Event: 0.914 GC heap before
{Heap before GC invocations=3 (full 0):
 def new generation   total 4928K, used 4788K [0x04e00000, 0x05350000, 0x0a350000)
  eden space 4416K,  99% used [0x04e00000, 0x0524e758, 0x05250000)
  from space 512K,  73% used [0x052d0000, 0x0532eb70, 0x05350000)
  to   space 512K,   0% used [0x05250000, 0x05250000, 0x052d0000)
 tenured generation   total 10944K, used 1376K [0x0a350000, 0x0ae00000, 0x14e00000)
   the space 10944K,  12% used [0x0a350000, 0x0a4a8290, 0x0a4a8400, 0x0ae00000)
 Metaspace       used 6597K, capacity 6702K, committed 6784K, reserved 7552K
}
Event: 0.915 GC heap after
{Heap after GC invocations=4 (full 0):
 def new generation   total 4928K, used 251K [0x04e00000, 0x05350000, 0x0a350000)
  eden space 4416K,   0% used [0x04e00000, 0x04e00000, 0x05250000)
  from space 512K,  49% used [0x05250000, 0x0528ec30, 0x052d0000)
  to   space 512K,   0% used [0x052d0000, 0x052d0000, 0x05350000)
 tenured generation   total 10944K, used 1736K [0x0a350000, 0x0ae00000, 0x14e00000)
   the space 10944K,  15% used [0x0a350000, 0x0a502080, 0x0a502200, 0x0ae00000)
 Metaspace       used 6597K, capacity 6702K, committed 6784K, reserved 7552K
}
Event: 0.987 GC heap before
{Heap before GC invocations=4 (full 0):
 def new generation   total 4928K, used 4667K [0x04e00000, 0x05350000, 0x0a350000)
  eden space 4416K, 100% used [0x04e00000, 0x05250000, 0x05250000)
  from space 512K,  49% used [0x05250000, 0x0528ec30, 0x052d0000)
  to   space 512K,   0% used [0x052d0000, 0x052d0000, 0x05350000)
 tenured generation   total 10944K, used 1736K [0x0a350000, 0x0ae00000, 0x14e00000)
   the space 10944K,  15% used [0x0a350000, 0x0a502080, 0x0a502200, 0x0ae00000)
 Metaspace       used 7710K, capacity 7841K, committed 7936K, reserved 8576K
}
Event: 0.988 GC heap after
{Heap after GC invocations=5 (full 0):
 def new generation   total 4928K, used 419K [0x04e00000, 0x05350000, 0x0a350000)
  eden space 4416K,   0% used [0x04e00000, 0x04e00000, 0x05250000)
  from space 512K,  81% used [0x052d0000, 0x05338dc8, 0x05350000)
  to   space 512K,   0% used [0x05250000, 0x05250000, 0x052d0000)
 tenured generation   total 10944K, used 2184K [0x0a350000, 0x0ae00000, 0x14e00000)
   the space 10944K,  19% used [0x0a350000, 0x0a572090, 0x0a572200, 0x0ae00000)
 Metaspace       used 7710K, capacity 7841K, committed 7936K, reserved 8576K
}
Event: 1.068 GC heap before
{Heap before GC invocations=5 (full 0):
 def new generation   total 4928K, used 4789K [0x04e00000, 0x05350000, 0x0a350000)
  eden space 4416K,  98% used [0x04e00000, 0x052448c8, 0x05250000)
  from space 512K,  81% used [0x052d0000, 0x05338dc8, 0x05350000)
  to   space 512K,   0% used [0x05250000, 0x05250000, 0x052d0000)
 tenured generation   total 10944K, used 2184K [0x0a350000, 0x0ae00000, 0x14e00000)
   the space 10944K,  19% used [0x0a350000, 0x0a572090, 0x0a572200, 0x0ae00000)
 Metaspace       used 8879K, capacity 8989K, committed 9088K, reserved 9600K
}
Event: 1.069 GC heap after
{Heap after GC invocations=6 (full 0):
 def new generation   total 4928K, used 512K [0x04e00000, 0x05350000, 0x0a350000)
  eden space 4416K,   0% used [0x04e00000, 0x04e00000, 0x05250000)
  from space 512K, 100% used [0x05250000, 0x052d0000, 0x052d0000)
  to   space 512K,   0% used [0x052d0000, 0x052d0000, 0x05350000)
 tenured generation   total 10944K, used 2730K [0x0a350000, 0x0ae00000, 0x14e00000)
   the space 10944K,  24% used [0x0a350000, 0x0a5fa960, 0x0a5faa00, 0x0ae00000)
 Metaspace       used 8879K, capacity 8989K, committed 9088K, reserved 9600K
}
Event: 1.152 GC heap before
{Heap before GC invocations=6 (full 0):
 def new generation   total 4928K, used 4916K [0x04e00000, 0x05350000, 0x0a350000)
  eden space 4416K,  99% used [0x04e00000, 0x0524d098, 0x05250000)
  from space 512K, 100% used [0x05250000, 0x052d0000, 0x052d0000)
  to   space 512K,   0% used [0x052d0000, 0x052d0000, 0x05350000)
 tenured generation   total 10944K, used 2730K [0x0a350000, 0x0ae00000, 0x14e00000)
   the space 10944K,  24% used [0x0a350000, 0x0a5fa960, 0x0a5faa00, 0x0ae00000)
 Metaspace       used 10561K, capacity 10734K, committed 10752K, reserved 11648K
}
Event: 1.154 GC heap after
{Heap after GC invocations=7 (full 0):
 def new generation   total 4928K, used 512K [0x04e00000, 0x05350000, 0x0a350000)
  eden space 4416K,   0% used [0x04e00000, 0x04e00000, 0x05250000)
  from space 512K, 100% used [0x052d0000, 0x05350000, 0x05350000)
  to   space 512K,   0% used [0x05250000, 0x05250000, 0x052d0000)
 tenured generation   total 10944K, used 3615K [0x0a350000, 0x0ae00000, 0x14e00000)
   the space 10944K,  33% used [0x0a350000, 0x0a6d7da0, 0x0a6d7e00, 0x0ae00000)
 Metaspace       used 10561K, capacity 10734K, committed 10752K, reserved 11648K
}
Event: 1.233 GC heap before
{Heap before GC invocations=7 (full 0):
 def new generation   total 4928K, used 4928K [0x04e00000, 0x05350000, 0x0a350000)
  eden space 4416K, 100% used [0x04e00000, 0x05250000, 0x05250000)
  from space 512K, 100% used [0x052d0000, 0x05350000, 0x05350000)
  to   space 512K,   0% used [0x05250000, 0x05250000, 0x052d0000)
 tenured generation   total 10944K, used 3615K [0x0a350000, 0x0ae00000, 0x14e00000)
   the space 10944K,  33% used [0x0a350000, 0x0a6d7da0, 0x0a6d7e00, 0x0ae00000)
 Metaspace       used 11344K, capacity 11510K, committed 11520K, reserved 11648K
}
Event: 1.235 GC heap after
{Heap after GC invocations=8 (full 0):
 def new generation   total 4928K, used 512K [0x04e00000, 0x05350000, 0x0a350000)
  eden space 4416K,   0% used [0x04e00000, 0x04e00000, 0x05250000)
  from space 512K, 100% used [0x05250000, 0x052d0000, 0x052d0000)
  to   space 512K,   0% used [0x052d0000, 0x052d0000, 0x05350000)
 tenured generation   total 10944K, used 4128K [0x0a350000, 0x0ae00000, 0x14e00000)
   the space 10944K,  37% used [0x0a350000, 0x0a758330, 0x0a758400, 0x0ae00000)
 Metaspace       used 11344K, capacity 11510K, committed 11520K, reserved 11648K
}
Event: 1.330 GC heap before
{Heap before GC invocations=8 (full 0):
 def new generation   total 4928K, used 4928K [0x04e00000, 0x05350000, 0x0a350000)
  eden space 4416K, 100% used [0x04e00000, 0x05250000, 0x05250000)
  from space 512K, 100% used [0x05250000, 0x052d0000, 0x052d0000)
  to   space 512K,   0% used [0x052d0000, 0x052d0000, 0x05350000)
 tenured generation   total 10944K, used 10359K [0x0a350000, 0x0ae00000, 0x14e00000)
   the space 10944K,  94% used [0x0a350000, 0x0ad6dd28, 0x0ad6de00, 0x0ae00000)
 Metaspace       used 11795K, capacity 11976K, committed 12032K, reserved 12672K
}
Event: 1.341 GC heap after
{Heap after GC invocations=9 (full 1):
 def new generation   total 8576K, used 456K [0x04e00000, 0x05740000, 0x0a350000)
  eden space 7680K,   5% used [0x04e00000, 0x04e72208, 0x05580000)
  from space 896K,   0% used [0x05580000, 0x05580000, 0x05660000)
  to   space 896K,   0% used [0x05660000, 0x05660000, 0x05740000)
 tenured generation   total 18880K, used 11327K [0x0a350000, 0x0b5c0000, 0x14e00000)
   the space 18880K,  59% used [0x0a350000, 0x0ae5fff0, 0x0ae60000, 0x0b5c0000)
 Metaspace       used 11795K, capacity 11976K, committed 12032K, reserved 12672K
}
Event: 1.500 GC heap before
{Heap before GC invocations=9 (full 1):
 def new generation   total 8576K, used 7680K [0x04e00000, 0x05740000, 0x0a350000)
  eden space 7680K, 100% used [0x04e00000, 0x05580000, 0x05580000)
  from space 896K,   0% used [0x05580000, 0x05580000, 0x05660000)
  to   space 896K,   0% used [0x05660000, 0x05660000, 0x05740000)
 tenured generation   total 18880K, used 11327K [0x0a350000, 0x0b5c0000, 0x14e00000)
   the space 18880K,  59% used [0x0a350000, 0x0ae5fff0, 0x0ae60000, 0x0b5c0000)
 Metaspace       used 12702K, capacity 12899K, committed 12928K, reserved 13696K
}
Event: 1.507 GC heap after
{Heap after GC invocations=10 (full 1):
 def new generation   total 8576K, used 896K [0x04e00000, 0x05740000, 0x0a350000)
  eden space 7680K,   0% used [0x04e00000, 0x04e00000, 0x05580000)
  from space 896K, 100% used [0x05660000, 0x05740000, 0x05740000)
  to   space 896K,   0% used [0x05580000, 0x05580000, 0x05660000)
 tenured generation   total 18880K, used 11701K [0x0a350000, 0x0b5c0000, 0x14e00000)
   the space 18880K,  61% used [0x0a350000, 0x0aebd740, 0x0aebd800, 0x0b5c0000)
 Metaspace       used 12702K, capacity 12899K, committed 12928K, reserved 13696K
}
Event: 1.598 GC heap before
{Heap before GC invocations=10 (full 1):
 def new generation   total 8576K, used 8576K [0x04e00000, 0x05740000, 0x0a350000)
  eden space 7680K, 100% used [0x04e00000, 0x05580000, 0x05580000)
  from space 896K, 100% used [0x05660000, 0x05740000, 0x05740000)
  to   space 896K,   0% used [0x05580000, 0x05580000, 0x05660000)
 tenured generation   total 18880K, used 11701K [0x0a350000, 0x0b5c0000, 0x14e00000)
   the space 18880K,  61% used [0x0a350000, 0x0aebd740, 0x0aebd800, 0x0b5c0000)
 Metaspace       used 13876K, capacity 14157K, committed 14208K, reserved 14720K
}
Event: 1.601 GC heap after
{Heap after GC invocations=11 (full 1):
 def new generation   total 8576K, used 551K [0x04e00000, 0x05740000, 0x0a350000)
  eden space 7680K,   0% used [0x04e00000, 0x04e00000, 0x05580000)
  from space 896K,  61% used [0x05580000, 0x05609d60, 0x05660000)
  to   space 896K,   0% used [0x05660000, 0x05660000, 0x05740000)
 tenured generation   total 18880K, used 12589K [0x0a350000, 0x0b5c0000, 0x14e00000)
   the space 18880K,  66% used [0x0a350000, 0x0af9b740, 0x0af9b800, 0x0b5c0000)
 Metaspace       used 13876K, capacity 14157K, committed 14208K, reserved 14720K
}
Event: 3.311 GC heap before
{Heap before GC invocations=11 (full 1):
 def new generation   total 8576K, used 8231K [0x04e00000, 0x05740000, 0x0a350000)
  eden space 7680K, 100% used [0x04e00000, 0x05580000, 0x05580000)
  from space 896K,  61% used [0x05580000, 0x05609d60, 0x05660000)
  to   space 896K,   0% used [0x05660000, 0x05660000, 0x05740000)
 tenured generation   total 18880K, used 12589K [0x0a350000, 0x0b5c0000, 0x14e00000)
   the space 18880K,  66% used [0x0a350000, 0x0af9b740, 0x0af9b800, 0x0b5c0000)
 Metaspace       used 14790K, capacity 15104K, committed 15104K, reserved 15744K
}
Event: 3.315 GC heap after
{Heap after GC invocations=12 (full 1):
 def new generation   total 8576K, used 896K [0x04e00000, 0x05740000, 0x0a350000)
  eden space 7680K,   0% used [0x04e00000, 0x04e00000, 0x05580000)
  from space 896K, 100% used [0x05660000, 0x05740000, 0x05740000)
  to   space 896K,   0% used [0x05580000, 0x05580000, 0x05660000)
 tenured generation   total 18880K, used 14328K [0x0a350000, 0x0b5c0000, 0x14e00000)
   the space 18880K,  75% used [0x0a350000, 0x0b14e1f8, 0x0b14e200, 0x0b5c0000)
 Metaspace       used 14790K, capacity 15104K, committed 15104K, reserved 15744K
}
Event: 4.658 GC heap before
{Heap before GC invocations=12 (full 1):
 def new generation   total 8576K, used 8576K [0x04e00000, 0x05740000, 0x0a350000)
  eden space 7680K, 100% used [0x04e00000, 0x05580000, 0x05580000)
  from space 896K, 100% used [0x05660000, 0x05740000, 0x05740000)
  to   space 896K,   0% used [0x05580000, 0x05580000, 0x05660000)
 tenured generation   total 18880K, used 14328K [0x0a350000, 0x0b5c0000, 0x14e00000)
   the space 18880K,  75% used [0x0a350000, 0x0b14e1f8, 0x0b14e200, 0x0b5c0000)
 Metaspace       used 14855K, capacity 15152K, committed 15232K, reserved 15744K
}
Event: 4.675 GC heap after
{Heap after GC invocations=13 (full 2):
 def new generation   total 16448K, used 0K [0x04e00000, 0x05fd0000, 0x0a350000)
  eden space 14656K,   0% used [0x04e00000, 0x04e00000, 0x05c50000)
  from space 1792K,   0% used [0x05c50000, 0x05c50000, 0x05e10000)
  to   space 1792K,   0% used [0x05e10000, 0x05e10000, 0x05fd0000)
 tenured generation   total 36348K, used 21806K [0x0a350000, 0x0c6cf000, 0x14e00000)
   the space 36348K,  59% used [0x0a350000, 0x0b89baa0, 0x0b89bc00, 0x0c6cf000)
 Metaspace       used 14814K, capacity 15101K, committed 15232K, reserved 15744K
}

