# JRE version: OpenJDK Runtime Environment Temurin-11.0.21+9 (11.0.21+9) (build 11.0.21+9)
# Java VM: OpenJDK Client VM Temurin-11.0.21+9 (11.0.21+9, mixed mode, serial gc, windows-x86)
Heap:
 def new generation   total 8640K, used 7913K [0x05400000, 0x05d60000, 0x0a950000)
  eden space 7680K,  99% used [0x05400000, 0x05b7ef10, 0x05b80000)
  from space 960K,  24% used [0x05b80000, 0x05bbb6a8, 0x05c70000)
  to   space 960K,   0% used [0x05c70000, 0x05c70000, 0x05d60000)
 tenured generation   total 19096K, used 17930K [0x0a950000, 0x0bbf6000, 0x15400000)
   the space 19096K,  93% used [0x0a950000, 0x0bad2848, 0x0bad2a00, 0x0bbf6000)
 Metaspace       used 16087K, capacity 16499K, committed 16512K, reserved 16768K
GC Heap History (20 events):
Event: 0.763 GC heap before
{Heap before GC invocations=5 (full 0):
 def new generation   total 4928K, used 4901K [0x05400000, 0x05950000, 0x0a950000)
  eden space 4416K,  99% used [0x05400000, 0x0584e280, 0x05850000)
  from space 512K,  96% used [0x058d0000, 0x0594b3c0, 0x05950000)
  to   space 512K,   0% used [0x05850000, 0x05850000, 0x058d0000)
 tenured generation   total 10944K, used 2273K [0x0a950000, 0x0b400000, 0x15400000)
   the space 10944K,  20% used [0x0a950000, 0x0ab88510, 0x0ab88600, 0x0b400000)
 Metaspace       used 8869K, capacity 8989K, committed 9088K, reserved 9600K
}
Event: 0.764 GC heap after
{Heap after GC invocations=6 (full 0):
 def new generation   total 4928K, used 512K [0x05400000, 0x05950000, 0x0a950000)
  eden space 4416K,   0% used [0x05400000, 0x05400000, 0x05850000)
  from space 512K, 100% used [0x05850000, 0x058d0000, 0x058d0000)
  to   space 512K,   0% used [0x058d0000, 0x058d0000, 0x05950000)
 tenured generation   total 10944K, used 2794K [0x0a950000, 0x0b400000, 0x15400000)
   the space 10944K,  25% used [0x0a950000, 0x0ac0aa68, 0x0ac0ac00, 0x0b400000)
 Metaspace       used 8869K, capacity 8989K, committed 9088K, reserved 9600K
}
Event: 0.830 GC heap before
{Heap before GC invocations=6 (full 0):
 def new generation   total 4928K, used 4928K [0x05400000, 0x05950000, 0x0a950000)
  eden space 4416K, 100% used [0x05400000, 0x05850000, 0x05850000)
  from space 512K, 100% used [0x05850000, 0x058d0000, 0x058d0000)
  to   space 512K,   0% used [0x058d0000, 0x058d0000, 0x05950000)
 tenured generation   total 10944K, used 2794K [0x0a950000, 0x0b400000, 0x15400000)
   the space 10944K,  25% used [0x0a950000, 0x0ac0aa68, 0x0ac0ac00, 0x0b400000)
 Metaspace       used 10558K, capacity 10734K, committed 10752K, reserved 11648K
}
Event: 0.832 GC heap after
{Heap after GC invocations=7 (full 0):
 def new generation   total 4928K, used 512K [0x05400000, 0x05950000, 0x0a950000)
  eden space 4416K,   0% used [0x05400000, 0x05400000, 0x05850000)
  from space 512K, 100% used [0x058d0000, 0x05950000, 0x05950000)
  to   space 512K,   0% used [0x05850000, 0x05850000, 0x058d0000)
 tenured generation   total 10944K, used 3700K [0x0a950000, 0x0b400000, 0x15400000)
   the space 10944K,  33% used [0x0a950000, 0x0aced0a8, 0x0aced200, 0x0b400000)
 Metaspace       used 10558K, capacity 10734K, committed 10752K, reserved 11648K
}
Event: 0.894 GC heap before
{Heap before GC invocations=7 (full 0):
 def new generation   total 4928K, used 4928K [0x05400000, 0x05950000, 0x0a950000)
  eden space 4416K, 100% used [0x05400000, 0x05850000, 0x05850000)
  from space 512K, 100% used [0x058d0000, 0x05950000, 0x05950000)
  to   space 512K,   0% used [0x05850000, 0x05850000, 0x058d0000)
 tenured generation   total 10944K, used 3700K [0x0a950000, 0x0b400000, 0x15400000)
   the space 10944K,  33% used [0x0a950000, 0x0aced0a8, 0x0aced200, 0x0b400000)
 Metaspace       used 11344K, capacity 11510K, committed 11520K, reserved 11648K
}
Event: 0.895 GC heap after
{Heap after GC invocations=8 (full 0):
 def new generation   total 4928K, used 510K [0x05400000, 0x05950000, 0x0a950000)
  eden space 4416K,   0% used [0x05400000, 0x05400000, 0x05850000)
  from space 512K,  99% used [0x05850000, 0x058cf9a0, 0x058d0000)
  to   space 512K,   0% used [0x058d0000, 0x058d0000, 0x05950000)
 tenured generation   total 10944K, used 4205K [0x0a950000, 0x0b400000, 0x15400000)
   the space 10944K,  38% used [0x0a950000, 0x0ad6b620, 0x0ad6b800, 0x0b400000)
 Metaspace       used 11344K, capacity 11510K, committed 11520K, reserved 11648K
}
Event: 0.962 GC heap before
{Heap before GC invocations=8 (full 0):
 def new generation   total 4928K, used 4926K [0x05400000, 0x05950000, 0x0a950000)
  eden space 4416K,  99% used [0x05400000, 0x0584ffa8, 0x05850000)
  from space 512K,  99% used [0x05850000, 0x058cf9a0, 0x058d0000)
  to   space 512K,   0% used [0x058d0000, 0x058d0000, 0x05950000)
 tenured generation   total 10944K, used 10436K [0x0a950000, 0x0b400000, 0x15400000)
   the space 10944K,  95% used [0x0a950000, 0x0b381018, 0x0b381200, 0x0b400000)
 Metaspace       used 11800K, capacity 11976K, committed 12032K, reserved 12672K
}
Event: 0.972 GC heap after
{Heap after GC invocations=9 (full 1):
 def new generation   total 8640K, used 414K [0x05400000, 0x05d60000, 0x0a950000)
  eden space 7680K,   5% used [0x05400000, 0x05467970, 0x05b80000)
  from space 960K,   0% used [0x05b80000, 0x05b80000, 0x05c70000)
  to   space 960K,   0% used [0x05c70000, 0x05c70000, 0x05d60000)
 tenured generation   total 19096K, used 11455K [0x0a950000, 0x0bbf6000, 0x15400000)
   the space 19096K,  59% used [0x0a950000, 0x0b47ffd8, 0x0b480000, 0x0bbf6000)
 Metaspace       used 11800K, capacity 11976K, committed 12032K, reserved 12672K
}
Event: 1.122 GC heap before
{Heap before GC invocations=9 (full 1):
 def new generation   total 8640K, used 7680K [0x05400000, 0x05d60000, 0x0a950000)
  eden space 7680K, 100% used [0x05400000, 0x05b80000, 0x05b80000)
  from space 960K,   0% used [0x05b80000, 0x05b80000, 0x05c70000)
  to   space 960K,   0% used [0x05c70000, 0x05c70000, 0x05d60000)
 tenured generation   total 19096K, used 11455K [0x0a950000, 0x0bbf6000, 0x15400000)
   the space 19096K,  59% used [0x0a950000, 0x0b47ffd8, 0x0b480000, 0x0bbf6000)
 Metaspace       used 12706K, capacity 12899K, committed 12928K, reserved 13696K
}
Event: 1.127 GC heap after
{Heap after GC invocations=10 (full 1):
 def new generation   total 8640K, used 960K [0x05400000, 0x05d60000, 0x0a950000)
  eden space 7680K,   0% used [0x05400000, 0x05400000, 0x05b80000)
  from space 960K, 100% used [0x05c70000, 0x05d60000, 0x05d60000)
  to   space 960K,   0% used [0x05b80000, 0x05b80000, 0x05c70000)
 tenured generation   total 19096K, used 11724K [0x0a950000, 0x0bbf6000, 0x15400000)
   the space 19096K,  61% used [0x0a950000, 0x0b4c3318, 0x0b4c3400, 0x0bbf6000)
 Metaspace       used 12706K, capacity 12899K, committed 12928K, reserved 13696K
}
Event: 1.203 GC heap before
{Heap before GC invocations=10 (full 1):
 def new generation   total 8640K, used 8640K [0x05400000, 0x05d60000, 0x0a950000)
  eden space 7680K, 100% used [0x05400000, 0x05b80000, 0x05b80000)
  from space 960K, 100% used [0x05c70000, 0x05d60000, 0x05d60000)
  to   space 960K,   0% used [0x05b80000, 0x05b80000, 0x05c70000)
 tenured generation   total 19096K, used 11724K [0x0a950000, 0x0bbf6000, 0x15400000)
   the space 19096K,  61% used [0x0a950000, 0x0b4c3318, 0x0b4c3400, 0x0bbf6000)
 Metaspace       used 13877K, capacity 14157K, committed 14208K, reserved 14720K
}
Event: 1.206 GC heap after
{Heap after GC invocations=11 (full 1):
 def new generation   total 8640K, used 561K [0x05400000, 0x05d60000, 0x0a950000)
  eden space 7680K,   0% used [0x05400000, 0x05400000, 0x05b80000)
  from space 960K,  58% used [0x05b80000, 0x05c0c628, 0x05c70000)
  to   space 960K,   0% used [0x05c70000, 0x05c70000, 0x05d60000)
 tenured generation   total 19096K, used 12676K [0x0a950000, 0x0bbf6000, 0x15400000)
   the space 19096K,  66% used [0x0a950000, 0x0b5b1138, 0x0b5b1200, 0x0bbf6000)
 Metaspace       used 13877K, capacity 14157K, committed 14208K, reserved 14720K
}
Event: 2.356 GC heap before
{Heap before GC invocations=11 (full 1):
 def new generation   total 8640K, used 8241K [0x05400000, 0x05d60000, 0x0a950000)
  eden space 7680K, 100% used [0x05400000, 0x05b80000, 0x05b80000)
  from space 960K,  58% used [0x05b80000, 0x05c0c628, 0x05c70000)
  to   space 960K,   0% used [0x05c70000, 0x05c70000, 0x05d60000)
 tenured generation   total 19096K, used 12676K [0x0a950000, 0x0bbf6000, 0x15400000)
   the space 19096K,  66% used [0x0a950000, 0x0b5b1138, 0x0b5b1200, 0x0bbf6000)
 Metaspace       used 14738K, capacity 15037K, committed 15104K, reserved 15744K
}
Event: 2.362 GC heap after
{Heap after GC invocations=12 (full 1):
 def new generation   total 8640K, used 960K [0x05400000, 0x05d60000, 0x0a950000)
  eden space 7680K,   0% used [0x05400000, 0x05400000, 0x05b80000)
  from space 960K, 100% used [0x05c70000, 0x05d60000, 0x05d60000)
  to   space 960K,   0% used [0x05b80000, 0x05b80000, 0x05c70000)
 tenured generation   total 19096K, used 14339K [0x0a950000, 0x0bbf6000, 0x15400000)
   the space 19096K,  75% used [0x0a950000, 0x0b750d60, 0x0b750e00, 0x0bbf6000)
 Metaspace       used 14738K, capacity 15037K, committed 15104K, reserved 15744K
}
Event: 3.178 GC heap before
{Heap before GC invocations=12 (full 1):
 def new generation   total 8640K, used 8640K [0x05400000, 0x05d60000, 0x0a950000)
  eden space 7680K, 100% used [0x05400000, 0x05b80000, 0x05b80000)
  from space 960K, 100% used [0x05c70000, 0x05d60000, 0x05d60000)
  to   space 960K,   0% used [0x05b80000, 0x05b80000, 0x05c70000)
 tenured generation   total 19096K, used 14339K [0x0a950000, 0x0bbf6000, 0x15400000)
   the space 19096K,  75% used [0x0a950000, 0x0b750d60, 0x0b750e00, 0x0bbf6000)
 Metaspace       used 15843K, capacity 16219K, committed 16256K, reserved 16768K
}
Event: 3.181 GC heap after
{Heap after GC invocations=13 (full 1):
 def new generation   total 8640K, used 709K [0x05400000, 0x05d60000, 0x0a950000)
  eden space 7680K,   0% used [0x05400000, 0x05400000, 0x05b80000)
  from space 960K,  73% used [0x05b80000, 0x05c31768, 0x05c70000)
  to   space 960K,   0% used [0x05c70000, 0x05c70000, 0x05d60000)
 tenured generation   total 19096K, used 15292K [0x0a950000, 0x0bbf6000, 0x15400000)
   the space 19096K,  80% used [0x0a950000, 0x0b83f018, 0x0b83f200, 0x0bbf6000)
 Metaspace       used 15843K, capacity 16219K, committed 16256K, reserved 16768K
}
Event: 9.751 GC heap before
{Heap before GC invocations=13 (full 1):
 def new generation   total 8640K, used 7515K [0x05400000, 0x05d60000, 0x0a950000)
  eden space 7680K,  88% used [0x05400000, 0x05aa55b8, 0x05b80000)
  from space 960K,  73% used [0x05b80000, 0x05c31768, 0x05c70000)
  to   space 960K,   0% used [0x05c70000, 0x05c70000, 0x05d60000)
 tenured generation   total 19096K, used 15292K [0x0a950000, 0x0bbf6000, 0x15400000)
   the space 19096K,  80% used [0x0a950000, 0x0b83f018, 0x0b83f200, 0x0bbf6000)
 Metaspace       used 16064K, capacity 16475K, committed 16512K, reserved 16768K
}
Event: 9.754 GC heap after
{Heap after GC invocations=14 (full 1):
 def new generation   total 8640K, used 960K [0x05400000, 0x05d60000, 0x0a950000)
  eden space 7680K,   0% used [0x05400000, 0x05400000, 0x05b80000)
  from space 960K, 100% used [0x05c70000, 0x05d60000, 0x05d60000)
  to   space 960K,   0% used [0x05b80000, 0x05b80000, 0x05c70000)
 tenured generation   total 19096K, used 16111K [0x0a950000, 0x0bbf6000, 0x15400000)
   the space 19096K,  84% used [0x0a950000, 0x0b90bf20, 0x0b90c000, 0x0bbf6000)
 Metaspace       used 16064K, capacity 16475K, committed 16512K, reserved 16768K
}
Event: 11.754 GC heap before
{Heap before GC invocations=14 (full 1):
 def new generation   total 8640K, used 3740K [0x05400000, 0x05d60000, 0x0a950000)
  eden space 7680K,  36% used [0x05400000, 0x056b71a8, 0x05b80000)
  from space 960K, 100% used [0x05c70000, 0x05d60000, 0x05d60000)
  to   space 960K,   0% used [0x05b80000, 0x05b80000, 0x05c70000)
 tenured generation   total 19096K, used 16111K [0x0a950000, 0x0bbf6000, 0x15400000)
   the space 19096K,  84% used [0x0a950000, 0x0b90bf20, 0x0b90c000, 0x0bbf6000)
 Metaspace       used 16077K, capacity 16490K, committed 16512K, reserved 16768K
}
Event: 11.756 GC heap after
{Heap after GC invocations=15 (full 1):
 def new generation   total 8640K, used 237K [0x05400000, 0x05d60000, 0x0a950000)
  eden space 7680K,   0% used [0x05400000, 0x05400000, 0x05b80000)
  from space 960K,  24% used [0x05b80000, 0x05bbb6a8, 0x05c70000)
  to   space 960K,   0% used [0x05c70000, 0x05c70000, 0x05d60000)
 tenured generation   total 19096K, used 17930K [0x0a950000, 0x0bbf6000, 0x15400000)
   the space 19096K,  93% used [0x0a950000, 0x0bad2848, 0x0bad2a00, 0x0bbf6000)
 Metaspace       used 16077K, capacity 16490K, committed 16512K, reserved 16768K
}

