# JRE version: OpenJDK Runtime Environment Temurin-11.0.21+9 (11.0.21+9) (build 11.0.21+9)
# Java VM: OpenJDK Client VM Temurin-11.0.21+9 (11.0.21+9, mixed mode, serial gc, windows-x86)
Heap:
 def new generation   total 8768K, used 7773K [0x05400000, 0x05d80000, 0x0a950000)
  eden space 7808K,  97% used [0x05400000, 0x05b758d0, 0x05ba0000)
  from space 960K,  14% used [0x05ba0000, 0x05bc1c88, 0x05c90000)
  to   space 960K,   0% used [0x05c90000, 0x05c90000, 0x05d80000)
 tenured generation   total 19308K, used 15516K [0x0a950000, 0x0bc2b000, 0x15400000)
   the space 19308K,  80% used [0x0a950000, 0x0b8771c8, 0x0b877200, 0x0bc2b000)
 Metaspace       used 14909K, capacity 15212K, committed 15232K, reserved 15744K
GC Heap History (20 events):
Event: 0.694 GC heap before
{Heap before GC invocations=3 (full 0):
 def new generation   total 4928K, used 4792K [0x05400000, 0x05950000, 0x0a950000)
  eden space 4416K,  99% used [0x05400000, 0x0584f848, 0x05850000)
  from space 512K,  73% used [0x058d0000, 0x0592ea00, 0x05950000)
  to   space 512K,   0% used [0x05850000, 0x05850000, 0x058d0000)
 tenured generation   total 10944K, used 1685K [0x0a950000, 0x0b400000, 0x15400000)
   the space 10944K,  15% used [0x0a950000, 0x0aaf55e8, 0x0aaf5600, 0x0b400000)
 Metaspace       used 6622K, capacity 6734K, committed 6784K, reserved 7552K
}
Event: 0.695 GC heap after
{Heap after GC invocations=4 (full 0):
 def new generation   total 4928K, used 235K [0x05400000, 0x05950000, 0x0a950000)
  eden space 4416K,   0% used [0x05400000, 0x05400000, 0x05850000)
  from space 512K,  45% used [0x05850000, 0x0588ace8, 0x058d0000)
  to   space 512K,   0% used [0x058d0000, 0x058d0000, 0x05950000)
 tenured generation   total 10944K, used 2045K [0x0a950000, 0x0b400000, 0x15400000)
   the space 10944K,  18% used [0x0a950000, 0x0ab4f700, 0x0ab4f800, 0x0b400000)
 Metaspace       used 6622K, capacity 6734K, committed 6784K, reserved 7552K
}
Event: 0.747 GC heap before
{Heap before GC invocations=4 (full 0):
 def new generation   total 4928K, used 4645K [0x05400000, 0x05950000, 0x0a950000)
  eden space 4416K,  99% used [0x05400000, 0x0584e920, 0x05850000)
  from space 512K,  45% used [0x05850000, 0x0588ace8, 0x058d0000)
  to   space 512K,   0% used [0x058d0000, 0x058d0000, 0x05950000)
 tenured generation   total 10944K, used 2045K [0x0a950000, 0x0b400000, 0x15400000)
   the space 10944K,  18% used [0x0a950000, 0x0ab4f700, 0x0ab4f800, 0x0b400000)
 Metaspace       used 7733K, capacity 7841K, committed 7936K, reserved 8576K
}
Event: 0.748 GC heap after
{Heap after GC invocations=5 (full 0):
 def new generation   total 4928K, used 415K [0x05400000, 0x05950000, 0x0a950000)
  eden space 4416K,   0% used [0x05400000, 0x05400000, 0x05850000)
  from space 512K,  81% used [0x058d0000, 0x05937e28, 0x05950000)
  to   space 512K,   0% used [0x05850000, 0x05850000, 0x058d0000)
 tenured generation   total 10944K, used 2493K [0x0a950000, 0x0b400000, 0x15400000)
   the space 10944K,  22% used [0x0a950000, 0x0abbf710, 0x0abbf800, 0x0b400000)
 Metaspace       used 7733K, capacity 7841K, committed 7936K, reserved 8576K
}
Event: 0.807 GC heap before
{Heap before GC invocations=5 (full 0):
 def new generation   total 4928K, used 4815K [0x05400000, 0x05950000, 0x0a950000)
  eden space 4416K,  99% used [0x05400000, 0x0584be88, 0x05850000)
  from space 512K,  81% used [0x058d0000, 0x05937e28, 0x05950000)
  to   space 512K,   0% used [0x05850000, 0x05850000, 0x058d0000)
 tenured generation   total 10944K, used 2493K [0x0a950000, 0x0b400000, 0x15400000)
   the space 10944K,  22% used [0x0a950000, 0x0abbf710, 0x0abbf800, 0x0b400000)
 Metaspace       used 8906K, capacity 9021K, committed 9088K, reserved 9600K
}
Event: 0.808 GC heap after
{Heap after GC invocations=6 (full 0):
 def new generation   total 4928K, used 512K [0x05400000, 0x05950000, 0x0a950000)
  eden space 4416K,   0% used [0x05400000, 0x05400000, 0x05850000)
  from space 512K, 100% used [0x05850000, 0x058d0000, 0x058d0000)
  to   space 512K,   0% used [0x058d0000, 0x058d0000, 0x05950000)
 tenured generation   total 10944K, used 3040K [0x0a950000, 0x0b400000, 0x15400000)
   the space 10944K,  27% used [0x0a950000, 0x0ac480c8, 0x0ac48200, 0x0b400000)
 Metaspace       used 8906K, capacity 9021K, committed 9088K, reserved 9600K
}
Event: 0.921 GC heap before
{Heap before GC invocations=6 (full 0):
 def new generation   total 4928K, used 4928K [0x05400000, 0x05950000, 0x0a950000)
  eden space 4416K, 100% used [0x05400000, 0x05850000, 0x05850000)
  from space 512K, 100% used [0x05850000, 0x058d0000, 0x058d0000)
  to   space 512K,   0% used [0x058d0000, 0x058d0000, 0x05950000)
 tenured generation   total 10944K, used 3040K [0x0a950000, 0x0b400000, 0x15400000)
   the space 10944K,  27% used [0x0a950000, 0x0ac480c8, 0x0ac48200, 0x0b400000)
 Metaspace       used 10583K, capacity 10766K, committed 10880K, reserved 11648K
}
Event: 0.924 GC heap after
{Heap after GC invocations=7 (full 0):
 def new generation   total 4928K, used 512K [0x05400000, 0x05950000, 0x0a950000)
  eden space 4416K,   0% used [0x05400000, 0x05400000, 0x05850000)
  from space 512K, 100% used [0x058d0000, 0x05950000, 0x05950000)
  to   space 512K,   0% used [0x05850000, 0x05850000, 0x058d0000)
 tenured generation   total 10944K, used 3959K [0x0a950000, 0x0b400000, 0x15400000)
   the space 10944K,  36% used [0x0a950000, 0x0ad2dfb8, 0x0ad2e000, 0x0b400000)
 Metaspace       used 10583K, capacity 10766K, committed 10880K, reserved 11648K
}
Event: 1.018 GC heap before
{Heap before GC invocations=7 (full 0):
 def new generation   total 4928K, used 4928K [0x05400000, 0x05950000, 0x0a950000)
  eden space 4416K, 100% used [0x05400000, 0x05850000, 0x05850000)
  from space 512K, 100% used [0x058d0000, 0x05950000, 0x05950000)
  to   space 512K,   0% used [0x05850000, 0x05850000, 0x058d0000)
 tenured generation   total 10944K, used 3959K [0x0a950000, 0x0b400000, 0x15400000)
   the space 10944K,  36% used [0x0a950000, 0x0ad2dfb8, 0x0ad2e000, 0x0b400000)
 Metaspace       used 11367K, capacity 11542K, committed 11648K, reserved 11648K
}
Event: 1.020 GC heap after
{Heap after GC invocations=8 (full 0):
 def new generation   total 4928K, used 512K [0x05400000, 0x05950000, 0x0a950000)
  eden space 4416K,   0% used [0x05400000, 0x05400000, 0x05850000)
  from space 512K, 100% used [0x05850000, 0x058d0000, 0x058d0000)
  to   space 512K,   0% used [0x058d0000, 0x058d0000, 0x05950000)
 tenured generation   total 10944K, used 4462K [0x0a950000, 0x0b400000, 0x15400000)
   the space 10944K,  40% used [0x0a950000, 0x0adaba98, 0x0adabc00, 0x0b400000)
 Metaspace       used 11367K, capacity 11542K, committed 11648K, reserved 11648K
}
Event: 1.132 GC heap before
{Heap before GC invocations=8 (full 0):
 def new generation   total 4928K, used 4928K [0x05400000, 0x05950000, 0x0a950000)
  eden space 4416K, 100% used [0x05400000, 0x05850000, 0x05850000)
  from space 512K, 100% used [0x05850000, 0x058d0000, 0x058d0000)
  to   space 512K,   0% used [0x058d0000, 0x058d0000, 0x05950000)
 tenured generation   total 10944K, used 10693K [0x0a950000, 0x0b400000, 0x15400000)
   the space 10944K,  97% used [0x0a950000, 0x0b3c1490, 0x0b3c1600, 0x0b400000)
 Metaspace       used 11819K, capacity 12008K, committed 12032K, reserved 12672K
}
Event: 1.146 GC heap after
{Heap after GC invocations=9 (full 1):
 def new generation   total 8768K, used 509K [0x05400000, 0x05d80000, 0x0a950000)
  eden space 7808K,   6% used [0x05400000, 0x0547f560, 0x05ba0000)
  from space 960K,   0% used [0x05ba0000, 0x05ba0000, 0x05c90000)
  to   space 960K,   0% used [0x05c90000, 0x05c90000, 0x05d80000)
 tenured generation   total 19308K, used 11583K [0x0a950000, 0x0bc2b000, 0x15400000)
   the space 19308K,  59% used [0x0a950000, 0x0b49ffd8, 0x0b4a0000, 0x0bc2b000)
 Metaspace       used 11819K, capacity 12008K, committed 12032K, reserved 12672K
}
Event: 1.352 GC heap before
{Heap before GC invocations=9 (full 1):
 def new generation   total 8768K, used 7808K [0x05400000, 0x05d80000, 0x0a950000)
  eden space 7808K, 100% used [0x05400000, 0x05ba0000, 0x05ba0000)
  from space 960K,   0% used [0x05ba0000, 0x05ba0000, 0x05c90000)
  to   space 960K,   0% used [0x05c90000, 0x05c90000, 0x05d80000)
 tenured generation   total 19308K, used 11583K [0x0a950000, 0x0bc2b000, 0x15400000)
   the space 19308K,  59% used [0x0a950000, 0x0b49ffd8, 0x0b4a0000, 0x0bc2b000)
 Metaspace       used 12746K, capacity 12931K, committed 13056K, reserved 13696K
}
Event: 1.357 GC heap after
{Heap after GC invocations=10 (full 1):
 def new generation   total 8768K, used 960K [0x05400000, 0x05d80000, 0x0a950000)
  eden space 7808K,   0% used [0x05400000, 0x05400000, 0x05ba0000)
  from space 960K, 100% used [0x05c90000, 0x05d80000, 0x05d80000)
  to   space 960K,   0% used [0x05ba0000, 0x05ba0000, 0x05c90000)
 tenured generation   total 19308K, used 11945K [0x0a950000, 0x0bc2b000, 0x15400000)
   the space 19308K,  61% used [0x0a950000, 0x0b4fa698, 0x0b4fa800, 0x0bc2b000)
 Metaspace       used 12746K, capacity 12931K, committed 13056K, reserved 13696K
}
Event: 1.459 GC heap before
{Heap before GC invocations=10 (full 1):
 def new generation   total 8768K, used 8731K [0x05400000, 0x05d80000, 0x0a950000)
  eden space 7808K,  99% used [0x05400000, 0x05b96fa8, 0x05ba0000)
  from space 960K, 100% used [0x05c90000, 0x05d80000, 0x05d80000)
  to   space 960K,   0% used [0x05ba0000, 0x05ba0000, 0x05c90000)
 tenured generation   total 19308K, used 11945K [0x0a950000, 0x0bc2b000, 0x15400000)
   the space 19308K,  61% used [0x0a950000, 0x0b4fa698, 0x0b4fa800, 0x0bc2b000)
 Metaspace       used 13980K, capacity 14253K, committed 14336K, reserved 14720K
}
Event: 1.463 GC heap after
{Heap after GC invocations=11 (full 1):
 def new generation   total 8768K, used 597K [0x05400000, 0x05d80000, 0x0a950000)
  eden space 7808K,   0% used [0x05400000, 0x05400000, 0x05ba0000)
  from space 960K,  62% used [0x05ba0000, 0x05c354f0, 0x05c90000)
  to   space 960K,   0% used [0x05c90000, 0x05c90000, 0x05d80000)
 tenured generation   total 19308K, used 12897K [0x0a950000, 0x0bc2b000, 0x15400000)
   the space 19308K,  66% used [0x0a950000, 0x0b5e8550, 0x0b5e8600, 0x0bc2b000)
 Metaspace       used 13980K, capacity 14253K, committed 14336K, reserved 14720K
}
Event: 2.838 GC heap before
{Heap before GC invocations=11 (full 1):
 def new generation   total 8768K, used 8405K [0x05400000, 0x05d80000, 0x0a950000)
  eden space 7808K, 100% used [0x05400000, 0x05ba0000, 0x05ba0000)
  from space 960K,  62% used [0x05ba0000, 0x05c354f0, 0x05c90000)
  to   space 960K,   0% used [0x05c90000, 0x05c90000, 0x05d80000)
 tenured generation   total 19308K, used 12897K [0x0a950000, 0x0bc2b000, 0x15400000)
   the space 19308K,  66% used [0x0a950000, 0x0b5e8550, 0x0b5e8600, 0x0bc2b000)
 Metaspace       used 14789K, capacity 15072K, committed 15104K, reserved 15744K
}
Event: 2.841 GC heap after
{Heap after GC invocations=12 (full 1):
 def new generation   total 8768K, used 960K [0x05400000, 0x05d80000, 0x0a950000)
  eden space 7808K,   0% used [0x05400000, 0x05400000, 0x05ba0000)
  from space 960K, 100% used [0x05c90000, 0x05d80000, 0x05d80000)
  to   space 960K,   0% used [0x05ba0000, 0x05ba0000, 0x05c90000)
 tenured generation   total 19308K, used 14560K [0x0a950000, 0x0bc2b000, 0x15400000)
   the space 19308K,  75% used [0x0a950000, 0x0b788270, 0x0b788400, 0x0bc2b000)
 Metaspace       used 14789K, capacity 15072K, committed 15104K, reserved 15744K
}
Event: 4.281 GC heap before
{Heap before GC invocations=12 (full 1):
 def new generation   total 8768K, used 2670K [0x05400000, 0x05d80000, 0x0a950000)
  eden space 7808K,  21% used [0x05400000, 0x055abb00, 0x05ba0000)
  from space 960K, 100% used [0x05c90000, 0x05d80000, 0x05d80000)
  to   space 960K,   0% used [0x05ba0000, 0x05ba0000, 0x05c90000)
 tenured generation   total 19308K, used 14560K [0x0a950000, 0x0bc2b000, 0x15400000)
   the space 19308K,  75% used [0x0a950000, 0x0b788270, 0x0b788400, 0x0bc2b000)
 Metaspace       used 14889K, capacity 15164K, committed 15232K, reserved 15744K
}
Event: 4.283 GC heap after
{Heap after GC invocations=13 (full 1):
 def new generation   total 8768K, used 135K [0x05400000, 0x05d80000, 0x0a950000)
  eden space 7808K,   0% used [0x05400000, 0x05400000, 0x05ba0000)
  from space 960K,  14% used [0x05ba0000, 0x05bc1c88, 0x05c90000)
  to   space 960K,   0% used [0x05c90000, 0x05c90000, 0x05d80000)
 tenured generation   total 19308K, used 15516K [0x0a950000, 0x0bc2b000, 0x15400000)
   the space 19308K,  80% used [0x0a950000, 0x0b8771c8, 0x0b877200, 0x0bc2b000)
 Metaspace       used 14889K, capacity 15164K, committed 15232K, reserved 15744K
}

