# JRE version: OpenJDK Runtime Environment Temurin-11.0.21+9 (11.0.21+9) (build 11.0.21+9)
# Java VM: OpenJDK Client VM Temurin-11.0.21+9 (11.0.21+9, mixed mode, serial gc, windows-x86)
Heap:
 def new generation   total 16384K, used 1905K [0x05200000, 0x063c0000, 0x0a750000)
  eden space 14592K,  13% used [0x05200000, 0x053dc688, 0x06040000)
  from space 1792K,   0% used [0x06040000, 0x06040000, 0x06200000)
  to   space 1792K,   0% used [0x06200000, 0x06200000, 0x063c0000)
 tenured generation   total 36208K, used 21722K [0x0a750000, 0x0caac000, 0x15200000)
   the space 36208K,  59% used [0x0a750000, 0x0bc86a60, 0x0bc86c00, 0x0caac000)
 Metaspace       used 15800K, capacity 16145K, committed 16512K, reserved 16768K
GC Heap History (20 events):
Event: 0.571 GC heap before
{Heap before GC invocations=5 (full 0):
 def new generation   total 4928K, used 4909K [0x05200000, 0x05750000, 0x0a750000)
  eden space 4416K, 100% used [0x05200000, 0x05650000, 0x05650000)
  from space 512K,  96% used [0x056d0000, 0x0574b478, 0x05750000)
  to   space 512K,   0% used [0x05650000, 0x05650000, 0x056d0000)
 tenured generation   total 10944K, used 2273K [0x0a750000, 0x0b200000, 0x15200000)
   the space 10944K,  20% used [0x0a750000, 0x0a988650, 0x0a988800, 0x0b200000)
 Metaspace       used 8880K, capacity 8989K, committed 9088K, reserved 9600K
}
Event: 0.573 GC heap after
{Heap after GC invocations=6 (full 0):
 def new generation   total 4928K, used 512K [0x05200000, 0x05750000, 0x0a750000)
  eden space 4416K,   0% used [0x05200000, 0x05200000, 0x05650000)
  from space 512K, 100% used [0x05650000, 0x056d0000, 0x056d0000)
  to   space 512K,   0% used [0x056d0000, 0x056d0000, 0x05750000)
 tenured generation   total 10944K, used 2771K [0x0a750000, 0x0b200000, 0x15200000)
   the space 10944K,  25% used [0x0a750000, 0x0aa04e40, 0x0aa05000, 0x0b200000)
 Metaspace       used 8880K, capacity 8989K, committed 9088K, reserved 9600K
}
Event: 0.649 GC heap before
{Heap before GC invocations=6 (full 0):
 def new generation   total 4928K, used 4928K [0x05200000, 0x05750000, 0x0a750000)
  eden space 4416K, 100% used [0x05200000, 0x05650000, 0x05650000)
  from space 512K, 100% used [0x05650000, 0x056d0000, 0x056d0000)
  to   space 512K,   0% used [0x056d0000, 0x056d0000, 0x05750000)
 tenured generation   total 10944K, used 2771K [0x0a750000, 0x0b200000, 0x15200000)
   the space 10944K,  25% used [0x0a750000, 0x0aa04e40, 0x0aa05000, 0x0b200000)
 Metaspace       used 10560K, capacity 10734K, committed 10752K, reserved 11648K
}
Event: 0.652 GC heap after
{Heap after GC invocations=7 (full 0):
 def new generation   total 4928K, used 512K [0x05200000, 0x05750000, 0x0a750000)
  eden space 4416K,   0% used [0x05200000, 0x05200000, 0x05650000)
  from space 512K, 100% used [0x056d0000, 0x05750000, 0x05750000)
  to   space 512K,   0% used [0x05650000, 0x05650000, 0x056d0000)
 tenured generation   total 10944K, used 3702K [0x0a750000, 0x0b200000, 0x15200000)
   the space 10944K,  33% used [0x0a750000, 0x0aaed930, 0x0aaeda00, 0x0b200000)
 Metaspace       used 10560K, capacity 10734K, committed 10752K, reserved 11648K
}
Event: 0.699 GC heap before
{Heap before GC invocations=7 (full 0):
 def new generation   total 4928K, used 4928K [0x05200000, 0x05750000, 0x0a750000)
  eden space 4416K, 100% used [0x05200000, 0x05650000, 0x05650000)
  from space 512K, 100% used [0x056d0000, 0x05750000, 0x05750000)
  to   space 512K,   0% used [0x05650000, 0x05650000, 0x056d0000)
 tenured generation   total 10944K, used 3702K [0x0a750000, 0x0b200000, 0x15200000)
   the space 10944K,  33% used [0x0a750000, 0x0aaed930, 0x0aaeda00, 0x0b200000)
 Metaspace       used 11344K, capacity 11510K, committed 11520K, reserved 11648K
}
Event: 0.701 GC heap after
{Heap after GC invocations=8 (full 0):
 def new generation   total 4928K, used 512K [0x05200000, 0x05750000, 0x0a750000)
  eden space 4416K,   0% used [0x05200000, 0x05200000, 0x05650000)
  from space 512K, 100% used [0x05650000, 0x056d0000, 0x056d0000)
  to   space 512K,   0% used [0x056d0000, 0x056d0000, 0x05750000)
 tenured generation   total 10944K, used 4216K [0x0a750000, 0x0b200000, 0x15200000)
   the space 10944K,  38% used [0x0a750000, 0x0ab6e000, 0x0ab6e000, 0x0b200000)
 Metaspace       used 11344K, capacity 11510K, committed 11520K, reserved 11648K
}
Event: 0.770 GC heap before
{Heap before GC invocations=8 (full 0):
 def new generation   total 4928K, used 4928K [0x05200000, 0x05750000, 0x0a750000)
  eden space 4416K, 100% used [0x05200000, 0x05650000, 0x05650000)
  from space 512K, 100% used [0x05650000, 0x056d0000, 0x056d0000)
  to   space 512K,   0% used [0x056d0000, 0x056d0000, 0x05750000)
 tenured generation   total 10944K, used 10446K [0x0a750000, 0x0b200000, 0x15200000)
   the space 10944K,  95% used [0x0a750000, 0x0b1839f8, 0x0b183a00, 0x0b200000)
 Metaspace       used 11801K, capacity 11976K, committed 12032K, reserved 12672K
}
Event: 0.779 GC heap after
{Heap after GC invocations=9 (full 1):
 def new generation   total 8640K, used 426K [0x05200000, 0x05b60000, 0x0a750000)
  eden space 7680K,   5% used [0x05200000, 0x0526a9f8, 0x05980000)
  from space 960K,   0% used [0x05980000, 0x05980000, 0x05a70000)
  to   space 960K,   0% used [0x05a70000, 0x05a70000, 0x05b60000)
 tenured generation   total 19096K, used 11455K [0x0a750000, 0x0b9f6000, 0x15200000)
   the space 19096K,  59% used [0x0a750000, 0x0b27fff0, 0x0b280000, 0x0b9f6000)
 Metaspace       used 11801K, capacity 11976K, committed 12032K, reserved 12672K
}
Event: 0.883 GC heap before
{Heap before GC invocations=9 (full 1):
 def new generation   total 8640K, used 7680K [0x05200000, 0x05b60000, 0x0a750000)
  eden space 7680K, 100% used [0x05200000, 0x05980000, 0x05980000)
  from space 960K,   0% used [0x05980000, 0x05980000, 0x05a70000)
  to   space 960K,   0% used [0x05a70000, 0x05a70000, 0x05b60000)
 tenured generation   total 19096K, used 11455K [0x0a750000, 0x0b9f6000, 0x15200000)
   the space 19096K,  59% used [0x0a750000, 0x0b27fff0, 0x0b280000, 0x0b9f6000)
 Metaspace       used 12708K, capacity 12899K, committed 12928K, reserved 13696K
}
Event: 0.887 GC heap after
{Heap after GC invocations=10 (full 1):
 def new generation   total 8640K, used 959K [0x05200000, 0x05b60000, 0x0a750000)
  eden space 7680K,   0% used [0x05200000, 0x05200000, 0x05980000)
  from space 960K,  99% used [0x05a70000, 0x05b5fff8, 0x05b60000)
  to   space 960K,   0% used [0x05980000, 0x05980000, 0x05a70000)
 tenured generation   total 19096K, used 11736K [0x0a750000, 0x0b9f6000, 0x15200000)
   the space 19096K,  61% used [0x0a750000, 0x0b2c6340, 0x0b2c6400, 0x0b9f6000)
 Metaspace       used 12708K, capacity 12899K, committed 12928K, reserved 13696K
}
Event: 0.960 GC heap before
{Heap before GC invocations=10 (full 1):
 def new generation   total 8640K, used 8639K [0x05200000, 0x05b60000, 0x0a750000)
  eden space 7680K, 100% used [0x05200000, 0x05980000, 0x05980000)
  from space 960K,  99% used [0x05a70000, 0x05b5fff8, 0x05b60000)
  to   space 960K,   0% used [0x05980000, 0x05980000, 0x05a70000)
 tenured generation   total 19096K, used 11736K [0x0a750000, 0x0b9f6000, 0x15200000)
   the space 19096K,  61% used [0x0a750000, 0x0b2c6340, 0x0b2c6400, 0x0b9f6000)
 Metaspace       used 13876K, capacity 14157K, committed 14208K, reserved 14720K
}
Event: 0.962 GC heap after
{Heap after GC invocations=11 (full 1):
 def new generation   total 8640K, used 561K [0x05200000, 0x05b60000, 0x0a750000)
  eden space 7680K,   0% used [0x05200000, 0x05200000, 0x05980000)
  from space 960K,  58% used [0x05980000, 0x05a0c450, 0x05a70000)
  to   space 960K,   0% used [0x05a70000, 0x05a70000, 0x05b60000)
 tenured generation   total 19096K, used 12688K [0x0a750000, 0x0b9f6000, 0x15200000)
   the space 19096K,  66% used [0x0a750000, 0x0b3b41e0, 0x0b3b4200, 0x0b9f6000)
 Metaspace       used 13876K, capacity 14157K, committed 14208K, reserved 14720K
}
Event: 2.324 GC heap before
{Heap before GC invocations=11 (full 1):
 def new generation   total 8640K, used 8241K [0x05200000, 0x05b60000, 0x0a750000)
  eden space 7680K, 100% used [0x05200000, 0x05980000, 0x05980000)
  from space 960K,  58% used [0x05980000, 0x05a0c450, 0x05a70000)
  to   space 960K,   0% used [0x05a70000, 0x05a70000, 0x05b60000)
 tenured generation   total 19096K, used 12688K [0x0a750000, 0x0b9f6000, 0x15200000)
   the space 19096K,  66% used [0x0a750000, 0x0b3b41e0, 0x0b3b4200, 0x0b9f6000)
 Metaspace       used 14732K, capacity 15049K, committed 15104K, reserved 15744K
}
Event: 2.328 GC heap after
{Heap after GC invocations=12 (full 1):
 def new generation   total 8640K, used 960K [0x05200000, 0x05b60000, 0x0a750000)
  eden space 7680K,   0% used [0x05200000, 0x05200000, 0x05980000)
  from space 960K, 100% used [0x05a70000, 0x05b60000, 0x05b60000)
  to   space 960K,   0% used [0x05980000, 0x05980000, 0x05a70000)
 tenured generation   total 19096K, used 14303K [0x0a750000, 0x0b9f6000, 0x15200000)
   the space 19096K,  74% used [0x0a750000, 0x0b547dd0, 0x0b547e00, 0x0b9f6000)
 Metaspace       used 14732K, capacity 15049K, committed 15104K, reserved 15744K
}
Event: 3.232 GC heap before
{Heap before GC invocations=12 (full 1):
 def new generation   total 8640K, used 8640K [0x05200000, 0x05b60000, 0x0a750000)
  eden space 7680K, 100% used [0x05200000, 0x05980000, 0x05980000)
  from space 960K, 100% used [0x05a70000, 0x05b60000, 0x05b60000)
  to   space 960K,   0% used [0x05980000, 0x05980000, 0x05a70000)
 tenured generation   total 19096K, used 14303K [0x0a750000, 0x0b9f6000, 0x15200000)
   the space 19096K,  74% used [0x0a750000, 0x0b547dd0, 0x0b547e00, 0x0b9f6000)
 Metaspace       used 15835K, capacity 16237K, committed 16256K, reserved 16768K
}
Event: 3.235 GC heap after
{Heap after GC invocations=13 (full 1):
 def new generation   total 8640K, used 711K [0x05200000, 0x05b60000, 0x0a750000)
  eden space 7680K,   0% used [0x05200000, 0x05200000, 0x05980000)
  from space 960K,  74% used [0x05980000, 0x05a31ef0, 0x05a70000)
  to   space 960K,   0% used [0x05a70000, 0x05a70000, 0x05b60000)
 tenured generation   total 19096K, used 15253K [0x0a750000, 0x0b9f6000, 0x15200000)
   the space 19096K,  79% used [0x0a750000, 0x0b635658, 0x0b635800, 0x0b9f6000)
 Metaspace       used 15835K, capacity 16237K, committed 16256K, reserved 16768K
}
Event: 13.704 GC heap before
{Heap before GC invocations=13 (full 1):
 def new generation   total 8640K, used 7686K [0x05200000, 0x05b60000, 0x0a750000)
  eden space 7680K,  90% used [0x05200000, 0x058cf980, 0x05980000)
  from space 960K,  74% used [0x05980000, 0x05a31ef0, 0x05a70000)
  to   space 960K,   0% used [0x05a70000, 0x05a70000, 0x05b60000)
 tenured generation   total 19096K, used 15253K [0x0a750000, 0x0b9f6000, 0x15200000)
   the space 19096K,  79% used [0x0a750000, 0x0b635658, 0x0b635800, 0x0b9f6000)
 Metaspace       used 15999K, capacity 16398K, committed 16512K, reserved 16768K
}
Event: 13.706 GC heap after
{Heap after GC invocations=14 (full 1):
 def new generation   total 8640K, used 384K [0x05200000, 0x05b60000, 0x0a750000)
  eden space 7680K,   0% used [0x05200000, 0x05200000, 0x05980000)
  from space 960K,  40% used [0x05a70000, 0x05ad0288, 0x05b60000)
  to   space 960K,   0% used [0x05980000, 0x05980000, 0x05a70000)
 tenured generation   total 19096K, used 15946K [0x0a750000, 0x0b9f6000, 0x15200000)
   the space 19096K,  83% used [0x0a750000, 0x0b6e28f0, 0x0b6e2a00, 0x0b9f6000)
 Metaspace       used 15999K, capacity 16398K, committed 16512K, reserved 16768K
}
Event: 13.765 GC heap before
{Heap before GC invocations=14 (full 1):
 def new generation   total 8640K, used 7429K [0x05200000, 0x05b60000, 0x0a750000)
  eden space 7680K,  91% used [0x05200000, 0x058e12e8, 0x05980000)
  from space 960K,  40% used [0x05a70000, 0x05ad0288, 0x05b60000)
  to   space 960K,   0% used [0x05980000, 0x05980000, 0x05a70000)
 tenured generation   total 19096K, used 15946K [0x0a750000, 0x0b9f6000, 0x15200000)
   the space 19096K,  83% used [0x0a750000, 0x0b6e28f0, 0x0b6e2a00, 0x0b9f6000)
 Metaspace       used 16001K, capacity 16399K, committed 16512K, reserved 16768K
}
Event: 13.795 GC heap after
{Heap after GC invocations=15 (full 2):
 def new generation   total 16384K, used 0K [0x05200000, 0x063c0000, 0x0a750000)
  eden space 14592K,   0% used [0x05200000, 0x05200000, 0x06040000)
  from space 1792K,   0% used [0x06040000, 0x06040000, 0x06200000)
  to   space 1792K,   0% used [0x06200000, 0x06200000, 0x063c0000)
 tenured generation   total 36208K, used 21722K [0x0a750000, 0x0caac000, 0x15200000)
   the space 36208K,  59% used [0x0a750000, 0x0bc86a60, 0x0bc86c00, 0x0caac000)
 Metaspace       used 15772K, capacity 16118K, committed 16512K, reserved 16768K
}

