# JRE version: OpenJDK Runtime Environment Temurin-11.0.21+9 (11.0.21+9) (build 11.0.21+9)
# Java VM: OpenJDK Client VM Temurin-11.0.21+9 (11.0.21+9, mixed mode, serial gc, windows-x86)
Heap:
 def new generation   total 8576K, used 7858K [0x05800000, 0x06140000, 0x0ad50000)
  eden space 7680K,  99% used [0x05800000, 0x05f70b40, 0x05f80000)
  from space 896K,  26% used [0x06060000, 0x0609bda0, 0x06140000)
  to   space 896K,   0% used [0x05f80000, 0x05f80000, 0x06060000)
 tenured generation   total 18880K, used 15569K [0x0ad50000, 0x0bfc0000, 0x15800000)
   the space 18880K,  82% used [0x0ad50000, 0x0bc845f0, 0x0bc84600, 0x0bfc0000)
 Metaspace       used 15004K, capacity 15335K, committed 15360K, reserved 15744K
GC Heap History (20 events):
Event: 0.612 GC heap before
{Heap before GC invocations=4 (full 0):
 def new generation   total 4928K, used 4667K [0x05800000, 0x05d50000, 0x0ad50000)
  eden space 4416K, 100% used [0x05800000, 0x05c50000, 0x05c50000)
  from space 512K,  49% used [0x05c50000, 0x05c8ec48, 0x05cd0000)
  to   space 512K,   0% used [0x05cd0000, 0x05cd0000, 0x05d50000)
 tenured generation   total 10944K, used 1734K [0x0ad50000, 0x0b800000, 0x15800000)
   the space 10944K,  15% used [0x0ad50000, 0x0af01b70, 0x0af01c00, 0x0b800000)
 Metaspace       used 7710K, capacity 7841K, committed 7936K, reserved 8576K
}
Event: 0.614 GC heap after
{Heap after GC invocations=5 (full 0):
 def new generation   total 4928K, used 419K [0x05800000, 0x05d50000, 0x0ad50000)
  eden space 4416K,   0% used [0x05800000, 0x05800000, 0x05c50000)
  from space 512K,  81% used [0x05cd0000, 0x05d38e48, 0x05d50000)
  to   space 512K,   0% used [0x05c50000, 0x05c50000, 0x05cd0000)
 tenured generation   total 10944K, used 2182K [0x0ad50000, 0x0b800000, 0x15800000)
   the space 10944K,  19% used [0x0ad50000, 0x0af71b80, 0x0af71c00, 0x0b800000)
 Metaspace       used 7710K, capacity 7841K, committed 7936K, reserved 8576K
}
Event: 0.665 GC heap before
{Heap before GC invocations=5 (full 0):
 def new generation   total 4928K, used 4800K [0x05800000, 0x05d50000, 0x0ad50000)
  eden space 4416K,  99% used [0x05800000, 0x05c47580, 0x05c50000)
  from space 512K,  81% used [0x05cd0000, 0x05d38e48, 0x05d50000)
  to   space 512K,   0% used [0x05c50000, 0x05c50000, 0x05cd0000)
 tenured generation   total 10944K, used 2182K [0x0ad50000, 0x0b800000, 0x15800000)
   the space 10944K,  19% used [0x0ad50000, 0x0af71b80, 0x0af71c00, 0x0b800000)
 Metaspace       used 8880K, capacity 8989K, committed 9088K, reserved 9600K
}
Event: 0.667 GC heap after
{Heap after GC invocations=6 (full 0):
 def new generation   total 4928K, used 512K [0x05800000, 0x05d50000, 0x0ad50000)
  eden space 4416K,   0% used [0x05800000, 0x05800000, 0x05c50000)
  from space 512K, 100% used [0x05c50000, 0x05cd0000, 0x05cd0000)
  to   space 512K,   0% used [0x05cd0000, 0x05cd0000, 0x05d50000)
 tenured generation   total 10944K, used 2729K [0x0ad50000, 0x0b800000, 0x15800000)
   the space 10944K,  24% used [0x0ad50000, 0x0affa430, 0x0affa600, 0x0b800000)
 Metaspace       used 8880K, capacity 8989K, committed 9088K, reserved 9600K
}
Event: 0.733 GC heap before
{Heap before GC invocations=6 (full 0):
 def new generation   total 4928K, used 4927K [0x05800000, 0x05d50000, 0x0ad50000)
  eden space 4416K,  99% used [0x05800000, 0x05c4feb0, 0x05c50000)
  from space 512K, 100% used [0x05c50000, 0x05cd0000, 0x05cd0000)
  to   space 512K,   0% used [0x05cd0000, 0x05cd0000, 0x05d50000)
 tenured generation   total 10944K, used 2729K [0x0ad50000, 0x0b800000, 0x15800000)
   the space 10944K,  24% used [0x0ad50000, 0x0affa430, 0x0affa600, 0x0b800000)
 Metaspace       used 10560K, capacity 10734K, committed 10752K, reserved 11648K
}
Event: 0.736 GC heap after
{Heap after GC invocations=7 (full 0):
 def new generation   total 4928K, used 512K [0x05800000, 0x05d50000, 0x0ad50000)
  eden space 4416K,   0% used [0x05800000, 0x05800000, 0x05c50000)
  from space 512K, 100% used [0x05cd0000, 0x05d50000, 0x05d50000)
  to   space 512K,   0% used [0x05c50000, 0x05c50000, 0x05cd0000)
 tenured generation   total 10944K, used 3653K [0x0ad50000, 0x0b800000, 0x15800000)
   the space 10944K,  33% used [0x0ad50000, 0x0b0e1488, 0x0b0e1600, 0x0b800000)
 Metaspace       used 10560K, capacity 10734K, committed 10752K, reserved 11648K
}
Event: 0.790 GC heap before
{Heap before GC invocations=7 (full 0):
 def new generation   total 4928K, used 4928K [0x05800000, 0x05d50000, 0x0ad50000)
  eden space 4416K, 100% used [0x05800000, 0x05c50000, 0x05c50000)
  from space 512K, 100% used [0x05cd0000, 0x05d50000, 0x05d50000)
  to   space 512K,   0% used [0x05c50000, 0x05c50000, 0x05cd0000)
 tenured generation   total 10944K, used 3653K [0x0ad50000, 0x0b800000, 0x15800000)
   the space 10944K,  33% used [0x0ad50000, 0x0b0e1488, 0x0b0e1600, 0x0b800000)
 Metaspace       used 11343K, capacity 11510K, committed 11520K, reserved 11648K
}
Event: 0.792 GC heap after
{Heap after GC invocations=8 (full 0):
 def new generation   total 4928K, used 512K [0x05800000, 0x05d50000, 0x0ad50000)
  eden space 4416K,   0% used [0x05800000, 0x05800000, 0x05c50000)
  from space 512K, 100% used [0x05c50000, 0x05cd0000, 0x05cd0000)
  to   space 512K,   0% used [0x05cd0000, 0x05cd0000, 0x05d50000)
 tenured generation   total 10944K, used 4154K [0x0ad50000, 0x0b800000, 0x15800000)
   the space 10944K,  37% used [0x0ad50000, 0x0b15e908, 0x0b15ea00, 0x0b800000)
 Metaspace       used 11343K, capacity 11510K, committed 11520K, reserved 11648K
}
Event: 0.862 GC heap before
{Heap before GC invocations=8 (full 0):
 def new generation   total 4928K, used 4928K [0x05800000, 0x05d50000, 0x0ad50000)
  eden space 4416K, 100% used [0x05800000, 0x05c50000, 0x05c50000)
  from space 512K, 100% used [0x05c50000, 0x05cd0000, 0x05cd0000)
  to   space 512K,   0% used [0x05cd0000, 0x05cd0000, 0x05d50000)
 tenured generation   total 10944K, used 10384K [0x0ad50000, 0x0b800000, 0x15800000)
   the space 10944K,  94% used [0x0ad50000, 0x0b774300, 0x0b774400, 0x0b800000)
 Metaspace       used 11807K, capacity 12008K, committed 12032K, reserved 12672K
}
Event: 0.871 GC heap after
{Heap after GC invocations=9 (full 1):
 def new generation   total 8576K, used 458K [0x05800000, 0x06140000, 0x0ad50000)
  eden space 7680K,   5% used [0x05800000, 0x05872a20, 0x05f80000)
  from space 896K,   0% used [0x05f80000, 0x05f80000, 0x06060000)
  to   space 896K,   0% used [0x06060000, 0x06060000, 0x06140000)
 tenured generation   total 18880K, used 11328K [0x0ad50000, 0x0bfc0000, 0x15800000)
   the space 18880K,  60% used [0x0ad50000, 0x0b860000, 0x0b860000, 0x0bfc0000)
 Metaspace       used 11807K, capacity 12008K, committed 12032K, reserved 12672K
}
Event: 0.979 GC heap before
{Heap before GC invocations=9 (full 1):
 def new generation   total 8576K, used 7680K [0x05800000, 0x06140000, 0x0ad50000)
  eden space 7680K, 100% used [0x05800000, 0x05f80000, 0x05f80000)
  from space 896K,   0% used [0x05f80000, 0x05f80000, 0x06060000)
  to   space 896K,   0% used [0x06060000, 0x06060000, 0x06140000)
 tenured generation   total 18880K, used 11328K [0x0ad50000, 0x0bfc0000, 0x15800000)
   the space 18880K,  60% used [0x0ad50000, 0x0b860000, 0x0b860000, 0x0bfc0000)
 Metaspace       used 12713K, capacity 12899K, committed 12928K, reserved 13696K
}
Event: 0.982 GC heap after
{Heap after GC invocations=10 (full 1):
 def new generation   total 8576K, used 896K [0x05800000, 0x06140000, 0x0ad50000)
  eden space 7680K,   0% used [0x05800000, 0x05800000, 0x05f80000)
  from space 896K, 100% used [0x06060000, 0x06140000, 0x06140000)
  to   space 896K,   0% used [0x05f80000, 0x05f80000, 0x06060000)
 tenured generation   total 18880K, used 11702K [0x0ad50000, 0x0bfc0000, 0x15800000)
   the space 18880K,  61% used [0x0ad50000, 0x0b8bdaa8, 0x0b8bdc00, 0x0bfc0000)
 Metaspace       used 12713K, capacity 12899K, committed 12928K, reserved 13696K
}
Event: 1.070 GC heap before
{Heap before GC invocations=10 (full 1):
 def new generation   total 8576K, used 8576K [0x05800000, 0x06140000, 0x0ad50000)
  eden space 7680K, 100% used [0x05800000, 0x05f80000, 0x05f80000)
  from space 896K, 100% used [0x06060000, 0x06140000, 0x06140000)
  to   space 896K,   0% used [0x05f80000, 0x05f80000, 0x06060000)
 tenured generation   total 18880K, used 11702K [0x0ad50000, 0x0bfc0000, 0x15800000)
   the space 18880K,  61% used [0x0ad50000, 0x0b8bdaa8, 0x0b8bdc00, 0x0bfc0000)
 Metaspace       used 13882K, capacity 14157K, committed 14208K, reserved 14720K
}
Event: 1.075 GC heap after
{Heap after GC invocations=11 (full 1):
 def new generation   total 8576K, used 556K [0x05800000, 0x06140000, 0x0ad50000)
  eden space 7680K,   0% used [0x05800000, 0x05800000, 0x05f80000)
  from space 896K,  62% used [0x05f80000, 0x0600b348, 0x06060000)
  to   space 896K,   0% used [0x06060000, 0x06060000, 0x06140000)
 tenured generation   total 18880K, used 12592K [0x0ad50000, 0x0bfc0000, 0x15800000)
   the space 18880K,  66% used [0x0ad50000, 0x0b99c0c0, 0x0b99c200, 0x0bfc0000)
 Metaspace       used 13882K, capacity 14157K, committed 14208K, reserved 14720K
}
Event: 4.632 GC heap before
{Heap before GC invocations=11 (full 1):
 def new generation   total 8576K, used 8236K [0x05800000, 0x06140000, 0x0ad50000)
  eden space 7680K, 100% used [0x05800000, 0x05f80000, 0x05f80000)
  from space 896K,  62% used [0x05f80000, 0x0600b348, 0x06060000)
  to   space 896K,   0% used [0x06060000, 0x06060000, 0x06140000)
 tenured generation   total 18880K, used 12592K [0x0ad50000, 0x0bfc0000, 0x15800000)
   the space 18880K,  66% used [0x0ad50000, 0x0b99c0c0, 0x0b99c200, 0x0bfc0000)
 Metaspace       used 14719K, capacity 15037K, committed 15104K, reserved 15744K
}
Event: 4.635 GC heap after
{Heap after GC invocations=12 (full 1):
 def new generation   total 8576K, used 896K [0x05800000, 0x06140000, 0x0ad50000)
  eden space 7680K,   0% used [0x05800000, 0x05800000, 0x05f80000)
  from space 896K, 100% used [0x06060000, 0x06140000, 0x06140000)
  to   space 896K,   0% used [0x05f80000, 0x05f80000, 0x06060000)
 tenured generation   total 18880K, used 14275K [0x0ad50000, 0x0bfc0000, 0x15800000)
   the space 18880K,  75% used [0x0ad50000, 0x0bb40d68, 0x0bb40e00, 0x0bfc0000)
 Metaspace       used 14719K, capacity 15037K, committed 15104K, reserved 15744K
}
Event: 15.593 GC heap before
{Heap before GC invocations=12 (full 1):
 def new generation   total 8576K, used 8576K [0x05800000, 0x06140000, 0x0ad50000)
  eden space 7680K, 100% used [0x05800000, 0x05f80000, 0x05f80000)
  from space 896K, 100% used [0x06060000, 0x06140000, 0x06140000)
  to   space 896K,   0% used [0x05f80000, 0x05f80000, 0x06060000)
 tenured generation   total 18880K, used 14275K [0x0ad50000, 0x0bfc0000, 0x15800000)
   the space 18880K,  75% used [0x0ad50000, 0x0bb40d68, 0x0bb40e00, 0x0bfc0000)
 Metaspace       used 14974K, capacity 15304K, committed 15360K, reserved 15744K
}
Event: 15.595 GC heap after
{Heap after GC invocations=13 (full 1):
 def new generation   total 8576K, used 750K [0x05800000, 0x06140000, 0x0ad50000)
  eden space 7680K,   0% used [0x05800000, 0x05800000, 0x05f80000)
  from space 896K,  83% used [0x05f80000, 0x0603bb00, 0x06060000)
  to   space 896K,   0% used [0x06060000, 0x06060000, 0x06140000)
 tenured generation   total 18880K, used 15162K [0x0ad50000, 0x0bfc0000, 0x15800000)
   the space 18880K,  80% used [0x0ad50000, 0x0bc1eb10, 0x0bc1ec00, 0x0bfc0000)
 Metaspace       used 14974K, capacity 15304K, committed 15360K, reserved 15744K
}
Event: 22.176 GC heap before
{Heap before GC invocations=13 (full 1):
 def new generation   total 8576K, used 4630K [0x05800000, 0x06140000, 0x0ad50000)
  eden space 7680K,  50% used [0x05800000, 0x05bc9e70, 0x05f80000)
  from space 896K,  83% used [0x05f80000, 0x0603bb00, 0x06060000)
  to   space 896K,   0% used [0x06060000, 0x06060000, 0x06140000)
 tenured generation   total 18880K, used 15162K [0x0ad50000, 0x0bfc0000, 0x15800000)
   the space 18880K,  80% used [0x0ad50000, 0x0bc1eb10, 0x0bc1ec00, 0x0bfc0000)
 Metaspace       used 14995K, capacity 15327K, committed 15360K, reserved 15744K
}
Event: 22.177 GC heap after
{Heap after GC invocations=14 (full 1):
 def new generation   total 8576K, used 239K [0x05800000, 0x06140000, 0x0ad50000)
  eden space 7680K,   0% used [0x05800000, 0x05800000, 0x05f80000)
  from space 896K,  26% used [0x06060000, 0x0609bda0, 0x06140000)
  to   space 896K,   0% used [0x05f80000, 0x05f80000, 0x06060000)
 tenured generation   total 18880K, used 15569K [0x0ad50000, 0x0bfc0000, 0x15800000)
   the space 18880K,  82% used [0x0ad50000, 0x0bc845f0, 0x0bc84600, 0x0bfc0000)
 Metaspace       used 14995K, capacity 15327K, committed 15360K, reserved 15744K
}

