# JRE version: OpenJDK Runtime Environment Temurin-11.0.21+9 (11.0.21+9) (build 11.0.21+9)
# Java VM: OpenJDK Client VM Temurin-11.0.21+9 (11.0.21+9, mixed mode, serial gc, windows-x86)
Heap:
 def new generation   total 17920K, used 2007K [0x05200000, 0x06570000, 0x0a750000)
  eden space 15936K,  12% used [0x05200000, 0x053f5c58, 0x06190000)
  from space 1984K,   0% used [0x06190000, 0x06190000, 0x06380000)
  to   space 1984K,   0% used [0x06380000, 0x06380000, 0x06570000)
 tenured generation   total 39776K, used 23865K [0x0a750000, 0x0ce28000, 0x15200000)
   the space 39776K,  59% used [0x0a750000, 0x0be9e610, 0x0be9e800, 0x0ce28000)
 Metaspace       used 16067K, capacity 16459K, committed 16896K, reserved 17792K
GC Heap History (20 events):
Event: 0.712 GC heap before
{Heap before GC invocations=7 (full 0):
 def new generation   total 4928K, used 4928K [0x05200000, 0x05750000, 0x0a750000)
  eden space 4416K, 100% used [0x05200000, 0x05650000, 0x05650000)
  from space 512K, 100% used [0x056d0000, 0x05750000, 0x05750000)
  to   space 512K,   0% used [0x05650000, 0x05650000, 0x056d0000)
 tenured generation   total 10944K, used 3919K [0x0a750000, 0x0b200000, 0x15200000)
   the space 10944K,  35% used [0x0a750000, 0x0ab23da0, 0x0ab23e00, 0x0b200000)
 Metaspace       used 11345K, capacity 11510K, committed 11520K, reserved 11648K
}
Event: 0.713 GC heap after
{Heap after GC invocations=8 (full 0):
 def new generation   total 4928K, used 510K [0x05200000, 0x05750000, 0x0a750000)
  eden space 4416K,   0% used [0x05200000, 0x05200000, 0x05650000)
  from space 512K,  99% used [0x05650000, 0x056cfa00, 0x056d0000)
  to   space 512K,   0% used [0x056d0000, 0x056d0000, 0x05750000)
 tenured generation   total 10944K, used 4424K [0x0a750000, 0x0b200000, 0x15200000)
   the space 10944K,  40% used [0x0a750000, 0x0aba23f8, 0x0aba2400, 0x0b200000)
 Metaspace       used 11345K, capacity 11510K, committed 11520K, reserved 11648K
}
Event: 0.776 GC heap before
{Heap before GC invocations=8 (full 0):
 def new generation   total 4928K, used 4926K [0x05200000, 0x05750000, 0x0a750000)
  eden space 4416K,  99% used [0x05200000, 0x0564fff0, 0x05650000)
  from space 512K,  99% used [0x05650000, 0x056cfa00, 0x056d0000)
  to   space 512K,   0% used [0x056d0000, 0x056d0000, 0x05750000)
 tenured generation   total 10944K, used 10655K [0x0a750000, 0x0b200000, 0x15200000)
   the space 10944K,  97% used [0x0a750000, 0x0b1b7df0, 0x0b1b7e00, 0x0b200000)
 Metaspace       used 11803K, capacity 11976K, committed 12032K, reserved 12672K
}
Event: 0.785 GC heap after
{Heap after GC invocations=9 (full 1):
 def new generation   total 8768K, used 505K [0x05200000, 0x05b80000, 0x0a750000)
  eden space 7808K,   6% used [0x05200000, 0x0527e530, 0x059a0000)
  from space 960K,   0% used [0x059a0000, 0x059a0000, 0x05a90000)
  to   space 960K,   0% used [0x05a90000, 0x05a90000, 0x05b80000)
 tenured generation   total 19308K, used 11583K [0x0a750000, 0x0ba2b000, 0x15200000)
   the space 19308K,  59% used [0x0a750000, 0x0b29ffc0, 0x0b2a0000, 0x0ba2b000)
 Metaspace       used 11803K, capacity 11976K, committed 12032K, reserved 12672K
}
Event: 0.885 GC heap before
{Heap before GC invocations=9 (full 1):
 def new generation   total 8768K, used 7808K [0x05200000, 0x05b80000, 0x0a750000)
  eden space 7808K, 100% used [0x05200000, 0x059a0000, 0x059a0000)
  from space 960K,   0% used [0x059a0000, 0x059a0000, 0x05a90000)
  to   space 960K,   0% used [0x05a90000, 0x05a90000, 0x05b80000)
 tenured generation   total 19308K, used 11583K [0x0a750000, 0x0ba2b000, 0x15200000)
   the space 19308K,  59% used [0x0a750000, 0x0b29ffc0, 0x0b2a0000, 0x0ba2b000)
 Metaspace       used 12719K, capacity 12899K, committed 12928K, reserved 13696K
}
Event: 0.888 GC heap after
{Heap after GC invocations=10 (full 1):
 def new generation   total 8768K, used 960K [0x05200000, 0x05b80000, 0x0a750000)
  eden space 7808K,   0% used [0x05200000, 0x05200000, 0x059a0000)
  from space 960K, 100% used [0x05a90000, 0x05b80000, 0x05b80000)
  to   space 960K,   0% used [0x059a0000, 0x059a0000, 0x05a90000)
 tenured generation   total 19308K, used 11945K [0x0a750000, 0x0ba2b000, 0x15200000)
   the space 19308K,  61% used [0x0a750000, 0x0b2fa6e0, 0x0b2fa800, 0x0ba2b000)
 Metaspace       used 12719K, capacity 12899K, committed 12928K, reserved 13696K
}
Event: 0.962 GC heap before
{Heap before GC invocations=10 (full 1):
 def new generation   total 8768K, used 8768K [0x05200000, 0x05b80000, 0x0a750000)
  eden space 7808K, 100% used [0x05200000, 0x059a0000, 0x059a0000)
  from space 960K, 100% used [0x05a90000, 0x05b80000, 0x05b80000)
  to   space 960K,   0% used [0x059a0000, 0x059a0000, 0x05a90000)
 tenured generation   total 19308K, used 11945K [0x0a750000, 0x0ba2b000, 0x15200000)
   the space 19308K,  61% used [0x0a750000, 0x0b2fa6e0, 0x0b2fa800, 0x0ba2b000)
 Metaspace       used 13961K, capacity 14253K, committed 14336K, reserved 14720K
}
Event: 0.965 GC heap after
{Heap after GC invocations=11 (full 1):
 def new generation   total 8768K, used 597K [0x05200000, 0x05b80000, 0x0a750000)
  eden space 7808K,   0% used [0x05200000, 0x05200000, 0x059a0000)
  from space 960K,  62% used [0x059a0000, 0x05a356e0, 0x05a90000)
  to   space 960K,   0% used [0x05a90000, 0x05a90000, 0x05b80000)
 tenured generation   total 19308K, used 12897K [0x0a750000, 0x0ba2b000, 0x15200000)
   the space 19308K,  66% used [0x0a750000, 0x0b3e84f0, 0x0b3e8600, 0x0ba2b000)
 Metaspace       used 13961K, capacity 14253K, committed 14336K, reserved 14720K
}
Event: 2.254 GC heap before
{Heap before GC invocations=11 (full 1):
 def new generation   total 8768K, used 8405K [0x05200000, 0x05b80000, 0x0a750000)
  eden space 7808K, 100% used [0x05200000, 0x059a0000, 0x059a0000)
  from space 960K,  62% used [0x059a0000, 0x05a356e0, 0x05a90000)
  to   space 960K,   0% used [0x05a90000, 0x05a90000, 0x05b80000)
 tenured generation   total 19308K, used 12897K [0x0a750000, 0x0ba2b000, 0x15200000)
   the space 19308K,  66% used [0x0a750000, 0x0b3e84f0, 0x0b3e8600, 0x0ba2b000)
 Metaspace       used 14782K, capacity 15084K, committed 15104K, reserved 15744K
}
Event: 2.258 GC heap after
{Heap after GC invocations=12 (full 1):
 def new generation   total 8768K, used 960K [0x05200000, 0x05b80000, 0x0a750000)
  eden space 7808K,   0% used [0x05200000, 0x05200000, 0x059a0000)
  from space 960K, 100% used [0x05a90000, 0x05b80000, 0x05b80000)
  to   space 960K,   0% used [0x059a0000, 0x059a0000, 0x05a90000)
 tenured generation   total 19308K, used 14574K [0x0a750000, 0x0ba2b000, 0x15200000)
   the space 19308K,  75% used [0x0a750000, 0x0b58ba30, 0x0b58bc00, 0x0ba2b000)
 Metaspace       used 14782K, capacity 15084K, committed 15104K, reserved 15744K
}
Event: 2.946 GC heap before
{Heap before GC invocations=12 (full 1):
 def new generation   total 8768K, used 8768K [0x05200000, 0x05b80000, 0x0a750000)
  eden space 7808K, 100% used [0x05200000, 0x059a0000, 0x059a0000)
  from space 960K, 100% used [0x05a90000, 0x05b80000, 0x05b80000)
  to   space 960K,   0% used [0x059a0000, 0x059a0000, 0x05a90000)
 tenured generation   total 19308K, used 14574K [0x0a750000, 0x0ba2b000, 0x15200000)
   the space 19308K,  75% used [0x0a750000, 0x0b58ba30, 0x0b58bc00, 0x0ba2b000)
 Metaspace       used 15856K, capacity 16263K, committed 16384K, reserved 16768K
}
Event: 2.949 GC heap after
{Heap after GC invocations=13 (full 1):
 def new generation   total 8768K, used 722K [0x05200000, 0x05b80000, 0x0a750000)
  eden space 7808K,   0% used [0x05200000, 0x05200000, 0x059a0000)
  from space 960K,  75% used [0x059a0000, 0x05a54848, 0x05a90000)
  to   space 960K,   0% used [0x05a90000, 0x05a90000, 0x05b80000)
 tenured generation   total 19308K, used 15528K [0x0a750000, 0x0ba2b000, 0x15200000)
   the space 19308K,  80% used [0x0a750000, 0x0b67a278, 0x0b67a400, 0x0ba2b000)
 Metaspace       used 15856K, capacity 16263K, committed 16384K, reserved 16768K
}
Event: 10.495 GC heap before
{Heap before GC invocations=13 (full 1):
 def new generation   total 8768K, used 8530K [0x05200000, 0x05b80000, 0x0a750000)
  eden space 7808K,  99% used [0x05200000, 0x0599fff8, 0x059a0000)
  from space 960K,  75% used [0x059a0000, 0x05a54848, 0x05a90000)
  to   space 960K,   0% used [0x05a90000, 0x05a90000, 0x05b80000)
 tenured generation   total 19308K, used 15528K [0x0a750000, 0x0ba2b000, 0x15200000)
   the space 19308K,  80% used [0x0a750000, 0x0b67a278, 0x0b67a400, 0x0ba2b000)
 Metaspace       used 16196K, capacity 16625K, committed 16640K, reserved 16768K
}
Event: 10.497 GC heap after
{Heap after GC invocations=14 (full 1):
 def new generation   total 8768K, used 647K [0x05200000, 0x05b80000, 0x0a750000)
  eden space 7808K,   0% used [0x05200000, 0x05200000, 0x059a0000)
  from space 960K,  67% used [0x05a90000, 0x05b31c20, 0x05b80000)
  to   space 960K,   0% used [0x059a0000, 0x059a0000, 0x05a90000)
 tenured generation   total 19308K, used 16230K [0x0a750000, 0x0ba2b000, 0x15200000)
   the space 19308K,  84% used [0x0a750000, 0x0b729a00, 0x0b729a00, 0x0ba2b000)
 Metaspace       used 16196K, capacity 16625K, committed 16640K, reserved 16768K
}
Event: 10.548 GC heap before
{Heap before GC invocations=14 (full 1):
 def new generation   total 8768K, used 8455K [0x05200000, 0x05b80000, 0x0a750000)
  eden space 7808K, 100% used [0x05200000, 0x059a0000, 0x059a0000)
  from space 960K,  67% used [0x05a90000, 0x05b31c20, 0x05b80000)
  to   space 960K,   0% used [0x059a0000, 0x059a0000, 0x05a90000)
 tenured generation   total 19308K, used 16230K [0x0a750000, 0x0ba2b000, 0x15200000)
   the space 19308K,  84% used [0x0a750000, 0x0b729a00, 0x0b729a00, 0x0ba2b000)
 Metaspace       used 16307K, capacity 16742K, committed 16768K, reserved 16768K
}
Event: 10.552 GC heap after
{Heap after GC invocations=15 (full 1):
 def new generation   total 8768K, used 960K [0x05200000, 0x05b80000, 0x0a750000)
  eden space 7808K,   0% used [0x05200000, 0x05200000, 0x059a0000)
  from space 960K, 100% used [0x059a0000, 0x05a90000, 0x05a90000)
  to   space 960K,   0% used [0x05a90000, 0x05a90000, 0x05b80000)
 tenured generation   total 19308K, used 17615K [0x0a750000, 0x0ba2b000, 0x15200000)
   the space 19308K,  91% used [0x0a750000, 0x0b883c68, 0x0b883e00, 0x0ba2b000)
 Metaspace       used 16307K, capacity 16742K, committed 16768K, reserved 16768K
}
Event: 14.887 GC heap before
{Heap before GC invocations=15 (full 1):
 def new generation   total 8768K, used 4373K [0x05200000, 0x05b80000, 0x0a750000)
  eden space 7808K,  43% used [0x05200000, 0x055555d0, 0x059a0000)
  from space 960K, 100% used [0x059a0000, 0x05a90000, 0x05a90000)
  to   space 960K,   0% used [0x05a90000, 0x05a90000, 0x05b80000)
 tenured generation   total 19308K, used 17615K [0x0a750000, 0x0ba2b000, 0x15200000)
   the space 19308K,  91% used [0x0a750000, 0x0b883c68, 0x0b883e00, 0x0ba2b000)
 Metaspace       used 16337K, capacity 16764K, committed 16768K, reserved 16768K
}
Event: 14.889 GC heap after
{Heap after GC invocations=16 (full 1):
 def new generation   total 8768K, used 267K [0x05200000, 0x05b80000, 0x0a750000)
  eden space 7808K,   0% used [0x05200000, 0x05200000, 0x059a0000)
  from space 960K,  27% used [0x05a90000, 0x05ad2dc8, 0x05b80000)
  to   space 960K,   0% used [0x059a0000, 0x059a0000, 0x05a90000)
 tenured generation   total 19308K, used 18568K [0x0a750000, 0x0ba2b000, 0x15200000)
   the space 19308K,  96% used [0x0a750000, 0x0b9720f0, 0x0b972200, 0x0ba2b000)
 Metaspace       used 16337K, capacity 16764K, committed 16768K, reserved 16768K
}
Event: 14.948 GC heap before
{Heap before GC invocations=16 (full 1):
 def new generation   total 8768K, used 7355K [0x05200000, 0x05b80000, 0x0a750000)
  eden space 7808K,  90% used [0x05200000, 0x058ebf80, 0x059a0000)
  from space 960K,  27% used [0x05a90000, 0x05ad2dc8, 0x05b80000)
  to   space 960K,   0% used [0x059a0000, 0x059a0000, 0x05a90000)
 tenured generation   total 19308K, used 18568K [0x0a750000, 0x0ba2b000, 0x15200000)
   the space 19308K,  96% used [0x0a750000, 0x0b9720f0, 0x0b972200, 0x0ba2b000)
 Metaspace       used 16339K, capacity 16765K, committed 16768K, reserved 16768K
}
Event: 14.980 GC heap after
{Heap after GC invocations=17 (full 2):
 def new generation   total 17920K, used 0K [0x05200000, 0x06570000, 0x0a750000)
  eden space 15936K,   0% used [0x05200000, 0x05200000, 0x06190000)
  from space 1984K,   0% used [0x06190000, 0x06190000, 0x06380000)
  to   space 1984K,   0% used [0x06380000, 0x06380000, 0x06570000)
 tenured generation   total 39776K, used 23865K [0x0a750000, 0x0ce28000, 0x15200000)
   the space 39776K,  59% used [0x0a750000, 0x0be9e610, 0x0be9e800, 0x0ce28000)
 Metaspace       used 16042K, capacity 16401K, committed 16768K, reserved 16768K
}

