# JRE version: OpenJDK Runtime Environment Temurin-11.0.21+9 (11.0.21+9) (build 11.0.21+9)
# Java VM: OpenJDK Client VM Temurin-11.0.21+9 (11.0.21+9, mixed mode, serial gc, windows-x86)
Heap:
 def new generation   total 16768K, used 1233K [0x05600000, 0x06830000, 0x0ab50000)
  eden space 14912K,   8% used [0x05600000, 0x05734518, 0x06490000)
  from space 1856K,   0% used [0x06490000, 0x06490000, 0x06660000)
  to   space 1856K,   0% used [0x06660000, 0x06660000, 0x06830000)
 tenured generation   total 37100K, used 22258K [0x0ab50000, 0x0cf8b000, 0x15600000)
   the space 37100K,  59% used [0x0ab50000, 0x0c10cae0, 0x0c10cc00, 0x0cf8b000)
 Metaspace       used 14786K, capacity 15041K, committed 15360K, reserved 15744K
GC Heap History (20 events):
Event: 0.515 GC heap before
{Heap before GC invocations=5 (full 0):
 def new generation   total 4928K, used 4800K [0x05600000, 0x05b50000, 0x0ab50000)
  eden space 4416K,  99% used [0x05600000, 0x05a48650, 0x05a50000)
  from space 512K,  81% used [0x05ad0000, 0x05b37c40, 0x05b50000)
  to   space 512K,   0% used [0x05a50000, 0x05a50000, 0x05ad0000)
 tenured generation   total 10944K, used 2182K [0x0ab50000, 0x0b600000, 0x15600000)
   the space 10944K,  19% used [0x0ab50000, 0x0ad71b90, 0x0ad71c00, 0x0b600000)
 Metaspace       used 8870K, capacity 8989K, committed 9088K, reserved 9600K
}
Event: 0.516 GC heap after
{Heap after GC invocations=6 (full 0):
 def new generation   total 4928K, used 512K [0x05600000, 0x05b50000, 0x0ab50000)
  eden space 4416K,   0% used [0x05600000, 0x05600000, 0x05a50000)
  from space 512K, 100% used [0x05a50000, 0x05ad0000, 0x05ad0000)
  to   space 512K,   0% used [0x05ad0000, 0x05ad0000, 0x05b50000)
 tenured generation   total 10944K, used 2729K [0x0ab50000, 0x0b600000, 0x15600000)
   the space 10944K,  24% used [0x0ab50000, 0x0adfa468, 0x0adfa600, 0x0b600000)
 Metaspace       used 8870K, capacity 8989K, committed 9088K, reserved 9600K
}
Event: 0.578 GC heap before
{Heap before GC invocations=6 (full 0):
 def new generation   total 4928K, used 4928K [0x05600000, 0x05b50000, 0x0ab50000)
  eden space 4416K, 100% used [0x05600000, 0x05a50000, 0x05a50000)
  from space 512K, 100% used [0x05a50000, 0x05ad0000, 0x05ad0000)
  to   space 512K,   0% used [0x05ad0000, 0x05ad0000, 0x05b50000)
 tenured generation   total 10944K, used 2729K [0x0ab50000, 0x0b600000, 0x15600000)
   the space 10944K,  24% used [0x0ab50000, 0x0adfa468, 0x0adfa600, 0x0b600000)
 Metaspace       used 10559K, capacity 10734K, committed 10752K, reserved 11648K
}
Event: 0.580 GC heap after
{Heap after GC invocations=7 (full 0):
 def new generation   total 4928K, used 512K [0x05600000, 0x05b50000, 0x0ab50000)
  eden space 4416K,   0% used [0x05600000, 0x05600000, 0x05a50000)
  from space 512K, 100% used [0x05ad0000, 0x05b50000, 0x05b50000)
  to   space 512K,   0% used [0x05a50000, 0x05a50000, 0x05ad0000)
 tenured generation   total 10944K, used 3640K [0x0ab50000, 0x0b600000, 0x15600000)
   the space 10944K,  33% used [0x0ab50000, 0x0aede0e8, 0x0aede200, 0x0b600000)
 Metaspace       used 10559K, capacity 10734K, committed 10752K, reserved 11648K
}
Event: 0.625 GC heap before
{Heap before GC invocations=7 (full 0):
 def new generation   total 4928K, used 4928K [0x05600000, 0x05b50000, 0x0ab50000)
  eden space 4416K, 100% used [0x05600000, 0x05a50000, 0x05a50000)
  from space 512K, 100% used [0x05ad0000, 0x05b50000, 0x05b50000)
  to   space 512K,   0% used [0x05a50000, 0x05a50000, 0x05ad0000)
 tenured generation   total 10944K, used 3640K [0x0ab50000, 0x0b600000, 0x15600000)
   the space 10944K,  33% used [0x0ab50000, 0x0aede0e8, 0x0aede200, 0x0b600000)
 Metaspace       used 11343K, capacity 11510K, committed 11520K, reserved 11648K
}
Event: 0.626 GC heap after
{Heap after GC invocations=8 (full 0):
 def new generation   total 4928K, used 512K [0x05600000, 0x05b50000, 0x0ab50000)
  eden space 4416K,   0% used [0x05600000, 0x05600000, 0x05a50000)
  from space 512K, 100% used [0x05a50000, 0x05ad0000, 0x05ad0000)
  to   space 512K,   0% used [0x05ad0000, 0x05ad0000, 0x05b50000)
 tenured generation   total 10944K, used 4142K [0x0ab50000, 0x0b600000, 0x15600000)
   the space 10944K,  37% used [0x0ab50000, 0x0af5b998, 0x0af5ba00, 0x0b600000)
 Metaspace       used 11343K, capacity 11510K, committed 11520K, reserved 11648K
}
Event: 0.693 GC heap before
{Heap before GC invocations=8 (full 0):
 def new generation   total 4928K, used 4928K [0x05600000, 0x05b50000, 0x0ab50000)
  eden space 4416K, 100% used [0x05600000, 0x05a50000, 0x05a50000)
  from space 512K, 100% used [0x05a50000, 0x05ad0000, 0x05ad0000)
  to   space 512K,   0% used [0x05ad0000, 0x05ad0000, 0x05b50000)
 tenured generation   total 10944K, used 10372K [0x0ab50000, 0x0b600000, 0x15600000)
   the space 10944K,  94% used [0x0ab50000, 0x0b571390, 0x0b571400, 0x0b600000)
 Metaspace       used 11804K, capacity 11976K, committed 12032K, reserved 12672K
}
Event: 0.701 GC heap after
{Heap after GC invocations=9 (full 1):
 def new generation   total 8576K, used 461K [0x05600000, 0x05f40000, 0x0ab50000)
  eden space 7680K,   6% used [0x05600000, 0x056736f0, 0x05d80000)
  from space 896K,   0% used [0x05d80000, 0x05d80000, 0x05e60000)
  to   space 896K,   0% used [0x05e60000, 0x05e60000, 0x05f40000)
 tenured generation   total 18880K, used 11327K [0x0ab50000, 0x0bdc0000, 0x15600000)
   the space 18880K,  59% used [0x0ab50000, 0x0b65fe28, 0x0b660000, 0x0bdc0000)
 Metaspace       used 11804K, capacity 11976K, committed 12032K, reserved 12672K
}
Event: 0.804 GC heap before
{Heap before GC invocations=9 (full 1):
 def new generation   total 8576K, used 7680K [0x05600000, 0x05f40000, 0x0ab50000)
  eden space 7680K, 100% used [0x05600000, 0x05d80000, 0x05d80000)
  from space 896K,   0% used [0x05d80000, 0x05d80000, 0x05e60000)
  to   space 896K,   0% used [0x05e60000, 0x05e60000, 0x05f40000)
 tenured generation   total 18880K, used 11327K [0x0ab50000, 0x0bdc0000, 0x15600000)
   the space 18880K,  59% used [0x0ab50000, 0x0b65fe28, 0x0b660000, 0x0bdc0000)
 Metaspace       used 12707K, capacity 12899K, committed 12928K, reserved 13696K
}
Event: 0.808 GC heap after
{Heap after GC invocations=10 (full 1):
 def new generation   total 8576K, used 896K [0x05600000, 0x05f40000, 0x0ab50000)
  eden space 7680K,   0% used [0x05600000, 0x05600000, 0x05d80000)
  from space 896K, 100% used [0x05e60000, 0x05f40000, 0x05f40000)
  to   space 896K,   0% used [0x05d80000, 0x05d80000, 0x05e60000)
 tenured generation   total 18880K, used 11706K [0x0ab50000, 0x0bdc0000, 0x15600000)
   the space 18880K,  62% used [0x0ab50000, 0x0b6be8f0, 0x0b6bea00, 0x0bdc0000)
 Metaspace       used 12707K, capacity 12899K, committed 12928K, reserved 13696K
}
Event: 0.878 GC heap before
{Heap before GC invocations=10 (full 1):
 def new generation   total 8576K, used 8576K [0x05600000, 0x05f40000, 0x0ab50000)
  eden space 7680K, 100% used [0x05600000, 0x05d80000, 0x05d80000)
  from space 896K, 100% used [0x05e60000, 0x05f40000, 0x05f40000)
  to   space 896K,   0% used [0x05d80000, 0x05d80000, 0x05e60000)
 tenured generation   total 18880K, used 11706K [0x0ab50000, 0x0bdc0000, 0x15600000)
   the space 18880K,  62% used [0x0ab50000, 0x0b6be8f0, 0x0b6bea00, 0x0bdc0000)
 Metaspace       used 13882K, capacity 14157K, committed 14208K, reserved 14720K
}
Event: 0.881 GC heap after
{Heap after GC invocations=11 (full 1):
 def new generation   total 8576K, used 556K [0x05600000, 0x05f40000, 0x0ab50000)
  eden space 7680K,   0% used [0x05600000, 0x05600000, 0x05d80000)
  from space 896K,  62% used [0x05d80000, 0x05e0b338, 0x05e60000)
  to   space 896K,   0% used [0x05e60000, 0x05e60000, 0x05f40000)
 tenured generation   total 18880K, used 12594K [0x0ab50000, 0x0bdc0000, 0x15600000)
   the space 18880K,  66% used [0x0ab50000, 0x0b79c9c0, 0x0b79ca00, 0x0bdc0000)
 Metaspace       used 13882K, capacity 14157K, committed 14208K, reserved 14720K
}
Event: 2.097 GC heap before
{Heap before GC invocations=11 (full 1):
 def new generation   total 8576K, used 8236K [0x05600000, 0x05f40000, 0x0ab50000)
  eden space 7680K, 100% used [0x05600000, 0x05d80000, 0x05d80000)
  from space 896K,  62% used [0x05d80000, 0x05e0b338, 0x05e60000)
  to   space 896K,   0% used [0x05e60000, 0x05e60000, 0x05f40000)
 tenured generation   total 18880K, used 12594K [0x0ab50000, 0x0bdc0000, 0x15600000)
   the space 18880K,  66% used [0x0ab50000, 0x0b79c9c0, 0x0b79ca00, 0x0bdc0000)
 Metaspace       used 14731K, capacity 15049K, committed 15104K, reserved 15744K
}
Event: 2.101 GC heap after
{Heap after GC invocations=12 (full 1):
 def new generation   total 8576K, used 896K [0x05600000, 0x05f40000, 0x0ab50000)
  eden space 7680K,   0% used [0x05600000, 0x05600000, 0x05d80000)
  from space 896K, 100% used [0x05e60000, 0x05f40000, 0x05f40000)
  to   space 896K,   0% used [0x05d80000, 0x05d80000, 0x05e60000)
 tenured generation   total 18880K, used 14318K [0x0ab50000, 0x0bdc0000, 0x15600000)
   the space 18880K,  75% used [0x0ab50000, 0x0b94b878, 0x0b94ba00, 0x0bdc0000)
 Metaspace       used 14731K, capacity 15049K, committed 15104K, reserved 15744K
}
Event: 14.411 GC heap before
{Heap before GC invocations=12 (full 1):
 def new generation   total 8576K, used 8576K [0x05600000, 0x05f40000, 0x0ab50000)
  eden space 7680K, 100% used [0x05600000, 0x05d80000, 0x05d80000)
  from space 896K, 100% used [0x05e60000, 0x05f40000, 0x05f40000)
  to   space 896K,   0% used [0x05d80000, 0x05d80000, 0x05e60000)
 tenured generation   total 18880K, used 14318K [0x0ab50000, 0x0bdc0000, 0x15600000)
   the space 18880K,  75% used [0x0ab50000, 0x0b94b878, 0x0b94ba00, 0x0bdc0000)
 Metaspace       used 14987K, capacity 15295K, committed 15360K, reserved 15744K
}
Event: 14.414 GC heap after
{Heap after GC invocations=13 (full 1):
 def new generation   total 8576K, used 458K [0x05600000, 0x05f40000, 0x0ab50000)
  eden space 7680K,   0% used [0x05600000, 0x05600000, 0x05d80000)
  from space 896K,  51% used [0x05d80000, 0x05df2918, 0x05e60000)
  to   space 896K,   0% used [0x05e60000, 0x05e60000, 0x05f40000)
 tenured generation   total 18880K, used 15209K [0x0ab50000, 0x0bdc0000, 0x15600000)
   the space 18880K,  80% used [0x0ab50000, 0x0ba2a680, 0x0ba2a800, 0x0bdc0000)
 Metaspace       used 14987K, capacity 15295K, committed 15360K, reserved 15744K
}
Event: 303.743 GC heap before
{Heap before GC invocations=13 (full 1):
 def new generation   total 8576K, used 8138K [0x05600000, 0x05f40000, 0x0ab50000)
  eden space 7680K, 100% used [0x05600000, 0x05d80000, 0x05d80000)
  from space 896K,  51% used [0x05d80000, 0x05df2918, 0x05e60000)
  to   space 896K,   0% used [0x05e60000, 0x05e60000, 0x05f40000)
 tenured generation   total 18880K, used 15209K [0x0ab50000, 0x0bdc0000, 0x15600000)
   the space 18880K,  80% used [0x0ab50000, 0x0ba2a680, 0x0ba2a800, 0x0bdc0000)
 Metaspace       used 14988K, capacity 15295K, committed 15360K, reserved 15744K
}
Event: 303.745 GC heap after
{Heap after GC invocations=14 (full 1):
 def new generation   total 8576K, used 119K [0x05600000, 0x05f40000, 0x0ab50000)
  eden space 7680K,   0% used [0x05600000, 0x05600000, 0x05d80000)
  from space 896K,  13% used [0x05e60000, 0x05e7de10, 0x05f40000)
  to   space 896K,   0% used [0x05d80000, 0x05d80000, 0x05e60000)
 tenured generation   total 18880K, used 15561K [0x0ab50000, 0x0bdc0000, 0x15600000)
   the space 18880K,  82% used [0x0ab50000, 0x0ba825a8, 0x0ba82600, 0x0bdc0000)
 Metaspace       used 14988K, capacity 15295K, committed 15360K, reserved 15744K
}
Event: 304.555 GC heap before
{Heap before GC invocations=14 (full 1):
 def new generation   total 8576K, used 7799K [0x05600000, 0x05f40000, 0x0ab50000)
  eden space 7680K, 100% used [0x05600000, 0x05d80000, 0x05d80000)
  from space 896K,  13% used [0x05e60000, 0x05e7de10, 0x05f40000)
  to   space 896K,   0% used [0x05d80000, 0x05d80000, 0x05e60000)
 tenured generation   total 18880K, used 15561K [0x0ab50000, 0x0bdc0000, 0x15600000)
   the space 18880K,  82% used [0x0ab50000, 0x0ba825a8, 0x0ba82600, 0x0bdc0000)
 Metaspace       used 14988K, capacity 15295K, committed 15360K, reserved 15744K
}
Event: 304.573 GC heap after
{Heap after GC invocations=15 (full 2):
 def new generation   total 16768K, used 0K [0x05600000, 0x06830000, 0x0ab50000)
  eden space 14912K,   0% used [0x05600000, 0x05600000, 0x06490000)
  from space 1856K,   0% used [0x06490000, 0x06490000, 0x06660000)
  to   space 1856K,   0% used [0x06660000, 0x06660000, 0x06830000)
 tenured generation   total 37100K, used 22258K [0x0ab50000, 0x0cf8b000, 0x15600000)
   the space 37100K,  59% used [0x0ab50000, 0x0c10cae0, 0x0c10cc00, 0x0cf8b000)
 Metaspace       used 14759K, capacity 15014K, committed 15360K, reserved 15744K
}

