# JRE version: OpenJDK Runtime Environment Temurin-11.0.21+9 (11.0.21+9) (build 11.0.21+9)
# Java VM: OpenJDK Client VM Temurin-11.0.21+9 (11.0.21+9, mixed mode, serial gc, windows-x86)
Heap:
 def new generation   total 13824K, used 11259K [0x05200000, 0x06100000, 0x0a750000)
  eden space 12288K,  91% used [0x05200000, 0x05cfedd8, 0x05e00000)
  from space 1536K,   0% used [0x05e00000, 0x05e00000, 0x05f80000)
  to   space 1536K,   0% used [0x05f80000, 0x05f80000, 0x06100000)
 tenured generation   total 30636K, used 18380K [0x0a750000, 0x0c53b000, 0x15200000)
   the space 30636K,  59% used [0x0a750000, 0x0b9431b8, 0x0b943200, 0x0c53b000)
 Metaspace       used 16165K, capacity 16565K, committed 16896K, reserved 17792K
GC Heap History (20 events):
Event: 0.632 GC heap before
{Heap before GC invocations=6 (full 0):
 def new generation   total 4928K, used 4928K [0x05200000, 0x05750000, 0x0a750000)
  eden space 4416K, 100% used [0x05200000, 0x05650000, 0x05650000)
  from space 512K, 100% used [0x05650000, 0x056d0000, 0x056d0000)
  to   space 512K,   0% used [0x056d0000, 0x056d0000, 0x05750000)
 tenured generation   total 10944K, used 2989K [0x0a750000, 0x0b200000, 0x15200000)
   the space 10944K,  27% used [0x0a750000, 0x0aa3b640, 0x0aa3b800, 0x0b200000)
 Metaspace       used 10558K, capacity 10734K, committed 10752K, reserved 11648K
}
Event: 0.633 GC heap after
{Heap after GC invocations=7 (full 0):
 def new generation   total 4928K, used 512K [0x05200000, 0x05750000, 0x0a750000)
  eden space 4416K,   0% used [0x05200000, 0x05200000, 0x05650000)
  from space 512K, 100% used [0x056d0000, 0x05750000, 0x05750000)
  to   space 512K,   0% used [0x05650000, 0x05650000, 0x056d0000)
 tenured generation   total 10944K, used 3920K [0x0a750000, 0x0b200000, 0x15200000)
   the space 10944K,  35% used [0x0a750000, 0x0ab24208, 0x0ab24400, 0x0b200000)
 Metaspace       used 10558K, capacity 10734K, committed 10752K, reserved 11648K
}
Event: 0.678 GC heap before
{Heap before GC invocations=7 (full 0):
 def new generation   total 4928K, used 4928K [0x05200000, 0x05750000, 0x0a750000)
  eden space 4416K, 100% used [0x05200000, 0x05650000, 0x05650000)
  from space 512K, 100% used [0x056d0000, 0x05750000, 0x05750000)
  to   space 512K,   0% used [0x05650000, 0x05650000, 0x056d0000)
 tenured generation   total 10944K, used 3920K [0x0a750000, 0x0b200000, 0x15200000)
   the space 10944K,  35% used [0x0a750000, 0x0ab24208, 0x0ab24400, 0x0b200000)
 Metaspace       used 11345K, capacity 11510K, committed 11520K, reserved 11648K
}
Event: 0.680 GC heap after
{Heap after GC invocations=8 (full 0):
 def new generation   total 4928K, used 512K [0x05200000, 0x05750000, 0x0a750000)
  eden space 4416K,   0% used [0x05200000, 0x05200000, 0x05650000)
  from space 512K, 100% used [0x05650000, 0x056d0000, 0x056d0000)
  to   space 512K,   0% used [0x056d0000, 0x056d0000, 0x05750000)
 tenured generation   total 10944K, used 4426K [0x0a750000, 0x0b200000, 0x15200000)
   the space 10944K,  40% used [0x0a750000, 0x0aba2a70, 0x0aba2c00, 0x0b200000)
 Metaspace       used 11345K, capacity 11510K, committed 11520K, reserved 11648K
}
Event: 0.745 GC heap before
{Heap before GC invocations=8 (full 0):
 def new generation   total 4928K, used 4927K [0x05200000, 0x05750000, 0x0a750000)
  eden space 4416K,  99% used [0x05200000, 0x0564fdf0, 0x05650000)
  from space 512K, 100% used [0x05650000, 0x056d0000, 0x056d0000)
  to   space 512K,   0% used [0x056d0000, 0x056d0000, 0x05750000)
 tenured generation   total 10944K, used 10657K [0x0a750000, 0x0b200000, 0x15200000)
   the space 10944K,  97% used [0x0a750000, 0x0b1b8468, 0x0b1b8600, 0x0b200000)
 Metaspace       used 11803K, capacity 11976K, committed 12032K, reserved 12672K
}
Event: 0.754 GC heap after
{Heap after GC invocations=9 (full 1):
 def new generation   total 8768K, used 506K [0x05200000, 0x05b80000, 0x0a750000)
  eden space 7808K,   6% used [0x05200000, 0x0527eb58, 0x059a0000)
  from space 960K,   0% used [0x059a0000, 0x059a0000, 0x05a90000)
  to   space 960K,   0% used [0x05a90000, 0x05a90000, 0x05b80000)
 tenured generation   total 19308K, used 11583K [0x0a750000, 0x0ba2b000, 0x15200000)
   the space 19308K,  59% used [0x0a750000, 0x0b29ffb8, 0x0b2a0000, 0x0ba2b000)
 Metaspace       used 11803K, capacity 11976K, committed 12032K, reserved 12672K
}
Event: 0.851 GC heap before
{Heap before GC invocations=9 (full 1):
 def new generation   total 8768K, used 7808K [0x05200000, 0x05b80000, 0x0a750000)
  eden space 7808K, 100% used [0x05200000, 0x059a0000, 0x059a0000)
  from space 960K,   0% used [0x059a0000, 0x059a0000, 0x05a90000)
  to   space 960K,   0% used [0x05a90000, 0x05a90000, 0x05b80000)
 tenured generation   total 19308K, used 11583K [0x0a750000, 0x0ba2b000, 0x15200000)
   the space 19308K,  59% used [0x0a750000, 0x0b29ffb8, 0x0b2a0000, 0x0ba2b000)
 Metaspace       used 12718K, capacity 12899K, committed 12928K, reserved 13696K
}
Event: 0.855 GC heap after
{Heap after GC invocations=10 (full 1):
 def new generation   total 8768K, used 960K [0x05200000, 0x05b80000, 0x0a750000)
  eden space 7808K,   0% used [0x05200000, 0x05200000, 0x059a0000)
  from space 960K, 100% used [0x05a90000, 0x05b80000, 0x05b80000)
  to   space 960K,   0% used [0x059a0000, 0x059a0000, 0x05a90000)
 tenured generation   total 19308K, used 11945K [0x0a750000, 0x0ba2b000, 0x15200000)
   the space 19308K,  61% used [0x0a750000, 0x0b2fa7e0, 0x0b2fa800, 0x0ba2b000)
 Metaspace       used 12718K, capacity 12899K, committed 12928K, reserved 13696K
}
Event: 0.926 GC heap before
{Heap before GC invocations=10 (full 1):
 def new generation   total 8768K, used 8768K [0x05200000, 0x05b80000, 0x0a750000)
  eden space 7808K, 100% used [0x05200000, 0x059a0000, 0x059a0000)
  from space 960K, 100% used [0x05a90000, 0x05b80000, 0x05b80000)
  to   space 960K,   0% used [0x059a0000, 0x059a0000, 0x05a90000)
 tenured generation   total 19308K, used 11945K [0x0a750000, 0x0ba2b000, 0x15200000)
   the space 19308K,  61% used [0x0a750000, 0x0b2fa7e0, 0x0b2fa800, 0x0ba2b000)
 Metaspace       used 13961K, capacity 14253K, committed 14336K, reserved 14720K
}
Event: 0.929 GC heap after
{Heap after GC invocations=11 (full 1):
 def new generation   total 8768K, used 598K [0x05200000, 0x05b80000, 0x0a750000)
  eden space 7808K,   0% used [0x05200000, 0x05200000, 0x059a0000)
  from space 960K,  62% used [0x059a0000, 0x05a358f0, 0x05a90000)
  to   space 960K,   0% used [0x05a90000, 0x05a90000, 0x05b80000)
 tenured generation   total 19308K, used 12897K [0x0a750000, 0x0ba2b000, 0x15200000)
   the space 19308K,  66% used [0x0a750000, 0x0b3e87a0, 0x0b3e8800, 0x0ba2b000)
 Metaspace       used 13961K, capacity 14253K, committed 14336K, reserved 14720K
}
Event: 2.350 GC heap before
{Heap before GC invocations=11 (full 1):
 def new generation   total 8768K, used 8406K [0x05200000, 0x05b80000, 0x0a750000)
  eden space 7808K, 100% used [0x05200000, 0x059a0000, 0x059a0000)
  from space 960K,  62% used [0x059a0000, 0x05a358f0, 0x05a90000)
  to   space 960K,   0% used [0x05a90000, 0x05a90000, 0x05b80000)
 tenured generation   total 19308K, used 12897K [0x0a750000, 0x0ba2b000, 0x15200000)
   the space 19308K,  66% used [0x0a750000, 0x0b3e87a0, 0x0b3e8800, 0x0ba2b000)
 Metaspace       used 14744K, capacity 15037K, committed 15104K, reserved 15744K
}
Event: 2.353 GC heap after
{Heap after GC invocations=12 (full 1):
 def new generation   total 8768K, used 960K [0x05200000, 0x05b80000, 0x0a750000)
  eden space 7808K,   0% used [0x05200000, 0x05200000, 0x059a0000)
  from space 960K, 100% used [0x05a90000, 0x05b80000, 0x05b80000)
  to   space 960K,   0% used [0x059a0000, 0x059a0000, 0x05a90000)
 tenured generation   total 19308K, used 14554K [0x0a750000, 0x0ba2b000, 0x15200000)
   the space 19308K,  75% used [0x0a750000, 0x0b586948, 0x0b586a00, 0x0ba2b000)
 Metaspace       used 14744K, capacity 15037K, committed 15104K, reserved 15744K
}
Event: 3.424 GC heap before
{Heap before GC invocations=12 (full 1):
 def new generation   total 8768K, used 8768K [0x05200000, 0x05b80000, 0x0a750000)
  eden space 7808K, 100% used [0x05200000, 0x059a0000, 0x059a0000)
  from space 960K, 100% used [0x05a90000, 0x05b80000, 0x05b80000)
  to   space 960K,   0% used [0x059a0000, 0x059a0000, 0x05a90000)
 tenured generation   total 19308K, used 14554K [0x0a750000, 0x0ba2b000, 0x15200000)
   the space 19308K,  75% used [0x0a750000, 0x0b586948, 0x0b586a00, 0x0ba2b000)
 Metaspace       used 15841K, capacity 16246K, committed 16256K, reserved 16768K
}
Event: 3.426 GC heap after
{Heap after GC invocations=13 (full 1):
 def new generation   total 8768K, used 667K [0x05200000, 0x05b80000, 0x0a750000)
  eden space 7808K,   0% used [0x05200000, 0x05200000, 0x059a0000)
  from space 960K,  69% used [0x059a0000, 0x05a46db8, 0x05a90000)
  to   space 960K,   0% used [0x05a90000, 0x05a90000, 0x05b80000)
 tenured generation   total 19308K, used 15507K [0x0a750000, 0x0ba2b000, 0x15200000)
   the space 19308K,  80% used [0x0a750000, 0x0b674d18, 0x0b674e00, 0x0ba2b000)
 Metaspace       used 15841K, capacity 16246K, committed 16256K, reserved 16768K
}
Event: 9.553 GC heap before
{Heap before GC invocations=13 (full 1):
 def new generation   total 8768K, used 8475K [0x05200000, 0x05b80000, 0x0a750000)
  eden space 7808K, 100% used [0x05200000, 0x059a0000, 0x059a0000)
  from space 960K,  69% used [0x059a0000, 0x05a46db8, 0x05a90000)
  to   space 960K,   0% used [0x05a90000, 0x05a90000, 0x05b80000)
 tenured generation   total 19308K, used 15507K [0x0a750000, 0x0ba2b000, 0x15200000)
   the space 19308K,  80% used [0x0a750000, 0x0b674d18, 0x0b674e00, 0x0ba2b000)
 Metaspace       used 16199K, capacity 16629K, committed 16640K, reserved 16768K
}
Event: 9.556 GC heap after
{Heap after GC invocations=14 (full 1):
 def new generation   total 8768K, used 960K [0x05200000, 0x05b80000, 0x0a750000)
  eden space 7808K,   0% used [0x05200000, 0x05200000, 0x059a0000)
  from space 960K, 100% used [0x05a90000, 0x05b80000, 0x05b80000)
  to   space 960K,   0% used [0x059a0000, 0x059a0000, 0x05a90000)
 tenured generation   total 19308K, used 16293K [0x0a750000, 0x0ba2b000, 0x15200000)
   the space 19308K,  84% used [0x0a750000, 0x0b739440, 0x0b739600, 0x0ba2b000)
 Metaspace       used 16199K, capacity 16629K, committed 16640K, reserved 16768K
}
Event: 9.623 GC heap before
{Heap before GC invocations=14 (full 1):
 def new generation   total 8768K, used 8768K [0x05200000, 0x05b80000, 0x0a750000)
  eden space 7808K, 100% used [0x05200000, 0x059a0000, 0x059a0000)
  from space 960K, 100% used [0x05a90000, 0x05b80000, 0x05b80000)
  to   space 960K,   0% used [0x059a0000, 0x059a0000, 0x05a90000)
 tenured generation   total 19308K, used 16293K [0x0a750000, 0x0ba2b000, 0x15200000)
   the space 19308K,  84% used [0x0a750000, 0x0b739440, 0x0b739600, 0x0ba2b000)
 Metaspace       used 16320K, capacity 16749K, committed 16768K, reserved 16768K
}
Event: 9.627 GC heap after
{Heap after GC invocations=15 (full 1):
 def new generation   total 8768K, used 959K [0x05200000, 0x05b80000, 0x0a750000)
  eden space 7808K,   0% used [0x05200000, 0x05200000, 0x059a0000)
  from space 960K,  99% used [0x059a0000, 0x05a8fff8, 0x05a90000)
  to   space 960K,   0% used [0x05a90000, 0x05a90000, 0x05b80000)
 tenured generation   total 19308K, used 17986K [0x0a750000, 0x0ba2b000, 0x15200000)
   the space 19308K,  93% used [0x0a750000, 0x0b8e0948, 0x0b8e0a00, 0x0ba2b000)
 Metaspace       used 16320K, capacity 16749K, committed 16768K, reserved 16768K
}
Event: 22.937 GC heap before
{Heap before GC invocations=15 (full 1):
 def new generation   total 8768K, used 8767K [0x05200000, 0x05b80000, 0x0a750000)
  eden space 7808K, 100% used [0x05200000, 0x059a0000, 0x059a0000)
  from space 960K,  99% used [0x059a0000, 0x05a8fff8, 0x05a90000)
  to   space 960K,   0% used [0x05a90000, 0x05a90000, 0x05b80000)
 tenured generation   total 19308K, used 17986K [0x0a750000, 0x0ba2b000, 0x15200000)
   the space 19308K,  93% used [0x0a750000, 0x0b8e0948, 0x0b8e0a00, 0x0ba2b000)
 Metaspace       used 16425K, capacity 16890K, committed 16896K, reserved 17792K
}
Event: 22.958 GC heap after
{Heap after GC invocations=16 (full 2):
 def new generation   total 13824K, used 0K [0x05200000, 0x06100000, 0x0a750000)
  eden space 12288K,   0% used [0x05200000, 0x05200000, 0x05e00000)
  from space 1536K,   0% used [0x05e00000, 0x05e00000, 0x05f80000)
  to   space 1536K,   0% used [0x05f80000, 0x05f80000, 0x06100000)
 tenured generation   total 30636K, used 18380K [0x0a750000, 0x0c53b000, 0x15200000)
   the space 30636K,  59% used [0x0a750000, 0x0b9431b8, 0x0b943200, 0x0c53b000)
 Metaspace       used 16127K, capacity 16524K, committed 16896K, reserved 17792K
}

