# JRE version: OpenJDK Runtime Environment Temurin-11.0.21+9 (11.0.21+9) (build 11.0.21+9)
# Java VM: OpenJDK Client VM Temurin-11.0.21+9 (11.0.21+9, mixed mode, serial gc, windows-x86)
Heap:
 def new generation   total 13824K, used 1493K [0x05a00000, 0x068f0000, 0x0af50000)
  eden space 12352K,   7% used [0x05a00000, 0x05af03b8, 0x06610000)
  from space 1472K,  36% used [0x06610000, 0x066951e0, 0x06780000)
  to   space 1472K,   0% used [0x06780000, 0x06780000, 0x068f0000)
 tenured generation   total 30560K, used 25634K [0x0af50000, 0x0cd28000, 0x15a00000)
   the space 30560K,  83% used [0x0af50000, 0x0c858b70, 0x0c858c00, 0x0cd28000)
 Metaspace       used 16323K, capacity 16691K, committed 17024K, reserved 17792K
GC Heap History (20 events):
Event: 0.799 GC heap before
{Heap before GC invocations=8 (full 0):
 def new generation   total 4928K, used 4920K [0x05a00000, 0x05f50000, 0x0af50000)
  eden space 4416K,  99% used [0x05a00000, 0x05e4e420, 0x05e50000)
  from space 512K,  99% used [0x05e50000, 0x05ecfd50, 0x05ed0000)
  to   space 512K,   0% used [0x05ed0000, 0x05ed0000, 0x05f50000)
 tenured generation   total 10944K, used 10655K [0x0af50000, 0x0ba00000, 0x15a00000)
   the space 10944K,  97% used [0x0af50000, 0x0b9b7cd0, 0x0b9b7e00, 0x0ba00000)
 Metaspace       used 11800K, capacity 11976K, committed 12032K, reserved 12672K
}
Event: 0.809 GC heap after
{Heap after GC invocations=9 (full 1):
 def new generation   total 8768K, used 506K [0x05a00000, 0x06380000, 0x0af50000)
  eden space 7808K,   6% used [0x05a00000, 0x05a7e878, 0x061a0000)
  from space 960K,   0% used [0x061a0000, 0x061a0000, 0x06290000)
  to   space 960K,   0% used [0x06290000, 0x06290000, 0x06380000)
 tenured generation   total 19308K, used 11583K [0x0af50000, 0x0c22b000, 0x15a00000)
   the space 19308K,  59% used [0x0af50000, 0x0ba9ffb0, 0x0baa0000, 0x0c22b000)
 Metaspace       used 11800K, capacity 11976K, committed 12032K, reserved 12672K
}
Event: 0.911 GC heap before
{Heap before GC invocations=9 (full 1):
 def new generation   total 8768K, used 7808K [0x05a00000, 0x06380000, 0x0af50000)
  eden space 7808K, 100% used [0x05a00000, 0x061a0000, 0x061a0000)
  from space 960K,   0% used [0x061a0000, 0x061a0000, 0x06290000)
  to   space 960K,   0% used [0x06290000, 0x06290000, 0x06380000)
 tenured generation   total 19308K, used 11583K [0x0af50000, 0x0c22b000, 0x15a00000)
   the space 19308K,  59% used [0x0af50000, 0x0ba9ffb0, 0x0baa0000, 0x0c22b000)
 Metaspace       used 12717K, capacity 12899K, committed 12928K, reserved 13696K
}
Event: 0.915 GC heap after
{Heap after GC invocations=10 (full 1):
 def new generation   total 8768K, used 960K [0x05a00000, 0x06380000, 0x0af50000)
  eden space 7808K,   0% used [0x05a00000, 0x05a00000, 0x061a0000)
  from space 960K, 100% used [0x06290000, 0x06380000, 0x06380000)
  to   space 960K,   0% used [0x061a0000, 0x061a0000, 0x06290000)
 tenured generation   total 19308K, used 11942K [0x0af50000, 0x0c22b000, 0x15a00000)
   the space 19308K,  61% used [0x0af50000, 0x0baf9ac8, 0x0baf9c00, 0x0c22b000)
 Metaspace       used 12717K, capacity 12899K, committed 12928K, reserved 13696K
}
Event: 0.988 GC heap before
{Heap before GC invocations=10 (full 1):
 def new generation   total 8768K, used 8721K [0x05a00000, 0x06380000, 0x0af50000)
  eden space 7808K,  99% used [0x05a00000, 0x061946a8, 0x061a0000)
  from space 960K, 100% used [0x06290000, 0x06380000, 0x06380000)
  to   space 960K,   0% used [0x061a0000, 0x061a0000, 0x06290000)
 tenured generation   total 19308K, used 11942K [0x0af50000, 0x0c22b000, 0x15a00000)
   the space 19308K,  61% used [0x0af50000, 0x0baf9ac8, 0x0baf9c00, 0x0c22b000)
 Metaspace       used 13960K, capacity 14253K, committed 14336K, reserved 14720K
}
Event: 0.991 GC heap after
{Heap after GC invocations=11 (full 1):
 def new generation   total 8768K, used 598K [0x05a00000, 0x06380000, 0x0af50000)
  eden space 7808K,   0% used [0x05a00000, 0x05a00000, 0x061a0000)
  from space 960K,  62% used [0x061a0000, 0x06235a00, 0x06290000)
  to   space 960K,   0% used [0x06290000, 0x06290000, 0x06380000)
 tenured generation   total 19308K, used 12896K [0x0af50000, 0x0c22b000, 0x15a00000)
   the space 19308K,  66% used [0x0af50000, 0x0bbe80d8, 0x0bbe8200, 0x0c22b000)
 Metaspace       used 13960K, capacity 14253K, committed 14336K, reserved 14720K
}
Event: 4.684 GC heap before
{Heap before GC invocations=11 (full 1):
 def new generation   total 8768K, used 8406K [0x05a00000, 0x06380000, 0x0af50000)
  eden space 7808K, 100% used [0x05a00000, 0x061a0000, 0x061a0000)
  from space 960K,  62% used [0x061a0000, 0x06235a00, 0x06290000)
  to   space 960K,   0% used [0x06290000, 0x06290000, 0x06380000)
 tenured generation   total 19308K, used 12896K [0x0af50000, 0x0c22b000, 0x15a00000)
   the space 19308K,  66% used [0x0af50000, 0x0bbe80d8, 0x0bbe8200, 0x0c22b000)
 Metaspace       used 14720K, capacity 15037K, committed 15104K, reserved 15744K
}
Event: 4.688 GC heap after
{Heap after GC invocations=12 (full 1):
 def new generation   total 8768K, used 952K [0x05a00000, 0x06380000, 0x0af50000)
  eden space 7808K,   0% used [0x05a00000, 0x05a00000, 0x061a0000)
  from space 960K,  99% used [0x06290000, 0x0637e3a0, 0x06380000)
  to   space 960K,   0% used [0x061a0000, 0x061a0000, 0x06290000)
 tenured generation   total 19308K, used 14476K [0x0af50000, 0x0c22b000, 0x15a00000)
   the space 19308K,  74% used [0x0af50000, 0x0bd73050, 0x0bd73200, 0x0c22b000)
 Metaspace       used 14720K, capacity 15037K, committed 15104K, reserved 15744K
}
Event: 5.950 GC heap before
{Heap before GC invocations=12 (full 1):
 def new generation   total 8768K, used 8760K [0x05a00000, 0x06380000, 0x0af50000)
  eden space 7808K, 100% used [0x05a00000, 0x061a0000, 0x061a0000)
  from space 960K,  99% used [0x06290000, 0x0637e3a0, 0x06380000)
  to   space 960K,   0% used [0x061a0000, 0x061a0000, 0x06290000)
 tenured generation   total 19308K, used 14476K [0x0af50000, 0x0c22b000, 0x15a00000)
   the space 19308K,  74% used [0x0af50000, 0x0bd73050, 0x0bd73200, 0x0c22b000)
 Metaspace       used 15817K, capacity 16246K, committed 16256K, reserved 16768K
}
Event: 5.953 GC heap after
{Heap after GC invocations=13 (full 1):
 def new generation   total 8768K, used 682K [0x05a00000, 0x06380000, 0x0af50000)
  eden space 7808K,   0% used [0x05a00000, 0x05a00000, 0x061a0000)
  from space 960K,  71% used [0x061a0000, 0x0624a948, 0x06290000)
  to   space 960K,   0% used [0x06290000, 0x06290000, 0x06380000)
 tenured generation   total 19308K, used 15415K [0x0af50000, 0x0c22b000, 0x15a00000)
   the space 19308K,  79% used [0x0af50000, 0x0be5ddd0, 0x0be5de00, 0x0c22b000)
 Metaspace       used 15817K, capacity 16246K, committed 16256K, reserved 16768K
}
Event: 16.132 GC heap before
{Heap before GC invocations=13 (full 1):
 def new generation   total 8768K, used 8490K [0x05a00000, 0x06380000, 0x0af50000)
  eden space 7808K, 100% used [0x05a00000, 0x061a0000, 0x061a0000)
  from space 960K,  71% used [0x061a0000, 0x0624a948, 0x06290000)
  to   space 960K,   0% used [0x06290000, 0x06290000, 0x06380000)
 tenured generation   total 19308K, used 15415K [0x0af50000, 0x0c22b000, 0x15a00000)
   the space 19308K,  79% used [0x0af50000, 0x0be5ddd0, 0x0be5de00, 0x0c22b000)
 Metaspace       used 16060K, capacity 16474K, committed 16512K, reserved 16768K
}
Event: 16.134 GC heap after
{Heap after GC invocations=14 (full 1):
 def new generation   total 8768K, used 677K [0x05a00000, 0x06380000, 0x0af50000)
  eden space 7808K,   0% used [0x05a00000, 0x05a00000, 0x061a0000)
  from space 960K,  70% used [0x06290000, 0x06339648, 0x06380000)
  to   space 960K,   0% used [0x061a0000, 0x061a0000, 0x06290000)
 tenured generation   total 19308K, used 16077K [0x0af50000, 0x0c22b000, 0x15a00000)
   the space 19308K,  83% used [0x0af50000, 0x0bf03420, 0x0bf03600, 0x0c22b000)
 Metaspace       used 16060K, capacity 16474K, committed 16512K, reserved 16768K
}
Event: 16.774 GC heap before
{Heap before GC invocations=14 (full 1):
 def new generation   total 8768K, used 8485K [0x05a00000, 0x06380000, 0x0af50000)
  eden space 7808K, 100% used [0x05a00000, 0x061a0000, 0x061a0000)
  from space 960K,  70% used [0x06290000, 0x06339648, 0x06380000)
  to   space 960K,   0% used [0x061a0000, 0x061a0000, 0x06290000)
 tenured generation   total 19308K, used 16077K [0x0af50000, 0x0c22b000, 0x15a00000)
   the space 19308K,  83% used [0x0af50000, 0x0bf03420, 0x0bf03600, 0x0c22b000)
 Metaspace       used 16282K, capacity 16689K, committed 16768K, reserved 16768K
}
Event: 16.778 GC heap after
{Heap after GC invocations=15 (full 1):
 def new generation   total 8768K, used 960K [0x05a00000, 0x06380000, 0x0af50000)
  eden space 7808K,   0% used [0x05a00000, 0x05a00000, 0x061a0000)
  from space 960K, 100% used [0x061a0000, 0x06290000, 0x06290000)
  to   space 960K,   0% used [0x06290000, 0x06290000, 0x06380000)
 tenured generation   total 19308K, used 17102K [0x0af50000, 0x0c22b000, 0x15a00000)
   the space 19308K,  88% used [0x0af50000, 0x0c0038a0, 0x0c003a00, 0x0c22b000)
 Metaspace       used 16282K, capacity 16689K, committed 16768K, reserved 16768K
}
Event: 30.084 GC heap before
{Heap before GC invocations=15 (full 1):
 def new generation   total 8768K, used 8768K [0x05a00000, 0x06380000, 0x0af50000)
  eden space 7808K, 100% used [0x05a00000, 0x061a0000, 0x061a0000)
  from space 960K, 100% used [0x061a0000, 0x06290000, 0x06290000)
  to   space 960K,   0% used [0x06290000, 0x06290000, 0x06380000)
 tenured generation   total 19308K, used 17102K [0x0af50000, 0x0c22b000, 0x15a00000)
   the space 19308K,  88% used [0x0af50000, 0x0c0038a0, 0x0c003a00, 0x0c22b000)
 Metaspace       used 16432K, capacity 16892K, committed 16896K, reserved 17792K
}
Event: 30.105 GC heap after
{Heap after GC invocations=16 (full 2):
 def new generation   total 13824K, used 0K [0x05a00000, 0x068f0000, 0x0af50000)
  eden space 12352K,   0% used [0x05a00000, 0x05a00000, 0x06610000)
  from space 1472K,   0% used [0x06610000, 0x06610000, 0x06780000)
  to   space 1472K,   0% used [0x06780000, 0x06780000, 0x068f0000)
 tenured generation   total 30560K, used 18335K [0x0af50000, 0x0cd28000, 0x15a00000)
   the space 30560K,  59% used [0x0af50000, 0x0c137f30, 0x0c138000, 0x0cd28000)
 Metaspace       used 16133K, capacity 16526K, committed 16896K, reserved 17792K
}
Event: 50.300 GC heap before
{Heap before GC invocations=16 (full 2):
 def new generation   total 13824K, used 12352K [0x05a00000, 0x068f0000, 0x0af50000)
  eden space 12352K, 100% used [0x05a00000, 0x06610000, 0x06610000)
  from space 1472K,   0% used [0x06610000, 0x06610000, 0x06780000)
  to   space 1472K,   0% used [0x06780000, 0x06780000, 0x068f0000)
 tenured generation   total 30560K, used 18335K [0x0af50000, 0x0cd28000, 0x15a00000)
   the space 30560K,  59% used [0x0af50000, 0x0c137f30, 0x0c138000, 0x0cd28000)
 Metaspace       used 16282K, capacity 16647K, committed 17024K, reserved 17792K
}
Event: 50.303 GC heap after
{Heap after GC invocations=17 (full 2):
 def new generation   total 13824K, used 1386K [0x05a00000, 0x068f0000, 0x0af50000)
  eden space 12352K,   0% used [0x05a00000, 0x05a00000, 0x06610000)
  from space 1472K,  94% used [0x06780000, 0x068daad0, 0x068f0000)
  to   space 1472K,   0% used [0x06610000, 0x06610000, 0x06780000)
 tenured generation   total 30560K, used 18335K [0x0af50000, 0x0cd28000, 0x15a00000)
   the space 30560K,  59% used [0x0af50000, 0x0c137f30, 0x0c138000, 0x0cd28000)
 Metaspace       used 16282K, capacity 16647K, committed 17024K, reserved 17792K
}
Event: 61.576 GC heap before
{Heap before GC invocations=17 (full 2):
 def new generation   total 13824K, used 13738K [0x05a00000, 0x068f0000, 0x0af50000)
  eden space 12352K, 100% used [0x05a00000, 0x06610000, 0x06610000)
  from space 1472K,  94% used [0x06780000, 0x068daad0, 0x068f0000)
  to   space 1472K,   0% used [0x06610000, 0x06610000, 0x06780000)
 tenured generation   total 30560K, used 18335K [0x0af50000, 0x0cd28000, 0x15a00000)
   the space 30560K,  59% used [0x0af50000, 0x0c137f30, 0x0c138000, 0x0cd28000)
 Metaspace       used 16297K, capacity 16664K, committed 17024K, reserved 17792K
}
Event: 61.582 GC heap after
{Heap after GC invocations=18 (full 2):
 def new generation   total 13824K, used 532K [0x05a00000, 0x068f0000, 0x0af50000)
  eden space 12352K,   0% used [0x05a00000, 0x05a00000, 0x06610000)
  from space 1472K,  36% used [0x06610000, 0x066951e0, 0x06780000)
  to   space 1472K,   0% used [0x06780000, 0x06780000, 0x068f0000)
 tenured generation   total 30560K, used 25634K [0x0af50000, 0x0cd28000, 0x15a00000)
   the space 30560K,  83% used [0x0af50000, 0x0c858b70, 0x0c858c00, 0x0cd28000)
 Metaspace       used 16297K, capacity 16664K, committed 17024K, reserved 17792K
}

