# JRE version: OpenJDK Runtime Environment Temurin-11.0.21+9 (11.0.21+9) (build 11.0.21+9)
# Java VM: OpenJDK Client VM Temurin-11.0.21+9 (11.0.21+9, mixed mode, serial gc, windows-x86)
Heap:
 def new generation   total 8576K, used 7584K [0x05800000, 0x06140000, 0x0ad50000)
  eden space 7680K,  97% used [0x05800000, 0x05f4fa88, 0x05f80000)
  from space 896K,  10% used [0x06060000, 0x060787b8, 0x06140000)
  to   space 896K,   0% used [0x05f80000, 0x05f80000, 0x06060000)
 tenured generation   total 18880K, used 15429K [0x0ad50000, 0x0bfc0000, 0x15800000)
   the space 18880K,  81% used [0x0ad50000, 0x0bc615a0, 0x0bc61600, 0x0bfc0000)
 Metaspace       used 14998K, capacity 15303K, committed 15360K, reserved 15744K
GC Heap History (20 events):
Event: 0.480 GC heap before
{Heap before GC invocations=4 (full 0):
 def new generation   total 4928K, used 4578K [0x05800000, 0x05d50000, 0x0ad50000)
  eden space 4416K,  98% used [0x05800000, 0x05c3fe08, 0x05c50000)
  from space 512K,  44% used [0x05c50000, 0x05c88c40, 0x05cd0000)
  to   space 512K,   0% used [0x05cd0000, 0x05cd0000, 0x05d50000)
 tenured generation   total 10944K, used 1734K [0x0ad50000, 0x0b800000, 0x15800000)
   the space 10944K,  15% used [0x0ad50000, 0x0af01b08, 0x0af01c00, 0x0b800000)
 Metaspace       used 7647K, capacity 7745K, committed 7808K, reserved 8576K
}
Event: 0.481 GC heap after
{Heap after GC invocations=5 (full 0):
 def new generation   total 4928K, used 493K [0x05800000, 0x05d50000, 0x0ad50000)
  eden space 4416K,   0% used [0x05800000, 0x05800000, 0x05c50000)
  from space 512K,  96% used [0x05cd0000, 0x05d4b4a0, 0x05d50000)
  to   space 512K,   0% used [0x05c50000, 0x05c50000, 0x05cd0000)
 tenured generation   total 10944K, used 2182K [0x0ad50000, 0x0b800000, 0x15800000)
   the space 10944K,  19% used [0x0ad50000, 0x0af71b18, 0x0af71c00, 0x0b800000)
 Metaspace       used 7647K, capacity 7745K, committed 7808K, reserved 8576K
}
Event: 0.522 GC heap before
{Heap before GC invocations=5 (full 0):
 def new generation   total 4928K, used 4906K [0x05800000, 0x05d50000, 0x0ad50000)
  eden space 4416K,  99% used [0x05800000, 0x05c4f3c0, 0x05c50000)
  from space 512K,  96% used [0x05cd0000, 0x05d4b4a0, 0x05d50000)
  to   space 512K,   0% used [0x05c50000, 0x05c50000, 0x05cd0000)
 tenured generation   total 10944K, used 2182K [0x0ad50000, 0x0b800000, 0x15800000)
   the space 10944K,  19% used [0x0ad50000, 0x0af71b18, 0x0af71c00, 0x0b800000)
 Metaspace       used 8877K, capacity 8989K, committed 9088K, reserved 9600K
}
Event: 0.523 GC heap after
{Heap after GC invocations=6 (full 0):
 def new generation   total 4928K, used 512K [0x05800000, 0x05d50000, 0x0ad50000)
  eden space 4416K,   0% used [0x05800000, 0x05800000, 0x05c50000)
  from space 512K, 100% used [0x05c50000, 0x05cd0000, 0x05cd0000)
  to   space 512K,   0% used [0x05cd0000, 0x05cd0000, 0x05d50000)
 tenured generation   total 10944K, used 2680K [0x0ad50000, 0x0b800000, 0x15800000)
   the space 10944K,  24% used [0x0ad50000, 0x0afee1d8, 0x0afee200, 0x0b800000)
 Metaspace       used 8877K, capacity 8989K, committed 9088K, reserved 9600K
}
Event: 0.582 GC heap before
{Heap before GC invocations=6 (full 0):
 def new generation   total 4928K, used 4928K [0x05800000, 0x05d50000, 0x0ad50000)
  eden space 4416K, 100% used [0x05800000, 0x05c50000, 0x05c50000)
  from space 512K, 100% used [0x05c50000, 0x05cd0000, 0x05cd0000)
  to   space 512K,   0% used [0x05cd0000, 0x05cd0000, 0x05d50000)
 tenured generation   total 10944K, used 2680K [0x0ad50000, 0x0b800000, 0x15800000)
   the space 10944K,  24% used [0x0ad50000, 0x0afee1d8, 0x0afee200, 0x0b800000)
 Metaspace       used 10556K, capacity 10734K, committed 10752K, reserved 11648K
}
Event: 0.584 GC heap after
{Heap after GC invocations=7 (full 0):
 def new generation   total 4928K, used 512K [0x05800000, 0x05d50000, 0x0ad50000)
  eden space 4416K,   0% used [0x05800000, 0x05800000, 0x05c50000)
  from space 512K, 100% used [0x05cd0000, 0x05d50000, 0x05d50000)
  to   space 512K,   0% used [0x05c50000, 0x05c50000, 0x05cd0000)
 tenured generation   total 10944K, used 3609K [0x0ad50000, 0x0b800000, 0x15800000)
   the space 10944K,  32% used [0x0ad50000, 0x0b0d67a0, 0x0b0d6800, 0x0b800000)
 Metaspace       used 10556K, capacity 10734K, committed 10752K, reserved 11648K
}
Event: 0.632 GC heap before
{Heap before GC invocations=7 (full 0):
 def new generation   total 4928K, used 4928K [0x05800000, 0x05d50000, 0x0ad50000)
  eden space 4416K, 100% used [0x05800000, 0x05c50000, 0x05c50000)
  from space 512K, 100% used [0x05cd0000, 0x05d50000, 0x05d50000)
  to   space 512K,   0% used [0x05c50000, 0x05c50000, 0x05cd0000)
 tenured generation   total 10944K, used 3609K [0x0ad50000, 0x0b800000, 0x15800000)
   the space 10944K,  32% used [0x0ad50000, 0x0b0d67a0, 0x0b0d6800, 0x0b800000)
 Metaspace       used 11343K, capacity 11510K, committed 11520K, reserved 11648K
}
Event: 0.634 GC heap after
{Heap after GC invocations=8 (full 0):
 def new generation   total 4928K, used 511K [0x05800000, 0x05d50000, 0x0ad50000)
  eden space 4416K,   0% used [0x05800000, 0x05800000, 0x05c50000)
  from space 512K,  99% used [0x05c50000, 0x05ccff50, 0x05cd0000)
  to   space 512K,   0% used [0x05cd0000, 0x05cd0000, 0x05d50000)
 tenured generation   total 10944K, used 4116K [0x0ad50000, 0x0b800000, 0x15800000)
   the space 10944K,  37% used [0x0ad50000, 0x0b155060, 0x0b155200, 0x0b800000)
 Metaspace       used 11343K, capacity 11510K, committed 11520K, reserved 11648K
}
Event: 0.696 GC heap before
{Heap before GC invocations=8 (full 0):
 def new generation   total 4928K, used 4920K [0x05800000, 0x05d50000, 0x0ad50000)
  eden space 4416K,  99% used [0x05800000, 0x05c4e290, 0x05c50000)
  from space 512K,  99% used [0x05c50000, 0x05ccff50, 0x05cd0000)
  to   space 512K,   0% used [0x05cd0000, 0x05cd0000, 0x05d50000)
 tenured generation   total 10944K, used 10346K [0x0ad50000, 0x0b800000, 0x15800000)
   the space 10944K,  94% used [0x0ad50000, 0x0b76aa58, 0x0b76ac00, 0x0b800000)
 Metaspace       used 11799K, capacity 11976K, committed 12032K, reserved 12672K
}
Event: 0.705 GC heap after
{Heap after GC invocations=9 (full 1):
 def new generation   total 8576K, used 453K [0x05800000, 0x06140000, 0x0ad50000)
  eden space 7680K,   5% used [0x05800000, 0x058715e8, 0x05f80000)
  from space 896K,   0% used [0x05f80000, 0x05f80000, 0x06060000)
  to   space 896K,   0% used [0x06060000, 0x06060000, 0x06140000)
 tenured generation   total 18880K, used 11328K [0x0ad50000, 0x0bfc0000, 0x15800000)
   the space 18880K,  60% used [0x0ad50000, 0x0b860000, 0x0b860000, 0x0bfc0000)
 Metaspace       used 11799K, capacity 11976K, committed 12032K, reserved 12672K
}
Event: 0.807 GC heap before
{Heap before GC invocations=9 (full 1):
 def new generation   total 8576K, used 7680K [0x05800000, 0x06140000, 0x0ad50000)
  eden space 7680K, 100% used [0x05800000, 0x05f80000, 0x05f80000)
  from space 896K,   0% used [0x05f80000, 0x05f80000, 0x06060000)
  to   space 896K,   0% used [0x06060000, 0x06060000, 0x06140000)
 tenured generation   total 18880K, used 11328K [0x0ad50000, 0x0bfc0000, 0x15800000)
   the space 18880K,  60% used [0x0ad50000, 0x0b860000, 0x0b860000, 0x0bfc0000)
 Metaspace       used 12697K, capacity 12867K, committed 12928K, reserved 13696K
}
Event: 0.811 GC heap after
{Heap after GC invocations=10 (full 1):
 def new generation   total 8576K, used 895K [0x05800000, 0x06140000, 0x0ad50000)
  eden space 7680K,   0% used [0x05800000, 0x05800000, 0x05f80000)
  from space 896K,  99% used [0x06060000, 0x0613fff8, 0x06140000)
  to   space 896K,   0% used [0x05f80000, 0x05f80000, 0x06060000)
 tenured generation   total 18880K, used 11691K [0x0ad50000, 0x0bfc0000, 0x15800000)
   the space 18880K,  61% used [0x0ad50000, 0x0b8bada0, 0x0b8bae00, 0x0bfc0000)
 Metaspace       used 12697K, capacity 12867K, committed 12928K, reserved 13696K
}
Event: 0.882 GC heap before
{Heap before GC invocations=10 (full 1):
 def new generation   total 8576K, used 8575K [0x05800000, 0x06140000, 0x0ad50000)
  eden space 7680K, 100% used [0x05800000, 0x05f80000, 0x05f80000)
  from space 896K,  99% used [0x06060000, 0x0613fff8, 0x06140000)
  to   space 896K,   0% used [0x05f80000, 0x05f80000, 0x06060000)
 tenured generation   total 18880K, used 11691K [0x0ad50000, 0x0bfc0000, 0x15800000)
   the space 18880K,  61% used [0x0ad50000, 0x0b8bada0, 0x0b8bae00, 0x0bfc0000)
 Metaspace       used 13874K, capacity 14157K, committed 14208K, reserved 14720K
}
Event: 0.885 GC heap after
{Heap after GC invocations=11 (full 1):
 def new generation   total 8576K, used 547K [0x05800000, 0x06140000, 0x0ad50000)
  eden space 7680K,   0% used [0x05800000, 0x05800000, 0x05f80000)
  from space 896K,  61% used [0x05f80000, 0x06008c48, 0x06060000)
  to   space 896K,   0% used [0x06060000, 0x06060000, 0x06140000)
 tenured generation   total 18880K, used 12579K [0x0ad50000, 0x0bfc0000, 0x15800000)
   the space 18880K,  66% used [0x0ad50000, 0x0b998d00, 0x0b998e00, 0x0bfc0000)
 Metaspace       used 13874K, capacity 14157K, committed 14208K, reserved 14720K
}
Event: 1.948 GC heap before
{Heap before GC invocations=11 (full 1):
 def new generation   total 8576K, used 8227K [0x05800000, 0x06140000, 0x0ad50000)
  eden space 7680K, 100% used [0x05800000, 0x05f80000, 0x05f80000)
  from space 896K,  61% used [0x05f80000, 0x06008c48, 0x06060000)
  to   space 896K,   0% used [0x06060000, 0x06060000, 0x06140000)
 tenured generation   total 18880K, used 12579K [0x0ad50000, 0x0bfc0000, 0x15800000)
   the space 18880K,  66% used [0x0ad50000, 0x0b998d00, 0x0b998e00, 0x0bfc0000)
 Metaspace       used 14743K, capacity 15037K, committed 15104K, reserved 15744K
}
Event: 1.953 GC heap after
{Heap after GC invocations=12 (full 1):
 def new generation   total 8576K, used 896K [0x05800000, 0x06140000, 0x0ad50000)
  eden space 7680K,   0% used [0x05800000, 0x05800000, 0x05f80000)
  from space 896K, 100% used [0x06060000, 0x06140000, 0x06140000)
  to   space 896K,   0% used [0x05f80000, 0x05f80000, 0x06060000)
 tenured generation   total 18880K, used 14341K [0x0ad50000, 0x0bfc0000, 0x15800000)
   the space 18880K,  75% used [0x0ad50000, 0x0bb514b0, 0x0bb51600, 0x0bfc0000)
 Metaspace       used 14743K, capacity 15037K, committed 15104K, reserved 15744K
}
Event: 12.933 GC heap before
{Heap before GC invocations=12 (full 1):
 def new generation   total 8576K, used 8576K [0x05800000, 0x06140000, 0x0ad50000)
  eden space 7680K, 100% used [0x05800000, 0x05f80000, 0x05f80000)
  from space 896K, 100% used [0x06060000, 0x06140000, 0x06140000)
  to   space 896K,   0% used [0x05f80000, 0x05f80000, 0x06060000)
 tenured generation   total 18880K, used 14341K [0x0ad50000, 0x0bfc0000, 0x15800000)
   the space 18880K,  75% used [0x0ad50000, 0x0bb514b0, 0x0bb51600, 0x0bfc0000)
 Metaspace       used 14986K, capacity 15295K, committed 15360K, reserved 15744K
}
Event: 12.935 GC heap after
{Heap after GC invocations=13 (full 1):
 def new generation   total 8576K, used 474K [0x05800000, 0x06140000, 0x0ad50000)
  eden space 7680K,   0% used [0x05800000, 0x05800000, 0x05f80000)
  from space 896K,  53% used [0x05f80000, 0x05ff6bd0, 0x06060000)
  to   space 896K,   0% used [0x06060000, 0x06060000, 0x06140000)
 tenured generation   total 18880K, used 15206K [0x0ad50000, 0x0bfc0000, 0x15800000)
   the space 18880K,  80% used [0x0ad50000, 0x0bc29b78, 0x0bc29c00, 0x0bfc0000)
 Metaspace       used 14986K, capacity 15295K, committed 15360K, reserved 15744K
}
Event: 122.783 GC heap before
{Heap before GC invocations=13 (full 1):
 def new generation   total 8576K, used 7734K [0x05800000, 0x06140000, 0x0ad50000)
  eden space 7680K,  94% used [0x05800000, 0x05f16e68, 0x05f80000)
  from space 896K,  53% used [0x05f80000, 0x05ff6bd0, 0x06060000)
  to   space 896K,   0% used [0x06060000, 0x06060000, 0x06140000)
 tenured generation   total 18880K, used 15206K [0x0ad50000, 0x0bfc0000, 0x15800000)
   the space 18880K,  80% used [0x0ad50000, 0x0bc29b78, 0x0bc29c00, 0x0bfc0000)
 Metaspace       used 14987K, capacity 15295K, committed 15360K, reserved 15744K
}
Event: 122.784 GC heap after
{Heap after GC invocations=14 (full 1):
 def new generation   total 8576K, used 97K [0x05800000, 0x06140000, 0x0ad50000)
  eden space 7680K,   0% used [0x05800000, 0x05800000, 0x05f80000)
  from space 896K,  10% used [0x06060000, 0x060787b8, 0x06140000)
  to   space 896K,   0% used [0x05f80000, 0x05f80000, 0x06060000)
 tenured generation   total 18880K, used 15429K [0x0ad50000, 0x0bfc0000, 0x15800000)
   the space 18880K,  81% used [0x0ad50000, 0x0bc615a0, 0x0bc61600, 0x0bfc0000)
 Metaspace       used 14987K, capacity 15295K, committed 15360K, reserved 15744K
}

