# JRE version: OpenJDK Runtime Environment Corretto-11.0.22.7.1 (11.0.22+7) (build 11.0.22+7-LTS)
# Java VM: OpenJDK 64-Bit Server VM Corretto-11.0.22.7.1 (11.0.22+7-LTS, mixed mode, tiered, compressed oops, g1 gc, windows-amd64)
Heap:
 garbage-first heap   total 126976K, used 71855K [0x0000000084800000, 0x0000000100000000)
  region size 1024K, 39 young (39936K), 6 survivors (6144K)
 Metaspace       used 27059K, capacity 28036K, committed 28336K, reserved 1075200K
  class space    used 3107K, capacity 3478K, committed 3584K, reserved 1048576K
GC Heap History (6 events):
Event: 0.907 GC heap before
{Heap before GC invocations=0 (full 0):
 garbage-first heap   total 126976K, used 23552K [0x0000000084800000, 0x0000000100000000)
  region size 1024K, 24 young (24576K), 0 survivors (0K)
 Metaspace       used 12233K, capacity 12561K, committed 12800K, reserved 1060864K
  class space    used 1274K, capacity 1428K, committed 1536K, reserved 1048576K
}
Event: 0.911 GC heap after
{Heap after GC invocations=1 (full 0):
 garbage-first heap   total 126976K, used 3376K [0x0000000084800000, 0x0000000100000000)
  region size 1024K, 3 young (3072K), 3 survivors (3072K)
 Metaspace       used 12233K, capacity 12561K, committed 12800K, reserved 1060864K
  class space    used 1274K, capacity 1428K, committed 1536K, reserved 1048576K
}
Event: 1.364 GC heap before
{Heap before GC invocations=1 (full 0):
 garbage-first heap   total 126976K, used 37168K [0x0000000084800000, 0x0000000100000000)
  region size 1024K, 30 young (30720K), 3 survivors (3072K)
 Metaspace       used 20588K, capacity 21201K, committed 21296K, reserved 1069056K
  class space    used 2412K, capacity 2660K, committed 2688K, reserved 1048576K
}
Event: 1.372 GC heap after
{Heap after GC invocations=2 (full 0):
 garbage-first heap   total 126976K, used 14671K [0x0000000084800000, 0x0000000100000000)
  region size 1024K, 8 young (8192K), 8 survivors (8192K)
 Metaspace       used 20588K, capacity 21201K, committed 21296K, reserved 1069056K
  class space    used 2412K, capacity 2660K, committed 2688K, reserved 1048576K
}
Event: 16.653 GC heap before
{Heap before GC invocations=3 (full 0):
 garbage-first heap   total 126976K, used 59727K [0x0000000084800000, 0x0000000100000000)
  region size 1024K, 47 young (48128K), 8 survivors (8192K)
 Metaspace       used 26190K, capacity 27095K, committed 27312K, reserved 1073152K
  class space    used 3096K, capacity 3470K, committed 3584K, reserved 1048576K
}
Event: 16.665 GC heap after
{Heap after GC invocations=4 (full 0):
 garbage-first heap   total 126976K, used 21679K [0x0000000084800000, 0x0000000100000000)
  region size 1024K, 6 young (6144K), 6 survivors (6144K)
 Metaspace       used 26190K, capacity 27095K, committed 27312K, reserved 1073152K
  class space    used 3096K, capacity 3470K, committed 3584K, reserved 1048576K
}

