# JRE version: OpenJDK Runtime Environment Temurin-11.0.21+9 (11.0.21+9) (build 11.0.21+9)
# Java VM: OpenJDK Client VM Temurin-11.0.21+9 (11.0.21+9, mixed mode, serial gc, windows-x86)
Heap:
 def new generation   total 17984K, used 2004K [0x04c00000, 0x05f80000, 0x0a150000)
  eden space 16000K,  12% used [0x04c00000, 0x04df51a0, 0x05ba0000)
  from space 1984K,   0% used [0x05ba0000, 0x05ba0000, 0x05d90000)
  to   space 1984K,   0% used [0x05d90000, 0x05d90000, 0x05f80000)
 tenured generation   total 39876K, used 23924K [0x0a150000, 0x0c841000, 0x14c00000)
   the space 39876K,  59% used [0x0a150000, 0x0b8ad048, 0x0b8ad200, 0x0c841000)
 Metaspace       used 16312K, capacity 16713K, committed 17024K, reserved 17792K
GC Heap History (20 events):
Event: 0.631 GC heap before
{Heap before GC invocations=7 (full 0):
 def new generation   total 4928K, used 4928K [0x04c00000, 0x05150000, 0x0a150000)
  eden space 4416K, 100% used [0x04c00000, 0x05050000, 0x05050000)
  from space 512K, 100% used [0x050d0000, 0x05150000, 0x05150000)
  to   space 512K,   0% used [0x05050000, 0x05050000, 0x050d0000)
 tenured generation   total 10944K, used 3953K [0x0a150000, 0x0ac00000, 0x14c00000)
   the space 10944K,  36% used [0x0a150000, 0x0a52c570, 0x0a52c600, 0x0ac00000)
 Metaspace       used 11345K, capacity 11510K, committed 11520K, reserved 11648K
}
Event: 0.632 GC heap after
{Heap after GC invocations=8 (full 0):
 def new generation   total 4928K, used 512K [0x04c00000, 0x05150000, 0x0a150000)
  eden space 4416K,   0% used [0x04c00000, 0x04c00000, 0x05050000)
  from space 512K, 100% used [0x05050000, 0x050d0000, 0x050d0000)
  to   space 512K,   0% used [0x050d0000, 0x050d0000, 0x05150000)
 tenured generation   total 10944K, used 4456K [0x0a150000, 0x0ac00000, 0x14c00000)
   the space 10944K,  40% used [0x0a150000, 0x0a5aa1b8, 0x0a5aa200, 0x0ac00000)
 Metaspace       used 11345K, capacity 11510K, committed 11520K, reserved 11648K
}
Event: 0.697 GC heap before
{Heap before GC invocations=8 (full 0):
 def new generation   total 4928K, used 4928K [0x04c00000, 0x05150000, 0x0a150000)
  eden space 4416K, 100% used [0x04c00000, 0x05050000, 0x05050000)
  from space 512K, 100% used [0x05050000, 0x050d0000, 0x050d0000)
  to   space 512K,   0% used [0x050d0000, 0x050d0000, 0x05150000)
 tenured generation   total 10944K, used 10686K [0x0a150000, 0x0ac00000, 0x14c00000)
   the space 10944K,  97% used [0x0a150000, 0x0abbfbb0, 0x0abbfc00, 0x0ac00000)
 Metaspace       used 11809K, capacity 12008K, committed 12032K, reserved 12672K
}
Event: 0.706 GC heap after
{Heap after GC invocations=9 (full 1):
 def new generation   total 8768K, used 506K [0x04c00000, 0x05580000, 0x0a150000)
  eden space 7808K,   6% used [0x04c00000, 0x04c7ebd8, 0x053a0000)
  from space 960K,   0% used [0x053a0000, 0x053a0000, 0x05490000)
  to   space 960K,   0% used [0x05490000, 0x05490000, 0x05580000)
 tenured generation   total 19308K, used 11583K [0x0a150000, 0x0b42b000, 0x14c00000)
   the space 19308K,  59% used [0x0a150000, 0x0ac9ffe0, 0x0aca0000, 0x0b42b000)
 Metaspace       used 11809K, capacity 12008K, committed 12032K, reserved 12672K
}
Event: 0.810 GC heap before
{Heap before GC invocations=9 (full 1):
 def new generation   total 8768K, used 7808K [0x04c00000, 0x05580000, 0x0a150000)
  eden space 7808K, 100% used [0x04c00000, 0x053a0000, 0x053a0000)
  from space 960K,   0% used [0x053a0000, 0x053a0000, 0x05490000)
  to   space 960K,   0% used [0x05490000, 0x05490000, 0x05580000)
 tenured generation   total 19308K, used 11583K [0x0a150000, 0x0b42b000, 0x14c00000)
   the space 19308K,  59% used [0x0a150000, 0x0ac9ffe0, 0x0aca0000, 0x0b42b000)
 Metaspace       used 12725K, capacity 12899K, committed 12928K, reserved 13696K
}
Event: 0.814 GC heap after
{Heap after GC invocations=10 (full 1):
 def new generation   total 8768K, used 960K [0x04c00000, 0x05580000, 0x0a150000)
  eden space 7808K,   0% used [0x04c00000, 0x04c00000, 0x053a0000)
  from space 960K, 100% used [0x05490000, 0x05580000, 0x05580000)
  to   space 960K,   0% used [0x053a0000, 0x053a0000, 0x05490000)
 tenured generation   total 19308K, used 11946K [0x0a150000, 0x0b42b000, 0x14c00000)
   the space 19308K,  61% used [0x0a150000, 0x0acfaa58, 0x0acfac00, 0x0b42b000)
 Metaspace       used 12725K, capacity 12899K, committed 12928K, reserved 13696K
}
Event: 0.885 GC heap before
{Heap before GC invocations=10 (full 1):
 def new generation   total 8768K, used 8768K [0x04c00000, 0x05580000, 0x0a150000)
  eden space 7808K, 100% used [0x04c00000, 0x053a0000, 0x053a0000)
  from space 960K, 100% used [0x05490000, 0x05580000, 0x05580000)
  to   space 960K,   0% used [0x053a0000, 0x053a0000, 0x05490000)
 tenured generation   total 19308K, used 11946K [0x0a150000, 0x0b42b000, 0x14c00000)
   the space 19308K,  61% used [0x0a150000, 0x0acfaa58, 0x0acfac00, 0x0b42b000)
 Metaspace       used 13961K, capacity 14253K, committed 14336K, reserved 14720K
}
Event: 0.888 GC heap after
{Heap after GC invocations=11 (full 1):
 def new generation   total 8768K, used 597K [0x04c00000, 0x05580000, 0x0a150000)
  eden space 7808K,   0% used [0x04c00000, 0x04c00000, 0x053a0000)
  from space 960K,  62% used [0x053a0000, 0x05435438, 0x05490000)
  to   space 960K,   0% used [0x05490000, 0x05490000, 0x05580000)
 tenured generation   total 19308K, used 12898K [0x0a150000, 0x0b42b000, 0x14c00000)
   the space 19308K,  66% used [0x0a150000, 0x0ade8978, 0x0ade8a00, 0x0b42b000)
 Metaspace       used 13961K, capacity 14253K, committed 14336K, reserved 14720K
}
Event: 2.262 GC heap before
{Heap before GC invocations=11 (full 1):
 def new generation   total 8768K, used 8405K [0x04c00000, 0x05580000, 0x0a150000)
  eden space 7808K, 100% used [0x04c00000, 0x053a0000, 0x053a0000)
  from space 960K,  62% used [0x053a0000, 0x05435438, 0x05490000)
  to   space 960K,   0% used [0x05490000, 0x05490000, 0x05580000)
 tenured generation   total 19308K, used 12898K [0x0a150000, 0x0b42b000, 0x14c00000)
   the space 19308K,  66% used [0x0a150000, 0x0ade8978, 0x0ade8a00, 0x0b42b000)
 Metaspace       used 14825K, capacity 15111K, committed 15232K, reserved 15744K
}
Event: 2.267 GC heap after
{Heap after GC invocations=12 (full 1):
 def new generation   total 8768K, used 960K [0x04c00000, 0x05580000, 0x0a150000)
  eden space 7808K,   0% used [0x04c00000, 0x04c00000, 0x053a0000)
  from space 960K, 100% used [0x05490000, 0x05580000, 0x05580000)
  to   space 960K,   0% used [0x053a0000, 0x053a0000, 0x05490000)
 tenured generation   total 19308K, used 14600K [0x0a150000, 0x0b42b000, 0x14c00000)
   the space 19308K,  75% used [0x0a150000, 0x0af92020, 0x0af92200, 0x0b42b000)
 Metaspace       used 14825K, capacity 15111K, committed 15232K, reserved 15744K
}
Event: 3.063 GC heap before
{Heap before GC invocations=12 (full 1):
 def new generation   total 8768K, used 8768K [0x04c00000, 0x05580000, 0x0a150000)
  eden space 7808K, 100% used [0x04c00000, 0x053a0000, 0x053a0000)
  from space 960K, 100% used [0x05490000, 0x05580000, 0x05580000)
  to   space 960K,   0% used [0x053a0000, 0x053a0000, 0x05490000)
 tenured generation   total 19308K, used 14600K [0x0a150000, 0x0b42b000, 0x14c00000)
   the space 19308K,  75% used [0x0a150000, 0x0af92020, 0x0af92200, 0x0b42b000)
 Metaspace       used 15897K, capacity 16290K, committed 16384K, reserved 16768K
}
Event: 3.065 GC heap after
{Heap after GC invocations=13 (full 1):
 def new generation   total 8768K, used 718K [0x04c00000, 0x05580000, 0x0a150000)
  eden space 7808K,   0% used [0x04c00000, 0x04c00000, 0x053a0000)
  from space 960K,  74% used [0x053a0000, 0x054539a8, 0x05490000)
  to   space 960K,   0% used [0x05490000, 0x05490000, 0x05580000)
 tenured generation   total 19308K, used 15554K [0x0a150000, 0x0b42b000, 0x14c00000)
   the space 19308K,  80% used [0x0a150000, 0x0b0808c0, 0x0b080a00, 0x0b42b000)
 Metaspace       used 15897K, capacity 16290K, committed 16384K, reserved 16768K
}
Event: 14.305 GC heap before
{Heap before GC invocations=13 (full 1):
 def new generation   total 8768K, used 8526K [0x04c00000, 0x05580000, 0x0a150000)
  eden space 7808K, 100% used [0x04c00000, 0x053a0000, 0x053a0000)
  from space 960K,  74% used [0x053a0000, 0x054539a8, 0x05490000)
  to   space 960K,   0% used [0x05490000, 0x05490000, 0x05580000)
 tenured generation   total 19308K, used 15554K [0x0a150000, 0x0b42b000, 0x14c00000)
   the space 19308K,  80% used [0x0a150000, 0x0b0808c0, 0x0b080a00, 0x0b42b000)
 Metaspace       used 16145K, capacity 16566K, committed 16640K, reserved 16768K
}
Event: 14.308 GC heap after
{Heap after GC invocations=14 (full 1):
 def new generation   total 8768K, used 568K [0x04c00000, 0x05580000, 0x0a150000)
  eden space 7808K,   0% used [0x04c00000, 0x04c00000, 0x053a0000)
  from space 960K,  59% used [0x05490000, 0x0551e238, 0x05580000)
  to   space 960K,   0% used [0x053a0000, 0x053a0000, 0x05490000)
 tenured generation   total 19308K, used 16252K [0x0a150000, 0x0b42b000, 0x14c00000)
   the space 19308K,  84% used [0x0a150000, 0x0b12f110, 0x0b12f200, 0x0b42b000)
 Metaspace       used 16145K, capacity 16566K, committed 16640K, reserved 16768K
}
Event: 15.474 GC heap before
{Heap before GC invocations=14 (full 1):
 def new generation   total 8768K, used 8376K [0x04c00000, 0x05580000, 0x0a150000)
  eden space 7808K, 100% used [0x04c00000, 0x053a0000, 0x053a0000)
  from space 960K,  59% used [0x05490000, 0x0551e238, 0x05580000)
  to   space 960K,   0% used [0x053a0000, 0x053a0000, 0x05490000)
 tenured generation   total 19308K, used 16252K [0x0a150000, 0x0b42b000, 0x14c00000)
   the space 19308K,  84% used [0x0a150000, 0x0b12f110, 0x0b12f200, 0x0b42b000)
 Metaspace       used 16248K, capacity 16666K, committed 16768K, reserved 16768K
}
Event: 15.478 GC heap after
{Heap after GC invocations=15 (full 1):
 def new generation   total 8768K, used 960K [0x04c00000, 0x05580000, 0x0a150000)
  eden space 7808K,   0% used [0x04c00000, 0x04c00000, 0x053a0000)
  from space 960K, 100% used [0x053a0000, 0x05490000, 0x05490000)
  to   space 960K,   0% used [0x05490000, 0x05490000, 0x05580000)
 tenured generation   total 19308K, used 17313K [0x0a150000, 0x0b42b000, 0x14c00000)
   the space 19308K,  89% used [0x0a150000, 0x0b238658, 0x0b238800, 0x0b42b000)
 Metaspace       used 16248K, capacity 16666K, committed 16768K, reserved 16768K
}
Event: 26.779 GC heap before
{Heap before GC invocations=15 (full 1):
 def new generation   total 8768K, used 7052K [0x04c00000, 0x05580000, 0x0a150000)
  eden space 7808K,  78% used [0x04c00000, 0x051f33c0, 0x053a0000)
  from space 960K, 100% used [0x053a0000, 0x05490000, 0x05490000)
  to   space 960K,   0% used [0x05490000, 0x05490000, 0x05580000)
 tenured generation   total 19308K, used 17313K [0x0a150000, 0x0b42b000, 0x14c00000)
   the space 19308K,  89% used [0x0a150000, 0x0b238658, 0x0b238800, 0x0b42b000)
 Metaspace       used 16551K, capacity 17009K, committed 17024K, reserved 17792K
}
Event: 26.782 GC heap after
{Heap after GC invocations=16 (full 1):
 def new generation   total 8768K, used 347K [0x04c00000, 0x05580000, 0x0a150000)
  eden space 7808K,   0% used [0x04c00000, 0x04c00000, 0x053a0000)
  from space 960K,  36% used [0x05490000, 0x054e6f88, 0x05580000)
  to   space 960K,   0% used [0x053a0000, 0x053a0000, 0x05490000)
 tenured generation   total 19308K, used 18266K [0x0a150000, 0x0b42b000, 0x14c00000)
   the space 19308K,  94% used [0x0a150000, 0x0b326a68, 0x0b326c00, 0x0b42b000)
 Metaspace       used 16551K, capacity 17009K, committed 17024K, reserved 17792K
}
Event: 26.847 GC heap before
{Heap before GC invocations=16 (full 1):
 def new generation   total 8768K, used 7447K [0x04c00000, 0x05580000, 0x0a150000)
  eden space 7808K,  90% used [0x04c00000, 0x052eed80, 0x053a0000)
  from space 960K,  36% used [0x05490000, 0x054e6f88, 0x05580000)
  to   space 960K,   0% used [0x053a0000, 0x053a0000, 0x05490000)
 tenured generation   total 19308K, used 18266K [0x0a150000, 0x0b42b000, 0x14c00000)
   the space 19308K,  94% used [0x0a150000, 0x0b326a68, 0x0b326c00, 0x0b42b000)
 Metaspace       used 16553K, capacity 17010K, committed 17024K, reserved 17792K
}
Event: 26.878 GC heap after
{Heap after GC invocations=17 (full 2):
 def new generation   total 17984K, used 0K [0x04c00000, 0x05f80000, 0x0a150000)
  eden space 16000K,   0% used [0x04c00000, 0x04c00000, 0x05ba0000)
  from space 1984K,   0% used [0x05ba0000, 0x05ba0000, 0x05d90000)
  to   space 1984K,   0% used [0x05d90000, 0x05d90000, 0x05f80000)
 tenured generation   total 39876K, used 23924K [0x0a150000, 0x0c841000, 0x14c00000)
   the space 39876K,  59% used [0x0a150000, 0x0b8ad048, 0x0b8ad200, 0x0c841000)
 Metaspace       used 16288K, capacity 16686K, committed 17024K, reserved 17792K
}

