# JRE version: OpenJDK Runtime Environment Temurin-11.0.21+9 (11.0.21+9) (build 11.0.21+9)
# Java VM: OpenJDK Client VM Temurin-11.0.21+9 (11.0.21+9, mixed mode, serial gc, windows-x86)
Heap:
 def new generation   total 8640K, used 8309K [0x05400000, 0x05d60000, 0x0a950000)
  eden space 7680K,  97% used [0x05400000, 0x05b4d1c0, 0x05b80000)
  from space 960K,  86% used [0x05c70000, 0x05d402a0, 0x05d60000)
  to   space 960K,   0% used [0x05b80000, 0x05b80000, 0x05c70000)
 tenured generation   total 19096K, used 17092K [0x0a950000, 0x0bbf6000, 0x15400000)
   the space 19096K,  89% used [0x0a950000, 0x0ba011f0, 0x0ba01200, 0x0bbf6000)
 Metaspace       used 16084K, capacity 16498K, committed 16512K, reserved 16768K
GC Heap History (20 events):
Event: 0.739 GC heap before
{Heap before GC invocations=4 (full 0):
 def new generation   total 4928K, used 4578K [0x05400000, 0x05950000, 0x0a950000)
  eden space 4416K,  98% used [0x05400000, 0x0583fe18, 0x05850000)
  from space 512K,  44% used [0x05850000, 0x05888b38, 0x058d0000)
  to   space 512K,   0% used [0x058d0000, 0x058d0000, 0x05950000)
 tenured generation   total 10944K, used 1879K [0x0a950000, 0x0b400000, 0x15400000)
   the space 10944K,  17% used [0x0a950000, 0x0ab25ea0, 0x0ab26000, 0x0b400000)
 Metaspace       used 7650K, capacity 7745K, committed 7808K, reserved 8576K
}
Event: 0.740 GC heap after
{Heap after GC invocations=5 (full 0):
 def new generation   total 4928K, used 492K [0x05400000, 0x05950000, 0x0a950000)
  eden space 4416K,   0% used [0x05400000, 0x05400000, 0x05850000)
  from space 512K,  96% used [0x058d0000, 0x0594b398, 0x05950000)
  to   space 512K,   0% used [0x05850000, 0x05850000, 0x058d0000)
 tenured generation   total 10944K, used 2327K [0x0a950000, 0x0b400000, 0x15400000)
   the space 10944K,  21% used [0x0a950000, 0x0ab95eb0, 0x0ab96000, 0x0b400000)
 Metaspace       used 7650K, capacity 7745K, committed 7808K, reserved 8576K
}
Event: 0.795 GC heap before
{Heap before GC invocations=5 (full 0):
 def new generation   total 4928K, used 4903K [0x05400000, 0x05950000, 0x0a950000)
  eden space 4416K,  99% used [0x05400000, 0x0584ea78, 0x05850000)
  from space 512K,  96% used [0x058d0000, 0x0594b398, 0x05950000)
  to   space 512K,   0% used [0x05850000, 0x05850000, 0x058d0000)
 tenured generation   total 10944K, used 2327K [0x0a950000, 0x0b400000, 0x15400000)
   the space 10944K,  21% used [0x0a950000, 0x0ab95eb0, 0x0ab96000, 0x0b400000)
 Metaspace       used 8878K, capacity 8989K, committed 9088K, reserved 9600K
}
Event: 0.796 GC heap after
{Heap after GC invocations=6 (full 0):
 def new generation   total 4928K, used 512K [0x05400000, 0x05950000, 0x0a950000)
  eden space 4416K,   0% used [0x05400000, 0x05400000, 0x05850000)
  from space 512K, 100% used [0x05850000, 0x058d0000, 0x058d0000)
  to   space 512K,   0% used [0x058d0000, 0x058d0000, 0x05950000)
 tenured generation   total 10944K, used 2817K [0x0a950000, 0x0b400000, 0x15400000)
   the space 10944K,  25% used [0x0a950000, 0x0ac10560, 0x0ac10600, 0x0b400000)
 Metaspace       used 8878K, capacity 8989K, committed 9088K, reserved 9600K
}
Event: 0.857 GC heap before
{Heap before GC invocations=6 (full 0):
 def new generation   total 4928K, used 4920K [0x05400000, 0x05950000, 0x0a950000)
  eden space 4416K,  99% used [0x05400000, 0x0584e368, 0x05850000)
  from space 512K, 100% used [0x05850000, 0x058d0000, 0x058d0000)
  to   space 512K,   0% used [0x058d0000, 0x058d0000, 0x05950000)
 tenured generation   total 10944K, used 2817K [0x0a950000, 0x0b400000, 0x15400000)
   the space 10944K,  25% used [0x0a950000, 0x0ac10560, 0x0ac10600, 0x0b400000)
 Metaspace       used 10555K, capacity 10734K, committed 10752K, reserved 11648K
}
Event: 0.859 GC heap after
{Heap after GC invocations=7 (full 0):
 def new generation   total 4928K, used 512K [0x05400000, 0x05950000, 0x0a950000)
  eden space 4416K,   0% used [0x05400000, 0x05400000, 0x05850000)
  from space 512K, 100% used [0x058d0000, 0x05950000, 0x05950000)
  to   space 512K,   0% used [0x05850000, 0x05850000, 0x058d0000)
 tenured generation   total 10944K, used 3755K [0x0a950000, 0x0b400000, 0x15400000)
   the space 10944K,  34% used [0x0a950000, 0x0acfad78, 0x0acfae00, 0x0b400000)
 Metaspace       used 10555K, capacity 10734K, committed 10752K, reserved 11648K
}
Event: 0.916 GC heap before
{Heap before GC invocations=7 (full 0):
 def new generation   total 4928K, used 4928K [0x05400000, 0x05950000, 0x0a950000)
  eden space 4416K, 100% used [0x05400000, 0x05850000, 0x05850000)
  from space 512K, 100% used [0x058d0000, 0x05950000, 0x05950000)
  to   space 512K,   0% used [0x05850000, 0x05850000, 0x058d0000)
 tenured generation   total 10944K, used 3755K [0x0a950000, 0x0b400000, 0x15400000)
   the space 10944K,  34% used [0x0a950000, 0x0acfad78, 0x0acfae00, 0x0b400000)
 Metaspace       used 11343K, capacity 11510K, committed 11520K, reserved 11648K
}
Event: 0.918 GC heap after
{Heap after GC invocations=8 (full 0):
 def new generation   total 4928K, used 502K [0x05400000, 0x05950000, 0x0a950000)
  eden space 4416K,   0% used [0x05400000, 0x05400000, 0x05850000)
  from space 512K,  98% used [0x05850000, 0x058cd838, 0x058d0000)
  to   space 512K,   0% used [0x058d0000, 0x058d0000, 0x05950000)
 tenured generation   total 10944K, used 4260K [0x0a950000, 0x0b400000, 0x15400000)
   the space 10944K,  38% used [0x0a950000, 0x0ad792b0, 0x0ad79400, 0x0b400000)
 Metaspace       used 11343K, capacity 11510K, committed 11520K, reserved 11648K
}
Event: 0.984 GC heap before
{Heap before GC invocations=8 (full 0):
 def new generation   total 4928K, used 4916K [0x05400000, 0x05950000, 0x0a950000)
  eden space 4416K,  99% used [0x05400000, 0x0584f900, 0x05850000)
  from space 512K,  98% used [0x05850000, 0x058cd838, 0x058d0000)
  to   space 512K,   0% used [0x058d0000, 0x058d0000, 0x05950000)
 tenured generation   total 10944K, used 10491K [0x0a950000, 0x0b400000, 0x15400000)
   the space 10944K,  95% used [0x0a950000, 0x0b38eca8, 0x0b38ee00, 0x0b400000)
 Metaspace       used 11798K, capacity 11976K, committed 12032K, reserved 12672K
}
Event: 0.993 GC heap after
{Heap after GC invocations=9 (full 1):
 def new generation   total 8640K, used 469K [0x05400000, 0x05d60000, 0x0a950000)
  eden space 7680K,   6% used [0x05400000, 0x05475748, 0x05b80000)
  from space 960K,   0% used [0x05b80000, 0x05b80000, 0x05c70000)
  to   space 960K,   0% used [0x05c70000, 0x05c70000, 0x05d60000)
 tenured generation   total 19096K, used 11455K [0x0a950000, 0x0bbf6000, 0x15400000)
   the space 19096K,  59% used [0x0a950000, 0x0b47fea0, 0x0b480000, 0x0bbf6000)
 Metaspace       used 11798K, capacity 11976K, committed 12032K, reserved 12672K
}
Event: 1.149 GC heap before
{Heap before GC invocations=9 (full 1):
 def new generation   total 8640K, used 7680K [0x05400000, 0x05d60000, 0x0a950000)
  eden space 7680K, 100% used [0x05400000, 0x05b80000, 0x05b80000)
  from space 960K,   0% used [0x05b80000, 0x05b80000, 0x05c70000)
  to   space 960K,   0% used [0x05c70000, 0x05c70000, 0x05d60000)
 tenured generation   total 19096K, used 11455K [0x0a950000, 0x0bbf6000, 0x15400000)
   the space 19096K,  59% used [0x0a950000, 0x0b47fea0, 0x0b480000, 0x0bbf6000)
 Metaspace       used 12692K, capacity 12867K, committed 12928K, reserved 13696K
}
Event: 1.153 GC heap after
{Heap after GC invocations=10 (full 1):
 def new generation   total 8640K, used 960K [0x05400000, 0x05d60000, 0x0a950000)
  eden space 7680K,   0% used [0x05400000, 0x05400000, 0x05b80000)
  from space 960K, 100% used [0x05c70000, 0x05d60000, 0x05d60000)
  to   space 960K,   0% used [0x05b80000, 0x05b80000, 0x05c70000)
 tenured generation   total 19096K, used 11768K [0x0a950000, 0x0bbf6000, 0x15400000)
   the space 19096K,  61% used [0x0a950000, 0x0b4ce390, 0x0b4ce400, 0x0bbf6000)
 Metaspace       used 12692K, capacity 12867K, committed 12928K, reserved 13696K
}
Event: 1.232 GC heap before
{Heap before GC invocations=10 (full 1):
 def new generation   total 8640K, used 8640K [0x05400000, 0x05d60000, 0x0a950000)
  eden space 7680K, 100% used [0x05400000, 0x05b80000, 0x05b80000)
  from space 960K, 100% used [0x05c70000, 0x05d60000, 0x05d60000)
  to   space 960K,   0% used [0x05b80000, 0x05b80000, 0x05c70000)
 tenured generation   total 19096K, used 11768K [0x0a950000, 0x0bbf6000, 0x15400000)
   the space 19096K,  61% used [0x0a950000, 0x0b4ce390, 0x0b4ce400, 0x0bbf6000)
 Metaspace       used 13869K, capacity 14157K, committed 14208K, reserved 14720K
}
Event: 1.235 GC heap after
{Heap after GC invocations=11 (full 1):
 def new generation   total 8640K, used 544K [0x05400000, 0x05d60000, 0x0a950000)
  eden space 7680K,   0% used [0x05400000, 0x05400000, 0x05b80000)
  from space 960K,  56% used [0x05b80000, 0x05c08230, 0x05c70000)
  to   space 960K,   0% used [0x05c70000, 0x05c70000, 0x05d60000)
 tenured generation   total 19096K, used 12721K [0x0a950000, 0x0bbf6000, 0x15400000)
   the space 19096K,  66% used [0x0a950000, 0x0b5bc430, 0x0b5bc600, 0x0bbf6000)
 Metaspace       used 13869K, capacity 14157K, committed 14208K, reserved 14720K
}
Event: 2.972 GC heap before
{Heap before GC invocations=11 (full 1):
 def new generation   total 8640K, used 8224K [0x05400000, 0x05d60000, 0x0a950000)
  eden space 7680K, 100% used [0x05400000, 0x05b80000, 0x05b80000)
  from space 960K,  56% used [0x05b80000, 0x05c08230, 0x05c70000)
  to   space 960K,   0% used [0x05c70000, 0x05c70000, 0x05d60000)
 tenured generation   total 19096K, used 12721K [0x0a950000, 0x0bbf6000, 0x15400000)
   the space 19096K,  66% used [0x0a950000, 0x0b5bc430, 0x0b5bc600, 0x0bbf6000)
 Metaspace       used 14768K, capacity 15072K, committed 15104K, reserved 15744K
}
Event: 2.975 GC heap after
{Heap after GC invocations=12 (full 1):
 def new generation   total 8640K, used 960K [0x05400000, 0x05d60000, 0x0a950000)
  eden space 7680K,   0% used [0x05400000, 0x05400000, 0x05b80000)
  from space 960K, 100% used [0x05c70000, 0x05d60000, 0x05d60000)
  to   space 960K,   0% used [0x05b80000, 0x05b80000, 0x05c70000)
 tenured generation   total 19096K, used 14419K [0x0a950000, 0x0bbf6000, 0x15400000)
   the space 19096K,  75% used [0x0a950000, 0x0b764d50, 0x0b764e00, 0x0bbf6000)
 Metaspace       used 14768K, capacity 15072K, committed 15104K, reserved 15744K
}
Event: 4.336 GC heap before
{Heap before GC invocations=12 (full 1):
 def new generation   total 8640K, used 8640K [0x05400000, 0x05d60000, 0x0a950000)
  eden space 7680K, 100% used [0x05400000, 0x05b80000, 0x05b80000)
  from space 960K, 100% used [0x05c70000, 0x05d60000, 0x05d60000)
  to   space 960K,   0% used [0x05b80000, 0x05b80000, 0x05c70000)
 tenured generation   total 19096K, used 14419K [0x0a950000, 0x0bbf6000, 0x15400000)
   the space 19096K,  75% used [0x0a950000, 0x0b764d50, 0x0b764e00, 0x0bbf6000)
 Metaspace       used 15841K, capacity 16219K, committed 16256K, reserved 16768K
}
Event: 4.339 GC heap after
{Heap after GC invocations=13 (full 1):
 def new generation   total 8640K, used 710K [0x05400000, 0x05d60000, 0x0a950000)
  eden space 7680K,   0% used [0x05400000, 0x05400000, 0x05b80000)
  from space 960K,  73% used [0x05b80000, 0x05c31898, 0x05c70000)
  to   space 960K,   0% used [0x05c70000, 0x05c70000, 0x05d60000)
 tenured generation   total 19096K, used 15360K [0x0a950000, 0x0bbf6000, 0x15400000)
   the space 19096K,  80% used [0x0a950000, 0x0b850058, 0x0b850200, 0x0bbf6000)
 Metaspace       used 15841K, capacity 16219K, committed 16256K, reserved 16768K
}
Event: 22.172 GC heap before
{Heap before GC invocations=13 (full 1):
 def new generation   total 8640K, used 7721K [0x05400000, 0x05d60000, 0x0a950000)
  eden space 7680K,  91% used [0x05400000, 0x05ad8ca0, 0x05b80000)
  from space 960K,  73% used [0x05b80000, 0x05c31898, 0x05c70000)
  to   space 960K,   0% used [0x05c70000, 0x05c70000, 0x05d60000)
 tenured generation   total 19096K, used 15360K [0x0a950000, 0x0bbf6000, 0x15400000)
   the space 19096K,  80% used [0x0a950000, 0x0b850058, 0x0b850200, 0x0bbf6000)
 Metaspace       used 16072K, capacity 16490K, committed 16512K, reserved 16768K
}
Event: 22.175 GC heap after
{Heap after GC invocations=14 (full 1):
 def new generation   total 8640K, used 832K [0x05400000, 0x05d60000, 0x0a950000)
  eden space 7680K,   0% used [0x05400000, 0x05400000, 0x05b80000)
  from space 960K,  86% used [0x05c70000, 0x05d402a0, 0x05d60000)
  to   space 960K,   0% used [0x05b80000, 0x05b80000, 0x05c70000)
 tenured generation   total 19096K, used 17092K [0x0a950000, 0x0bbf6000, 0x15400000)
   the space 19096K,  89% used [0x0a950000, 0x0ba011f0, 0x0ba01200, 0x0bbf6000)
 Metaspace       used 16072K, capacity 16490K, committed 16512K, reserved 16768K
}

