# JRE version: OpenJDK Runtime Environment Temurin-11.0.21+9 (11.0.21+9) (build 11.0.21+9)
# Java VM: OpenJDK Client VM Temurin-11.0.21+9 (11.0.21+9, mixed mode, serial gc, windows-x86)
Heap:
 def new generation   total 16640K, used 9951K [0x05800000, 0x06a00000, 0x0ad50000)
  eden space 14848K,  54% used [0x05800000, 0x05ff7d70, 0x06680000)
  from space 1792K, 100% used [0x06840000, 0x06a00000, 0x06a00000)
  to   space 1792K,   0% used [0x06680000, 0x06680000, 0x06840000)
 tenured generation   total 36728K, used 28276K [0x0ad50000, 0x0d12e000, 0x15800000)
   the space 36728K,  76% used [0x0ad50000, 0x0c8ed028, 0x0c8ed200, 0x0d12e000)
 Metaspace       used 14761K, capacity 15021K, committed 15360K, reserved 15744K
GC Heap History (20 events):
Event: 0.593 GC heap before
{Heap before GC invocations=6 (full 0):
 def new generation   total 4928K, used 4928K [0x05800000, 0x05d50000, 0x0ad50000)
  eden space 4416K, 100% used [0x05800000, 0x05c50000, 0x05c50000)
  from space 512K, 100% used [0x05c50000, 0x05cd0000, 0x05cd0000)
  to   space 512K,   0% used [0x05cd0000, 0x05cd0000, 0x05d50000)
 tenured generation   total 10944K, used 2818K [0x0ad50000, 0x0b800000, 0x15800000)
   the space 10944K,  25% used [0x0ad50000, 0x0b0108a0, 0x0b010a00, 0x0b800000)
 Metaspace       used 10559K, capacity 10734K, committed 10752K, reserved 11648K
}
Event: 0.595 GC heap after
{Heap after GC invocations=7 (full 0):
 def new generation   total 4928K, used 512K [0x05800000, 0x05d50000, 0x0ad50000)
  eden space 4416K,   0% used [0x05800000, 0x05800000, 0x05c50000)
  from space 512K, 100% used [0x05cd0000, 0x05d50000, 0x05d50000)
  to   space 512K,   0% used [0x05c50000, 0x05c50000, 0x05cd0000)
 tenured generation   total 10944K, used 3743K [0x0ad50000, 0x0b800000, 0x15800000)
   the space 10944K,  34% used [0x0ad50000, 0x0b0f7c50, 0x0b0f7e00, 0x0b800000)
 Metaspace       used 10559K, capacity 10734K, committed 10752K, reserved 11648K
}
Event: 0.641 GC heap before
{Heap before GC invocations=7 (full 0):
 def new generation   total 4928K, used 4928K [0x05800000, 0x05d50000, 0x0ad50000)
  eden space 4416K, 100% used [0x05800000, 0x05c50000, 0x05c50000)
  from space 512K, 100% used [0x05cd0000, 0x05d50000, 0x05d50000)
  to   space 512K,   0% used [0x05c50000, 0x05c50000, 0x05cd0000)
 tenured generation   total 10944K, used 3743K [0x0ad50000, 0x0b800000, 0x15800000)
   the space 10944K,  34% used [0x0ad50000, 0x0b0f7c50, 0x0b0f7e00, 0x0b800000)
 Metaspace       used 11343K, capacity 11510K, committed 11520K, reserved 11648K
}
Event: 0.643 GC heap after
{Heap after GC invocations=8 (full 0):
 def new generation   total 4928K, used 512K [0x05800000, 0x05d50000, 0x0ad50000)
  eden space 4416K,   0% used [0x05800000, 0x05800000, 0x05c50000)
  from space 512K, 100% used [0x05c50000, 0x05cd0000, 0x05cd0000)
  to   space 512K,   0% used [0x05cd0000, 0x05cd0000, 0x05d50000)
 tenured generation   total 10944K, used 4245K [0x0ad50000, 0x0b800000, 0x15800000)
   the space 10944K,  38% used [0x0ad50000, 0x0b175608, 0x0b175800, 0x0b800000)
 Metaspace       used 11343K, capacity 11510K, committed 11520K, reserved 11648K
}
Event: 0.712 GC heap before
{Heap before GC invocations=8 (full 0):
 def new generation   total 4928K, used 4928K [0x05800000, 0x05d50000, 0x0ad50000)
  eden space 4416K, 100% used [0x05800000, 0x05c50000, 0x05c50000)
  from space 512K, 100% used [0x05c50000, 0x05cd0000, 0x05cd0000)
  to   space 512K,   0% used [0x05cd0000, 0x05cd0000, 0x05d50000)
 tenured generation   total 10944K, used 10476K [0x0ad50000, 0x0b800000, 0x15800000)
   the space 10944K,  95% used [0x0ad50000, 0x0b78b000, 0x0b78b000, 0x0b800000)
 Metaspace       used 11806K, capacity 12008K, committed 12032K, reserved 12672K
}
Event: 0.722 GC heap after
{Heap after GC invocations=9 (full 1):
 def new generation   total 8640K, used 421K [0x05800000, 0x06160000, 0x0ad50000)
  eden space 7680K,   5% used [0x05800000, 0x05869570, 0x05f80000)
  from space 960K,   0% used [0x05f80000, 0x05f80000, 0x06070000)
  to   space 960K,   0% used [0x06070000, 0x06070000, 0x06160000)
 tenured generation   total 19096K, used 11455K [0x0ad50000, 0x0bff6000, 0x15800000)
   the space 19096K,  59% used [0x0ad50000, 0x0b87fff0, 0x0b880000, 0x0bff6000)
 Metaspace       used 11806K, capacity 12008K, committed 12032K, reserved 12672K
}
Event: 0.829 GC heap before
{Heap before GC invocations=9 (full 1):
 def new generation   total 8640K, used 7680K [0x05800000, 0x06160000, 0x0ad50000)
  eden space 7680K, 100% used [0x05800000, 0x05f80000, 0x05f80000)
  from space 960K,   0% used [0x05f80000, 0x05f80000, 0x06070000)
  to   space 960K,   0% used [0x06070000, 0x06070000, 0x06160000)
 tenured generation   total 19096K, used 11455K [0x0ad50000, 0x0bff6000, 0x15800000)
   the space 19096K,  59% used [0x0ad50000, 0x0b87fff0, 0x0b880000, 0x0bff6000)
 Metaspace       used 12718K, capacity 12899K, committed 12928K, reserved 13696K
}
Event: 0.834 GC heap after
{Heap after GC invocations=10 (full 1):
 def new generation   total 8640K, used 960K [0x05800000, 0x06160000, 0x0ad50000)
  eden space 7680K,   0% used [0x05800000, 0x05800000, 0x05f80000)
  from space 960K, 100% used [0x06070000, 0x06160000, 0x06160000)
  to   space 960K,   0% used [0x05f80000, 0x05f80000, 0x06070000)
 tenured generation   total 19096K, used 11736K [0x0ad50000, 0x0bff6000, 0x15800000)
   the space 19096K,  61% used [0x0ad50000, 0x0b8c6040, 0x0b8c6200, 0x0bff6000)
 Metaspace       used 12718K, capacity 12899K, committed 12928K, reserved 13696K
}
Event: 0.907 GC heap before
{Heap before GC invocations=10 (full 1):
 def new generation   total 8640K, used 8640K [0x05800000, 0x06160000, 0x0ad50000)
  eden space 7680K, 100% used [0x05800000, 0x05f80000, 0x05f80000)
  from space 960K, 100% used [0x06070000, 0x06160000, 0x06160000)
  to   space 960K,   0% used [0x05f80000, 0x05f80000, 0x06070000)
 tenured generation   total 19096K, used 11736K [0x0ad50000, 0x0bff6000, 0x15800000)
   the space 19096K,  61% used [0x0ad50000, 0x0b8c6040, 0x0b8c6200, 0x0bff6000)
 Metaspace       used 13890K, capacity 14189K, committed 14208K, reserved 14720K
}
Event: 0.912 GC heap after
{Heap after GC invocations=11 (full 1):
 def new generation   total 8640K, used 557K [0x05800000, 0x06160000, 0x0ad50000)
  eden space 7680K,   0% used [0x05800000, 0x05800000, 0x05f80000)
  from space 960K,  58% used [0x05f80000, 0x0600b6c8, 0x06070000)
  to   space 960K,   0% used [0x06070000, 0x06070000, 0x06160000)
 tenured generation   total 19096K, used 12688K [0x0ad50000, 0x0bff6000, 0x15800000)
   the space 19096K,  66% used [0x0ad50000, 0x0b9b42f0, 0x0b9b4400, 0x0bff6000)
 Metaspace       used 13890K, capacity 14189K, committed 14208K, reserved 14720K
}
Event: 10.053 GC heap before
{Heap before GC invocations=11 (full 1):
 def new generation   total 8640K, used 8237K [0x05800000, 0x06160000, 0x0ad50000)
  eden space 7680K, 100% used [0x05800000, 0x05f80000, 0x05f80000)
  from space 960K,  58% used [0x05f80000, 0x0600b6c8, 0x06070000)
  to   space 960K,   0% used [0x06070000, 0x06070000, 0x06160000)
 tenured generation   total 19096K, used 12688K [0x0ad50000, 0x0bff6000, 0x15800000)
   the space 19096K,  66% used [0x0ad50000, 0x0b9b42f0, 0x0b9b4400, 0x0bff6000)
 Metaspace       used 14762K, capacity 15070K, committed 15104K, reserved 15744K
}
Event: 10.056 GC heap after
{Heap after GC invocations=12 (full 1):
 def new generation   total 8640K, used 699K [0x05800000, 0x06160000, 0x0ad50000)
  eden space 7680K,   0% used [0x05800000, 0x05800000, 0x05f80000)
  from space 960K,  72% used [0x06070000, 0x0611ecd0, 0x06160000)
  to   space 960K,   0% used [0x05f80000, 0x05f80000, 0x06070000)
 tenured generation   total 19096K, used 14256K [0x0ad50000, 0x0bff6000, 0x15800000)
   the space 19096K,  74% used [0x0ad50000, 0x0bb3c088, 0x0bb3c200, 0x0bff6000)
 Metaspace       used 14762K, capacity 15070K, committed 15104K, reserved 15744K
}
Event: 106.597 GC heap before
{Heap before GC invocations=12 (full 1):
 def new generation   total 8640K, used 8379K [0x05800000, 0x06160000, 0x0ad50000)
  eden space 7680K, 100% used [0x05800000, 0x05f80000, 0x05f80000)
  from space 960K,  72% used [0x06070000, 0x0611ecd0, 0x06160000)
  to   space 960K,   0% used [0x05f80000, 0x05f80000, 0x06070000)
 tenured generation   total 19096K, used 14256K [0x0ad50000, 0x0bff6000, 0x15800000)
   the space 19096K,  74% used [0x0ad50000, 0x0bb3c088, 0x0bb3c200, 0x0bff6000)
 Metaspace       used 14765K, capacity 15070K, committed 15104K, reserved 15744K
}
Event: 106.598 GC heap after
{Heap after GC invocations=13 (full 1):
 def new generation   total 8640K, used 38K [0x05800000, 0x06160000, 0x0ad50000)
  eden space 7680K,   0% used [0x05800000, 0x05800000, 0x05f80000)
  from space 960K,   3% used [0x05f80000, 0x05f89848, 0x06070000)
  to   space 960K,   0% used [0x06070000, 0x06070000, 0x06160000)
 tenured generation   total 19096K, used 14947K [0x0ad50000, 0x0bff6000, 0x15800000)
   the space 19096K,  78% used [0x0ad50000, 0x0bbe8c08, 0x0bbe8e00, 0x0bff6000)
 Metaspace       used 14765K, capacity 15070K, committed 15104K, reserved 15744K
}
Event: 152.345 GC heap before
{Heap before GC invocations=13 (full 1):
 def new generation   total 8640K, used 6436K [0x05800000, 0x06160000, 0x0ad50000)
  eden space 7680K,  83% used [0x05800000, 0x05e3fa60, 0x05f80000)
  from space 960K,   3% used [0x05f80000, 0x05f89848, 0x06070000)
  to   space 960K,   0% used [0x06070000, 0x06070000, 0x06160000)
 tenured generation   total 19096K, used 14947K [0x0ad50000, 0x0bff6000, 0x15800000)
   the space 19096K,  78% used [0x0ad50000, 0x0bbe8c08, 0x0bbe8e00, 0x0bff6000)
 Metaspace       used 14929K, capacity 15238K, committed 15360K, reserved 15744K
}
Event: 152.346 GC heap after
{Heap after GC invocations=14 (full 1):
 def new generation   total 8640K, used 573K [0x05800000, 0x06160000, 0x0ad50000)
  eden space 7680K,   0% used [0x05800000, 0x05800000, 0x05f80000)
  from space 960K,  59% used [0x06070000, 0x060ff718, 0x06160000)
  to   space 960K,   0% used [0x05f80000, 0x05f80000, 0x06070000)
 tenured generation   total 19096K, used 14947K [0x0ad50000, 0x0bff6000, 0x15800000)
   the space 19096K,  78% used [0x0ad50000, 0x0bbe8c08, 0x0bbe8e00, 0x0bff6000)
 Metaspace       used 14929K, capacity 15238K, committed 15360K, reserved 15744K
}
Event: 153.569 GC heap before
{Heap before GC invocations=14 (full 1):
 def new generation   total 8640K, used 8253K [0x05800000, 0x06160000, 0x0ad50000)
  eden space 7680K, 100% used [0x05800000, 0x05f80000, 0x05f80000)
  from space 960K,  59% used [0x06070000, 0x060ff718, 0x06160000)
  to   space 960K,   0% used [0x05f80000, 0x05f80000, 0x06070000)
 tenured generation   total 19096K, used 14947K [0x0ad50000, 0x0bff6000, 0x15800000)
   the space 19096K,  78% used [0x0ad50000, 0x0bbe8c08, 0x0bbe8e00, 0x0bff6000)
 Metaspace       used 14929K, capacity 15238K, committed 15360K, reserved 15744K
}
Event: 153.585 GC heap after
{Heap after GC invocations=15 (full 2):
 def new generation   total 16640K, used 0K [0x05800000, 0x06a00000, 0x0ad50000)
  eden space 14848K,   0% used [0x05800000, 0x05800000, 0x06680000)
  from space 1792K,   0% used [0x06680000, 0x06680000, 0x06840000)
  to   space 1792K,   0% used [0x06840000, 0x06840000, 0x06a00000)
 tenured generation   total 36728K, used 22035K [0x0ad50000, 0x0d12e000, 0x15800000)
   the space 36728K,  59% used [0x0ad50000, 0x0c2d4d10, 0x0c2d4e00, 0x0d12e000)
 Metaspace       used 14700K, capacity 14957K, committed 15360K, reserved 15744K
}
Event: 159.866 GC heap before
{Heap before GC invocations=15 (full 2):
 def new generation   total 16640K, used 11562K [0x05800000, 0x06a00000, 0x0ad50000)
  eden space 14848K,  77% used [0x05800000, 0x0634a8c0, 0x06680000)
  from space 1792K,   0% used [0x06680000, 0x06680000, 0x06840000)
  to   space 1792K,   0% used [0x06840000, 0x06840000, 0x06a00000)
 tenured generation   total 36728K, used 22035K [0x0ad50000, 0x0d12e000, 0x15800000)
   the space 36728K,  59% used [0x0ad50000, 0x0c2d4d10, 0x0c2d4e00, 0x0d12e000)
 Metaspace       used 14726K, capacity 14986K, committed 15360K, reserved 15744K
}
Event: 159.870 GC heap after
{Heap after GC invocations=16 (full 2):
 def new generation   total 16640K, used 1792K [0x05800000, 0x06a00000, 0x0ad50000)
  eden space 14848K,   0% used [0x05800000, 0x05800000, 0x06680000)
  from space 1792K, 100% used [0x06840000, 0x06a00000, 0x06a00000)
  to   space 1792K,   0% used [0x06680000, 0x06680000, 0x06840000)
 tenured generation   total 36728K, used 28276K [0x0ad50000, 0x0d12e000, 0x15800000)
   the space 36728K,  76% used [0x0ad50000, 0x0c8ed028, 0x0c8ed200, 0x0d12e000)
 Metaspace       used 14726K, capacity 14986K, committed 15360K, reserved 15744K
}

