# JRE version: OpenJDK Runtime Environment Temurin-11.0.21+9 (11.0.21+9) (build 11.0.21+9)
# Java VM: OpenJDK Client VM Temurin-11.0.21+9 (11.0.21+9, mixed mode, serial gc, windows-x86)
Heap:
 def new generation   total 16640K, used 1734K [0x05400000, 0x06600000, 0x0a950000)
  eden space 14848K,  11% used [0x05400000, 0x055b19b8, 0x06280000)
  from space 1792K,   0% used [0x06280000, 0x06280000, 0x06440000)
  to   space 1792K,   0% used [0x06440000, 0x06440000, 0x06600000)
 tenured generation   total 36808K, used 22084K [0x0a950000, 0x0cd42000, 0x15400000)
   the space 36808K,  59% used [0x0a950000, 0x0bee1000, 0x0bee1000, 0x0cd42000)
 Metaspace       used 14790K, capacity 15043K, committed 15360K, reserved 15744K
GC Heap History (20 events):
Event: 0.510 GC heap before
{Heap before GC invocations=4 (full 0):
 def new generation   total 4928K, used 4666K [0x05400000, 0x05950000, 0x0a950000)
  eden space 4416K, 100% used [0x05400000, 0x05850000, 0x05850000)
  from space 512K,  49% used [0x05850000, 0x0588ebe8, 0x058d0000)
  to   space 512K,   0% used [0x058d0000, 0x058d0000, 0x05950000)
 tenured generation   total 10944K, used 1734K [0x0a950000, 0x0b400000, 0x15400000)
   the space 10944K,  15% used [0x0a950000, 0x0ab01bb8, 0x0ab01c00, 0x0b400000)
 Metaspace       used 7712K, capacity 7841K, committed 7936K, reserved 8576K
}
Event: 0.511 GC heap after
{Heap after GC invocations=5 (full 0):
 def new generation   total 4928K, used 427K [0x05400000, 0x05950000, 0x0a950000)
  eden space 4416K,   0% used [0x05400000, 0x05400000, 0x05850000)
  from space 512K,  83% used [0x058d0000, 0x0593ad90, 0x05950000)
  to   space 512K,   0% used [0x05850000, 0x05850000, 0x058d0000)
 tenured generation   total 10944K, used 2182K [0x0a950000, 0x0b400000, 0x15400000)
   the space 10944K,  19% used [0x0a950000, 0x0ab71bc8, 0x0ab71c00, 0x0b400000)
 Metaspace       used 7712K, capacity 7841K, committed 7936K, reserved 8576K
}
Event: 0.553 GC heap before
{Heap before GC invocations=5 (full 0):
 def new generation   total 4928K, used 4838K [0x05400000, 0x05950000, 0x0a950000)
  eden space 4416K,  99% used [0x05400000, 0x0584ee38, 0x05850000)
  from space 512K,  83% used [0x058d0000, 0x0593ad90, 0x05950000)
  to   space 512K,   0% used [0x05850000, 0x05850000, 0x058d0000)
 tenured generation   total 10944K, used 2182K [0x0a950000, 0x0b400000, 0x15400000)
   the space 10944K,  19% used [0x0a950000, 0x0ab71bc8, 0x0ab71c00, 0x0b400000)
 Metaspace       used 8922K, capacity 9053K, committed 9088K, reserved 9600K
}
Event: 0.554 GC heap after
{Heap after GC invocations=6 (full 0):
 def new generation   total 4928K, used 512K [0x05400000, 0x05950000, 0x0a950000)
  eden space 4416K,   0% used [0x05400000, 0x05400000, 0x05850000)
  from space 512K, 100% used [0x05850000, 0x058d0000, 0x058d0000)
  to   space 512K,   0% used [0x058d0000, 0x058d0000, 0x05950000)
 tenured generation   total 10944K, used 2639K [0x0a950000, 0x0b400000, 0x15400000)
   the space 10944K,  24% used [0x0a950000, 0x0abe3c18, 0x0abe3e00, 0x0b400000)
 Metaspace       used 8922K, capacity 9053K, committed 9088K, reserved 9600K
}
Event: 0.616 GC heap before
{Heap before GC invocations=6 (full 0):
 def new generation   total 4928K, used 4915K [0x05400000, 0x05950000, 0x0a950000)
  eden space 4416K,  99% used [0x05400000, 0x0584cd58, 0x05850000)
  from space 512K, 100% used [0x05850000, 0x058d0000, 0x058d0000)
  to   space 512K,   0% used [0x058d0000, 0x058d0000, 0x05950000)
 tenured generation   total 10944K, used 2639K [0x0a950000, 0x0b400000, 0x15400000)
   the space 10944K,  24% used [0x0a950000, 0x0abe3c18, 0x0abe3e00, 0x0b400000)
 Metaspace       used 10560K, capacity 10734K, committed 10752K, reserved 11648K
}
Event: 0.618 GC heap after
{Heap after GC invocations=7 (full 0):
 def new generation   total 4928K, used 512K [0x05400000, 0x05950000, 0x0a950000)
  eden space 4416K,   0% used [0x05400000, 0x05400000, 0x05850000)
  from space 512K, 100% used [0x058d0000, 0x05950000, 0x05950000)
  to   space 512K,   0% used [0x05850000, 0x05850000, 0x058d0000)
 tenured generation   total 10944K, used 3676K [0x0a950000, 0x0b400000, 0x15400000)
   the space 10944K,  33% used [0x0a950000, 0x0ace7390, 0x0ace7400, 0x0b400000)
 Metaspace       used 10560K, capacity 10734K, committed 10752K, reserved 11648K
}
Event: 0.670 GC heap before
{Heap before GC invocations=7 (full 0):
 def new generation   total 4928K, used 4928K [0x05400000, 0x05950000, 0x0a950000)
  eden space 4416K, 100% used [0x05400000, 0x05850000, 0x05850000)
  from space 512K, 100% used [0x058d0000, 0x05950000, 0x05950000)
  to   space 512K,   0% used [0x05850000, 0x05850000, 0x058d0000)
 tenured generation   total 10944K, used 3676K [0x0a950000, 0x0b400000, 0x15400000)
   the space 10944K,  33% used [0x0a950000, 0x0ace7390, 0x0ace7400, 0x0b400000)
 Metaspace       used 11344K, capacity 11510K, committed 11520K, reserved 11648K
}
Event: 0.672 GC heap after
{Heap after GC invocations=8 (full 0):
 def new generation   total 4928K, used 512K [0x05400000, 0x05950000, 0x0a950000)
  eden space 4416K,   0% used [0x05400000, 0x05400000, 0x05850000)
  from space 512K, 100% used [0x05850000, 0x058d0000, 0x058d0000)
  to   space 512K,   0% used [0x058d0000, 0x058d0000, 0x05950000)
 tenured generation   total 10944K, used 4173K [0x0a950000, 0x0b400000, 0x15400000)
   the space 10944K,  38% used [0x0a950000, 0x0ad635f8, 0x0ad63600, 0x0b400000)
 Metaspace       used 11344K, capacity 11510K, committed 11520K, reserved 11648K
}
Event: 0.746 GC heap before
{Heap before GC invocations=8 (full 0):
 def new generation   total 4928K, used 4928K [0x05400000, 0x05950000, 0x0a950000)
  eden space 4416K, 100% used [0x05400000, 0x05850000, 0x05850000)
  from space 512K, 100% used [0x05850000, 0x058d0000, 0x058d0000)
  to   space 512K,   0% used [0x058d0000, 0x058d0000, 0x05950000)
 tenured generation   total 10944K, used 10403K [0x0a950000, 0x0b400000, 0x15400000)
   the space 10944K,  95% used [0x0a950000, 0x0b378ff0, 0x0b379000, 0x0b400000)
 Metaspace       used 11812K, capacity 12008K, committed 12032K, reserved 12672K
}
Event: 0.756 GC heap after
{Heap after GC invocations=9 (full 1):
 def new generation   total 8576K, used 465K [0x05400000, 0x05d40000, 0x0a950000)
  eden space 7680K,   6% used [0x05400000, 0x05474608, 0x05b80000)
  from space 896K,   0% used [0x05b80000, 0x05b80000, 0x05c60000)
  to   space 896K,   0% used [0x05c60000, 0x05c60000, 0x05d40000)
 tenured generation   total 18880K, used 11327K [0x0a950000, 0x0bbc0000, 0x15400000)
   the space 18880K,  59% used [0x0a950000, 0x0b45fff0, 0x0b460000, 0x0bbc0000)
 Metaspace       used 11812K, capacity 12008K, committed 12032K, reserved 12672K
}
Event: 0.865 GC heap before
{Heap before GC invocations=9 (full 1):
 def new generation   total 8576K, used 7680K [0x05400000, 0x05d40000, 0x0a950000)
  eden space 7680K, 100% used [0x05400000, 0x05b80000, 0x05b80000)
  from space 896K,   0% used [0x05b80000, 0x05b80000, 0x05c60000)
  to   space 896K,   0% used [0x05c60000, 0x05c60000, 0x05d40000)
 tenured generation   total 18880K, used 11327K [0x0a950000, 0x0bbc0000, 0x15400000)
   the space 18880K,  59% used [0x0a950000, 0x0b45fff0, 0x0b460000, 0x0bbc0000)
 Metaspace       used 12718K, capacity 12899K, committed 12928K, reserved 13696K
}
Event: 0.870 GC heap after
{Heap after GC invocations=10 (full 1):
 def new generation   total 8576K, used 896K [0x05400000, 0x05d40000, 0x0a950000)
  eden space 7680K,   0% used [0x05400000, 0x05400000, 0x05b80000)
  from space 896K, 100% used [0x05c60000, 0x05d40000, 0x05d40000)
  to   space 896K,   0% used [0x05b80000, 0x05b80000, 0x05c60000)
 tenured generation   total 18880K, used 11712K [0x0a950000, 0x0bbc0000, 0x15400000)
   the space 18880K,  62% used [0x0a950000, 0x0b4c0390, 0x0b4c0400, 0x0bbc0000)
 Metaspace       used 12718K, capacity 12899K, committed 12928K, reserved 13696K
}
Event: 0.950 GC heap before
{Heap before GC invocations=10 (full 1):
 def new generation   total 8576K, used 8576K [0x05400000, 0x05d40000, 0x0a950000)
  eden space 7680K, 100% used [0x05400000, 0x05b80000, 0x05b80000)
  from space 896K, 100% used [0x05c60000, 0x05d40000, 0x05d40000)
  to   space 896K,   0% used [0x05b80000, 0x05b80000, 0x05c60000)
 tenured generation   total 18880K, used 11712K [0x0a950000, 0x0bbc0000, 0x15400000)
   the space 18880K,  62% used [0x0a950000, 0x0b4c0390, 0x0b4c0400, 0x0bbc0000)
 Metaspace       used 13891K, capacity 14189K, committed 14208K, reserved 14720K
}
Event: 0.954 GC heap after
{Heap after GC invocations=11 (full 1):
 def new generation   total 8576K, used 553K [0x05400000, 0x05d40000, 0x0a950000)
  eden space 7680K,   0% used [0x05400000, 0x05400000, 0x05b80000)
  from space 896K,  61% used [0x05b80000, 0x05c0a418, 0x05c60000)
  to   space 896K,   0% used [0x05c60000, 0x05c60000, 0x05d40000)
 tenured generation   total 18880K, used 12602K [0x0a950000, 0x0bbc0000, 0x15400000)
   the space 18880K,  66% used [0x0a950000, 0x0b59e938, 0x0b59ea00, 0x0bbc0000)
 Metaspace       used 13891K, capacity 14189K, committed 14208K, reserved 14720K
}
Event: 1.963 GC heap before
{Heap before GC invocations=11 (full 1):
 def new generation   total 8576K, used 8233K [0x05400000, 0x05d40000, 0x0a950000)
  eden space 7680K, 100% used [0x05400000, 0x05b80000, 0x05b80000)
  from space 896K,  61% used [0x05b80000, 0x05c0a418, 0x05c60000)
  to   space 896K,   0% used [0x05c60000, 0x05c60000, 0x05d40000)
 tenured generation   total 18880K, used 12602K [0x0a950000, 0x0bbc0000, 0x15400000)
   the space 18880K,  66% used [0x0a950000, 0x0b59e938, 0x0b59ea00, 0x0bbc0000)
 Metaspace       used 14737K, capacity 15037K, committed 15104K, reserved 15744K
}
Event: 1.969 GC heap after
{Heap after GC invocations=12 (full 1):
 def new generation   total 8576K, used 896K [0x05400000, 0x05d40000, 0x0a950000)
  eden space 7680K,   0% used [0x05400000, 0x05400000, 0x05b80000)
  from space 896K, 100% used [0x05c60000, 0x05d40000, 0x05d40000)
  to   space 896K,   0% used [0x05b80000, 0x05b80000, 0x05c60000)
 tenured generation   total 18880K, used 14319K [0x0a950000, 0x0bbc0000, 0x15400000)
   the space 18880K,  75% used [0x0a950000, 0x0b74be58, 0x0b74c000, 0x0bbc0000)
 Metaspace       used 14737K, capacity 15037K, committed 15104K, reserved 15744K
}
Event: 20.745 GC heap before
{Heap before GC invocations=12 (full 1):
 def new generation   total 8576K, used 8576K [0x05400000, 0x05d40000, 0x0a950000)
  eden space 7680K, 100% used [0x05400000, 0x05b80000, 0x05b80000)
  from space 896K, 100% used [0x05c60000, 0x05d40000, 0x05d40000)
  to   space 896K,   0% used [0x05b80000, 0x05b80000, 0x05c60000)
 tenured generation   total 18880K, used 14319K [0x0a950000, 0x0bbc0000, 0x15400000)
   the space 18880K,  75% used [0x0a950000, 0x0b74be58, 0x0b74c000, 0x0bbc0000)
 Metaspace       used 14981K, capacity 15282K, committed 15360K, reserved 15744K
}
Event: 20.747 GC heap after
{Heap after GC invocations=13 (full 1):
 def new generation   total 8576K, used 630K [0x05400000, 0x05d40000, 0x0a950000)
  eden space 7680K,   0% used [0x05400000, 0x05400000, 0x05b80000)
  from space 896K,  70% used [0x05b80000, 0x05c1d8d8, 0x05c60000)
  to   space 896K,   0% used [0x05c60000, 0x05c60000, 0x05d40000)
 tenured generation   total 18880K, used 15210K [0x0a950000, 0x0bbc0000, 0x15400000)
   the space 18880K,  80% used [0x0a950000, 0x0b82a9e8, 0x0b82aa00, 0x0bbc0000)
 Metaspace       used 14981K, capacity 15282K, committed 15360K, reserved 15744K
}
Event: 22.082 GC heap before
{Heap before GC invocations=13 (full 1):
 def new generation   total 8576K, used 8310K [0x05400000, 0x05d40000, 0x0a950000)
  eden space 7680K, 100% used [0x05400000, 0x05b80000, 0x05b80000)
  from space 896K,  70% used [0x05b80000, 0x05c1d8d8, 0x05c60000)
  to   space 896K,   0% used [0x05c60000, 0x05c60000, 0x05d40000)
 tenured generation   total 18880K, used 15210K [0x0a950000, 0x0bbc0000, 0x15400000)
   the space 18880K,  80% used [0x0a950000, 0x0b82a9e8, 0x0b82aa00, 0x0bbc0000)
 Metaspace       used 14994K, capacity 15297K, committed 15360K, reserved 15744K
}
Event: 22.100 GC heap after
{Heap after GC invocations=14 (full 2):
 def new generation   total 16640K, used 0K [0x05400000, 0x06600000, 0x0a950000)
  eden space 14848K,   0% used [0x05400000, 0x05400000, 0x06280000)
  from space 1792K,   0% used [0x06280000, 0x06280000, 0x06440000)
  to   space 1792K,   0% used [0x06440000, 0x06440000, 0x06600000)
 tenured generation   total 36808K, used 22084K [0x0a950000, 0x0cd42000, 0x15400000)
   the space 36808K,  59% used [0x0a950000, 0x0bee1000, 0x0bee1000, 0x0cd42000)
 Metaspace       used 14765K, capacity 15016K, committed 15360K, reserved 15744K
}

