# JRE version: OpenJDK Runtime Environment Temurin-11.0.21+9 (11.0.21+9) (build 11.0.21+9)
# Java VM: OpenJDK Client VM Temurin-11.0.21+9 (11.0.21+9, mixed mode, serial gc, windows-x86)
Heap:
 def new generation   total 16704K, used 1920K [0x05200000, 0x06410000, 0x0a750000)
  eden space 14912K,  12% used [0x05200000, 0x053e0190, 0x06090000)
  from space 1792K,   0% used [0x06090000, 0x06090000, 0x06250000)
  to   space 1792K,   0% used [0x06250000, 0x06250000, 0x06410000)
 tenured generation   total 36896K, used 22135K [0x0a750000, 0x0cb58000, 0x15200000)
   the space 36896K,  59% used [0x0a750000, 0x0bcedf30, 0x0bcee000, 0x0cb58000)
 Metaspace       used 15808K, capacity 16161K, committed 16512K, reserved 16768K
GC Heap History (20 events):
Event: 0.540 GC heap before
{Heap before GC invocations=5 (full 0):
 def new generation   total 4928K, used 4827K [0x05200000, 0x05750000, 0x0a750000)
  eden space 4416K,  99% used [0x05200000, 0x0564f780, 0x05650000)
  from space 512K,  80% used [0x056d0000, 0x05737490, 0x05750000)
  to   space 512K,   0% used [0x05650000, 0x05650000, 0x056d0000)
 tenured generation   total 10944K, used 2494K [0x0a750000, 0x0b200000, 0x15200000)
   the space 10944K,  22% used [0x0a750000, 0x0a9bfa18, 0x0a9bfc00, 0x0b200000)
 Metaspace       used 8920K, capacity 9053K, committed 9088K, reserved 9600K
}
Event: 0.541 GC heap after
{Heap after GC invocations=6 (full 0):
 def new generation   total 4928K, used 512K [0x05200000, 0x05750000, 0x0a750000)
  eden space 4416K,   0% used [0x05200000, 0x05200000, 0x05650000)
  from space 512K, 100% used [0x05650000, 0x056d0000, 0x056d0000)
  to   space 512K,   0% used [0x056d0000, 0x056d0000, 0x05750000)
 tenured generation   total 10944K, used 2932K [0x0a750000, 0x0b200000, 0x15200000)
   the space 10944K,  26% used [0x0a750000, 0x0aa2d2a0, 0x0aa2d400, 0x0b200000)
 Metaspace       used 8920K, capacity 9053K, committed 9088K, reserved 9600K
}
Event: 0.600 GC heap before
{Heap before GC invocations=6 (full 0):
 def new generation   total 4928K, used 4920K [0x05200000, 0x05750000, 0x0a750000)
  eden space 4416K,  99% used [0x05200000, 0x0564e2f8, 0x05650000)
  from space 512K, 100% used [0x05650000, 0x056d0000, 0x056d0000)
  to   space 512K,   0% used [0x056d0000, 0x056d0000, 0x05750000)
 tenured generation   total 10944K, used 2932K [0x0a750000, 0x0b200000, 0x15200000)
   the space 10944K,  26% used [0x0a750000, 0x0aa2d2a0, 0x0aa2d400, 0x0b200000)
 Metaspace       used 10559K, capacity 10734K, committed 10752K, reserved 11648K
}
Event: 0.603 GC heap after
{Heap after GC invocations=7 (full 0):
 def new generation   total 4928K, used 512K [0x05200000, 0x05750000, 0x0a750000)
  eden space 4416K,   0% used [0x05200000, 0x05200000, 0x05650000)
  from space 512K, 100% used [0x056d0000, 0x05750000, 0x05750000)
  to   space 512K,   0% used [0x05650000, 0x05650000, 0x056d0000)
 tenured generation   total 10944K, used 3968K [0x0a750000, 0x0b200000, 0x15200000)
   the space 10944K,  36% used [0x0a750000, 0x0ab300c8, 0x0ab30200, 0x0b200000)
 Metaspace       used 10559K, capacity 10734K, committed 10752K, reserved 11648K
}
Event: 0.650 GC heap before
{Heap before GC invocations=7 (full 0):
 def new generation   total 4928K, used 4928K [0x05200000, 0x05750000, 0x0a750000)
  eden space 4416K, 100% used [0x05200000, 0x05650000, 0x05650000)
  from space 512K, 100% used [0x056d0000, 0x05750000, 0x05750000)
  to   space 512K,   0% used [0x05650000, 0x05650000, 0x056d0000)
 tenured generation   total 10944K, used 3968K [0x0a750000, 0x0b200000, 0x15200000)
   the space 10944K,  36% used [0x0a750000, 0x0ab300c8, 0x0ab30200, 0x0b200000)
 Metaspace       used 11343K, capacity 11510K, committed 11520K, reserved 11648K
}
Event: 0.652 GC heap after
{Heap after GC invocations=8 (full 0):
 def new generation   total 4928K, used 512K [0x05200000, 0x05750000, 0x0a750000)
  eden space 4416K,   0% used [0x05200000, 0x05200000, 0x05650000)
  from space 512K, 100% used [0x05650000, 0x056d0000, 0x056d0000)
  to   space 512K,   0% used [0x056d0000, 0x056d0000, 0x05750000)
 tenured generation   total 10944K, used 4467K [0x0a750000, 0x0b200000, 0x15200000)
   the space 10944K,  40% used [0x0a750000, 0x0abaccc0, 0x0abace00, 0x0b200000)
 Metaspace       used 11343K, capacity 11510K, committed 11520K, reserved 11648K
}
Event: 0.715 GC heap before
{Heap before GC invocations=8 (full 0):
 def new generation   total 4928K, used 4928K [0x05200000, 0x05750000, 0x0a750000)
  eden space 4416K, 100% used [0x05200000, 0x05650000, 0x05650000)
  from space 512K, 100% used [0x05650000, 0x056d0000, 0x056d0000)
  to   space 512K,   0% used [0x056d0000, 0x056d0000, 0x05750000)
 tenured generation   total 10944K, used 10697K [0x0a750000, 0x0b200000, 0x15200000)
   the space 10944K,  97% used [0x0a750000, 0x0b1c26b8, 0x0b1c2800, 0x0b200000)
 Metaspace       used 11811K, capacity 12008K, committed 12032K, reserved 12672K
}
Event: 0.724 GC heap after
{Heap after GC invocations=9 (full 1):
 def new generation   total 8768K, used 506K [0x05200000, 0x05b80000, 0x0a750000)
  eden space 7808K,   6% used [0x05200000, 0x0527eb58, 0x059a0000)
  from space 960K,   0% used [0x059a0000, 0x059a0000, 0x05a90000)
  to   space 960K,   0% used [0x05a90000, 0x05a90000, 0x05b80000)
 tenured generation   total 19308K, used 11583K [0x0a750000, 0x0ba2b000, 0x15200000)
   the space 19308K,  59% used [0x0a750000, 0x0b29fff8, 0x0b2a0000, 0x0ba2b000)
 Metaspace       used 11811K, capacity 12008K, committed 12032K, reserved 12672K
}
Event: 0.824 GC heap before
{Heap before GC invocations=9 (full 1):
 def new generation   total 8768K, used 7808K [0x05200000, 0x05b80000, 0x0a750000)
  eden space 7808K, 100% used [0x05200000, 0x059a0000, 0x059a0000)
  from space 960K,   0% used [0x059a0000, 0x059a0000, 0x05a90000)
  to   space 960K,   0% used [0x05a90000, 0x05a90000, 0x05b80000)
 tenured generation   total 19308K, used 11583K [0x0a750000, 0x0ba2b000, 0x15200000)
   the space 19308K,  59% used [0x0a750000, 0x0b29fff8, 0x0b2a0000, 0x0ba2b000)
 Metaspace       used 12725K, capacity 12899K, committed 12928K, reserved 13696K
}
Event: 0.828 GC heap after
{Heap after GC invocations=10 (full 1):
 def new generation   total 8768K, used 960K [0x05200000, 0x05b80000, 0x0a750000)
  eden space 7808K,   0% used [0x05200000, 0x05200000, 0x059a0000)
  from space 960K, 100% used [0x05a90000, 0x05b80000, 0x05b80000)
  to   space 960K,   0% used [0x059a0000, 0x059a0000, 0x05a90000)
 tenured generation   total 19308K, used 11946K [0x0a750000, 0x0ba2b000, 0x15200000)
   the space 19308K,  61% used [0x0a750000, 0x0b2faa70, 0x0b2fac00, 0x0ba2b000)
 Metaspace       used 12725K, capacity 12899K, committed 12928K, reserved 13696K
}
Event: 0.901 GC heap before
{Heap before GC invocations=10 (full 1):
 def new generation   total 8768K, used 8711K [0x05200000, 0x05b80000, 0x0a750000)
  eden space 7808K,  99% used [0x05200000, 0x05991f58, 0x059a0000)
  from space 960K, 100% used [0x05a90000, 0x05b80000, 0x05b80000)
  to   space 960K,   0% used [0x059a0000, 0x059a0000, 0x05a90000)
 tenured generation   total 19308K, used 11946K [0x0a750000, 0x0ba2b000, 0x15200000)
   the space 19308K,  61% used [0x0a750000, 0x0b2faa70, 0x0b2fac00, 0x0ba2b000)
 Metaspace       used 13959K, capacity 14253K, committed 14336K, reserved 14720K
}
Event: 0.904 GC heap after
{Heap after GC invocations=11 (full 1):
 def new generation   total 8768K, used 597K [0x05200000, 0x05b80000, 0x0a750000)
  eden space 7808K,   0% used [0x05200000, 0x05200000, 0x059a0000)
  from space 960K,  62% used [0x059a0000, 0x05a35448, 0x05a90000)
  to   space 960K,   0% used [0x05a90000, 0x05a90000, 0x05b80000)
 tenured generation   total 19308K, used 12898K [0x0a750000, 0x0ba2b000, 0x15200000)
   the space 19308K,  66% used [0x0a750000, 0x0b3e8840, 0x0b3e8a00, 0x0ba2b000)
 Metaspace       used 13959K, capacity 14253K, committed 14336K, reserved 14720K
}
Event: 1.884 GC heap before
{Heap before GC invocations=11 (full 1):
 def new generation   total 8768K, used 8405K [0x05200000, 0x05b80000, 0x0a750000)
  eden space 7808K, 100% used [0x05200000, 0x059a0000, 0x059a0000)
  from space 960K,  62% used [0x059a0000, 0x05a35448, 0x05a90000)
  to   space 960K,   0% used [0x05a90000, 0x05a90000, 0x05b80000)
 tenured generation   total 19308K, used 12898K [0x0a750000, 0x0ba2b000, 0x15200000)
   the space 19308K,  66% used [0x0a750000, 0x0b3e8840, 0x0b3e8a00, 0x0ba2b000)
 Metaspace       used 14810K, capacity 15105K, committed 15232K, reserved 15744K
}
Event: 1.891 GC heap after
{Heap after GC invocations=12 (full 1):
 def new generation   total 8768K, used 960K [0x05200000, 0x05b80000, 0x0a750000)
  eden space 7808K,   0% used [0x05200000, 0x05200000, 0x059a0000)
  from space 960K, 100% used [0x05a90000, 0x05b80000, 0x05b80000)
  to   space 960K,   0% used [0x059a0000, 0x059a0000, 0x05a90000)
 tenured generation   total 19308K, used 14571K [0x0a750000, 0x0ba2b000, 0x15200000)
   the space 19308K,  75% used [0x0a750000, 0x0b58ac48, 0x0b58ae00, 0x0ba2b000)
 Metaspace       used 14810K, capacity 15105K, committed 15232K, reserved 15744K
}
Event: 3.253 GC heap before
{Heap before GC invocations=12 (full 1):
 def new generation   total 8768K, used 8768K [0x05200000, 0x05b80000, 0x0a750000)
  eden space 7808K, 100% used [0x05200000, 0x059a0000, 0x059a0000)
  from space 960K, 100% used [0x05a90000, 0x05b80000, 0x05b80000)
  to   space 960K,   0% used [0x059a0000, 0x059a0000, 0x05a90000)
 tenured generation   total 19308K, used 14571K [0x0a750000, 0x0ba2b000, 0x15200000)
   the space 19308K,  75% used [0x0a750000, 0x0b58ac48, 0x0b58ae00, 0x0ba2b000)
 Metaspace       used 15853K, capacity 16263K, committed 16384K, reserved 16768K
}
Event: 3.256 GC heap after
{Heap after GC invocations=13 (full 1):
 def new generation   total 8768K, used 702K [0x05200000, 0x05b80000, 0x0a750000)
  eden space 7808K,   0% used [0x05200000, 0x05200000, 0x059a0000)
  from space 960K,  73% used [0x059a0000, 0x05a4f830, 0x05a90000)
  to   space 960K,   0% used [0x05a90000, 0x05a90000, 0x05b80000)
 tenured generation   total 19308K, used 15524K [0x0a750000, 0x0ba2b000, 0x15200000)
   the space 19308K,  80% used [0x0a750000, 0x0b679120, 0x0b679200, 0x0ba2b000)
 Metaspace       used 15853K, capacity 16263K, committed 16384K, reserved 16768K
}
Event: 7.296 GC heap before
{Heap before GC invocations=13 (full 1):
 def new generation   total 8768K, used 5323K [0x05200000, 0x05b80000, 0x0a750000)
  eden space 7808K,  59% used [0x05200000, 0x05683718, 0x059a0000)
  from space 960K,  73% used [0x059a0000, 0x05a4f830, 0x05a90000)
  to   space 960K,   0% used [0x05a90000, 0x05a90000, 0x05b80000)
 tenured generation   total 19308K, used 15524K [0x0a750000, 0x0ba2b000, 0x15200000)
   the space 19308K,  80% used [0x0a750000, 0x0b679120, 0x0b679200, 0x0ba2b000)
 Metaspace       used 16002K, capacity 16406K, committed 16512K, reserved 16768K
}
Event: 7.298 GC heap after
{Heap after GC invocations=14 (full 1):
 def new generation   total 8768K, used 527K [0x05200000, 0x05b80000, 0x0a750000)
  eden space 7808K,   0% used [0x05200000, 0x05200000, 0x059a0000)
  from space 960K,  54% used [0x05a90000, 0x05b13d70, 0x05b80000)
  to   space 960K,   0% used [0x059a0000, 0x059a0000, 0x05a90000)
 tenured generation   total 19308K, used 16206K [0x0a750000, 0x0ba2b000, 0x15200000)
   the space 19308K,  83% used [0x0a750000, 0x0b723b90, 0x0b723c00, 0x0ba2b000)
 Metaspace       used 16002K, capacity 16406K, committed 16512K, reserved 16768K
}
Event: 7.357 GC heap before
{Heap before GC invocations=14 (full 1):
 def new generation   total 8768K, used 7576K [0x05200000, 0x05b80000, 0x0a750000)
  eden space 7808K,  90% used [0x05200000, 0x058e2560, 0x059a0000)
  from space 960K,  54% used [0x05a90000, 0x05b13d70, 0x05b80000)
  to   space 960K,   0% used [0x059a0000, 0x059a0000, 0x05a90000)
 tenured generation   total 19308K, used 16206K [0x0a750000, 0x0ba2b000, 0x15200000)
   the space 19308K,  83% used [0x0a750000, 0x0b723b90, 0x0b723c00, 0x0ba2b000)
 Metaspace       used 16004K, capacity 16407K, committed 16512K, reserved 16768K
}
Event: 7.386 GC heap after
{Heap after GC invocations=15 (full 2):
 def new generation   total 16704K, used 0K [0x05200000, 0x06410000, 0x0a750000)
  eden space 14912K,   0% used [0x05200000, 0x05200000, 0x06090000)
  from space 1792K,   0% used [0x06090000, 0x06090000, 0x06250000)
  to   space 1792K,   0% used [0x06250000, 0x06250000, 0x06410000)
 tenured generation   total 36896K, used 22135K [0x0a750000, 0x0cb58000, 0x15200000)
   the space 36896K,  59% used [0x0a750000, 0x0bcedf30, 0x0bcee000, 0x0cb58000)
 Metaspace       used 15775K, capacity 16126K, committed 16512K, reserved 16768K
}

