# JRE version: OpenJDK Runtime Environment Temurin-11.0.21+9 (11.0.21+9) (build 11.0.21+9)
# Java VM: OpenJDK Client VM Temurin-11.0.21+9 (11.0.21+9, mixed mode, serial gc, windows-x86)
Heap:
 def new generation   total 16512K, used 1916K [0x05000000, 0x061e0000, 0x0a550000)
  eden space 14720K,  13% used [0x05000000, 0x051df270, 0x05e60000)
  from space 1792K,   0% used [0x05e60000, 0x05e60000, 0x06020000)
  to   space 1792K,   0% used [0x06020000, 0x06020000, 0x061e0000)
 tenured generation   total 36536K, used 21920K [0x0a550000, 0x0c8fe000, 0x15000000)
   the space 36536K,  59% used [0x0a550000, 0x0bab8148, 0x0bab8200, 0x0c8fe000)
 Metaspace       used 15802K, capacity 16147K, committed 16512K, reserved 16768K
GC Heap History (20 events):
Event: 0.544 GC heap before
{Heap before GC invocations=5 (full 0):
 def new generation   total 4928K, used 4908K [0x05000000, 0x05550000, 0x0a550000)
  eden space 4416K,  99% used [0x05000000, 0x0544fdc8, 0x05450000)
  from space 512K,  96% used [0x054d0000, 0x0554b390, 0x05550000)
  to   space 512K,   0% used [0x05450000, 0x05450000, 0x054d0000)
 tenured generation   total 10944K, used 2494K [0x0a550000, 0x0b000000, 0x15000000)
   the space 10944K,  22% used [0x0a550000, 0x0a7bf9d8, 0x0a7bfa00, 0x0b000000)
 Metaspace       used 8868K, capacity 8989K, committed 9088K, reserved 9600K
}
Event: 0.545 GC heap after
{Heap after GC invocations=6 (full 0):
 def new generation   total 4928K, used 512K [0x05000000, 0x05550000, 0x0a550000)
  eden space 4416K,   0% used [0x05000000, 0x05000000, 0x05450000)
  from space 512K, 100% used [0x05450000, 0x054d0000, 0x054d0000)
  to   space 512K,   0% used [0x054d0000, 0x054d0000, 0x05550000)
 tenured generation   total 10944K, used 3008K [0x0a550000, 0x0b000000, 0x15000000)
   the space 10944K,  27% used [0x0a550000, 0x0a840048, 0x0a840200, 0x0b000000)
 Metaspace       used 8868K, capacity 8989K, committed 9088K, reserved 9600K
}
Event: 0.597 GC heap before
{Heap before GC invocations=6 (full 0):
 def new generation   total 4928K, used 4928K [0x05000000, 0x05550000, 0x0a550000)
  eden space 4416K, 100% used [0x05000000, 0x05450000, 0x05450000)
  from space 512K, 100% used [0x05450000, 0x054d0000, 0x054d0000)
  to   space 512K,   0% used [0x054d0000, 0x054d0000, 0x05550000)
 tenured generation   total 10944K, used 3008K [0x0a550000, 0x0b000000, 0x15000000)
   the space 10944K,  27% used [0x0a550000, 0x0a840048, 0x0a840200, 0x0b000000)
 Metaspace       used 10556K, capacity 10734K, committed 10752K, reserved 11648K
}
Event: 0.599 GC heap after
{Heap after GC invocations=7 (full 0):
 def new generation   total 4928K, used 512K [0x05000000, 0x05550000, 0x0a550000)
  eden space 4416K,   0% used [0x05000000, 0x05000000, 0x05450000)
  from space 512K, 100% used [0x054d0000, 0x05550000, 0x05550000)
  to   space 512K,   0% used [0x05450000, 0x05450000, 0x054d0000)
 tenured generation   total 10944K, used 3921K [0x0a550000, 0x0b000000, 0x15000000)
   the space 10944K,  35% used [0x0a550000, 0x0a9244f8, 0x0a924600, 0x0b000000)
 Metaspace       used 10556K, capacity 10734K, committed 10752K, reserved 11648K
}
Event: 0.649 GC heap before
{Heap before GC invocations=7 (full 0):
 def new generation   total 4928K, used 4928K [0x05000000, 0x05550000, 0x0a550000)
  eden space 4416K, 100% used [0x05000000, 0x05450000, 0x05450000)
  from space 512K, 100% used [0x054d0000, 0x05550000, 0x05550000)
  to   space 512K,   0% used [0x05450000, 0x05450000, 0x054d0000)
 tenured generation   total 10944K, used 3921K [0x0a550000, 0x0b000000, 0x15000000)
   the space 10944K,  35% used [0x0a550000, 0x0a9244f8, 0x0a924600, 0x0b000000)
 Metaspace       used 11343K, capacity 11510K, committed 11520K, reserved 11648K
}
Event: 0.650 GC heap after
{Heap after GC invocations=8 (full 0):
 def new generation   total 4928K, used 511K [0x05000000, 0x05550000, 0x0a550000)
  eden space 4416K,   0% used [0x05000000, 0x05000000, 0x05450000)
  from space 512K,  99% used [0x05450000, 0x054cfff8, 0x054d0000)
  to   space 512K,   0% used [0x054d0000, 0x054d0000, 0x05550000)
 tenured generation   total 10944K, used 4427K [0x0a550000, 0x0b000000, 0x15000000)
   the space 10944K,  40% used [0x0a550000, 0x0a9a2f00, 0x0a9a3000, 0x0b000000)
 Metaspace       used 11343K, capacity 11510K, committed 11520K, reserved 11648K
}
Event: 0.726 GC heap before
{Heap before GC invocations=8 (full 0):
 def new generation   total 4928K, used 4927K [0x05000000, 0x05550000, 0x0a550000)
  eden space 4416K, 100% used [0x05000000, 0x05450000, 0x05450000)
  from space 512K,  99% used [0x05450000, 0x054cfff8, 0x054d0000)
  to   space 512K,   0% used [0x054d0000, 0x054d0000, 0x05550000)
 tenured generation   total 10944K, used 10658K [0x0a550000, 0x0b000000, 0x15000000)
   the space 10944K,  97% used [0x0a550000, 0x0afb88f8, 0x0afb8a00, 0x0b000000)
 Metaspace       used 11791K, capacity 11976K, committed 12032K, reserved 12672K
}
Event: 0.736 GC heap after
{Heap after GC invocations=9 (full 1):
 def new generation   total 8768K, used 507K [0x05000000, 0x05980000, 0x0a550000)
  eden space 7808K,   6% used [0x05000000, 0x0507ec18, 0x057a0000)
  from space 960K,   0% used [0x057a0000, 0x057a0000, 0x05890000)
  to   space 960K,   0% used [0x05890000, 0x05890000, 0x05980000)
 tenured generation   total 19308K, used 11583K [0x0a550000, 0x0b82b000, 0x15000000)
   the space 19308K,  59% used [0x0a550000, 0x0b09ffc0, 0x0b0a0000, 0x0b82b000)
 Metaspace       used 11791K, capacity 11976K, committed 12032K, reserved 12672K
}
Event: 0.856 GC heap before
{Heap before GC invocations=9 (full 1):
 def new generation   total 8768K, used 7808K [0x05000000, 0x05980000, 0x0a550000)
  eden space 7808K, 100% used [0x05000000, 0x057a0000, 0x057a0000)
  from space 960K,   0% used [0x057a0000, 0x057a0000, 0x05890000)
  to   space 960K,   0% used [0x05890000, 0x05890000, 0x05980000)
 tenured generation   total 19308K, used 11583K [0x0a550000, 0x0b82b000, 0x15000000)
   the space 19308K,  59% used [0x0a550000, 0x0b09ffc0, 0x0b0a0000, 0x0b82b000)
 Metaspace       used 12715K, capacity 12899K, committed 12928K, reserved 13696K
}
Event: 0.861 GC heap after
{Heap after GC invocations=10 (full 1):
 def new generation   total 8768K, used 960K [0x05000000, 0x05980000, 0x0a550000)
  eden space 7808K,   0% used [0x05000000, 0x05000000, 0x057a0000)
  from space 960K, 100% used [0x05890000, 0x05980000, 0x05980000)
  to   space 960K,   0% used [0x057a0000, 0x057a0000, 0x05890000)
 tenured generation   total 19308K, used 11946K [0x0a550000, 0x0b82b000, 0x15000000)
   the space 19308K,  61% used [0x0a550000, 0x0b0fa9a8, 0x0b0faa00, 0x0b82b000)
 Metaspace       used 12715K, capacity 12899K, committed 12928K, reserved 13696K
}
Event: 0.940 GC heap before
{Heap before GC invocations=10 (full 1):
 def new generation   total 8768K, used 8730K [0x05000000, 0x05980000, 0x0a550000)
  eden space 7808K,  99% used [0x05000000, 0x05796ad8, 0x057a0000)
  from space 960K, 100% used [0x05890000, 0x05980000, 0x05980000)
  to   space 960K,   0% used [0x057a0000, 0x057a0000, 0x05890000)
 tenured generation   total 19308K, used 11946K [0x0a550000, 0x0b82b000, 0x15000000)
   the space 19308K,  61% used [0x0a550000, 0x0b0fa9a8, 0x0b0faa00, 0x0b82b000)
 Metaspace       used 13957K, capacity 14253K, committed 14336K, reserved 14720K
}
Event: 0.944 GC heap after
{Heap after GC invocations=11 (full 1):
 def new generation   total 8768K, used 598K [0x05000000, 0x05980000, 0x0a550000)
  eden space 7808K,   0% used [0x05000000, 0x05000000, 0x057a0000)
  from space 960K,  62% used [0x057a0000, 0x05835920, 0x05890000)
  to   space 960K,   0% used [0x05890000, 0x05890000, 0x05980000)
 tenured generation   total 19308K, used 12898K [0x0a550000, 0x0b82b000, 0x15000000)
   the space 19308K,  66% used [0x0a550000, 0x0b1e8980, 0x0b1e8a00, 0x0b82b000)
 Metaspace       used 13957K, capacity 14253K, committed 14336K, reserved 14720K
}
Event: 1.896 GC heap before
{Heap before GC invocations=11 (full 1):
 def new generation   total 8768K, used 8405K [0x05000000, 0x05980000, 0x0a550000)
  eden space 7808K,  99% used [0x05000000, 0x0579fea0, 0x057a0000)
  from space 960K,  62% used [0x057a0000, 0x05835920, 0x05890000)
  to   space 960K,   0% used [0x05890000, 0x05890000, 0x05980000)
 tenured generation   total 19308K, used 12898K [0x0a550000, 0x0b82b000, 0x15000000)
   the space 19308K,  66% used [0x0a550000, 0x0b1e8980, 0x0b1e8a00, 0x0b82b000)
 Metaspace       used 14793K, capacity 15104K, committed 15104K, reserved 15744K
}
Event: 1.901 GC heap after
{Heap after GC invocations=12 (full 1):
 def new generation   total 8768K, used 960K [0x05000000, 0x05980000, 0x0a550000)
  eden space 7808K,   0% used [0x05000000, 0x05000000, 0x057a0000)
  from space 960K, 100% used [0x05890000, 0x05980000, 0x05980000)
  to   space 960K,   0% used [0x057a0000, 0x057a0000, 0x05890000)
 tenured generation   total 19308K, used 14566K [0x0a550000, 0x0b82b000, 0x15000000)
   the space 19308K,  75% used [0x0a550000, 0x0b3899c0, 0x0b389a00, 0x0b82b000)
 Metaspace       used 14793K, capacity 15104K, committed 15104K, reserved 15744K
}
Event: 2.704 GC heap before
{Heap before GC invocations=12 (full 1):
 def new generation   total 8768K, used 8768K [0x05000000, 0x05980000, 0x0a550000)
  eden space 7808K, 100% used [0x05000000, 0x057a0000, 0x057a0000)
  from space 960K, 100% used [0x05890000, 0x05980000, 0x05980000)
  to   space 960K,   0% used [0x057a0000, 0x057a0000, 0x05890000)
 tenured generation   total 19308K, used 14566K [0x0a550000, 0x0b82b000, 0x15000000)
   the space 19308K,  75% used [0x0a550000, 0x0b3899c0, 0x0b389a00, 0x0b82b000)
 Metaspace       used 15864K, capacity 16257K, committed 16384K, reserved 16768K
}
Event: 2.710 GC heap after
{Heap after GC invocations=13 (full 1):
 def new generation   total 8768K, used 672K [0x05000000, 0x05980000, 0x0a550000)
  eden space 7808K,   0% used [0x05000000, 0x05000000, 0x057a0000)
  from space 960K,  70% used [0x057a0000, 0x05848080, 0x05890000)
  to   space 960K,   0% used [0x05890000, 0x05890000, 0x05980000)
 tenured generation   total 19308K, used 15520K [0x0a550000, 0x0b82b000, 0x15000000)
   the space 19308K,  80% used [0x0a550000, 0x0b4782d8, 0x0b478400, 0x0b82b000)
 Metaspace       used 15864K, capacity 16257K, committed 16384K, reserved 16768K
}
Event: 9.025 GC heap before
{Heap before GC invocations=13 (full 1):
 def new generation   total 8768K, used 6117K [0x05000000, 0x05980000, 0x0a550000)
  eden space 7808K,  69% used [0x05000000, 0x05551660, 0x057a0000)
  from space 960K,  70% used [0x057a0000, 0x05848080, 0x05890000)
  to   space 960K,   0% used [0x05890000, 0x05890000, 0x05980000)
 tenured generation   total 19308K, used 15520K [0x0a550000, 0x0b82b000, 0x15000000)
   the space 19308K,  80% used [0x0a550000, 0x0b4782d8, 0x0b478400, 0x0b82b000)
 Metaspace       used 16004K, capacity 16400K, committed 16512K, reserved 16768K
}
Event: 9.027 GC heap after
{Heap after GC invocations=14 (full 1):
 def new generation   total 8768K, used 354K [0x05000000, 0x05980000, 0x0a550000)
  eden space 7808K,   0% used [0x05000000, 0x05000000, 0x057a0000)
  from space 960K,  36% used [0x05890000, 0x058e8af0, 0x05980000)
  to   space 960K,   0% used [0x057a0000, 0x057a0000, 0x05890000)
 tenured generation   total 19308K, used 16176K [0x0a550000, 0x0b82b000, 0x15000000)
   the space 19308K,  83% used [0x0a550000, 0x0b51c000, 0x0b51c000, 0x0b82b000)
 Metaspace       used 16004K, capacity 16400K, committed 16512K, reserved 16768K
}
Event: 9.096 GC heap before
{Heap before GC invocations=14 (full 1):
 def new generation   total 8768K, used 7410K [0x05000000, 0x05980000, 0x0a550000)
  eden space 7808K,  90% used [0x05000000, 0x056e4080, 0x057a0000)
  from space 960K,  36% used [0x05890000, 0x058e8af0, 0x05980000)
  to   space 960K,   0% used [0x057a0000, 0x057a0000, 0x05890000)
 tenured generation   total 19308K, used 16176K [0x0a550000, 0x0b82b000, 0x15000000)
   the space 19308K,  83% used [0x0a550000, 0x0b51c000, 0x0b51c000, 0x0b82b000)
 Metaspace       used 16006K, capacity 16401K, committed 16512K, reserved 16768K
}
Event: 9.124 GC heap after
{Heap after GC invocations=15 (full 2):
 def new generation   total 16512K, used 0K [0x05000000, 0x061e0000, 0x0a550000)
  eden space 14720K,   0% used [0x05000000, 0x05000000, 0x05e60000)
  from space 1792K,   0% used [0x05e60000, 0x05e60000, 0x06020000)
  to   space 1792K,   0% used [0x06020000, 0x06020000, 0x061e0000)
 tenured generation   total 36536K, used 21920K [0x0a550000, 0x0c8fe000, 0x15000000)
   the space 36536K,  59% used [0x0a550000, 0x0bab8148, 0x0bab8200, 0x0c8fe000)
 Metaspace       used 15777K, capacity 16120K, committed 16512K, reserved 16768K
}

