# JRE version: OpenJDK Runtime Environment Temurin-11.0.21+9 (11.0.21+9) (build 11.0.21+9)
# Java VM: OpenJDK Client VM Temurin-11.0.21+9 (11.0.21+9, mixed mode, serial gc, windows-x86)
Heap:
 def new generation   total 8768K, used 7885K [0x05200000, 0x05b80000, 0x0a750000)
  eden space 7808K,  97% used [0x05200000, 0x059743b8, 0x059a0000)
  from space 960K,  26% used [0x05a90000, 0x05acf0b0, 0x05b80000)
  to   space 960K,   0% used [0x059a0000, 0x059a0000, 0x05a90000)
 tenured generation   total 19308K, used 15855K [0x0a750000, 0x0ba2b000, 0x15200000)
   the space 19308K,  82% used [0x0a750000, 0x0b6cbe80, 0x0b6cc000, 0x0ba2b000)
 Metaspace       used 14992K, capacity 15323K, committed 15360K, reserved 15744K
GC Heap History (20 events):
Event: 0.486 GC heap before
{Heap before GC invocations=4 (full 0):
 def new generation   total 4928K, used 4666K [0x05200000, 0x05750000, 0x0a750000)
  eden space 4416K, 100% used [0x05200000, 0x05650000, 0x05650000)
  from space 512K,  48% used [0x05650000, 0x0568ead0, 0x056d0000)
  to   space 512K,   0% used [0x056d0000, 0x056d0000, 0x05750000)
 tenured generation   total 10944K, used 2046K [0x0a750000, 0x0b200000, 0x15200000)
   the space 10944K,  18% used [0x0a750000, 0x0a94f9c8, 0x0a94fa00, 0x0b200000)
 Metaspace       used 7710K, capacity 7841K, committed 7936K, reserved 8576K
}
Event: 0.487 GC heap after
{Heap after GC invocations=5 (full 0):
 def new generation   total 4928K, used 419K [0x05200000, 0x05750000, 0x0a750000)
  eden space 4416K,   0% used [0x05200000, 0x05200000, 0x05650000)
  from space 512K,  81% used [0x056d0000, 0x05738d48, 0x05750000)
  to   space 512K,   0% used [0x05650000, 0x05650000, 0x056d0000)
 tenured generation   total 10944K, used 2494K [0x0a750000, 0x0b200000, 0x15200000)
   the space 10944K,  22% used [0x0a750000, 0x0a9bf9d8, 0x0a9bfa00, 0x0b200000)
 Metaspace       used 7710K, capacity 7841K, committed 7936K, reserved 8576K
}
Event: 0.527 GC heap before
{Heap before GC invocations=5 (full 0):
 def new generation   total 4928K, used 4829K [0x05200000, 0x05750000, 0x0a750000)
  eden space 4416K,  99% used [0x05200000, 0x0564e9f0, 0x05650000)
  from space 512K,  81% used [0x056d0000, 0x05738d48, 0x05750000)
  to   space 512K,   0% used [0x05650000, 0x05650000, 0x056d0000)
 tenured generation   total 10944K, used 2494K [0x0a750000, 0x0b200000, 0x15200000)
   the space 10944K,  22% used [0x0a750000, 0x0a9bf9d8, 0x0a9bfa00, 0x0b200000)
 Metaspace       used 8922K, capacity 9053K, committed 9088K, reserved 9600K
}
Event: 0.528 GC heap after
{Heap after GC invocations=6 (full 0):
 def new generation   total 4928K, used 512K [0x05200000, 0x05750000, 0x0a750000)
  eden space 4416K,   0% used [0x05200000, 0x05200000, 0x05650000)
  from space 512K, 100% used [0x05650000, 0x056d0000, 0x056d0000)
  to   space 512K,   0% used [0x056d0000, 0x056d0000, 0x05750000)
 tenured generation   total 10944K, used 2942K [0x0a750000, 0x0b200000, 0x15200000)
   the space 10944K,  26% used [0x0a750000, 0x0aa2f9e8, 0x0aa2fa00, 0x0b200000)
 Metaspace       used 8922K, capacity 9053K, committed 9088K, reserved 9600K
}
Event: 0.584 GC heap before
{Heap before GC invocations=6 (full 0):
 def new generation   total 4928K, used 4927K [0x05200000, 0x05750000, 0x0a750000)
  eden space 4416K,  99% used [0x05200000, 0x0564fc88, 0x05650000)
  from space 512K, 100% used [0x05650000, 0x056d0000, 0x056d0000)
  to   space 512K,   0% used [0x056d0000, 0x056d0000, 0x05750000)
 tenured generation   total 10944K, used 2942K [0x0a750000, 0x0b200000, 0x15200000)
   the space 10944K,  26% used [0x0a750000, 0x0aa2f9e8, 0x0aa2fa00, 0x0b200000)
 Metaspace       used 10560K, capacity 10734K, committed 10752K, reserved 11648K
}
Event: 0.586 GC heap after
{Heap after GC invocations=7 (full 0):
 def new generation   total 4928K, used 512K [0x05200000, 0x05750000, 0x0a750000)
  eden space 4416K,   0% used [0x05200000, 0x05200000, 0x05650000)
  from space 512K, 100% used [0x056d0000, 0x05750000, 0x05750000)
  to   space 512K,   0% used [0x05650000, 0x05650000, 0x056d0000)
 tenured generation   total 10944K, used 3988K [0x0a750000, 0x0b200000, 0x15200000)
   the space 10944K,  36% used [0x0a750000, 0x0ab35108, 0x0ab35200, 0x0b200000)
 Metaspace       used 10560K, capacity 10734K, committed 10752K, reserved 11648K
}
Event: 0.631 GC heap before
{Heap before GC invocations=7 (full 0):
 def new generation   total 4928K, used 4927K [0x05200000, 0x05750000, 0x0a750000)
  eden space 4416K,  99% used [0x05200000, 0x0564fff8, 0x05650000)
  from space 512K, 100% used [0x056d0000, 0x05750000, 0x05750000)
  to   space 512K,   0% used [0x05650000, 0x05650000, 0x056d0000)
 tenured generation   total 10944K, used 3988K [0x0a750000, 0x0b200000, 0x15200000)
   the space 10944K,  36% used [0x0a750000, 0x0ab35108, 0x0ab35200, 0x0b200000)
 Metaspace       used 11344K, capacity 11510K, committed 11520K, reserved 11648K
}
Event: 0.632 GC heap after
{Heap after GC invocations=8 (full 0):
 def new generation   total 4928K, used 512K [0x05200000, 0x05750000, 0x0a750000)
  eden space 4416K,   0% used [0x05200000, 0x05200000, 0x05650000)
  from space 512K, 100% used [0x05650000, 0x056d0000, 0x056d0000)
  to   space 512K,   0% used [0x056d0000, 0x056d0000, 0x05750000)
 tenured generation   total 10944K, used 4483K [0x0a750000, 0x0b200000, 0x15200000)
   the space 10944K,  40% used [0x0a750000, 0x0abb0cd0, 0x0abb0e00, 0x0b200000)
 Metaspace       used 11344K, capacity 11510K, committed 11520K, reserved 11648K
}
Event: 0.696 GC heap before
{Heap before GC invocations=8 (full 0):
 def new generation   total 4928K, used 4928K [0x05200000, 0x05750000, 0x0a750000)
  eden space 4416K, 100% used [0x05200000, 0x05650000, 0x05650000)
  from space 512K, 100% used [0x05650000, 0x056d0000, 0x056d0000)
  to   space 512K,   0% used [0x056d0000, 0x056d0000, 0x05750000)
 tenured generation   total 10944K, used 10713K [0x0a750000, 0x0b200000, 0x15200000)
   the space 10944K,  97% used [0x0a750000, 0x0b1c66c8, 0x0b1c6800, 0x0b200000)
 Metaspace       used 11813K, capacity 12008K, committed 12032K, reserved 12672K
}
Event: 0.707 GC heap after
{Heap after GC invocations=9 (full 1):
 def new generation   total 8768K, used 511K [0x05200000, 0x05b80000, 0x0a750000)
  eden space 7808K,   6% used [0x05200000, 0x0527fe68, 0x059a0000)
  from space 960K,   0% used [0x059a0000, 0x059a0000, 0x05a90000)
  to   space 960K,   0% used [0x05a90000, 0x05a90000, 0x05b80000)
 tenured generation   total 19308K, used 11583K [0x0a750000, 0x0ba2b000, 0x15200000)
   the space 19308K,  59% used [0x0a750000, 0x0b29ffb0, 0x0b2a0000, 0x0ba2b000)
 Metaspace       used 11813K, capacity 12008K, committed 12032K, reserved 12672K
}
Event: 0.819 GC heap before
{Heap before GC invocations=9 (full 1):
 def new generation   total 8768K, used 7808K [0x05200000, 0x05b80000, 0x0a750000)
  eden space 7808K, 100% used [0x05200000, 0x059a0000, 0x059a0000)
  from space 960K,   0% used [0x059a0000, 0x059a0000, 0x05a90000)
  to   space 960K,   0% used [0x05a90000, 0x05a90000, 0x05b80000)
 tenured generation   total 19308K, used 11583K [0x0a750000, 0x0ba2b000, 0x15200000)
   the space 19308K,  59% used [0x0a750000, 0x0b29ffb0, 0x0b2a0000, 0x0ba2b000)
 Metaspace       used 12727K, capacity 12899K, committed 12928K, reserved 13696K
}
Event: 0.824 GC heap after
{Heap after GC invocations=10 (full 1):
 def new generation   total 8768K, used 960K [0x05200000, 0x05b80000, 0x0a750000)
  eden space 7808K,   0% used [0x05200000, 0x05200000, 0x059a0000)
  from space 960K, 100% used [0x05a90000, 0x05b80000, 0x05b80000)
  to   space 960K,   0% used [0x059a0000, 0x059a0000, 0x05a90000)
 tenured generation   total 19308K, used 11952K [0x0a750000, 0x0ba2b000, 0x15200000)
   the space 19308K,  61% used [0x0a750000, 0x0b2fc118, 0x0b2fc200, 0x0ba2b000)
 Metaspace       used 12727K, capacity 12899K, committed 12928K, reserved 13696K
}
Event: 0.909 GC heap before
{Heap before GC invocations=10 (full 1):
 def new generation   total 8768K, used 8654K [0x05200000, 0x05b80000, 0x0a750000)
  eden space 7808K,  98% used [0x05200000, 0x05983a80, 0x059a0000)
  from space 960K, 100% used [0x05a90000, 0x05b80000, 0x05b80000)
  to   space 960K,   0% used [0x059a0000, 0x059a0000, 0x05a90000)
 tenured generation   total 19308K, used 11952K [0x0a750000, 0x0ba2b000, 0x15200000)
   the space 19308K,  61% used [0x0a750000, 0x0b2fc118, 0x0b2fc200, 0x0ba2b000)
 Metaspace       used 13958K, capacity 14253K, committed 14336K, reserved 14720K
}
Event: 0.913 GC heap after
{Heap after GC invocations=11 (full 1):
 def new generation   total 8768K, used 596K [0x05200000, 0x05b80000, 0x0a750000)
  eden space 7808K,   0% used [0x05200000, 0x05200000, 0x059a0000)
  from space 960K,  62% used [0x059a0000, 0x05a351f8, 0x05a90000)
  to   space 960K,   0% used [0x05a90000, 0x05a90000, 0x05b80000)
 tenured generation   total 19308K, used 12902K [0x0a750000, 0x0ba2b000, 0x15200000)
   the space 19308K,  66% used [0x0a750000, 0x0b3e98e8, 0x0b3e9a00, 0x0ba2b000)
 Metaspace       used 13958K, capacity 14253K, committed 14336K, reserved 14720K
}
Event: 2.326 GC heap before
{Heap before GC invocations=11 (full 1):
 def new generation   total 8768K, used 8404K [0x05200000, 0x05b80000, 0x0a750000)
  eden space 7808K, 100% used [0x05200000, 0x059a0000, 0x059a0000)
  from space 960K,  62% used [0x059a0000, 0x05a351f8, 0x05a90000)
  to   space 960K,   0% used [0x05a90000, 0x05a90000, 0x05b80000)
 tenured generation   total 19308K, used 12902K [0x0a750000, 0x0ba2b000, 0x15200000)
   the space 19308K,  66% used [0x0a750000, 0x0b3e98e8, 0x0b3e9a00, 0x0ba2b000)
 Metaspace       used 14760K, capacity 15072K, committed 15104K, reserved 15744K
}
Event: 2.330 GC heap after
{Heap after GC invocations=12 (full 1):
 def new generation   total 8768K, used 960K [0x05200000, 0x05b80000, 0x0a750000)
  eden space 7808K,   0% used [0x05200000, 0x05200000, 0x059a0000)
  from space 960K, 100% used [0x05a90000, 0x05b80000, 0x05b80000)
  to   space 960K,   0% used [0x059a0000, 0x059a0000, 0x05a90000)
 tenured generation   total 19308K, used 14565K [0x0a750000, 0x0ba2b000, 0x15200000)
   the space 19308K,  75% used [0x0a750000, 0x0b589690, 0x0b589800, 0x0ba2b000)
 Metaspace       used 14760K, capacity 15072K, committed 15104K, reserved 15744K
}
Event: 25.004 GC heap before
{Heap before GC invocations=12 (full 1):
 def new generation   total 8768K, used 8768K [0x05200000, 0x05b80000, 0x0a750000)
  eden space 7808K, 100% used [0x05200000, 0x059a0000, 0x059a0000)
  from space 960K, 100% used [0x05a90000, 0x05b80000, 0x05b80000)
  to   space 960K,   0% used [0x059a0000, 0x059a0000, 0x05a90000)
 tenured generation   total 19308K, used 14565K [0x0a750000, 0x0ba2b000, 0x15200000)
   the space 19308K,  75% used [0x0a750000, 0x0b589690, 0x0b589800, 0x0ba2b000)
 Metaspace       used 14957K, capacity 15260K, committed 15360K, reserved 15744K
}
Event: 25.007 GC heap after
{Heap after GC invocations=13 (full 1):
 def new generation   total 8768K, used 670K [0x05200000, 0x05b80000, 0x0a750000)
  eden space 7808K,   0% used [0x05200000, 0x05200000, 0x059a0000)
  from space 960K,  69% used [0x059a0000, 0x05a47a18, 0x05a90000)
  to   space 960K,   0% used [0x05a90000, 0x05a90000, 0x05b80000)
 tenured generation   total 19308K, used 15516K [0x0a750000, 0x0ba2b000, 0x15200000)
   the space 19308K,  80% used [0x0a750000, 0x0b6773d8, 0x0b677400, 0x0ba2b000)
 Metaspace       used 14957K, capacity 15260K, committed 15360K, reserved 15744K
}
Event: 45.577 GC heap before
{Heap before GC invocations=13 (full 1):
 def new generation   total 8768K, used 6190K [0x05200000, 0x05b80000, 0x0a750000)
  eden space 7808K,  70% used [0x05200000, 0x057641c0, 0x059a0000)
  from space 960K,  69% used [0x059a0000, 0x05a47a18, 0x05a90000)
  to   space 960K,   0% used [0x05a90000, 0x05a90000, 0x05b80000)
 tenured generation   total 19308K, used 15516K [0x0a750000, 0x0ba2b000, 0x15200000)
   the space 19308K,  80% used [0x0a750000, 0x0b6773d8, 0x0b677400, 0x0ba2b000)
 Metaspace       used 14980K, capacity 15283K, committed 15360K, reserved 15744K
}
Event: 45.578 GC heap after
{Heap after GC invocations=14 (full 1):
 def new generation   total 8768K, used 252K [0x05200000, 0x05b80000, 0x0a750000)
  eden space 7808K,   0% used [0x05200000, 0x05200000, 0x059a0000)
  from space 960K,  26% used [0x05a90000, 0x05acf0b0, 0x05b80000)
  to   space 960K,   0% used [0x059a0000, 0x059a0000, 0x05a90000)
 tenured generation   total 19308K, used 15855K [0x0a750000, 0x0ba2b000, 0x15200000)
   the space 19308K,  82% used [0x0a750000, 0x0b6cbe80, 0x0b6cc000, 0x0ba2b000)
 Metaspace       used 14980K, capacity 15283K, committed 15360K, reserved 15744K
}

