# JRE version: OpenJDK Runtime Environment Temurin-11.0.21+9 (11.0.21+9) (build 11.0.21+9)
# Java VM: OpenJDK Client VM Temurin-11.0.21+9 (11.0.21+9, mixed mode, serial gc, windows-x86)
Heap:
 def new generation   total 14336K, used 9475K [0x04c00000, 0x05b80000, 0x0a150000)
  eden space 12800K,  62% used [0x04c00000, 0x053c0e78, 0x05880000)
  from space 1536K,  99% used [0x05a00000, 0x05b7fff8, 0x05b80000)
  to   space 1536K,   0% used [0x05880000, 0x05880000, 0x05a00000)
 tenured generation   total 31656K, used 24902K [0x0a150000, 0x0c03a000, 0x14c00000)
   the space 31656K,  78% used [0x0a150000, 0x0b9a1970, 0x0b9a1a00, 0x0c03a000)
 Metaspace       used 16584K, capacity 16990K, committed 17280K, reserved 17792K
GC Heap History (20 events):
Event: 0.786 GC heap before
{Heap before GC invocations=9 (full 1):
 def new generation   total 8768K, used 7808K [0x04c00000, 0x05580000, 0x0a150000)
  eden space 7808K, 100% used [0x04c00000, 0x053a0000, 0x053a0000)
  from space 960K,   0% used [0x053a0000, 0x053a0000, 0x05490000)
  to   space 960K,   0% used [0x05490000, 0x05490000, 0x05580000)
 tenured generation   total 19308K, used 11584K [0x0a150000, 0x0b42b000, 0x14c00000)
   the space 19308K,  59% used [0x0a150000, 0x0aca0000, 0x0aca0000, 0x0b42b000)
 Metaspace       used 12721K, capacity 12899K, committed 12928K, reserved 13696K
}
Event: 0.790 GC heap after
{Heap after GC invocations=10 (full 1):
 def new generation   total 8768K, used 960K [0x04c00000, 0x05580000, 0x0a150000)
  eden space 7808K,   0% used [0x04c00000, 0x04c00000, 0x053a0000)
  from space 960K, 100% used [0x05490000, 0x05580000, 0x05580000)
  to   space 960K,   0% used [0x053a0000, 0x053a0000, 0x05490000)
 tenured generation   total 19308K, used 11945K [0x0a150000, 0x0b42b000, 0x14c00000)
   the space 19308K,  61% used [0x0a150000, 0x0acfa498, 0x0acfa600, 0x0b42b000)
 Metaspace       used 12721K, capacity 12899K, committed 12928K, reserved 13696K
}
Event: 0.869 GC heap before
{Heap before GC invocations=10 (full 1):
 def new generation   total 8768K, used 8768K [0x04c00000, 0x05580000, 0x0a150000)
  eden space 7808K, 100% used [0x04c00000, 0x053a0000, 0x053a0000)
  from space 960K, 100% used [0x05490000, 0x05580000, 0x05580000)
  to   space 960K,   0% used [0x053a0000, 0x053a0000, 0x05490000)
 tenured generation   total 19308K, used 11945K [0x0a150000, 0x0b42b000, 0x14c00000)
   the space 19308K,  61% used [0x0a150000, 0x0acfa498, 0x0acfa600, 0x0b42b000)
 Metaspace       used 13962K, capacity 14253K, committed 14336K, reserved 14720K
}
Event: 0.874 GC heap after
{Heap after GC invocations=11 (full 1):
 def new generation   total 8768K, used 599K [0x04c00000, 0x05580000, 0x0a150000)
  eden space 7808K,   0% used [0x04c00000, 0x04c00000, 0x053a0000)
  from space 960K,  62% used [0x053a0000, 0x05435eb0, 0x05490000)
  to   space 960K,   0% used [0x05490000, 0x05490000, 0x05580000)
 tenured generation   total 19308K, used 12898K [0x0a150000, 0x0b42b000, 0x14c00000)
   the space 19308K,  66% used [0x0a150000, 0x0ade8bc0, 0x0ade8c00, 0x0b42b000)
 Metaspace       used 13962K, capacity 14253K, committed 14336K, reserved 14720K
}
Event: 6.553 GC heap before
{Heap before GC invocations=11 (full 1):
 def new generation   total 8768K, used 8407K [0x04c00000, 0x05580000, 0x0a150000)
  eden space 7808K, 100% used [0x04c00000, 0x053a0000, 0x053a0000)
  from space 960K,  62% used [0x053a0000, 0x05435eb0, 0x05490000)
  to   space 960K,   0% used [0x05490000, 0x05490000, 0x05580000)
 tenured generation   total 19308K, used 12898K [0x0a150000, 0x0b42b000, 0x14c00000)
   the space 19308K,  66% used [0x0a150000, 0x0ade8bc0, 0x0ade8c00, 0x0b42b000)
 Metaspace       used 14800K, capacity 15111K, committed 15232K, reserved 15744K
}
Event: 6.558 GC heap after
{Heap after GC invocations=12 (full 1):
 def new generation   total 8768K, used 960K [0x04c00000, 0x05580000, 0x0a150000)
  eden space 7808K,   0% used [0x04c00000, 0x04c00000, 0x053a0000)
  from space 960K, 100% used [0x05490000, 0x05580000, 0x05580000)
  to   space 960K,   0% used [0x053a0000, 0x053a0000, 0x05490000)
 tenured generation   total 19308K, used 14614K [0x0a150000, 0x0b42b000, 0x14c00000)
   the space 19308K,  75% used [0x0a150000, 0x0af95ab0, 0x0af95c00, 0x0b42b000)
 Metaspace       used 14800K, capacity 15111K, committed 15232K, reserved 15744K
}
Event: 8.288 GC heap before
{Heap before GC invocations=12 (full 1):
 def new generation   total 8768K, used 8768K [0x04c00000, 0x05580000, 0x0a150000)
  eden space 7808K, 100% used [0x04c00000, 0x053a0000, 0x053a0000)
  from space 960K, 100% used [0x05490000, 0x05580000, 0x05580000)
  to   space 960K,   0% used [0x053a0000, 0x053a0000, 0x05490000)
 tenured generation   total 19308K, used 14614K [0x0a150000, 0x0b42b000, 0x14c00000)
   the space 19308K,  75% used [0x0a150000, 0x0af95ab0, 0x0af95c00, 0x0b42b000)
 Metaspace       used 15910K, capacity 16326K, committed 16384K, reserved 16768K
}
Event: 8.290 GC heap after
{Heap after GC invocations=13 (full 1):
 def new generation   total 8768K, used 762K [0x04c00000, 0x05580000, 0x0a150000)
  eden space 7808K,   0% used [0x04c00000, 0x04c00000, 0x053a0000)
  from space 960K,  79% used [0x053a0000, 0x0545eb28, 0x05490000)
  to   space 960K,   0% used [0x05490000, 0x05490000, 0x05580000)
 tenured generation   total 19308K, used 15565K [0x0a150000, 0x0b42b000, 0x14c00000)
   the space 19308K,  80% used [0x0a150000, 0x0b083580, 0x0b083600, 0x0b42b000)
 Metaspace       used 15910K, capacity 16326K, committed 16384K, reserved 16768K
}
Event: 25.577 GC heap before
{Heap before GC invocations=13 (full 1):
 def new generation   total 8768K, used 8570K [0x04c00000, 0x05580000, 0x0a150000)
  eden space 7808K, 100% used [0x04c00000, 0x053a0000, 0x053a0000)
  from space 960K,  79% used [0x053a0000, 0x0545eb28, 0x05490000)
  to   space 960K,   0% used [0x05490000, 0x05490000, 0x05580000)
 tenured generation   total 19308K, used 15565K [0x0a150000, 0x0b42b000, 0x14c00000)
   the space 19308K,  80% used [0x0a150000, 0x0b083580, 0x0b083600, 0x0b42b000)
 Metaspace       used 16035K, capacity 16431K, committed 16512K, reserved 16768K
}
Event: 25.580 GC heap after
{Heap after GC invocations=14 (full 1):
 def new generation   total 8768K, used 881K [0x04c00000, 0x05580000, 0x0a150000)
  eden space 7808K,   0% used [0x04c00000, 0x04c00000, 0x053a0000)
  from space 960K,  91% used [0x05490000, 0x0556c7e0, 0x05580000)
  to   space 960K,   0% used [0x053a0000, 0x053a0000, 0x05490000)
 tenured generation   total 19308K, used 17333K [0x0a150000, 0x0b42b000, 0x14c00000)
   the space 19308K,  89% used [0x0a150000, 0x0b23d768, 0x0b23d800, 0x0b42b000)
 Metaspace       used 16035K, capacity 16431K, committed 16512K, reserved 16768K
}
Event: 28.770 GC heap before
{Heap before GC invocations=14 (full 1):
 def new generation   total 8768K, used 8689K [0x04c00000, 0x05580000, 0x0a150000)
  eden space 7808K, 100% used [0x04c00000, 0x053a0000, 0x053a0000)
  from space 960K,  91% used [0x05490000, 0x0556c7e0, 0x05580000)
  to   space 960K,   0% used [0x053a0000, 0x053a0000, 0x05490000)
 tenured generation   total 19308K, used 17333K [0x0a150000, 0x0b42b000, 0x14c00000)
   the space 19308K,  89% used [0x0a150000, 0x0b23d768, 0x0b23d800, 0x0b42b000)
 Metaspace       used 16198K, capacity 16604K, committed 16640K, reserved 16768K
}
Event: 28.773 GC heap after
{Heap after GC invocations=15 (full 1):
 def new generation   total 8768K, used 960K [0x04c00000, 0x05580000, 0x0a150000)
  eden space 7808K,   0% used [0x04c00000, 0x04c00000, 0x053a0000)
  from space 960K, 100% used [0x053a0000, 0x05490000, 0x05490000)
  to   space 960K,   0% used [0x05490000, 0x05490000, 0x05580000)
 tenured generation   total 19308K, used 18786K [0x0a150000, 0x0b42b000, 0x14c00000)
   the space 19308K,  97% used [0x0a150000, 0x0b3a8a20, 0x0b3a8c00, 0x0b42b000)
 Metaspace       used 16198K, capacity 16604K, committed 16640K, reserved 16768K
}
Event: 41.034 GC heap before
{Heap before GC invocations=15 (full 1):
 def new generation   total 8768K, used 8768K [0x04c00000, 0x05580000, 0x0a150000)
  eden space 7808K, 100% used [0x04c00000, 0x053a0000, 0x053a0000)
  from space 960K, 100% used [0x053a0000, 0x05490000, 0x05490000)
  to   space 960K,   0% used [0x05490000, 0x05490000, 0x05580000)
 tenured generation   total 19308K, used 18786K [0x0a150000, 0x0b42b000, 0x14c00000)
   the space 19308K,  97% used [0x0a150000, 0x0b3a8a20, 0x0b3a8c00, 0x0b42b000)
 Metaspace       used 16335K, capacity 16744K, committed 16768K, reserved 16768K
}
Event: 41.058 GC heap after
{Heap after GC invocations=16 (full 2):
 def new generation   total 14336K, used 0K [0x04c00000, 0x05b80000, 0x0a150000)
  eden space 12800K,   0% used [0x04c00000, 0x04c00000, 0x05880000)
  from space 1536K,   0% used [0x05880000, 0x05880000, 0x05a00000)
  to   space 1536K,   0% used [0x05a00000, 0x05a00000, 0x05b80000)
 tenured generation   total 31656K, used 18993K [0x0a150000, 0x0c03a000, 0x14c00000)
   the space 31656K,  59% used [0x0a150000, 0x0b3dc628, 0x0b3dc800, 0x0c03a000)
 Metaspace       used 16066K, capacity 16415K, committed 16768K, reserved 16768K
}
Event: 50.234 GC heap before
{Heap before GC invocations=16 (full 2):
 def new generation   total 14336K, used 12800K [0x04c00000, 0x05b80000, 0x0a150000)
  eden space 12800K, 100% used [0x04c00000, 0x05880000, 0x05880000)
  from space 1536K,   0% used [0x05880000, 0x05880000, 0x05a00000)
  to   space 1536K,   0% used [0x05a00000, 0x05a00000, 0x05b80000)
 tenured generation   total 31656K, used 18993K [0x0a150000, 0x0c03a000, 0x14c00000)
   the space 31656K,  59% used [0x0a150000, 0x0b3dc628, 0x0b3dc800, 0x0c03a000)
 Metaspace       used 16291K, capacity 16692K, committed 17024K, reserved 17792K
}
Event: 50.238 GC heap after
{Heap after GC invocations=17 (full 2):
 def new generation   total 14336K, used 1536K [0x04c00000, 0x05b80000, 0x0a150000)
  eden space 12800K,   0% used [0x04c00000, 0x04c00000, 0x05880000)
  from space 1536K, 100% used [0x05a00000, 0x05b80000, 0x05b80000)
  to   space 1536K,   0% used [0x05880000, 0x05880000, 0x05a00000)
 tenured generation   total 31656K, used 20396K [0x0a150000, 0x0c03a000, 0x14c00000)
   the space 31656K,  64% used [0x0a150000, 0x0b53b338, 0x0b53b400, 0x0c03a000)
 Metaspace       used 16291K, capacity 16692K, committed 17024K, reserved 17792K
}
Event: 74.744 GC heap before
{Heap before GC invocations=17 (full 2):
 def new generation   total 14336K, used 14336K [0x04c00000, 0x05b80000, 0x0a150000)
  eden space 12800K, 100% used [0x04c00000, 0x05880000, 0x05880000)
  from space 1536K, 100% used [0x05a00000, 0x05b80000, 0x05b80000)
  to   space 1536K,   0% used [0x05880000, 0x05880000, 0x05a00000)
 tenured generation   total 31656K, used 20396K [0x0a150000, 0x0c03a000, 0x14c00000)
   the space 31656K,  64% used [0x0a150000, 0x0b53b338, 0x0b53b400, 0x0c03a000)
 Metaspace       used 16544K, capacity 16948K, committed 17280K, reserved 17792K
}
Event: 74.752 GC heap after
{Heap after GC invocations=18 (full 2):
 def new generation   total 14336K, used 1536K [0x04c00000, 0x05b80000, 0x0a150000)
  eden space 12800K,   0% used [0x04c00000, 0x04c00000, 0x05880000)
  from space 1536K, 100% used [0x05880000, 0x05a00000, 0x05a00000)
  to   space 1536K,   0% used [0x05a00000, 0x05a00000, 0x05b80000)
 tenured generation   total 31656K, used 22059K [0x0a150000, 0x0c03a000, 0x14c00000)
   the space 31656K,  69% used [0x0a150000, 0x0b6daf90, 0x0b6db000, 0x0c03a000)
 Metaspace       used 16544K, capacity 16948K, committed 17280K, reserved 17792K
}
Event: 101.160 GC heap before
{Heap before GC invocations=18 (full 2):
 def new generation   total 14336K, used 13494K [0x04c00000, 0x05b80000, 0x0a150000)
  eden space 12800K,  93% used [0x04c00000, 0x057adb10, 0x05880000)
  from space 1536K, 100% used [0x05880000, 0x05a00000, 0x05a00000)
  to   space 1536K,   0% used [0x05a00000, 0x05a00000, 0x05b80000)
 tenured generation   total 31656K, used 22059K [0x0a150000, 0x0c03a000, 0x14c00000)
   the space 31656K,  69% used [0x0a150000, 0x0b6daf90, 0x0b6db000, 0x0c03a000)
 Metaspace       used 16556K, capacity 16963K, committed 17280K, reserved 17792K
}
Event: 101.167 GC heap after
{Heap after GC invocations=19 (full 2):
 def new generation   total 14336K, used 1535K [0x04c00000, 0x05b80000, 0x0a150000)
  eden space 12800K,   0% used [0x04c00000, 0x04c00000, 0x05880000)
  from space 1536K,  99% used [0x05a00000, 0x05b7fff8, 0x05b80000)
  to   space 1536K,   0% used [0x05880000, 0x05880000, 0x05a00000)
 tenured generation   total 31656K, used 24902K [0x0a150000, 0x0c03a000, 0x14c00000)
   the space 31656K,  78% used [0x0a150000, 0x0b9a1970, 0x0b9a1a00, 0x0c03a000)
 Metaspace       used 16556K, capacity 16963K, committed 17280K, reserved 17792K
}

