# JRE version: OpenJDK Runtime Environment Temurin-11.0.21+9 (11.0.21+9) (build 11.0.21+9)
# Java VM: OpenJDK Client VM Temurin-11.0.21+9 (11.0.21+9, mixed mode, serial gc, windows-x86)
Heap:
 def new generation   total 16448K, used 1122K [0x05000000, 0x061d0000, 0x0a550000)
  eden space 14656K,   7% used [0x05000000, 0x05118928, 0x05e50000)
  from space 1792K,   0% used [0x05e50000, 0x05e50000, 0x06010000)
  to   space 1792K,   0% used [0x06010000, 0x06010000, 0x061d0000)
 tenured generation   total 36348K, used 21808K [0x0a550000, 0x0c8cf000, 0x15000000)
   the space 36348K,  59% used [0x0a550000, 0x0ba9c240, 0x0ba9c400, 0x0c8cf000)
 Metaspace       used 14876K, capacity 15168K, committed 15232K, reserved 15744K
GC Heap History (20 events):
Event: 0.442 GC heap before
{Heap before GC invocations=3 (full 0):
 def new generation   total 4928K, used 4786K [0x05000000, 0x05550000, 0x0a550000)
  eden space 4416K,  99% used [0x05000000, 0x0544d928, 0x05450000)
  from space 512K,  74% used [0x054d0000, 0x0552ef98, 0x05550000)
  to   space 512K,   0% used [0x05450000, 0x05450000, 0x054d0000)
 tenured generation   total 10944K, used 1462K [0x0a550000, 0x0b000000, 0x15000000)
   the space 10944K,  13% used [0x0a550000, 0x0a6bd9e8, 0x0a6bda00, 0x0b000000)
 Metaspace       used 6595K, capacity 6670K, committed 6784K, reserved 7552K
}
Event: 0.443 GC heap after
{Heap after GC invocations=4 (full 0):
 def new generation   total 4928K, used 250K [0x05000000, 0x05550000, 0x0a550000)
  eden space 4416K,   0% used [0x05000000, 0x05000000, 0x05450000)
  from space 512K,  48% used [0x05450000, 0x0548e958, 0x054d0000)
  to   space 512K,   0% used [0x054d0000, 0x054d0000, 0x05550000)
 tenured generation   total 10944K, used 1824K [0x0a550000, 0x0b000000, 0x15000000)
   the space 10944K,  16% used [0x0a550000, 0x0a718280, 0x0a718400, 0x0b000000)
 Metaspace       used 6595K, capacity 6670K, committed 6784K, reserved 7552K
}
Event: 0.486 GC heap before
{Heap before GC invocations=4 (full 0):
 def new generation   total 4928K, used 4666K [0x05000000, 0x05550000, 0x0a550000)
  eden space 4416K, 100% used [0x05000000, 0x05450000, 0x05450000)
  from space 512K,  48% used [0x05450000, 0x0548e958, 0x054d0000)
  to   space 512K,   0% used [0x054d0000, 0x054d0000, 0x05550000)
 tenured generation   total 10944K, used 1824K [0x0a550000, 0x0b000000, 0x15000000)
   the space 10944K,  16% used [0x0a550000, 0x0a718280, 0x0a718400, 0x0b000000)
 Metaspace       used 7706K, capacity 7841K, committed 7936K, reserved 8576K
}
Event: 0.488 GC heap after
{Heap after GC invocations=5 (full 0):
 def new generation   total 4928K, used 419K [0x05000000, 0x05550000, 0x0a550000)
  eden space 4416K,   0% used [0x05000000, 0x05000000, 0x05450000)
  from space 512K,  81% used [0x054d0000, 0x05538c38, 0x05550000)
  to   space 512K,   0% used [0x05450000, 0x05450000, 0x054d0000)
 tenured generation   total 10944K, used 2272K [0x0a550000, 0x0b000000, 0x15000000)
   the space 10944K,  20% used [0x0a550000, 0x0a788290, 0x0a788400, 0x0b000000)
 Metaspace       used 7706K, capacity 7841K, committed 7936K, reserved 8576K
}
Event: 0.531 GC heap before
{Heap before GC invocations=5 (full 0):
 def new generation   total 4928K, used 4827K [0x05000000, 0x05550000, 0x0a550000)
  eden space 4416K,  99% used [0x05000000, 0x0544e120, 0x05450000)
  from space 512K,  81% used [0x054d0000, 0x05538c38, 0x05550000)
  to   space 512K,   0% used [0x05450000, 0x05450000, 0x054d0000)
 tenured generation   total 10944K, used 2272K [0x0a550000, 0x0b000000, 0x15000000)
   the space 10944K,  20% used [0x0a550000, 0x0a788290, 0x0a788400, 0x0b000000)
 Metaspace       used 8922K, capacity 9053K, committed 9088K, reserved 9600K
}
Event: 0.532 GC heap after
{Heap after GC invocations=6 (full 0):
 def new generation   total 4928K, used 512K [0x05000000, 0x05550000, 0x0a550000)
  eden space 4416K,   0% used [0x05000000, 0x05000000, 0x05450000)
  from space 512K, 100% used [0x05450000, 0x054d0000, 0x054d0000)
  to   space 512K,   0% used [0x054d0000, 0x054d0000, 0x05550000)
 tenured generation   total 10944K, used 2720K [0x0a550000, 0x0b000000, 0x15000000)
   the space 10944K,  24% used [0x0a550000, 0x0a7f8190, 0x0a7f8200, 0x0b000000)
 Metaspace       used 8922K, capacity 9053K, committed 9088K, reserved 9600K
}
Event: 0.589 GC heap before
{Heap before GC invocations=6 (full 0):
 def new generation   total 4928K, used 4926K [0x05000000, 0x05550000, 0x0a550000)
  eden space 4416K,  99% used [0x05000000, 0x0544fb80, 0x05450000)
  from space 512K, 100% used [0x05450000, 0x054d0000, 0x054d0000)
  to   space 512K,   0% used [0x054d0000, 0x054d0000, 0x05550000)
 tenured generation   total 10944K, used 2720K [0x0a550000, 0x0b000000, 0x15000000)
   the space 10944K,  24% used [0x0a550000, 0x0a7f8190, 0x0a7f8200, 0x0b000000)
 Metaspace       used 10560K, capacity 10734K, committed 10752K, reserved 11648K
}
Event: 0.591 GC heap after
{Heap after GC invocations=7 (full 0):
 def new generation   total 4928K, used 512K [0x05000000, 0x05550000, 0x0a550000)
  eden space 4416K,   0% used [0x05000000, 0x05000000, 0x05450000)
  from space 512K, 100% used [0x054d0000, 0x05550000, 0x05550000)
  to   space 512K,   0% used [0x05450000, 0x05450000, 0x054d0000)
 tenured generation   total 10944K, used 3765K [0x0a550000, 0x0b000000, 0x15000000)
   the space 10944K,  34% used [0x0a550000, 0x0a8fd718, 0x0a8fd800, 0x0b000000)
 Metaspace       used 10560K, capacity 10734K, committed 10752K, reserved 11648K
}
Event: 0.637 GC heap before
{Heap before GC invocations=7 (full 0):
 def new generation   total 4928K, used 4928K [0x05000000, 0x05550000, 0x0a550000)
  eden space 4416K, 100% used [0x05000000, 0x05450000, 0x05450000)
  from space 512K, 100% used [0x054d0000, 0x05550000, 0x05550000)
  to   space 512K,   0% used [0x05450000, 0x05450000, 0x054d0000)
 tenured generation   total 10944K, used 3765K [0x0a550000, 0x0b000000, 0x15000000)
   the space 10944K,  34% used [0x0a550000, 0x0a8fd718, 0x0a8fd800, 0x0b000000)
 Metaspace       used 11343K, capacity 11510K, committed 11520K, reserved 11648K
}
Event: 0.639 GC heap after
{Heap after GC invocations=8 (full 0):
 def new generation   total 4928K, used 512K [0x05000000, 0x05550000, 0x0a550000)
  eden space 4416K,   0% used [0x05000000, 0x05000000, 0x05450000)
  from space 512K, 100% used [0x05450000, 0x054d0000, 0x054d0000)
  to   space 512K,   0% used [0x054d0000, 0x054d0000, 0x05550000)
 tenured generation   total 10944K, used 4262K [0x0a550000, 0x0b000000, 0x15000000)
   the space 10944K,  38% used [0x0a550000, 0x0a9798d8, 0x0a979a00, 0x0b000000)
 Metaspace       used 11343K, capacity 11510K, committed 11520K, reserved 11648K
}
Event: 0.704 GC heap before
{Heap before GC invocations=8 (full 0):
 def new generation   total 4928K, used 4928K [0x05000000, 0x05550000, 0x0a550000)
  eden space 4416K, 100% used [0x05000000, 0x05450000, 0x05450000)
  from space 512K, 100% used [0x05450000, 0x054d0000, 0x054d0000)
  to   space 512K,   0% used [0x054d0000, 0x054d0000, 0x05550000)
 tenured generation   total 10944K, used 10492K [0x0a550000, 0x0b000000, 0x15000000)
   the space 10944K,  95% used [0x0a550000, 0x0af8f2d0, 0x0af8f400, 0x0b000000)
 Metaspace       used 11814K, capacity 12008K, committed 12032K, reserved 12672K
}
Event: 0.713 GC heap after
{Heap after GC invocations=9 (full 1):
 def new generation   total 8640K, used 417K [0x05000000, 0x05960000, 0x0a550000)
  eden space 7680K,   5% used [0x05000000, 0x050686d0, 0x05780000)
  from space 960K,   0% used [0x05780000, 0x05780000, 0x05870000)
  to   space 960K,   0% used [0x05870000, 0x05870000, 0x05960000)
 tenured generation   total 19096K, used 11455K [0x0a550000, 0x0b7f6000, 0x15000000)
   the space 19096K,  59% used [0x0a550000, 0x0b07fff8, 0x0b080000, 0x0b7f6000)
 Metaspace       used 11814K, capacity 12008K, committed 12032K, reserved 12672K
}
Event: 0.810 GC heap before
{Heap before GC invocations=9 (full 1):
 def new generation   total 8640K, used 7680K [0x05000000, 0x05960000, 0x0a550000)
  eden space 7680K, 100% used [0x05000000, 0x05780000, 0x05780000)
  from space 960K,   0% used [0x05780000, 0x05780000, 0x05870000)
  to   space 960K,   0% used [0x05870000, 0x05870000, 0x05960000)
 tenured generation   total 19096K, used 11455K [0x0a550000, 0x0b7f6000, 0x15000000)
   the space 19096K,  59% used [0x0a550000, 0x0b07fff8, 0x0b080000, 0x0b7f6000)
 Metaspace       used 12722K, capacity 12931K, committed 13056K, reserved 13696K
}
Event: 0.814 GC heap after
{Heap after GC invocations=10 (full 1):
 def new generation   total 8640K, used 959K [0x05000000, 0x05960000, 0x0a550000)
  eden space 7680K,   0% used [0x05000000, 0x05000000, 0x05780000)
  from space 960K,  99% used [0x05870000, 0x0595fff8, 0x05960000)
  to   space 960K,   0% used [0x05780000, 0x05780000, 0x05870000)
 tenured generation   total 19096K, used 11735K [0x0a550000, 0x0b7f6000, 0x15000000)
   the space 19096K,  61% used [0x0a550000, 0x0b0c5ce8, 0x0b0c5e00, 0x0b7f6000)
 Metaspace       used 12722K, capacity 12931K, committed 13056K, reserved 13696K
}
Event: 0.889 GC heap before
{Heap before GC invocations=10 (full 1):
 def new generation   total 8640K, used 8639K [0x05000000, 0x05960000, 0x0a550000)
  eden space 7680K, 100% used [0x05000000, 0x05780000, 0x05780000)
  from space 960K,  99% used [0x05870000, 0x0595fff8, 0x05960000)
  to   space 960K,   0% used [0x05780000, 0x05780000, 0x05870000)
 tenured generation   total 19096K, used 11735K [0x0a550000, 0x0b7f6000, 0x15000000)
   the space 19096K,  61% used [0x0a550000, 0x0b0c5ce8, 0x0b0c5e00, 0x0b7f6000)
 Metaspace       used 13892K, capacity 14189K, committed 14208K, reserved 14720K
}
Event: 0.893 GC heap after
{Heap after GC invocations=11 (full 1):
 def new generation   total 8640K, used 563K [0x05000000, 0x05960000, 0x0a550000)
  eden space 7680K,   0% used [0x05000000, 0x05000000, 0x05780000)
  from space 960K,  58% used [0x05780000, 0x0580cda8, 0x05870000)
  to   space 960K,   0% used [0x05870000, 0x05870000, 0x05960000)
 tenured generation   total 19096K, used 12684K [0x0a550000, 0x0b7f6000, 0x15000000)
   the space 19096K,  66% used [0x0a550000, 0x0b1b3330, 0x0b1b3400, 0x0b7f6000)
 Metaspace       used 13892K, capacity 14189K, committed 14208K, reserved 14720K
}
Event: 1.815 GC heap before
{Heap before GC invocations=11 (full 1):
 def new generation   total 8640K, used 8243K [0x05000000, 0x05960000, 0x0a550000)
  eden space 7680K, 100% used [0x05000000, 0x05780000, 0x05780000)
  from space 960K,  58% used [0x05780000, 0x0580cda8, 0x05870000)
  to   space 960K,   0% used [0x05870000, 0x05870000, 0x05960000)
 tenured generation   total 19096K, used 12684K [0x0a550000, 0x0b7f6000, 0x15000000)
   the space 19096K,  66% used [0x0a550000, 0x0b1b3330, 0x0b1b3400, 0x0b7f6000)
 Metaspace       used 14790K, capacity 15104K, committed 15104K, reserved 15744K
}
Event: 1.818 GC heap after
{Heap after GC invocations=12 (full 1):
 def new generation   total 8640K, used 960K [0x05000000, 0x05960000, 0x0a550000)
  eden space 7680K,   0% used [0x05000000, 0x05000000, 0x05780000)
  from space 960K, 100% used [0x05870000, 0x05960000, 0x05960000)
  to   space 960K,   0% used [0x05780000, 0x05780000, 0x05870000)
 tenured generation   total 19096K, used 14356K [0x0a550000, 0x0b7f6000, 0x15000000)
   the space 19096K,  75% used [0x0a550000, 0x0b355278, 0x0b355400, 0x0b7f6000)
 Metaspace       used 14790K, capacity 15104K, committed 15104K, reserved 15744K
}
Event: 2.937 GC heap before
{Heap before GC invocations=12 (full 1):
 def new generation   total 8640K, used 8640K [0x05000000, 0x05960000, 0x0a550000)
  eden space 7680K, 100% used [0x05000000, 0x05780000, 0x05780000)
  from space 960K, 100% used [0x05870000, 0x05960000, 0x05960000)
  to   space 960K,   0% used [0x05780000, 0x05780000, 0x05870000)
 tenured generation   total 19096K, used 14356K [0x0a550000, 0x0b7f6000, 0x15000000)
   the space 19096K,  75% used [0x0a550000, 0x0b355278, 0x0b355400, 0x0b7f6000)
 Metaspace       used 14855K, capacity 15152K, committed 15232K, reserved 15744K
}
Event: 2.952 GC heap after
{Heap after GC invocations=13 (full 2):
 def new generation   total 16448K, used 0K [0x05000000, 0x061d0000, 0x0a550000)
  eden space 14656K,   0% used [0x05000000, 0x05000000, 0x05e50000)
  from space 1792K,   0% used [0x05e50000, 0x05e50000, 0x06010000)
  to   space 1792K,   0% used [0x06010000, 0x06010000, 0x061d0000)
 tenured generation   total 36348K, used 21808K [0x0a550000, 0x0c8cf000, 0x15000000)
   the space 36348K,  59% used [0x0a550000, 0x0ba9c240, 0x0ba9c400, 0x0c8cf000)
 Metaspace       used 14855K, capacity 15152K, committed 15232K, reserved 15744K
}

