# JRE version: OpenJDK Runtime Environment Temurin-11.0.21+9 (11.0.21+9) (build 11.0.21+9)
# Java VM: OpenJDK Client VM Temurin-11.0.21+9 (11.0.21+9, mixed mode, serial gc, windows-x86)
Heap:
 def new generation   total 17792K, used 1990K [0x05a00000, 0x06d40000, 0x0af50000)
  eden space 15872K,  12% used [0x05a00000, 0x05bf1990, 0x06980000)
  from space 1920K,   0% used [0x06980000, 0x06980000, 0x06b60000)
  to   space 1920K,   0% used [0x06b60000, 0x06b60000, 0x06d40000)
 tenured generation   total 39368K, used 23620K [0x0af50000, 0x0d5c2000, 0x15a00000)
   the space 39368K,  59% used [0x0af50000, 0x0c661308, 0x0c661400, 0x0d5c2000)
 Metaspace       used 16023K, capacity 16387K, committed 16768K, reserved 16768K
GC Heap History (20 events):
Event: 0.864 GC heap before
{Heap before GC invocations=7 (full 0):
 def new generation   total 4928K, used 4928K [0x05a00000, 0x05f50000, 0x0af50000)
  eden space 4416K, 100% used [0x05a00000, 0x05e50000, 0x05e50000)
  from space 512K, 100% used [0x05ed0000, 0x05f50000, 0x05f50000)
  to   space 512K,   0% used [0x05e50000, 0x05e50000, 0x05ed0000)
 tenured generation   total 10944K, used 3695K [0x0af50000, 0x0ba00000, 0x15a00000)
   the space 10944K,  33% used [0x0af50000, 0x0b2ebdd0, 0x0b2ebe00, 0x0ba00000)
 Metaspace       used 11343K, capacity 11510K, committed 11520K, reserved 11648K
}
Event: 0.865 GC heap after
{Heap after GC invocations=8 (full 0):
 def new generation   total 4928K, used 512K [0x05a00000, 0x05f50000, 0x0af50000)
  eden space 4416K,   0% used [0x05a00000, 0x05a00000, 0x05e50000)
  from space 512K, 100% used [0x05e50000, 0x05ed0000, 0x05ed0000)
  to   space 512K,   0% used [0x05ed0000, 0x05ed0000, 0x05f50000)
 tenured generation   total 10944K, used 4200K [0x0af50000, 0x0ba00000, 0x15a00000)
   the space 10944K,  38% used [0x0af50000, 0x0b36a3e0, 0x0b36a400, 0x0ba00000)
 Metaspace       used 11343K, capacity 11510K, committed 11520K, reserved 11648K
}
Event: 0.932 GC heap before
{Heap before GC invocations=8 (full 0):
 def new generation   total 4928K, used 4927K [0x05a00000, 0x05f50000, 0x0af50000)
  eden space 4416K,  99% used [0x05a00000, 0x05e4fe60, 0x05e50000)
  from space 512K, 100% used [0x05e50000, 0x05ed0000, 0x05ed0000)
  to   space 512K,   0% used [0x05ed0000, 0x05ed0000, 0x05f50000)
 tenured generation   total 10944K, used 10431K [0x0af50000, 0x0ba00000, 0x15a00000)
   the space 10944K,  95% used [0x0af50000, 0x0b97fdd8, 0x0b97fe00, 0x0ba00000)
 Metaspace       used 11801K, capacity 11976K, committed 12032K, reserved 12672K
}
Event: 0.941 GC heap after
{Heap after GC invocations=9 (full 1):
 def new generation   total 8640K, used 408K [0x05a00000, 0x06360000, 0x0af50000)
  eden space 7680K,   5% used [0x05a00000, 0x05a663f0, 0x06180000)
  from space 960K,   0% used [0x06180000, 0x06180000, 0x06270000)
  to   space 960K,   0% used [0x06270000, 0x06270000, 0x06360000)
 tenured generation   total 19096K, used 11455K [0x0af50000, 0x0c1f6000, 0x15a00000)
   the space 19096K,  59% used [0x0af50000, 0x0ba7fff8, 0x0ba80000, 0x0c1f6000)
 Metaspace       used 11801K, capacity 11976K, committed 12032K, reserved 12672K
}
Event: 1.078 GC heap before
{Heap before GC invocations=9 (full 1):
 def new generation   total 8640K, used 7680K [0x05a00000, 0x06360000, 0x0af50000)
  eden space 7680K, 100% used [0x05a00000, 0x06180000, 0x06180000)
  from space 960K,   0% used [0x06180000, 0x06180000, 0x06270000)
  to   space 960K,   0% used [0x06270000, 0x06270000, 0x06360000)
 tenured generation   total 19096K, used 11455K [0x0af50000, 0x0c1f6000, 0x15a00000)
   the space 19096K,  59% used [0x0af50000, 0x0ba7fff8, 0x0ba80000, 0x0c1f6000)
 Metaspace       used 12714K, capacity 12899K, committed 12928K, reserved 13696K
}
Event: 1.082 GC heap after
{Heap after GC invocations=10 (full 1):
 def new generation   total 8640K, used 960K [0x05a00000, 0x06360000, 0x0af50000)
  eden space 7680K,   0% used [0x05a00000, 0x05a00000, 0x06180000)
  from space 960K, 100% used [0x06270000, 0x06360000, 0x06360000)
  to   space 960K,   0% used [0x06180000, 0x06180000, 0x06270000)
 tenured generation   total 19096K, used 11722K [0x0af50000, 0x0c1f6000, 0x15a00000)
   the space 19096K,  61% used [0x0af50000, 0x0bac2958, 0x0bac2a00, 0x0c1f6000)
 Metaspace       used 12714K, capacity 12899K, committed 12928K, reserved 13696K
}
Event: 1.158 GC heap before
{Heap before GC invocations=10 (full 1):
 def new generation   total 8640K, used 8640K [0x05a00000, 0x06360000, 0x0af50000)
  eden space 7680K, 100% used [0x05a00000, 0x06180000, 0x06180000)
  from space 960K, 100% used [0x06270000, 0x06360000, 0x06360000)
  to   space 960K,   0% used [0x06180000, 0x06180000, 0x06270000)
 tenured generation   total 19096K, used 11722K [0x0af50000, 0x0c1f6000, 0x15a00000)
   the space 19096K,  61% used [0x0af50000, 0x0bac2958, 0x0bac2a00, 0x0c1f6000)
 Metaspace       used 13882K, capacity 14157K, committed 14208K, reserved 14720K
}
Event: 1.161 GC heap after
{Heap after GC invocations=11 (full 1):
 def new generation   total 8640K, used 556K [0x05a00000, 0x06360000, 0x0af50000)
  eden space 7680K,   0% used [0x05a00000, 0x05a00000, 0x06180000)
  from space 960K,  57% used [0x06180000, 0x0620b050, 0x06270000)
  to   space 960K,   0% used [0x06270000, 0x06270000, 0x06360000)
 tenured generation   total 19096K, used 12675K [0x0af50000, 0x0c1f6000, 0x15a00000)
   the space 19096K,  66% used [0x0af50000, 0x0bbb0fd0, 0x0bbb1000, 0x0c1f6000)
 Metaspace       used 13882K, capacity 14157K, committed 14208K, reserved 14720K
}
Event: 2.115 GC heap before
{Heap before GC invocations=11 (full 1):
 def new generation   total 8640K, used 8236K [0x05a00000, 0x06360000, 0x0af50000)
  eden space 7680K, 100% used [0x05a00000, 0x06180000, 0x06180000)
  from space 960K,  57% used [0x06180000, 0x0620b050, 0x06270000)
  to   space 960K,   0% used [0x06270000, 0x06270000, 0x06360000)
 tenured generation   total 19096K, used 12675K [0x0af50000, 0x0c1f6000, 0x15a00000)
   the space 19096K,  66% used [0x0af50000, 0x0bbb0fd0, 0x0bbb1000, 0x0c1f6000)
 Metaspace       used 14769K, capacity 15072K, committed 15104K, reserved 15744K
}
Event: 2.121 GC heap after
{Heap after GC invocations=12 (full 1):
 def new generation   total 8640K, used 960K [0x05a00000, 0x06360000, 0x0af50000)
  eden space 7680K,   0% used [0x05a00000, 0x05a00000, 0x06180000)
  from space 960K, 100% used [0x06270000, 0x06360000, 0x06360000)
  to   space 960K,   0% used [0x06180000, 0x06180000, 0x06270000)
 tenured generation   total 19096K, used 14345K [0x0af50000, 0x0c1f6000, 0x15a00000)
   the space 19096K,  75% used [0x0af50000, 0x0bd526b8, 0x0bd52800, 0x0c1f6000)
 Metaspace       used 14769K, capacity 15072K, committed 15104K, reserved 15744K
}
Event: 2.801 GC heap before
{Heap before GC invocations=12 (full 1):
 def new generation   total 8640K, used 8640K [0x05a00000, 0x06360000, 0x0af50000)
  eden space 7680K, 100% used [0x05a00000, 0x06180000, 0x06180000)
  from space 960K, 100% used [0x06270000, 0x06360000, 0x06360000)
  to   space 960K,   0% used [0x06180000, 0x06180000, 0x06270000)
 tenured generation   total 19096K, used 14345K [0x0af50000, 0x0c1f6000, 0x15a00000)
   the space 19096K,  75% used [0x0af50000, 0x0bd526b8, 0x0bd52800, 0x0c1f6000)
 Metaspace       used 15842K, capacity 16219K, committed 16256K, reserved 16768K
}
Event: 2.804 GC heap after
{Heap after GC invocations=13 (full 1):
 def new generation   total 8640K, used 718K [0x05a00000, 0x06360000, 0x0af50000)
  eden space 7680K,   0% used [0x05a00000, 0x05a00000, 0x06180000)
  from space 960K,  74% used [0x06180000, 0x06233970, 0x06270000)
  to   space 960K,   0% used [0x06270000, 0x06270000, 0x06360000)
 tenured generation   total 19096K, used 15300K [0x0af50000, 0x0c1f6000, 0x15a00000)
   the space 19096K,  80% used [0x0af50000, 0x0be41058, 0x0be41200, 0x0c1f6000)
 Metaspace       used 15842K, capacity 16219K, committed 16256K, reserved 16768K
}
Event: 8.624 GC heap before
{Heap before GC invocations=13 (full 1):
 def new generation   total 8640K, used 8398K [0x05a00000, 0x06360000, 0x0af50000)
  eden space 7680K, 100% used [0x05a00000, 0x06180000, 0x06180000)
  from space 960K,  74% used [0x06180000, 0x06233970, 0x06270000)
  to   space 960K,   0% used [0x06270000, 0x06270000, 0x06360000)
 tenured generation   total 19096K, used 15300K [0x0af50000, 0x0c1f6000, 0x15a00000)
   the space 19096K,  80% used [0x0af50000, 0x0be41058, 0x0be41200, 0x0c1f6000)
 Metaspace       used 16201K, capacity 16607K, committed 16640K, reserved 16768K
}
Event: 8.627 GC heap after
{Heap after GC invocations=14 (full 1):
 def new generation   total 8640K, used 824K [0x05a00000, 0x06360000, 0x0af50000)
  eden space 7680K,   0% used [0x05a00000, 0x05a00000, 0x06180000)
  from space 960K,  85% used [0x06270000, 0x0633e020, 0x06360000)
  to   space 960K,   0% used [0x06180000, 0x06180000, 0x06270000)
 tenured generation   total 19096K, used 15997K [0x0af50000, 0x0c1f6000, 0x15a00000)
   the space 19096K,  83% used [0x0af50000, 0x0beef7e8, 0x0beef800, 0x0c1f6000)
 Metaspace       used 16201K, capacity 16607K, committed 16640K, reserved 16768K
}
Event: 12.326 GC heap before
{Heap before GC invocations=14 (full 1):
 def new generation   total 8640K, used 8504K [0x05a00000, 0x06360000, 0x0af50000)
  eden space 7680K,  99% used [0x05a00000, 0x0617fff0, 0x06180000)
  from space 960K,  85% used [0x06270000, 0x0633e020, 0x06360000)
  to   space 960K,   0% used [0x06180000, 0x06180000, 0x06270000)
 tenured generation   total 19096K, used 15997K [0x0af50000, 0x0c1f6000, 0x15a00000)
   the space 19096K,  83% used [0x0af50000, 0x0beef7e8, 0x0beef800, 0x0c1f6000)
 Metaspace       used 16257K, capacity 16681K, committed 16768K, reserved 16768K
}
Event: 12.330 GC heap after
{Heap after GC invocations=15 (full 1):
 def new generation   total 8640K, used 960K [0x05a00000, 0x06360000, 0x0af50000)
  eden space 7680K,   0% used [0x05a00000, 0x05a00000, 0x06180000)
  from space 960K, 100% used [0x06180000, 0x06270000, 0x06270000)
  to   space 960K,   0% used [0x06270000, 0x06270000, 0x06360000)
 tenured generation   total 19096K, used 17229K [0x0af50000, 0x0c1f6000, 0x15a00000)
   the space 19096K,  90% used [0x0af50000, 0x0c023798, 0x0c023800, 0x0c1f6000)
 Metaspace       used 16257K, capacity 16681K, committed 16768K, reserved 16768K
}
Event: 14.527 GC heap before
{Heap before GC invocations=15 (full 1):
 def new generation   total 8640K, used 2952K [0x05a00000, 0x06360000, 0x0af50000)
  eden space 7680K,  25% used [0x05a00000, 0x05bf2210, 0x06180000)
  from space 960K, 100% used [0x06180000, 0x06270000, 0x06270000)
  to   space 960K,   0% used [0x06270000, 0x06270000, 0x06360000)
 tenured generation   total 19096K, used 17229K [0x0af50000, 0x0c1f6000, 0x15a00000)
   the space 19096K,  90% used [0x0af50000, 0x0c023798, 0x0c023800, 0x0c1f6000)
 Metaspace       used 16259K, capacity 16683K, committed 16768K, reserved 16768K
}
Event: 14.529 GC heap after
{Heap after GC invocations=16 (full 1):
 def new generation   total 8640K, used 232K [0x05a00000, 0x06360000, 0x0af50000)
  eden space 7680K,   0% used [0x05a00000, 0x05a00000, 0x06180000)
  from space 960K,  24% used [0x06270000, 0x062aa1e8, 0x06360000)
  to   space 960K,   0% used [0x06180000, 0x06180000, 0x06270000)
 tenured generation   total 19096K, used 18181K [0x0af50000, 0x0c1f6000, 0x15a00000)
   the space 19096K,  95% used [0x0af50000, 0x0c111750, 0x0c111800, 0x0c1f6000)
 Metaspace       used 16259K, capacity 16683K, committed 16768K, reserved 16768K
}
Event: 14.602 GC heap before
{Heap before GC invocations=16 (full 1):
 def new generation   total 8640K, used 7302K [0x05a00000, 0x06360000, 0x0af50000)
  eden space 7680K,  92% used [0x05a00000, 0x060e78e8, 0x06180000)
  from space 960K,  24% used [0x06270000, 0x062aa1e8, 0x06360000)
  to   space 960K,   0% used [0x06180000, 0x06180000, 0x06270000)
 tenured generation   total 19096K, used 18181K [0x0af50000, 0x0c1f6000, 0x15a00000)
   the space 19096K,  95% used [0x0af50000, 0x0c111750, 0x0c111800, 0x0c1f6000)
 Metaspace       used 16261K, capacity 16684K, committed 16768K, reserved 16768K
}
Event: 14.631 GC heap after
{Heap after GC invocations=17 (full 2):
 def new generation   total 17792K, used 0K [0x05a00000, 0x06d40000, 0x0af50000)
  eden space 15872K,   0% used [0x05a00000, 0x05a00000, 0x06980000)
  from space 1920K,   0% used [0x06980000, 0x06980000, 0x06b60000)
  to   space 1920K,   0% used [0x06b60000, 0x06b60000, 0x06d40000)
 tenured generation   total 39368K, used 23620K [0x0af50000, 0x0d5c2000, 0x15a00000)
   the space 39368K,  59% used [0x0af50000, 0x0c661308, 0x0c661400, 0x0d5c2000)
 Metaspace       used 15996K, capacity 16360K, committed 16768K, reserved 16768K
}

