# JRE version: OpenJDK Runtime Environment Temurin-11.0.21+9 (11.0.21+9) (build 11.0.21+9)
# Java VM: OpenJDK Client VM Temurin-11.0.21+9 (11.0.21+9, mixed mode, serial gc, windows-x86)
Heap:
 def new generation   total 17024K, used 2175K [0x05400000, 0x06670000, 0x0a950000)
  eden space 15168K,  14% used [0x05400000, 0x0561ff30, 0x062d0000)
  from space 1856K,   0% used [0x062d0000, 0x062d0000, 0x064a0000)
  to   space 1856K,   0% used [0x064a0000, 0x064a0000, 0x06670000)
 tenured generation   total 37680K, used 22606K [0x0a950000, 0x0ce1c000, 0x15400000)
   the space 37680K,  59% used [0x0a950000, 0x0bf63a80, 0x0bf63c00, 0x0ce1c000)
 Metaspace       used 15855K, capacity 16225K, committed 16512K, reserved 16768K
GC Heap History (20 events):
Event: 0.646 GC heap before
{Heap before GC invocations=6 (full 0):
 def new generation   total 4928K, used 4921K [0x05400000, 0x05950000, 0x0a950000)
  eden space 4416K,  99% used [0x05400000, 0x0584e4b8, 0x05850000)
  from space 512K, 100% used [0x05850000, 0x058d0000, 0x058d0000)
  to   space 512K,   0% used [0x058d0000, 0x058d0000, 0x05950000)
 tenured generation   total 10944K, used 2984K [0x0a950000, 0x0b400000, 0x15400000)
   the space 10944K,  27% used [0x0a950000, 0x0ac3a140, 0x0ac3a200, 0x0b400000)
 Metaspace       used 10556K, capacity 10734K, committed 10752K, reserved 11648K
}
Event: 0.649 GC heap after
{Heap after GC invocations=7 (full 0):
 def new generation   total 4928K, used 512K [0x05400000, 0x05950000, 0x0a950000)
  eden space 4416K,   0% used [0x05400000, 0x05400000, 0x05850000)
  from space 512K, 100% used [0x058d0000, 0x05950000, 0x05950000)
  to   space 512K,   0% used [0x05850000, 0x05850000, 0x058d0000)
 tenured generation   total 10944K, used 3923K [0x0a950000, 0x0b400000, 0x15400000)
   the space 10944K,  35% used [0x0a950000, 0x0ad24e20, 0x0ad25000, 0x0b400000)
 Metaspace       used 10556K, capacity 10734K, committed 10752K, reserved 11648K
}
Event: 0.696 GC heap before
{Heap before GC invocations=7 (full 0):
 def new generation   total 4928K, used 4928K [0x05400000, 0x05950000, 0x0a950000)
  eden space 4416K, 100% used [0x05400000, 0x05850000, 0x05850000)
  from space 512K, 100% used [0x058d0000, 0x05950000, 0x05950000)
  to   space 512K,   0% used [0x05850000, 0x05850000, 0x058d0000)
 tenured generation   total 10944K, used 3923K [0x0a950000, 0x0b400000, 0x15400000)
   the space 10944K,  35% used [0x0a950000, 0x0ad24e20, 0x0ad25000, 0x0b400000)
 Metaspace       used 11343K, capacity 11510K, committed 11520K, reserved 11648K
}
Event: 0.698 GC heap after
{Heap after GC invocations=8 (full 0):
 def new generation   total 4928K, used 512K [0x05400000, 0x05950000, 0x0a950000)
  eden space 4416K,   0% used [0x05400000, 0x05400000, 0x05850000)
  from space 512K, 100% used [0x05850000, 0x058d0000, 0x058d0000)
  to   space 512K,   0% used [0x058d0000, 0x058d0000, 0x05950000)
 tenured generation   total 10944K, used 4429K [0x0a950000, 0x0b400000, 0x15400000)
   the space 10944K,  40% used [0x0a950000, 0x0ada3540, 0x0ada3600, 0x0b400000)
 Metaspace       used 11343K, capacity 11510K, committed 11520K, reserved 11648K
}
Event: 0.773 GC heap before
{Heap before GC invocations=8 (full 0):
 def new generation   total 4928K, used 4927K [0x05400000, 0x05950000, 0x0a950000)
  eden space 4416K,  99% used [0x05400000, 0x0584ffa8, 0x05850000)
  from space 512K, 100% used [0x05850000, 0x058d0000, 0x058d0000)
  to   space 512K,   0% used [0x058d0000, 0x058d0000, 0x05950000)
 tenured generation   total 10944K, used 10659K [0x0a950000, 0x0b400000, 0x15400000)
   the space 10944K,  97% used [0x0a950000, 0x0b3b8f38, 0x0b3b9000, 0x0b400000)
 Metaspace       used 11791K, capacity 11976K, committed 12032K, reserved 12672K
}
Event: 0.782 GC heap after
{Heap after GC invocations=9 (full 1):
 def new generation   total 8768K, used 509K [0x05400000, 0x05d80000, 0x0a950000)
  eden space 7808K,   6% used [0x05400000, 0x0547f5d8, 0x05ba0000)
  from space 960K,   0% used [0x05ba0000, 0x05ba0000, 0x05c90000)
  to   space 960K,   0% used [0x05c90000, 0x05c90000, 0x05d80000)
 tenured generation   total 19308K, used 11583K [0x0a950000, 0x0bc2b000, 0x15400000)
   the space 19308K,  59% used [0x0a950000, 0x0b49ffe0, 0x0b4a0000, 0x0bc2b000)
 Metaspace       used 11791K, capacity 11976K, committed 12032K, reserved 12672K
}
Event: 0.891 GC heap before
{Heap before GC invocations=9 (full 1):
 def new generation   total 8768K, used 7808K [0x05400000, 0x05d80000, 0x0a950000)
  eden space 7808K, 100% used [0x05400000, 0x05ba0000, 0x05ba0000)
  from space 960K,   0% used [0x05ba0000, 0x05ba0000, 0x05c90000)
  to   space 960K,   0% used [0x05c90000, 0x05c90000, 0x05d80000)
 tenured generation   total 19308K, used 11583K [0x0a950000, 0x0bc2b000, 0x15400000)
   the space 19308K,  59% used [0x0a950000, 0x0b49ffe0, 0x0b4a0000, 0x0bc2b000)
 Metaspace       used 12716K, capacity 12899K, committed 12928K, reserved 13696K
}
Event: 0.896 GC heap after
{Heap after GC invocations=10 (full 1):
 def new generation   total 8768K, used 960K [0x05400000, 0x05d80000, 0x0a950000)
  eden space 7808K,   0% used [0x05400000, 0x05400000, 0x05ba0000)
  from space 960K, 100% used [0x05c90000, 0x05d80000, 0x05d80000)
  to   space 960K,   0% used [0x05ba0000, 0x05ba0000, 0x05c90000)
 tenured generation   total 19308K, used 11948K [0x0a950000, 0x0bc2b000, 0x15400000)
   the space 19308K,  61% used [0x0a950000, 0x0b4fb388, 0x0b4fb400, 0x0bc2b000)
 Metaspace       used 12716K, capacity 12899K, committed 12928K, reserved 13696K
}
Event: 0.995 GC heap before
{Heap before GC invocations=10 (full 1):
 def new generation   total 8768K, used 8725K [0x05400000, 0x05d80000, 0x0a950000)
  eden space 7808K,  99% used [0x05400000, 0x05b95720, 0x05ba0000)
  from space 960K, 100% used [0x05c90000, 0x05d80000, 0x05d80000)
  to   space 960K,   0% used [0x05ba0000, 0x05ba0000, 0x05c90000)
 tenured generation   total 19308K, used 11948K [0x0a950000, 0x0bc2b000, 0x15400000)
   the space 19308K,  61% used [0x0a950000, 0x0b4fb388, 0x0b4fb400, 0x0bc2b000)
 Metaspace       used 13959K, capacity 14253K, committed 14336K, reserved 14720K
}
Event: 1.002 GC heap after
{Heap after GC invocations=11 (full 1):
 def new generation   total 8768K, used 598K [0x05400000, 0x05d80000, 0x0a950000)
  eden space 7808K,   0% used [0x05400000, 0x05400000, 0x05ba0000)
  from space 960K,  62% used [0x05ba0000, 0x05c359c8, 0x05c90000)
  to   space 960K,   0% used [0x05c90000, 0x05c90000, 0x05d80000)
 tenured generation   total 19308K, used 12900K [0x0a950000, 0x0bc2b000, 0x15400000)
   the space 19308K,  66% used [0x0a950000, 0x0b5e9330, 0x0b5e9400, 0x0bc2b000)
 Metaspace       used 13959K, capacity 14253K, committed 14336K, reserved 14720K
}
Event: 2.124 GC heap before
{Heap before GC invocations=11 (full 1):
 def new generation   total 8768K, used 8406K [0x05400000, 0x05d80000, 0x0a950000)
  eden space 7808K, 100% used [0x05400000, 0x05ba0000, 0x05ba0000)
  from space 960K,  62% used [0x05ba0000, 0x05c359c8, 0x05c90000)
  to   space 960K,   0% used [0x05c90000, 0x05c90000, 0x05d80000)
 tenured generation   total 19308K, used 12900K [0x0a950000, 0x0bc2b000, 0x15400000)
   the space 19308K,  66% used [0x0a950000, 0x0b5e9330, 0x0b5e9400, 0x0bc2b000)
 Metaspace       used 14767K, capacity 15072K, committed 15104K, reserved 15744K
}
Event: 2.129 GC heap after
{Heap after GC invocations=12 (full 1):
 def new generation   total 8768K, used 960K [0x05400000, 0x05d80000, 0x0a950000)
  eden space 7808K,   0% used [0x05400000, 0x05400000, 0x05ba0000)
  from space 960K, 100% used [0x05c90000, 0x05d80000, 0x05d80000)
  to   space 960K,   0% used [0x05ba0000, 0x05ba0000, 0x05c90000)
 tenured generation   total 19308K, used 14564K [0x0a950000, 0x0bc2b000, 0x15400000)
   the space 19308K,  75% used [0x0a950000, 0x0b7892b8, 0x0b789400, 0x0bc2b000)
 Metaspace       used 14767K, capacity 15072K, committed 15104K, reserved 15744K
}
Event: 2.896 GC heap before
{Heap before GC invocations=12 (full 1):
 def new generation   total 8768K, used 8768K [0x05400000, 0x05d80000, 0x0a950000)
  eden space 7808K, 100% used [0x05400000, 0x05ba0000, 0x05ba0000)
  from space 960K, 100% used [0x05c90000, 0x05d80000, 0x05d80000)
  to   space 960K,   0% used [0x05ba0000, 0x05ba0000, 0x05c90000)
 tenured generation   total 19308K, used 14564K [0x0a950000, 0x0bc2b000, 0x15400000)
   the space 19308K,  75% used [0x0a950000, 0x0b7892b8, 0x0b789400, 0x0bc2b000)
 Metaspace       used 15841K, capacity 16219K, committed 16256K, reserved 16768K
}
Event: 2.899 GC heap after
{Heap after GC invocations=13 (full 1):
 def new generation   total 8768K, used 712K [0x05400000, 0x05d80000, 0x0a950000)
  eden space 7808K,   0% used [0x05400000, 0x05400000, 0x05ba0000)
  from space 960K,  74% used [0x05ba0000, 0x05c52250, 0x05c90000)
  to   space 960K,   0% used [0x05c90000, 0x05c90000, 0x05d80000)
 tenured generation   total 19308K, used 15518K [0x0a950000, 0x0bc2b000, 0x15400000)
   the space 19308K,  80% used [0x0a950000, 0x0b8779c8, 0x0b877a00, 0x0bc2b000)
 Metaspace       used 15841K, capacity 16219K, committed 16256K, reserved 16768K
}
Event: 11.944 GC heap before
{Heap before GC invocations=13 (full 1):
 def new generation   total 8768K, used 8520K [0x05400000, 0x05d80000, 0x0a950000)
  eden space 7808K, 100% used [0x05400000, 0x05ba0000, 0x05ba0000)
  from space 960K,  74% used [0x05ba0000, 0x05c52250, 0x05c90000)
  to   space 960K,   0% used [0x05c90000, 0x05c90000, 0x05d80000)
 tenured generation   total 19308K, used 15518K [0x0a950000, 0x0bc2b000, 0x15400000)
   the space 19308K,  80% used [0x0a950000, 0x0b8779c8, 0x0b877a00, 0x0bc2b000)
 Metaspace       used 16042K, capacity 16463K, committed 16512K, reserved 16768K
}
Event: 11.947 GC heap after
{Heap after GC invocations=14 (full 1):
 def new generation   total 8768K, used 960K [0x05400000, 0x05d80000, 0x0a950000)
  eden space 7808K,   0% used [0x05400000, 0x05400000, 0x05ba0000)
  from space 960K, 100% used [0x05c90000, 0x05d80000, 0x05d80000)
  to   space 960K,   0% used [0x05ba0000, 0x05ba0000, 0x05c90000)
 tenured generation   total 19308K, used 17440K [0x0a950000, 0x0bc2b000, 0x15400000)
   the space 19308K,  90% used [0x0a950000, 0x0ba582b8, 0x0ba58400, 0x0bc2b000)
 Metaspace       used 16042K, capacity 16463K, committed 16512K, reserved 16768K
}
Event: 22.332 GC heap before
{Heap before GC invocations=14 (full 1):
 def new generation   total 8768K, used 3070K [0x05400000, 0x05d80000, 0x0a950000)
  eden space 7808K,  27% used [0x05400000, 0x0560fbf8, 0x05ba0000)
  from space 960K, 100% used [0x05c90000, 0x05d80000, 0x05d80000)
  to   space 960K,   0% used [0x05ba0000, 0x05ba0000, 0x05c90000)
 tenured generation   total 19308K, used 17440K [0x0a950000, 0x0bc2b000, 0x15400000)
   the space 19308K,  90% used [0x0a950000, 0x0ba582b8, 0x0ba58400, 0x0bc2b000)
 Metaspace       used 16055K, capacity 16478K, committed 16512K, reserved 16768K
}
Event: 22.333 GC heap after
{Heap after GC invocations=15 (full 1):
 def new generation   total 8768K, used 238K [0x05400000, 0x05d80000, 0x0a950000)
  eden space 7808K,   0% used [0x05400000, 0x05400000, 0x05ba0000)
  from space 960K,  24% used [0x05ba0000, 0x05bdb838, 0x05c90000)
  to   space 960K,   0% used [0x05c90000, 0x05c90000, 0x05d80000)
 tenured generation   total 19308K, used 18133K [0x0a950000, 0x0bc2b000, 0x15400000)
   the space 19308K,  93% used [0x0a950000, 0x0bb05628, 0x0bb05800, 0x0bc2b000)
 Metaspace       used 16055K, capacity 16478K, committed 16512K, reserved 16768K
}
Event: 22.405 GC heap before
{Heap before GC invocations=15 (full 1):
 def new generation   total 8768K, used 7367K [0x05400000, 0x05d80000, 0x0a950000)
  eden space 7808K,  91% used [0x05400000, 0x05af6490, 0x05ba0000)
  from space 960K,  24% used [0x05ba0000, 0x05bdb838, 0x05c90000)
  to   space 960K,   0% used [0x05c90000, 0x05c90000, 0x05d80000)
 tenured generation   total 19308K, used 18133K [0x0a950000, 0x0bc2b000, 0x15400000)
   the space 19308K,  93% used [0x0a950000, 0x0bb05628, 0x0bb05800, 0x0bc2b000)
 Metaspace       used 16057K, capacity 16479K, committed 16512K, reserved 16768K
}
Event: 22.434 GC heap after
{Heap after GC invocations=16 (full 2):
 def new generation   total 17024K, used 0K [0x05400000, 0x06670000, 0x0a950000)
  eden space 15168K,   0% used [0x05400000, 0x05400000, 0x062d0000)
  from space 1856K,   0% used [0x062d0000, 0x062d0000, 0x064a0000)
  to   space 1856K,   0% used [0x064a0000, 0x064a0000, 0x06670000)
 tenured generation   total 37680K, used 22606K [0x0a950000, 0x0ce1c000, 0x15400000)
   the space 37680K,  59% used [0x0a950000, 0x0bf63a80, 0x0bf63c00, 0x0ce1c000)
 Metaspace       used 15828K, capacity 16198K, committed 16512K, reserved 16768K
}

