# JRE version: OpenJDK Runtime Environment Corretto-11.0.22.7.1 (11.0.22+7) (build 11.0.22+7-LTS)
# Java VM: OpenJDK 64-Bit Server VM Corretto-11.0.22.7.1 (11.0.22+7-LTS, mixed mode, tiered, compressed oops, g1 gc, windows-amd64)
Heap:
 garbage-first heap   total 126976K, used 53946K [0x0000000084800000, 0x0000000100000000)
  region size 1024K, 20 young (20480K), 6 survivors (6144K)
 Metaspace       used 28451K, capacity 29617K, committed 29744K, reserved 1075200K
  class space    used 3465K, capacity 3944K, committed 3968K, reserved 1048576K
GC Heap History (6 events):
Event: 1.028 GC heap before
{Heap before GC invocations=0 (full 0):
 garbage-first heap   total 126976K, used 24576K [0x0000000084800000, 0x0000000100000000)
  region size 1024K, 24 young (24576K), 0 survivors (0K)
 Metaspace       used 12256K, capacity 12561K, committed 12800K, reserved 1060864K
  class space    used 1278K, capacity 1428K, committed 1536K, reserved 1048576K
}
Event: 1.033 GC heap after
{Heap after GC invocations=1 (full 0):
 garbage-first heap   total 126976K, used 2833K [0x0000000084800000, 0x0000000100000000)
  region size 1024K, 3 young (3072K), 3 survivors (3072K)
 Metaspace       used 12256K, capacity 12561K, committed 12800K, reserved 1060864K
  class space    used 1278K, capacity 1428K, committed 1536K, reserved 1048576K
}
Event: 1.777 GC heap before
{Heap before GC invocations=1 (full 0):
 garbage-first heap   total 126976K, used 36625K [0x0000000084800000, 0x0000000100000000)
  region size 1024K, 30 young (30720K), 3 survivors (3072K)
 Metaspace       used 20581K, capacity 21201K, committed 21296K, reserved 1069056K
  class space    used 2419K, capacity 2660K, committed 2688K, reserved 1048576K
}
Event: 1.788 GC heap after
{Heap after GC invocations=2 (full 0):
 garbage-first heap   total 126976K, used 14244K [0x0000000084800000, 0x0000000100000000)
  region size 1024K, 7 young (7168K), 7 survivors (7168K)
 Metaspace       used 20581K, capacity 21201K, committed 21296K, reserved 1069056K
  class space    used 2419K, capacity 2660K, committed 2688K, reserved 1048576K
}
Event: 19.411 GC heap before
{Heap before GC invocations=3 (full 0):
 garbage-first heap   total 126976K, used 60324K [0x0000000084800000, 0x0000000100000000)
  region size 1024K, 48 young (49152K), 7 survivors (7168K)
 Metaspace       used 27660K, capacity 28827K, committed 28976K, reserved 1075200K
  class space    used 3436K, capacity 3907K, committed 3968K, reserved 1048576K
}
Event: 19.423 GC heap after
{Heap after GC invocations=4 (full 0):
 garbage-first heap   total 126976K, used 22202K [0x0000000084800000, 0x0000000100000000)
  region size 1024K, 6 young (6144K), 6 survivors (6144K)
 Metaspace       used 27660K, capacity 28827K, committed 28976K, reserved 1075200K
  class space    used 3436K, capacity 3907K, committed 3968K, reserved 1048576K
}

