# JRE version: OpenJDK Runtime Environment Temurin-11.0.21+9 (11.0.21+9) (build 11.0.21+9)
# Java VM: OpenJDK Client VM Temurin-11.0.21+9 (11.0.21+9, mixed mode, serial gc, windows-x86)
Heap:
 def new generation   total 16832K, used 1921K [0x05600000, 0x06840000, 0x0ab50000)
  eden space 14976K,  12% used [0x05600000, 0x057e0418, 0x064a0000)
  from space 1856K,   0% used [0x064a0000, 0x064a0000, 0x06670000)
  to   space 1856K,   0% used [0x06670000, 0x06670000, 0x06840000)
 tenured generation   total 37352K, used 22410K [0x0ab50000, 0x0cfca000, 0x15600000)
   the space 37352K,  59% used [0x0ab50000, 0x0c132b10, 0x0c132c00, 0x0cfca000)
 Metaspace       used 15880K, capacity 16249K, committed 16512K, reserved 16768K
GC Heap History (20 events):
Event: 0.696 GC heap before
{Heap before GC invocations=6 (full 0):
 def new generation   total 4928K, used 4928K [0x05600000, 0x05b50000, 0x0ab50000)
  eden space 4416K, 100% used [0x05600000, 0x05a50000, 0x05a50000)
  from space 512K, 100% used [0x05a50000, 0x05ad0000, 0x05ad0000)
  to   space 512K,   0% used [0x05ad0000, 0x05ad0000, 0x05b50000)
 tenured generation   total 10944K, used 2811K [0x0ab50000, 0x0b600000, 0x15600000)
   the space 10944K,  25% used [0x0ab50000, 0x0ae0edf0, 0x0ae0ee00, 0x0b600000)
 Metaspace       used 10557K, capacity 10734K, committed 10752K, reserved 11648K
}
Event: 0.697 GC heap after
{Heap after GC invocations=7 (full 0):
 def new generation   total 4928K, used 512K [0x05600000, 0x05b50000, 0x0ab50000)
  eden space 4416K,   0% used [0x05600000, 0x05600000, 0x05a50000)
  from space 512K, 100% used [0x05ad0000, 0x05b50000, 0x05b50000)
  to   space 512K,   0% used [0x05a50000, 0x05a50000, 0x05ad0000)
 tenured generation   total 10944K, used 3694K [0x0ab50000, 0x0b600000, 0x15600000)
   the space 10944K,  33% used [0x0ab50000, 0x0aeeb950, 0x0aeeba00, 0x0b600000)
 Metaspace       used 10557K, capacity 10734K, committed 10752K, reserved 11648K
}
Event: 0.745 GC heap before
{Heap before GC invocations=7 (full 0):
 def new generation   total 4928K, used 4928K [0x05600000, 0x05b50000, 0x0ab50000)
  eden space 4416K, 100% used [0x05600000, 0x05a50000, 0x05a50000)
  from space 512K, 100% used [0x05ad0000, 0x05b50000, 0x05b50000)
  to   space 512K,   0% used [0x05a50000, 0x05a50000, 0x05ad0000)
 tenured generation   total 10944K, used 3694K [0x0ab50000, 0x0b600000, 0x15600000)
   the space 10944K,  33% used [0x0ab50000, 0x0aeeb950, 0x0aeeba00, 0x0b600000)
 Metaspace       used 11343K, capacity 11510K, committed 11520K, reserved 11648K
}
Event: 0.746 GC heap after
{Heap after GC invocations=8 (full 0):
 def new generation   total 4928K, used 511K [0x05600000, 0x05b50000, 0x0ab50000)
  eden space 4416K,   0% used [0x05600000, 0x05600000, 0x05a50000)
  from space 512K,  99% used [0x05a50000, 0x05acfff0, 0x05ad0000)
  to   space 512K,   0% used [0x05ad0000, 0x05ad0000, 0x05b50000)
 tenured generation   total 10944K, used 4200K [0x0ab50000, 0x0b600000, 0x15600000)
   the space 10944K,  38% used [0x0ab50000, 0x0af6a0c0, 0x0af6a200, 0x0b600000)
 Metaspace       used 11343K, capacity 11510K, committed 11520K, reserved 11648K
}
Event: 0.818 GC heap before
{Heap before GC invocations=8 (full 0):
 def new generation   total 4928K, used 4927K [0x05600000, 0x05b50000, 0x0ab50000)
  eden space 4416K,  99% used [0x05600000, 0x05a4fd08, 0x05a50000)
  from space 512K,  99% used [0x05a50000, 0x05acfff0, 0x05ad0000)
  to   space 512K,   0% used [0x05ad0000, 0x05ad0000, 0x05b50000)
 tenured generation   total 10944K, used 10430K [0x0ab50000, 0x0b600000, 0x15600000)
   the space 10944K,  95% used [0x0ab50000, 0x0b57fab8, 0x0b57fc00, 0x0b600000)
 Metaspace       used 11801K, capacity 11976K, committed 12032K, reserved 12672K
}
Event: 0.828 GC heap after
{Heap after GC invocations=9 (full 1):
 def new generation   total 8640K, used 408K [0x05600000, 0x05f60000, 0x0ab50000)
  eden space 7680K,   5% used [0x05600000, 0x05666220, 0x05d80000)
  from space 960K,   0% used [0x05d80000, 0x05d80000, 0x05e70000)
  to   space 960K,   0% used [0x05e70000, 0x05e70000, 0x05f60000)
 tenured generation   total 19096K, used 11456K [0x0ab50000, 0x0bdf6000, 0x15600000)
   the space 19096K,  59% used [0x0ab50000, 0x0b680000, 0x0b680000, 0x0bdf6000)
 Metaspace       used 11801K, capacity 11976K, committed 12032K, reserved 12672K
}
Event: 0.947 GC heap before
{Heap before GC invocations=9 (full 1):
 def new generation   total 8640K, used 7680K [0x05600000, 0x05f60000, 0x0ab50000)
  eden space 7680K, 100% used [0x05600000, 0x05d80000, 0x05d80000)
  from space 960K,   0% used [0x05d80000, 0x05d80000, 0x05e70000)
  to   space 960K,   0% used [0x05e70000, 0x05e70000, 0x05f60000)
 tenured generation   total 19096K, used 11456K [0x0ab50000, 0x0bdf6000, 0x15600000)
   the space 19096K,  59% used [0x0ab50000, 0x0b680000, 0x0b680000, 0x0bdf6000)
 Metaspace       used 12708K, capacity 12899K, committed 12928K, reserved 13696K
}
Event: 0.951 GC heap after
{Heap after GC invocations=10 (full 1):
 def new generation   total 8640K, used 959K [0x05600000, 0x05f60000, 0x0ab50000)
  eden space 7680K,   0% used [0x05600000, 0x05600000, 0x05d80000)
  from space 960K,  99% used [0x05e70000, 0x05f5fff8, 0x05f60000)
  to   space 960K,   0% used [0x05d80000, 0x05d80000, 0x05e70000)
 tenured generation   total 19096K, used 11730K [0x0ab50000, 0x0bdf6000, 0x15600000)
   the space 19096K,  61% used [0x0ab50000, 0x0b6c4818, 0x0b6c4a00, 0x0bdf6000)
 Metaspace       used 12708K, capacity 12899K, committed 12928K, reserved 13696K
}
Event: 1.036 GC heap before
{Heap before GC invocations=10 (full 1):
 def new generation   total 8640K, used 8639K [0x05600000, 0x05f60000, 0x0ab50000)
  eden space 7680K, 100% used [0x05600000, 0x05d80000, 0x05d80000)
  from space 960K,  99% used [0x05e70000, 0x05f5fff8, 0x05f60000)
  to   space 960K,   0% used [0x05d80000, 0x05d80000, 0x05e70000)
 tenured generation   total 19096K, used 11730K [0x0ab50000, 0x0bdf6000, 0x15600000)
   the space 19096K,  61% used [0x0ab50000, 0x0b6c4818, 0x0b6c4a00, 0x0bdf6000)
 Metaspace       used 13883K, capacity 14157K, committed 14208K, reserved 14720K
}
Event: 1.038 GC heap after
{Heap after GC invocations=11 (full 1):
 def new generation   total 8640K, used 557K [0x05600000, 0x05f60000, 0x0ab50000)
  eden space 7680K,   0% used [0x05600000, 0x05600000, 0x05d80000)
  from space 960K,  58% used [0x05d80000, 0x05e0b560, 0x05e70000)
  to   space 960K,   0% used [0x05e70000, 0x05e70000, 0x05f60000)
 tenured generation   total 19096K, used 12673K [0x0ab50000, 0x0bdf6000, 0x15600000)
   the space 19096K,  66% used [0x0ab50000, 0x0b7b06a8, 0x0b7b0800, 0x0bdf6000)
 Metaspace       used 13883K, capacity 14157K, committed 14208K, reserved 14720K
}
Event: 2.178 GC heap before
{Heap before GC invocations=11 (full 1):
 def new generation   total 8640K, used 8234K [0x05600000, 0x05f60000, 0x0ab50000)
  eden space 7680K,  99% used [0x05600000, 0x05d7f600, 0x05d80000)
  from space 960K,  58% used [0x05d80000, 0x05e0b560, 0x05e70000)
  to   space 960K,   0% used [0x05e70000, 0x05e70000, 0x05f60000)
 tenured generation   total 19096K, used 12673K [0x0ab50000, 0x0bdf6000, 0x15600000)
   the space 19096K,  66% used [0x0ab50000, 0x0b7b06a8, 0x0b7b0800, 0x0bdf6000)
 Metaspace       used 14733K, capacity 15049K, committed 15104K, reserved 15744K
}
Event: 2.182 GC heap after
{Heap after GC invocations=12 (full 1):
 def new generation   total 8640K, used 960K [0x05600000, 0x05f60000, 0x0ab50000)
  eden space 7680K,   0% used [0x05600000, 0x05600000, 0x05d80000)
  from space 960K, 100% used [0x05e70000, 0x05f60000, 0x05f60000)
  to   space 960K,   0% used [0x05d80000, 0x05d80000, 0x05e70000)
 tenured generation   total 19096K, used 14355K [0x0ab50000, 0x0bdf6000, 0x15600000)
   the space 19096K,  75% used [0x0ab50000, 0x0b954d90, 0x0b954e00, 0x0bdf6000)
 Metaspace       used 14733K, capacity 15049K, committed 15104K, reserved 15744K
}
Event: 2.987 GC heap before
{Heap before GC invocations=12 (full 1):
 def new generation   total 8640K, used 8640K [0x05600000, 0x05f60000, 0x0ab50000)
  eden space 7680K, 100% used [0x05600000, 0x05d80000, 0x05d80000)
  from space 960K, 100% used [0x05e70000, 0x05f60000, 0x05f60000)
  to   space 960K,   0% used [0x05d80000, 0x05d80000, 0x05e70000)
 tenured generation   total 19096K, used 14355K [0x0ab50000, 0x0bdf6000, 0x15600000)
   the space 19096K,  75% used [0x0ab50000, 0x0b954d90, 0x0b954e00, 0x0bdf6000)
 Metaspace       used 15843K, capacity 16249K, committed 16256K, reserved 16768K
}
Event: 2.990 GC heap after
{Heap after GC invocations=13 (full 1):
 def new generation   total 8640K, used 682K [0x05600000, 0x05f60000, 0x0ab50000)
  eden space 7680K,   0% used [0x05600000, 0x05600000, 0x05d80000)
  from space 960K,  71% used [0x05d80000, 0x05e2aac8, 0x05e70000)
  to   space 960K,   0% used [0x05e70000, 0x05e70000, 0x05f60000)
 tenured generation   total 19096K, used 15299K [0x0ab50000, 0x0bdf6000, 0x15600000)
   the space 19096K,  80% used [0x0ab50000, 0x0ba40fe8, 0x0ba41000, 0x0bdf6000)
 Metaspace       used 15843K, capacity 16249K, committed 16256K, reserved 16768K
}
Event: 9.534 GC heap before
{Heap before GC invocations=13 (full 1):
 def new generation   total 8640K, used 8362K [0x05600000, 0x05f60000, 0x0ab50000)
  eden space 7680K, 100% used [0x05600000, 0x05d80000, 0x05d80000)
  from space 960K,  71% used [0x05d80000, 0x05e2aac8, 0x05e70000)
  to   space 960K,   0% used [0x05e70000, 0x05e70000, 0x05f60000)
 tenured generation   total 19096K, used 15299K [0x0ab50000, 0x0bdf6000, 0x15600000)
   the space 19096K,  80% used [0x0ab50000, 0x0ba40fe8, 0x0ba41000, 0x0bdf6000)
 Metaspace       used 16047K, capacity 16435K, committed 16512K, reserved 16768K
}
Event: 9.537 GC heap after
{Heap after GC invocations=14 (full 1):
 def new generation   total 8640K, used 960K [0x05600000, 0x05f60000, 0x0ab50000)
  eden space 7680K,   0% used [0x05600000, 0x05600000, 0x05d80000)
  from space 960K, 100% used [0x05e70000, 0x05f60000, 0x05f60000)
  to   space 960K,   0% used [0x05d80000, 0x05d80000, 0x05e70000)
 tenured generation   total 19096K, used 17280K [0x0ab50000, 0x0bdf6000, 0x15600000)
   the space 19096K,  90% used [0x0ab50000, 0x0bc300e8, 0x0bc30200, 0x0bdf6000)
 Metaspace       used 16047K, capacity 16435K, committed 16512K, reserved 16768K
}
Event: 19.626 GC heap before
{Heap before GC invocations=14 (full 1):
 def new generation   total 8640K, used 7874K [0x05600000, 0x05f60000, 0x0ab50000)
  eden space 7680K,  90% used [0x05600000, 0x05cc0950, 0x05d80000)
  from space 960K, 100% used [0x05e70000, 0x05f60000, 0x05f60000)
  to   space 960K,   0% used [0x05d80000, 0x05d80000, 0x05e70000)
 tenured generation   total 19096K, used 17280K [0x0ab50000, 0x0bdf6000, 0x15600000)
   the space 19096K,  90% used [0x0ab50000, 0x0bc300e8, 0x0bc30200, 0x0bdf6000)
 Metaspace       used 16083K, capacity 16507K, committed 16512K, reserved 16768K
}
Event: 19.627 GC heap after
{Heap after GC invocations=15 (full 1):
 def new generation   total 8640K, used 266K [0x05600000, 0x05f60000, 0x0ab50000)
  eden space 7680K,   0% used [0x05600000, 0x05600000, 0x05d80000)
  from space 960K,  27% used [0x05d80000, 0x05dc2ae8, 0x05e70000)
  to   space 960K,   0% used [0x05e70000, 0x05e70000, 0x05f60000)
 tenured generation   total 19096K, used 17927K [0x0ab50000, 0x0bdf6000, 0x15600000)
   the space 19096K,  93% used [0x0ab50000, 0x0bcd1ea8, 0x0bcd2000, 0x0bdf6000)
 Metaspace       used 16083K, capacity 16507K, committed 16512K, reserved 16768K
}
Event: 19.691 GC heap before
{Heap before GC invocations=15 (full 1):
 def new generation   total 8640K, used 7305K [0x05600000, 0x05f60000, 0x0ab50000)
  eden space 7680K,  91% used [0x05600000, 0x05cdfcd0, 0x05d80000)
  from space 960K,  27% used [0x05d80000, 0x05dc2ae8, 0x05e70000)
  to   space 960K,   0% used [0x05e70000, 0x05e70000, 0x05f60000)
 tenured generation   total 19096K, used 17927K [0x0ab50000, 0x0bdf6000, 0x15600000)
   the space 19096K,  93% used [0x0ab50000, 0x0bcd1ea8, 0x0bcd2000, 0x0bdf6000)
 Metaspace       used 16084K, capacity 16508K, committed 16512K, reserved 16768K
}
Event: 19.717 GC heap after
{Heap after GC invocations=16 (full 2):
 def new generation   total 16832K, used 0K [0x05600000, 0x06840000, 0x0ab50000)
  eden space 14976K,   0% used [0x05600000, 0x05600000, 0x064a0000)
  from space 1856K,   0% used [0x064a0000, 0x064a0000, 0x06670000)
  to   space 1856K,   0% used [0x06670000, 0x06670000, 0x06840000)
 tenured generation   total 37352K, used 22410K [0x0ab50000, 0x0cfca000, 0x15600000)
   the space 37352K,  59% used [0x0ab50000, 0x0c132b10, 0x0c132c00, 0x0cfca000)
 Metaspace       used 15852K, capacity 16222K, committed 16512K, reserved 16768K
}

