# JRE version: OpenJDK Runtime Environment Temurin-11.0.21+9 (11.0.21+9) (build 11.0.21+9)
# Java VM: OpenJDK Client VM Temurin-11.0.21+9 (11.0.21+9, mixed mode, serial gc, windows-x86)
Heap:
 def new generation   total 14400K, used 12133K [0x05800000, 0x067a0000, 0x0ad50000)
  eden space 12800K,  82% used [0x05800000, 0x06249710, 0x06480000)
  from space 1600K, 100% used [0x06480000, 0x06610000, 0x06610000)
  to   space 1600K,   0% used [0x06610000, 0x06610000, 0x067a0000)
 tenured generation   total 31956K, used 25663K [0x0ad50000, 0x0cc85000, 0x15800000)
   the space 31956K,  80% used [0x0ad50000, 0x0c65fce8, 0x0c65fe00, 0x0cc85000)
 Metaspace       used 16374K, capacity 16789K, committed 17024K, reserved 17792K
GC Heap History (20 events):
Event: 3.012 GC heap before
{Heap before GC invocations=12 (full 1):
 def new generation   total 8640K, used 8640K [0x05800000, 0x06160000, 0x0ad50000)
  eden space 7680K, 100% used [0x05800000, 0x05f80000, 0x05f80000)
  from space 960K, 100% used [0x06070000, 0x06160000, 0x06160000)
  to   space 960K,   0% used [0x05f80000, 0x05f80000, 0x06070000)
 tenured generation   total 19096K, used 14387K [0x0ad50000, 0x0bff6000, 0x15800000)
   the space 19096K,  75% used [0x0ad50000, 0x0bb5cca8, 0x0bb5ce00, 0x0bff6000)
 Metaspace       used 15848K, capacity 16253K, committed 16256K, reserved 16768K
}
Event: 3.014 GC heap after
{Heap after GC invocations=13 (full 1):
 def new generation   total 8640K, used 701K [0x05800000, 0x06160000, 0x0ad50000)
  eden space 7680K,   0% used [0x05800000, 0x05800000, 0x05f80000)
  from space 960K,  73% used [0x05f80000, 0x0602f558, 0x06070000)
  to   space 960K,   0% used [0x06070000, 0x06070000, 0x06160000)
 tenured generation   total 19096K, used 15341K [0x0ad50000, 0x0bff6000, 0x15800000)
   the space 19096K,  80% used [0x0ad50000, 0x0bc4b628, 0x0bc4b800, 0x0bff6000)
 Metaspace       used 15848K, capacity 16253K, committed 16256K, reserved 16768K
}
Event: 11.030 GC heap before
{Heap before GC invocations=13 (full 1):
 def new generation   total 8640K, used 8381K [0x05800000, 0x06160000, 0x0ad50000)
  eden space 7680K, 100% used [0x05800000, 0x05f80000, 0x05f80000)
  from space 960K,  73% used [0x05f80000, 0x0602f558, 0x06070000)
  to   space 960K,   0% used [0x06070000, 0x06070000, 0x06160000)
 tenured generation   total 19096K, used 15341K [0x0ad50000, 0x0bff6000, 0x15800000)
   the space 19096K,  80% used [0x0ad50000, 0x0bc4b628, 0x0bc4b800, 0x0bff6000)
 Metaspace       used 16038K, capacity 16434K, committed 16512K, reserved 16768K
}
Event: 11.032 GC heap after
{Heap after GC invocations=14 (full 1):
 def new generation   total 8640K, used 621K [0x05800000, 0x06160000, 0x0ad50000)
  eden space 7680K,   0% used [0x05800000, 0x05800000, 0x05f80000)
  from space 960K,  64% used [0x06070000, 0x0610b6b8, 0x06160000)
  to   space 960K,   0% used [0x05f80000, 0x05f80000, 0x06070000)
 tenured generation   total 19096K, used 16019K [0x0ad50000, 0x0bff6000, 0x15800000)
   the space 19096K,  83% used [0x0ad50000, 0x0bcf4c98, 0x0bcf4e00, 0x0bff6000)
 Metaspace       used 16038K, capacity 16434K, committed 16512K, reserved 16768K
}
Event: 20.559 GC heap before
{Heap before GC invocations=14 (full 1):
 def new generation   total 8640K, used 8301K [0x05800000, 0x06160000, 0x0ad50000)
  eden space 7680K, 100% used [0x05800000, 0x05f80000, 0x05f80000)
  from space 960K,  64% used [0x06070000, 0x0610b6b8, 0x06160000)
  to   space 960K,   0% used [0x05f80000, 0x05f80000, 0x06070000)
 tenured generation   total 19096K, used 16019K [0x0ad50000, 0x0bff6000, 0x15800000)
   the space 19096K,  83% used [0x0ad50000, 0x0bcf4c98, 0x0bcf4e00, 0x0bff6000)
 Metaspace       used 16201K, capacity 16607K, committed 16640K, reserved 16768K
}
Event: 20.561 GC heap after
{Heap after GC invocations=15 (full 1):
 def new generation   total 8640K, used 884K [0x05800000, 0x06160000, 0x0ad50000)
  eden space 7680K,   0% used [0x05800000, 0x05800000, 0x05f80000)
  from space 960K,  92% used [0x05f80000, 0x0605d3e0, 0x06070000)
  to   space 960K,   0% used [0x06070000, 0x06070000, 0x06160000)
 tenured generation   total 19096K, used 16578K [0x0ad50000, 0x0bff6000, 0x15800000)
   the space 19096K,  86% used [0x0ad50000, 0x0bd809b0, 0x0bd80a00, 0x0bff6000)
 Metaspace       used 16201K, capacity 16607K, committed 16640K, reserved 16768K
}
Event: 71.478 GC heap before
{Heap before GC invocations=15 (full 1):
 def new generation   total 8640K, used 8564K [0x05800000, 0x06160000, 0x0ad50000)
  eden space 7680K, 100% used [0x05800000, 0x05f80000, 0x05f80000)
  from space 960K,  92% used [0x05f80000, 0x0605d3e0, 0x06070000)
  to   space 960K,   0% used [0x06070000, 0x06070000, 0x06160000)
 tenured generation   total 19096K, used 16578K [0x0ad50000, 0x0bff6000, 0x15800000)
   the space 19096K,  86% used [0x0ad50000, 0x0bd809b0, 0x0bd80a00, 0x0bff6000)
 Metaspace       used 16248K, capacity 16666K, committed 16768K, reserved 16768K
}
Event: 71.481 GC heap after
{Heap after GC invocations=16 (full 1):
 def new generation   total 8640K, used 959K [0x05800000, 0x06160000, 0x0ad50000)
  eden space 7680K,   0% used [0x05800000, 0x05800000, 0x05f80000)
  from space 960K,  99% used [0x06070000, 0x0615fff8, 0x06160000)
  to   space 960K,   0% used [0x05f80000, 0x05f80000, 0x06070000)
 tenured generation   total 19096K, used 17457K [0x0ad50000, 0x0bff6000, 0x15800000)
   the space 19096K,  91% used [0x0ad50000, 0x0be5c438, 0x0be5c600, 0x0bff6000)
 Metaspace       used 16248K, capacity 16666K, committed 16768K, reserved 16768K
}
Event: 89.079 GC heap before
{Heap before GC invocations=16 (full 1):
 def new generation   total 8640K, used 8639K [0x05800000, 0x06160000, 0x0ad50000)
  eden space 7680K, 100% used [0x05800000, 0x05f80000, 0x05f80000)
  from space 960K,  99% used [0x06070000, 0x0615fff8, 0x06160000)
  to   space 960K,   0% used [0x05f80000, 0x05f80000, 0x06070000)
 tenured generation   total 19096K, used 17457K [0x0ad50000, 0x0bff6000, 0x15800000)
   the space 19096K,  91% used [0x0ad50000, 0x0be5c438, 0x0be5c600, 0x0bff6000)
 Metaspace       used 16285K, capacity 16716K, committed 16768K, reserved 16768K
}
Event: 89.083 GC heap after
{Heap after GC invocations=17 (full 1):
 def new generation   total 8640K, used 960K [0x05800000, 0x06160000, 0x0ad50000)
  eden space 7680K,   0% used [0x05800000, 0x05800000, 0x05f80000)
  from space 960K, 100% used [0x05f80000, 0x06070000, 0x06070000)
  to   space 960K,   0% used [0x06070000, 0x06070000, 0x06160000)
 tenured generation   total 19096K, used 18435K [0x0ad50000, 0x0bff6000, 0x15800000)
   the space 19096K,  96% used [0x0ad50000, 0x0bf50d00, 0x0bf50e00, 0x0bff6000)
 Metaspace       used 16285K, capacity 16716K, committed 16768K, reserved 16768K
}
Event: 97.336 GC heap before
{Heap before GC invocations=17 (full 1):
 def new generation   total 8640K, used 8640K [0x05800000, 0x06160000, 0x0ad50000)
  eden space 7680K, 100% used [0x05800000, 0x05f80000, 0x05f80000)
  from space 960K, 100% used [0x05f80000, 0x06070000, 0x06070000)
  to   space 960K,   0% used [0x06070000, 0x06070000, 0x06160000)
 tenured generation   total 19096K, used 18435K [0x0ad50000, 0x0bff6000, 0x15800000)
   the space 19096K,  96% used [0x0ad50000, 0x0bf50d00, 0x0bf50e00, 0x0bff6000)
 Metaspace       used 16294K, capacity 16716K, committed 16768K, reserved 16768K
}
Event: 97.360 GC heap after
{Heap after GC invocations=18 (full 2):
 def new generation   total 14400K, used 0K [0x05800000, 0x067a0000, 0x0ad50000)
  eden space 12800K,   0% used [0x05800000, 0x05800000, 0x06480000)
  from space 1600K,   0% used [0x06480000, 0x06480000, 0x06610000)
  to   space 1600K,   0% used [0x06610000, 0x06610000, 0x067a0000)
 tenured generation   total 31956K, used 19173K [0x0ad50000, 0x0cc85000, 0x15800000)
   the space 31956K,  59% used [0x0ad50000, 0x0c0095a8, 0x0c009600, 0x0cc85000)
 Metaspace       used 16025K, capacity 16387K, committed 16768K, reserved 16768K
}
Event: 102.889 GC heap before
{Heap before GC invocations=18 (full 2):
 def new generation   total 14400K, used 12800K [0x05800000, 0x067a0000, 0x0ad50000)
  eden space 12800K, 100% used [0x05800000, 0x06480000, 0x06480000)
  from space 1600K,   0% used [0x06480000, 0x06480000, 0x06610000)
  to   space 1600K,   0% used [0x06610000, 0x06610000, 0x067a0000)
 tenured generation   total 31956K, used 19173K [0x0ad50000, 0x0cc85000, 0x15800000)
   the space 31956K,  59% used [0x0ad50000, 0x0c0095a8, 0x0c009600, 0x0cc85000)
 Metaspace       used 16045K, capacity 16409K, committed 16768K, reserved 16768K
}
Event: 102.893 GC heap after
{Heap after GC invocations=19 (full 2):
 def new generation   total 14400K, used 1600K [0x05800000, 0x067a0000, 0x0ad50000)
  eden space 12800K,   0% used [0x05800000, 0x05800000, 0x06480000)
  from space 1600K, 100% used [0x06610000, 0x067a0000, 0x067a0000)
  to   space 1600K,   0% used [0x06480000, 0x06480000, 0x06610000)
 tenured generation   total 31956K, used 21378K [0x0ad50000, 0x0cc85000, 0x15800000)
   the space 31956K,  66% used [0x0ad50000, 0x0c230af8, 0x0c230c00, 0x0cc85000)
 Metaspace       used 16045K, capacity 16409K, committed 16768K, reserved 16768K
}
Event: 110.183 GC heap before
{Heap before GC invocations=19 (full 2):
 def new generation   total 14400K, used 14400K [0x05800000, 0x067a0000, 0x0ad50000)
  eden space 12800K, 100% used [0x05800000, 0x06480000, 0x06480000)
  from space 1600K, 100% used [0x06610000, 0x067a0000, 0x067a0000)
  to   space 1600K,   0% used [0x06480000, 0x06480000, 0x06610000)
 tenured generation   total 31956K, used 21378K [0x0ad50000, 0x0cc85000, 0x15800000)
   the space 31956K,  66% used [0x0ad50000, 0x0c230af8, 0x0c230c00, 0x0cc85000)
 Metaspace       used 16328K, capacity 16739K, committed 17024K, reserved 17792K
}
Event: 110.188 GC heap after
{Heap after GC invocations=20 (full 2):
 def new generation   total 14400K, used 1600K [0x05800000, 0x067a0000, 0x0ad50000)
  eden space 12800K,   0% used [0x05800000, 0x05800000, 0x06480000)
  from space 1600K, 100% used [0x06480000, 0x06610000, 0x06610000)
  to   space 1600K,   0% used [0x06610000, 0x06610000, 0x067a0000)
 tenured generation   total 31956K, used 23277K [0x0ad50000, 0x0cc85000, 0x15800000)
   the space 31956K,  72% used [0x0ad50000, 0x0c40b438, 0x0c40b600, 0x0cc85000)
 Metaspace       used 16328K, capacity 16739K, committed 17024K, reserved 17792K
}
Event: 135.044 GC heap before
{Heap before GC invocations=20 (full 2):
 def new generation   total 14400K, used 14400K [0x05800000, 0x067a0000, 0x0ad50000)
  eden space 12800K, 100% used [0x05800000, 0x06480000, 0x06480000)
  from space 1600K, 100% used [0x06480000, 0x06610000, 0x06610000)
  to   space 1600K,   0% used [0x06610000, 0x06610000, 0x067a0000)
 tenured generation   total 31956K, used 23277K [0x0ad50000, 0x0cc85000, 0x15800000)
   the space 31956K,  72% used [0x0ad50000, 0x0c40b438, 0x0c40b600, 0x0cc85000)
 Metaspace       used 16335K, capacity 16748K, committed 17024K, reserved 17792K
}
Event: 135.048 GC heap after
{Heap after GC invocations=21 (full 2):
 def new generation   total 14400K, used 467K [0x05800000, 0x067a0000, 0x0ad50000)
  eden space 12800K,   0% used [0x05800000, 0x05800000, 0x06480000)
  from space 1600K,  29% used [0x06610000, 0x06684c88, 0x067a0000)
  to   space 1600K,   0% used [0x06480000, 0x06480000, 0x06610000)
 tenured generation   total 31956K, used 24857K [0x0ad50000, 0x0cc85000, 0x15800000)
   the space 31956K,  77% used [0x0ad50000, 0x0c5964a0, 0x0c596600, 0x0cc85000)
 Metaspace       used 16335K, capacity 16748K, committed 17024K, reserved 17792K
}
Event: 144.823 GC heap before
{Heap before GC invocations=21 (full 2):
 def new generation   total 14400K, used 13267K [0x05800000, 0x067a0000, 0x0ad50000)
  eden space 12800K, 100% used [0x05800000, 0x06480000, 0x06480000)
  from space 1600K,  29% used [0x06610000, 0x06684c88, 0x067a0000)
  to   space 1600K,   0% used [0x06480000, 0x06480000, 0x06610000)
 tenured generation   total 31956K, used 24857K [0x0ad50000, 0x0cc85000, 0x15800000)
   the space 31956K,  77% used [0x0ad50000, 0x0c5964a0, 0x0c596600, 0x0cc85000)
 Metaspace       used 16335K, capacity 16748K, committed 17024K, reserved 17792K
}
Event: 144.827 GC heap after
{Heap after GC invocations=22 (full 2):
 def new generation   total 14400K, used 1600K [0x05800000, 0x067a0000, 0x0ad50000)
  eden space 12800K,   0% used [0x05800000, 0x05800000, 0x06480000)
  from space 1600K, 100% used [0x06480000, 0x06610000, 0x06610000)
  to   space 1600K,   0% used [0x06610000, 0x06610000, 0x067a0000)
 tenured generation   total 31956K, used 25663K [0x0ad50000, 0x0cc85000, 0x15800000)
   the space 31956K,  80% used [0x0ad50000, 0x0c65fce8, 0x0c65fe00, 0x0cc85000)
 Metaspace       used 16335K, capacity 16748K, committed 17024K, reserved 17792K
}

