# JRE version: OpenJDK Runtime Environment Temurin-11.0.21+9 (11.0.21+9) (build 11.0.21+9)
# Java VM: OpenJDK Client VM Temurin-11.0.21+9 (11.0.21+9, mixed mode, serial gc, windows-x86)
Heap:
 def new generation   total 17024K, used 10879K [0x04c00000, 0x05e70000, 0x0a150000)
  eden space 15168K,  71% used [0x04c00000, 0x0569fc20, 0x05ad0000)
  from space 1856K,   0% used [0x05ad0000, 0x05ad0000, 0x05ca0000)
  to   space 1856K,   0% used [0x05ca0000, 0x05ca0000, 0x05e70000)
 tenured generation   total 37700K, used 22618K [0x0a150000, 0x0c621000, 0x14c00000)
   the space 37700K,  59% used [0x0a150000, 0x0b766a10, 0x0b766c00, 0x0c621000)
 Metaspace       used 14697K, capacity 14956K, committed 15232K, reserved 15744K
GC Heap History (20 events):
Event: 0.995 GC heap before
{Heap before GC invocations=4 (full 0):
 def new generation   total 4928K, used 4608K [0x04c00000, 0x05150000, 0x0a150000)
  eden space 4416K,  99% used [0x04c00000, 0x05047800, 0x05050000)
  from space 512K,  44% used [0x05050000, 0x05088a80, 0x050d0000)
  to   space 512K,   0% used [0x050d0000, 0x050d0000, 0x05150000)
 tenured generation   total 10944K, used 2048K [0x0a150000, 0x0ac00000, 0x14c00000)
   the space 10944K,  18% used [0x0a150000, 0x0a3501e0, 0x0a350200, 0x0ac00000)
 Metaspace       used 7652K, capacity 7745K, committed 7808K, reserved 8576K
}
Event: 0.996 GC heap after
{Heap after GC invocations=5 (full 0):
 def new generation   total 4928K, used 492K [0x04c00000, 0x05150000, 0x0a150000)
  eden space 4416K,   0% used [0x04c00000, 0x04c00000, 0x05050000)
  from space 512K,  96% used [0x050d0000, 0x0514b3c0, 0x05150000)
  to   space 512K,   0% used [0x05050000, 0x05050000, 0x050d0000)
 tenured generation   total 10944K, used 2496K [0x0a150000, 0x0ac00000, 0x14c00000)
   the space 10944K,  22% used [0x0a150000, 0x0a3c01f0, 0x0a3c0200, 0x0ac00000)
 Metaspace       used 7652K, capacity 7745K, committed 7808K, reserved 8576K
}
Event: 1.066 GC heap before
{Heap before GC invocations=5 (full 0):
 def new generation   total 4928K, used 4903K [0x04c00000, 0x05150000, 0x0a150000)
  eden space 4416K,  99% used [0x04c00000, 0x0504e970, 0x05050000)
  from space 512K,  96% used [0x050d0000, 0x0514b3c0, 0x05150000)
  to   space 512K,   0% used [0x05050000, 0x05050000, 0x050d0000)
 tenured generation   total 10944K, used 2496K [0x0a150000, 0x0ac00000, 0x14c00000)
   the space 10944K,  22% used [0x0a150000, 0x0a3c01f0, 0x0a3c0200, 0x0ac00000)
 Metaspace       used 8865K, capacity 8989K, committed 9088K, reserved 9600K
}
Event: 1.068 GC heap after
{Heap after GC invocations=6 (full 0):
 def new generation   total 4928K, used 512K [0x04c00000, 0x05150000, 0x0a150000)
  eden space 4416K,   0% used [0x04c00000, 0x04c00000, 0x05050000)
  from space 512K, 100% used [0x05050000, 0x050d0000, 0x050d0000)
  to   space 512K,   0% used [0x050d0000, 0x050d0000, 0x05150000)
 tenured generation   total 10944K, used 3033K [0x0a150000, 0x0ac00000, 0x14c00000)
   the space 10944K,  27% used [0x0a150000, 0x0a4466c0, 0x0a446800, 0x0ac00000)
 Metaspace       used 8865K, capacity 8989K, committed 9088K, reserved 9600K
}
Event: 1.163 GC heap before
{Heap before GC invocations=6 (full 0):
 def new generation   total 4928K, used 4928K [0x04c00000, 0x05150000, 0x0a150000)
  eden space 4416K, 100% used [0x04c00000, 0x05050000, 0x05050000)
  from space 512K, 100% used [0x05050000, 0x050d0000, 0x050d0000)
  to   space 512K,   0% used [0x050d0000, 0x050d0000, 0x05150000)
 tenured generation   total 10944K, used 3033K [0x0a150000, 0x0ac00000, 0x14c00000)
   the space 10944K,  27% used [0x0a150000, 0x0a4466c0, 0x0a446800, 0x0ac00000)
 Metaspace       used 10556K, capacity 10734K, committed 10752K, reserved 11648K
}
Event: 1.166 GC heap after
{Heap after GC invocations=7 (full 0):
 def new generation   total 4928K, used 512K [0x04c00000, 0x05150000, 0x0a150000)
  eden space 4416K,   0% used [0x04c00000, 0x04c00000, 0x05050000)
  from space 512K, 100% used [0x050d0000, 0x05150000, 0x05150000)
  to   space 512K,   0% used [0x05050000, 0x05050000, 0x050d0000)
 tenured generation   total 10944K, used 3923K [0x0a150000, 0x0ac00000, 0x14c00000)
   the space 10944K,  35% used [0x0a150000, 0x0a524dc0, 0x0a524e00, 0x0ac00000)
 Metaspace       used 10556K, capacity 10734K, committed 10752K, reserved 11648K
}
Event: 1.256 GC heap before
{Heap before GC invocations=7 (full 0):
 def new generation   total 4928K, used 4928K [0x04c00000, 0x05150000, 0x0a150000)
  eden space 4416K, 100% used [0x04c00000, 0x05050000, 0x05050000)
  from space 512K, 100% used [0x050d0000, 0x05150000, 0x05150000)
  to   space 512K,   0% used [0x05050000, 0x05050000, 0x050d0000)
 tenured generation   total 10944K, used 3923K [0x0a150000, 0x0ac00000, 0x14c00000)
   the space 10944K,  35% used [0x0a150000, 0x0a524dc0, 0x0a524e00, 0x0ac00000)
 Metaspace       used 11343K, capacity 11510K, committed 11520K, reserved 11648K
}
Event: 1.259 GC heap after
{Heap after GC invocations=8 (full 0):
 def new generation   total 4928K, used 510K [0x04c00000, 0x05150000, 0x0a150000)
  eden space 4416K,   0% used [0x04c00000, 0x04c00000, 0x05050000)
  from space 512K,  99% used [0x05050000, 0x050cfad0, 0x050d0000)
  to   space 512K,   0% used [0x050d0000, 0x050d0000, 0x05150000)
 tenured generation   total 10944K, used 4429K [0x0a150000, 0x0ac00000, 0x14c00000)
   the space 10944K,  40% used [0x0a150000, 0x0a5a3728, 0x0a5a3800, 0x0ac00000)
 Metaspace       used 11343K, capacity 11510K, committed 11520K, reserved 11648K
}
Event: 1.373 GC heap before
{Heap before GC invocations=8 (full 0):
 def new generation   total 4928K, used 4920K [0x04c00000, 0x05150000, 0x0a150000)
  eden space 4416K,  99% used [0x04c00000, 0x0504e7a8, 0x05050000)
  from space 512K,  99% used [0x05050000, 0x050cfad0, 0x050d0000)
  to   space 512K,   0% used [0x050d0000, 0x050d0000, 0x05150000)
 tenured generation   total 10944K, used 10660K [0x0a150000, 0x0ac00000, 0x14c00000)
   the space 10944K,  97% used [0x0a150000, 0x0abb9120, 0x0abb9200, 0x0ac00000)
 Metaspace       used 11790K, capacity 11976K, committed 12032K, reserved 12672K
}
Event: 1.385 GC heap after
{Heap after GC invocations=9 (full 1):
 def new generation   total 8768K, used 510K [0x04c00000, 0x05580000, 0x0a150000)
  eden space 7808K,   6% used [0x04c00000, 0x04c7fbb8, 0x053a0000)
  from space 960K,   0% used [0x053a0000, 0x053a0000, 0x05490000)
  to   space 960K,   0% used [0x05490000, 0x05490000, 0x05580000)
 tenured generation   total 19308K, used 11583K [0x0a150000, 0x0b42b000, 0x14c00000)
   the space 19308K,  59% used [0x0a150000, 0x0ac9ffc0, 0x0aca0000, 0x0b42b000)
 Metaspace       used 11790K, capacity 11976K, committed 12032K, reserved 12672K
}
Event: 1.597 GC heap before
{Heap before GC invocations=9 (full 1):
 def new generation   total 8768K, used 7808K [0x04c00000, 0x05580000, 0x0a150000)
  eden space 7808K, 100% used [0x04c00000, 0x053a0000, 0x053a0000)
  from space 960K,   0% used [0x053a0000, 0x053a0000, 0x05490000)
  to   space 960K,   0% used [0x05490000, 0x05490000, 0x05580000)
 tenured generation   total 19308K, used 11583K [0x0a150000, 0x0b42b000, 0x14c00000)
   the space 19308K,  59% used [0x0a150000, 0x0ac9ffc0, 0x0aca0000, 0x0b42b000)
 Metaspace       used 12714K, capacity 12899K, committed 12928K, reserved 13696K
}
Event: 1.602 GC heap after
{Heap after GC invocations=10 (full 1):
 def new generation   total 8768K, used 960K [0x04c00000, 0x05580000, 0x0a150000)
  eden space 7808K,   0% used [0x04c00000, 0x04c00000, 0x053a0000)
  from space 960K, 100% used [0x05490000, 0x05580000, 0x05580000)
  to   space 960K,   0% used [0x053a0000, 0x053a0000, 0x05490000)
 tenured generation   total 19308K, used 11946K [0x0a150000, 0x0b42b000, 0x14c00000)
   the space 19308K,  61% used [0x0a150000, 0x0acfaad0, 0x0acfac00, 0x0b42b000)
 Metaspace       used 12714K, capacity 12899K, committed 12928K, reserved 13696K
}
Event: 1.699 GC heap before
{Heap before GC invocations=10 (full 1):
 def new generation   total 8768K, used 8729K [0x04c00000, 0x05580000, 0x0a150000)
  eden space 7808K,  99% used [0x04c00000, 0x05396448, 0x053a0000)
  from space 960K, 100% used [0x05490000, 0x05580000, 0x05580000)
  to   space 960K,   0% used [0x053a0000, 0x053a0000, 0x05490000)
 tenured generation   total 19308K, used 11946K [0x0a150000, 0x0b42b000, 0x14c00000)
   the space 19308K,  61% used [0x0a150000, 0x0acfaad0, 0x0acfac00, 0x0b42b000)
 Metaspace       used 13958K, capacity 14253K, committed 14336K, reserved 14720K
}
Event: 1.703 GC heap after
{Heap after GC invocations=11 (full 1):
 def new generation   total 8768K, used 599K [0x04c00000, 0x05580000, 0x0a150000)
  eden space 7808K,   0% used [0x04c00000, 0x04c00000, 0x053a0000)
  from space 960K,  62% used [0x053a0000, 0x05435ec0, 0x05490000)
  to   space 960K,   0% used [0x05490000, 0x05490000, 0x05580000)
 tenured generation   total 19308K, used 12900K [0x0a150000, 0x0b42b000, 0x14c00000)
   the space 19308K,  66% used [0x0a150000, 0x0ade91e8, 0x0ade9200, 0x0b42b000)
 Metaspace       used 13958K, capacity 14253K, committed 14336K, reserved 14720K
}
Event: 3.792 GC heap before
{Heap before GC invocations=11 (full 1):
 def new generation   total 8768K, used 8407K [0x04c00000, 0x05580000, 0x0a150000)
  eden space 7808K, 100% used [0x04c00000, 0x053a0000, 0x053a0000)
  from space 960K,  62% used [0x053a0000, 0x05435ec0, 0x05490000)
  to   space 960K,   0% used [0x05490000, 0x05490000, 0x05580000)
 tenured generation   total 19308K, used 12900K [0x0a150000, 0x0b42b000, 0x14c00000)
   the space 19308K,  66% used [0x0a150000, 0x0ade91e8, 0x0ade9200, 0x0b42b000)
 Metaspace       used 14810K, capacity 15105K, committed 15232K, reserved 15744K
}
Event: 3.796 GC heap after
{Heap after GC invocations=12 (full 1):
 def new generation   total 8768K, used 960K [0x04c00000, 0x05580000, 0x0a150000)
  eden space 7808K,   0% used [0x04c00000, 0x04c00000, 0x053a0000)
  from space 960K, 100% used [0x05490000, 0x05580000, 0x05580000)
  to   space 960K,   0% used [0x053a0000, 0x053a0000, 0x05490000)
 tenured generation   total 19308K, used 14577K [0x0a150000, 0x0b42b000, 0x14c00000)
   the space 19308K,  75% used [0x0a150000, 0x0af8c498, 0x0af8c600, 0x0b42b000)
 Metaspace       used 14810K, capacity 15105K, committed 15232K, reserved 15744K
}
Event: 7.831 GC heap before
{Heap before GC invocations=12 (full 1):
 def new generation   total 8768K, used 3289K [0x04c00000, 0x05580000, 0x0a150000)
  eden space 7808K,  29% used [0x04c00000, 0x04e46580, 0x053a0000)
  from space 960K, 100% used [0x05490000, 0x05580000, 0x05580000)
  to   space 960K,   0% used [0x053a0000, 0x053a0000, 0x05490000)
 tenured generation   total 19308K, used 14577K [0x0a150000, 0x0b42b000, 0x14c00000)
   the space 19308K,  75% used [0x0a150000, 0x0af8c498, 0x0af8c600, 0x0b42b000)
 Metaspace       used 14886K, capacity 15201K, committed 15232K, reserved 15744K
}
Event: 7.833 GC heap after
{Heap after GC invocations=13 (full 1):
 def new generation   total 8768K, used 436K [0x04c00000, 0x05580000, 0x0a150000)
  eden space 7808K,   0% used [0x04c00000, 0x04c00000, 0x053a0000)
  from space 960K,  45% used [0x053a0000, 0x0540d168, 0x05490000)
  to   space 960K,   0% used [0x05490000, 0x05490000, 0x05580000)
 tenured generation   total 19308K, used 15530K [0x0a150000, 0x0b42b000, 0x14c00000)
   the space 19308K,  80% used [0x0a150000, 0x0b07a9d8, 0x0b07aa00, 0x0b42b000)
 Metaspace       used 14886K, capacity 15201K, committed 15232K, reserved 15744K
}
Event: 10.601 GC heap before
{Heap before GC invocations=13 (full 1):
 def new generation   total 8768K, used 8244K [0x04c00000, 0x05580000, 0x0a150000)
  eden space 7808K, 100% used [0x04c00000, 0x053a0000, 0x053a0000)
  from space 960K,  45% used [0x053a0000, 0x0540d168, 0x05490000)
  to   space 960K,   0% used [0x05490000, 0x05490000, 0x05580000)
 tenured generation   total 19308K, used 15530K [0x0a150000, 0x0b42b000, 0x14c00000)
   the space 19308K,  80% used [0x0a150000, 0x0b07a9d8, 0x0b07aa00, 0x0b42b000)
 Metaspace       used 14888K, capacity 15202K, committed 15232K, reserved 15744K
}
Event: 10.617 GC heap after
{Heap after GC invocations=14 (full 2):
 def new generation   total 17024K, used 0K [0x04c00000, 0x05e70000, 0x0a150000)
  eden space 15168K,   0% used [0x04c00000, 0x04c00000, 0x05ad0000)
  from space 1856K,   0% used [0x05ad0000, 0x05ad0000, 0x05ca0000)
  to   space 1856K,   0% used [0x05ca0000, 0x05ca0000, 0x05e70000)
 tenured generation   total 37700K, used 22618K [0x0a150000, 0x0c621000, 0x14c00000)
   the space 37700K,  59% used [0x0a150000, 0x0b766a10, 0x0b766c00, 0x0c621000)
 Metaspace       used 14659K, capacity 14921K, committed 15232K, reserved 15744K
}

