# JRE version: OpenJDK Runtime Environment Temurin-11.0.21+9 (11.0.21+9) (build 11.0.21+9)
# Java VM: OpenJDK Client VM Temurin-11.0.21+9 (11.0.21+9, mixed mode, serial gc, windows-x86)
Heap:
 def new generation   total 13824K, used 11813K [0x05400000, 0x06300000, 0x0a950000)
  eden space 12288K,  96% used [0x05400000, 0x05f89478, 0x06000000)
  from space 1536K,   0% used [0x06000000, 0x06000000, 0x06180000)
  to   space 1536K,   0% used [0x06180000, 0x06180000, 0x06300000)
 tenured generation   total 30668K, used 18400K [0x0a950000, 0x0c743000, 0x15400000)
   the space 30668K,  59% used [0x0a950000, 0x0bb48138, 0x0bb48200, 0x0c743000)
 Metaspace       used 16317K, capacity 16710K, committed 17152K, reserved 17792K
GC Heap History (20 events):
Event: 0.727 GC heap before
{Heap before GC invocations=6 (full 0):
 def new generation   total 4928K, used 4928K [0x05400000, 0x05950000, 0x0a950000)
  eden space 4416K, 100% used [0x05400000, 0x05850000, 0x05850000)
  from space 512K, 100% used [0x05850000, 0x058d0000, 0x058d0000)
  to   space 512K,   0% used [0x058d0000, 0x058d0000, 0x05950000)
 tenured generation   total 10944K, used 2930K [0x0a950000, 0x0b400000, 0x15400000)
   the space 10944K,  26% used [0x0a950000, 0x0ac2c970, 0x0ac2ca00, 0x0b400000)
 Metaspace       used 10546K, capacity 10734K, committed 10752K, reserved 11648K
}
Event: 0.730 GC heap after
{Heap after GC invocations=7 (full 0):
 def new generation   total 4928K, used 512K [0x05400000, 0x05950000, 0x0a950000)
  eden space 4416K,   0% used [0x05400000, 0x05400000, 0x05850000)
  from space 512K, 100% used [0x058d0000, 0x05950000, 0x05950000)
  to   space 512K,   0% used [0x05850000, 0x05850000, 0x058d0000)
 tenured generation   total 10944K, used 3917K [0x0a950000, 0x0b400000, 0x15400000)
   the space 10944K,  35% used [0x0a950000, 0x0ad234a0, 0x0ad23600, 0x0b400000)
 Metaspace       used 10546K, capacity 10734K, committed 10752K, reserved 11648K
}
Event: 0.778 GC heap before
{Heap before GC invocations=7 (full 0):
 def new generation   total 4928K, used 4928K [0x05400000, 0x05950000, 0x0a950000)
  eden space 4416K, 100% used [0x05400000, 0x05850000, 0x05850000)
  from space 512K, 100% used [0x058d0000, 0x05950000, 0x05950000)
  to   space 512K,   0% used [0x05850000, 0x05850000, 0x058d0000)
 tenured generation   total 10944K, used 3917K [0x0a950000, 0x0b400000, 0x15400000)
   the space 10944K,  35% used [0x0a950000, 0x0ad234a0, 0x0ad23600, 0x0b400000)
 Metaspace       used 11343K, capacity 11510K, committed 11520K, reserved 11648K
}
Event: 0.780 GC heap after
{Heap after GC invocations=8 (full 0):
 def new generation   total 4928K, used 477K [0x05400000, 0x05950000, 0x0a950000)
  eden space 4416K,   0% used [0x05400000, 0x05400000, 0x05850000)
  from space 512K,  93% used [0x05850000, 0x058c75c8, 0x058d0000)
  to   space 512K,   0% used [0x058d0000, 0x058d0000, 0x05950000)
 tenured generation   total 10944K, used 4422K [0x0a950000, 0x0b400000, 0x15400000)
   the space 10944K,  40% used [0x0a950000, 0x0ada19a8, 0x0ada1a00, 0x0b400000)
 Metaspace       used 11343K, capacity 11510K, committed 11520K, reserved 11648K
}
Event: 0.853 GC heap before
{Heap before GC invocations=8 (full 0):
 def new generation   total 4928K, used 4893K [0x05400000, 0x05950000, 0x0a950000)
  eden space 4416K, 100% used [0x05400000, 0x05850000, 0x05850000)
  from space 512K,  93% used [0x05850000, 0x058c75c8, 0x058d0000)
  to   space 512K,   0% used [0x058d0000, 0x058d0000, 0x05950000)
 tenured generation   total 10944K, used 10652K [0x0a950000, 0x0b400000, 0x15400000)
   the space 10944K,  97% used [0x0a950000, 0x0b3b73a0, 0x0b3b7400, 0x0b400000)
 Metaspace       used 11784K, capacity 11976K, committed 12032K, reserved 12672K
}
Event: 0.863 GC heap after
{Heap after GC invocations=9 (full 1):
 def new generation   total 8768K, used 508K [0x05400000, 0x05d80000, 0x0a950000)
  eden space 7808K,   6% used [0x05400000, 0x0547f3f0, 0x05ba0000)
  from space 960K,   0% used [0x05ba0000, 0x05ba0000, 0x05c90000)
  to   space 960K,   0% used [0x05c90000, 0x05c90000, 0x05d80000)
 tenured generation   total 19308K, used 11583K [0x0a950000, 0x0bc2b000, 0x15400000)
   the space 19308K,  59% used [0x0a950000, 0x0b49fff8, 0x0b4a0000, 0x0bc2b000)
 Metaspace       used 11784K, capacity 11976K, committed 12032K, reserved 12672K
}
Event: 0.969 GC heap before
{Heap before GC invocations=9 (full 1):
 def new generation   total 8768K, used 7808K [0x05400000, 0x05d80000, 0x0a950000)
  eden space 7808K, 100% used [0x05400000, 0x05ba0000, 0x05ba0000)
  from space 960K,   0% used [0x05ba0000, 0x05ba0000, 0x05c90000)
  to   space 960K,   0% used [0x05c90000, 0x05c90000, 0x05d80000)
 tenured generation   total 19308K, used 11583K [0x0a950000, 0x0bc2b000, 0x15400000)
   the space 19308K,  59% used [0x0a950000, 0x0b49fff8, 0x0b4a0000, 0x0bc2b000)
 Metaspace       used 12701K, capacity 12899K, committed 12928K, reserved 13696K
}
Event: 0.974 GC heap after
{Heap after GC invocations=10 (full 1):
 def new generation   total 8768K, used 960K [0x05400000, 0x05d80000, 0x0a950000)
  eden space 7808K,   0% used [0x05400000, 0x05400000, 0x05ba0000)
  from space 960K, 100% used [0x05c90000, 0x05d80000, 0x05d80000)
  to   space 960K,   0% used [0x05ba0000, 0x05ba0000, 0x05c90000)
 tenured generation   total 19308K, used 11937K [0x0a950000, 0x0bc2b000, 0x15400000)
   the space 19308K,  61% used [0x0a950000, 0x0b4f8468, 0x0b4f8600, 0x0bc2b000)
 Metaspace       used 12701K, capacity 12899K, committed 12928K, reserved 13696K
}
Event: 1.062 GC heap before
{Heap before GC invocations=10 (full 1):
 def new generation   total 8768K, used 8768K [0x05400000, 0x05d80000, 0x0a950000)
  eden space 7808K, 100% used [0x05400000, 0x05ba0000, 0x05ba0000)
  from space 960K, 100% used [0x05c90000, 0x05d80000, 0x05d80000)
  to   space 960K,   0% used [0x05ba0000, 0x05ba0000, 0x05c90000)
 tenured generation   total 19308K, used 11937K [0x0a950000, 0x0bc2b000, 0x15400000)
   the space 19308K,  61% used [0x0a950000, 0x0b4f8468, 0x0b4f8600, 0x0bc2b000)
 Metaspace       used 13960K, capacity 14253K, committed 14336K, reserved 14720K
}
Event: 1.066 GC heap after
{Heap after GC invocations=11 (full 1):
 def new generation   total 8768K, used 577K [0x05400000, 0x05d80000, 0x0a950000)
  eden space 7808K,   0% used [0x05400000, 0x05400000, 0x05ba0000)
  from space 960K,  60% used [0x05ba0000, 0x05c30760, 0x05c90000)
  to   space 960K,   0% used [0x05c90000, 0x05c90000, 0x05d80000)
 tenured generation   total 19308K, used 12889K [0x0a950000, 0x0bc2b000, 0x15400000)
   the space 19308K,  66% used [0x0a950000, 0x0b5e65e0, 0x0b5e6600, 0x0bc2b000)
 Metaspace       used 13960K, capacity 14253K, committed 14336K, reserved 14720K
}
Event: 2.288 GC heap before
{Heap before GC invocations=11 (full 1):
 def new generation   total 8768K, used 8385K [0x05400000, 0x05d80000, 0x0a950000)
  eden space 7808K, 100% used [0x05400000, 0x05ba0000, 0x05ba0000)
  from space 960K,  60% used [0x05ba0000, 0x05c30760, 0x05c90000)
  to   space 960K,   0% used [0x05c90000, 0x05c90000, 0x05d80000)
 tenured generation   total 19308K, used 12889K [0x0a950000, 0x0bc2b000, 0x15400000)
   the space 19308K,  66% used [0x0a950000, 0x0b5e65e0, 0x0b5e6600, 0x0bc2b000)
 Metaspace       used 14754K, capacity 15070K, committed 15104K, reserved 15744K
}
Event: 2.294 GC heap after
{Heap after GC invocations=12 (full 1):
 def new generation   total 8768K, used 960K [0x05400000, 0x05d80000, 0x0a950000)
  eden space 7808K,   0% used [0x05400000, 0x05400000, 0x05ba0000)
  from space 960K, 100% used [0x05c90000, 0x05d80000, 0x05d80000)
  to   space 960K,   0% used [0x05ba0000, 0x05ba0000, 0x05c90000)
 tenured generation   total 19308K, used 14573K [0x0a950000, 0x0bc2b000, 0x15400000)
   the space 19308K,  75% used [0x0a950000, 0x0b78b518, 0x0b78b600, 0x0bc2b000)
 Metaspace       used 14754K, capacity 15070K, committed 15104K, reserved 15744K
}
Event: 3.061 GC heap before
{Heap before GC invocations=12 (full 1):
 def new generation   total 8768K, used 8768K [0x05400000, 0x05d80000, 0x0a950000)
  eden space 7808K, 100% used [0x05400000, 0x05ba0000, 0x05ba0000)
  from space 960K, 100% used [0x05c90000, 0x05d80000, 0x05d80000)
  to   space 960K,   0% used [0x05ba0000, 0x05ba0000, 0x05c90000)
 tenured generation   total 19308K, used 14573K [0x0a950000, 0x0bc2b000, 0x15400000)
   the space 19308K,  75% used [0x0a950000, 0x0b78b518, 0x0b78b600, 0x0bc2b000)
 Metaspace       used 15842K, capacity 16219K, committed 16256K, reserved 16768K
}
Event: 3.064 GC heap after
{Heap after GC invocations=13 (full 1):
 def new generation   total 8768K, used 721K [0x05400000, 0x05d80000, 0x0a950000)
  eden space 7808K,   0% used [0x05400000, 0x05400000, 0x05ba0000)
  from space 960K,  75% used [0x05ba0000, 0x05c54438, 0x05c90000)
  to   space 960K,   0% used [0x05c90000, 0x05c90000, 0x05d80000)
 tenured generation   total 19308K, used 15514K [0x0a950000, 0x0bc2b000, 0x15400000)
   the space 19308K,  80% used [0x0a950000, 0x0b876a40, 0x0b876c00, 0x0bc2b000)
 Metaspace       used 15842K, capacity 16219K, committed 16256K, reserved 16768K
}
Event: 9.862 GC heap before
{Heap before GC invocations=13 (full 1):
 def new generation   total 8768K, used 8529K [0x05400000, 0x05d80000, 0x0a950000)
  eden space 7808K, 100% used [0x05400000, 0x05ba0000, 0x05ba0000)
  from space 960K,  75% used [0x05ba0000, 0x05c54438, 0x05c90000)
  to   space 960K,   0% used [0x05c90000, 0x05c90000, 0x05d80000)
 tenured generation   total 19308K, used 15514K [0x0a950000, 0x0bc2b000, 0x15400000)
   the space 19308K,  80% used [0x0a950000, 0x0b876a40, 0x0b876c00, 0x0bc2b000)
 Metaspace       used 16173K, capacity 16602K, committed 16640K, reserved 16768K
}
Event: 9.865 GC heap after
{Heap after GC invocations=14 (full 1):
 def new generation   total 8768K, used 959K [0x05400000, 0x05d80000, 0x0a950000)
  eden space 7808K,   0% used [0x05400000, 0x05400000, 0x05ba0000)
  from space 960K,  99% used [0x05c90000, 0x05d7fff8, 0x05d80000)
  to   space 960K,   0% used [0x05ba0000, 0x05ba0000, 0x05c90000)
 tenured generation   total 19308K, used 16247K [0x0a950000, 0x0bc2b000, 0x15400000)
   the space 19308K,  84% used [0x0a950000, 0x0b92de40, 0x0b92e000, 0x0bc2b000)
 Metaspace       used 16173K, capacity 16602K, committed 16640K, reserved 16768K
}
Event: 9.913 GC heap before
{Heap before GC invocations=14 (full 1):
 def new generation   total 8768K, used 8767K [0x05400000, 0x05d80000, 0x0a950000)
  eden space 7808K, 100% used [0x05400000, 0x05ba0000, 0x05ba0000)
  from space 960K,  99% used [0x05c90000, 0x05d7fff8, 0x05d80000)
  to   space 960K,   0% used [0x05ba0000, 0x05ba0000, 0x05c90000)
 tenured generation   total 19308K, used 16247K [0x0a950000, 0x0bc2b000, 0x15400000)
   the space 19308K,  84% used [0x0a950000, 0x0b92de40, 0x0b92e000, 0x0bc2b000)
 Metaspace       used 16277K, capacity 16689K, committed 16768K, reserved 16768K
}
Event: 9.917 GC heap after
{Heap after GC invocations=15 (full 1):
 def new generation   total 8768K, used 960K [0x05400000, 0x05d80000, 0x0a950000)
  eden space 7808K,   0% used [0x05400000, 0x05400000, 0x05ba0000)
  from space 960K, 100% used [0x05ba0000, 0x05c90000, 0x05c90000)
  to   space 960K,   0% used [0x05c90000, 0x05c90000, 0x05d80000)
 tenured generation   total 19308K, used 17944K [0x0a950000, 0x0bc2b000, 0x15400000)
   the space 19308K,  92% used [0x0a950000, 0x0bad6130, 0x0bad6200, 0x0bc2b000)
 Metaspace       used 16277K, capacity 16689K, committed 16768K, reserved 16768K
}
Event: 23.035 GC heap before
{Heap before GC invocations=15 (full 1):
 def new generation   total 8768K, used 8768K [0x05400000, 0x05d80000, 0x0a950000)
  eden space 7808K, 100% used [0x05400000, 0x05ba0000, 0x05ba0000)
  from space 960K, 100% used [0x05ba0000, 0x05c90000, 0x05c90000)
  to   space 960K,   0% used [0x05c90000, 0x05c90000, 0x05d80000)
 tenured generation   total 19308K, used 17944K [0x0a950000, 0x0bc2b000, 0x15400000)
   the space 19308K,  92% used [0x0a950000, 0x0bad6130, 0x0bad6200, 0x0bc2b000)
 Metaspace       used 16579K, capacity 17036K, committed 17152K, reserved 17792K
}
Event: 23.056 GC heap after
{Heap after GC invocations=16 (full 2):
 def new generation   total 13824K, used 0K [0x05400000, 0x06300000, 0x0a950000)
  eden space 12288K,   0% used [0x05400000, 0x05400000, 0x06000000)
  from space 1536K,   0% used [0x06000000, 0x06000000, 0x06180000)
  to   space 1536K,   0% used [0x06180000, 0x06180000, 0x06300000)
 tenured generation   total 30668K, used 18400K [0x0a950000, 0x0c743000, 0x15400000)
   the space 30668K,  59% used [0x0a950000, 0x0bb48138, 0x0bb48200, 0x0c743000)
 Metaspace       used 16280K, capacity 16670K, committed 17152K, reserved 17792K
}

