# JRE version: OpenJDK Runtime Environment Temurin-11.0.21+9 (11.0.21+9) (build 11.0.21+9)
# Java VM: OpenJDK Client VM Temurin-11.0.21+9 (11.0.21+9, mixed mode, serial gc, windows-x86)
Heap:
 def new generation   total 16384K, used 1902K [0x05600000, 0x067c0000, 0x0ab50000)
  eden space 14592K,  13% used [0x05600000, 0x057db8a0, 0x06440000)
  from space 1792K,   0% used [0x06440000, 0x06440000, 0x06600000)
  to   space 1792K,   0% used [0x06600000, 0x06600000, 0x067c0000)
 tenured generation   total 36252K, used 21749K [0x0ab50000, 0x0ceb7000, 0x15600000)
   the space 36252K,  59% used [0x0ab50000, 0x0c08d530, 0x0c08d600, 0x0ceb7000)
 Metaspace       used 15806K, capacity 16174K, committed 16512K, reserved 16768K
GC Heap History (20 events):
Event: 0.523 GC heap before
{Heap before GC invocations=5 (full 0):
 def new generation   total 4928K, used 4832K [0x05600000, 0x05b50000, 0x0ab50000)
  eden space 4416K, 100% used [0x05600000, 0x05a50000, 0x05a50000)
  from space 512K,  81% used [0x05ad0000, 0x05b38018, 0x05b50000)
  to   space 512K,   0% used [0x05a50000, 0x05a50000, 0x05ad0000)
 tenured generation   total 10944K, used 2213K [0x0ab50000, 0x0b600000, 0x15600000)
   the space 10944K,  20% used [0x0ab50000, 0x0ad79460, 0x0ad79600, 0x0b600000)
 Metaspace       used 8922K, capacity 9053K, committed 9088K, reserved 9600K
}
Event: 0.524 GC heap after
{Heap after GC invocations=6 (full 0):
 def new generation   total 4928K, used 512K [0x05600000, 0x05b50000, 0x0ab50000)
  eden space 4416K,   0% used [0x05600000, 0x05600000, 0x05a50000)
  from space 512K, 100% used [0x05a50000, 0x05ad0000, 0x05ad0000)
  to   space 512K,   0% used [0x05ad0000, 0x05ad0000, 0x05b50000)
 tenured generation   total 10944K, used 2652K [0x0ab50000, 0x0b600000, 0x15600000)
   the space 10944K,  24% used [0x0ab50000, 0x0ade7060, 0x0ade7200, 0x0b600000)
 Metaspace       used 8922K, capacity 9053K, committed 9088K, reserved 9600K
}
Event: 0.580 GC heap before
{Heap before GC invocations=6 (full 0):
 def new generation   total 4928K, used 4924K [0x05600000, 0x05b50000, 0x0ab50000)
  eden space 4416K,  99% used [0x05600000, 0x05a4f1a8, 0x05a50000)
  from space 512K, 100% used [0x05a50000, 0x05ad0000, 0x05ad0000)
  to   space 512K,   0% used [0x05ad0000, 0x05ad0000, 0x05b50000)
 tenured generation   total 10944K, used 2652K [0x0ab50000, 0x0b600000, 0x15600000)
   the space 10944K,  24% used [0x0ab50000, 0x0ade7060, 0x0ade7200, 0x0b600000)
 Metaspace       used 10560K, capacity 10734K, committed 10752K, reserved 11648K
}
Event: 0.582 GC heap after
{Heap after GC invocations=7 (full 0):
 def new generation   total 4928K, used 512K [0x05600000, 0x05b50000, 0x0ab50000)
  eden space 4416K,   0% used [0x05600000, 0x05600000, 0x05a50000)
  from space 512K, 100% used [0x05ad0000, 0x05b50000, 0x05b50000)
  to   space 512K,   0% used [0x05a50000, 0x05a50000, 0x05ad0000)
 tenured generation   total 10944K, used 3695K [0x0ab50000, 0x0b600000, 0x15600000)
   the space 10944K,  33% used [0x0ab50000, 0x0aeebde8, 0x0aeebe00, 0x0b600000)
 Metaspace       used 10560K, capacity 10734K, committed 10752K, reserved 11648K
}
Event: 0.627 GC heap before
{Heap before GC invocations=7 (full 0):
 def new generation   total 4928K, used 4928K [0x05600000, 0x05b50000, 0x0ab50000)
  eden space 4416K, 100% used [0x05600000, 0x05a50000, 0x05a50000)
  from space 512K, 100% used [0x05ad0000, 0x05b50000, 0x05b50000)
  to   space 512K,   0% used [0x05a50000, 0x05a50000, 0x05ad0000)
 tenured generation   total 10944K, used 3695K [0x0ab50000, 0x0b600000, 0x15600000)
   the space 10944K,  33% used [0x0ab50000, 0x0aeebde8, 0x0aeebe00, 0x0b600000)
 Metaspace       used 11343K, capacity 11510K, committed 11520K, reserved 11648K
}
Event: 0.629 GC heap after
{Heap after GC invocations=8 (full 0):
 def new generation   total 4928K, used 512K [0x05600000, 0x05b50000, 0x0ab50000)
  eden space 4416K,   0% used [0x05600000, 0x05600000, 0x05a50000)
  from space 512K, 100% used [0x05a50000, 0x05ad0000, 0x05ad0000)
  to   space 512K,   0% used [0x05ad0000, 0x05ad0000, 0x05b50000)
 tenured generation   total 10944K, used 4192K [0x0ab50000, 0x0b600000, 0x15600000)
   the space 10944K,  38% used [0x0ab50000, 0x0af68320, 0x0af68400, 0x0b600000)
 Metaspace       used 11343K, capacity 11510K, committed 11520K, reserved 11648K
}
Event: 0.698 GC heap before
{Heap before GC invocations=8 (full 0):
 def new generation   total 4928K, used 4928K [0x05600000, 0x05b50000, 0x0ab50000)
  eden space 4416K, 100% used [0x05600000, 0x05a50000, 0x05a50000)
  from space 512K, 100% used [0x05a50000, 0x05ad0000, 0x05ad0000)
  to   space 512K,   0% used [0x05ad0000, 0x05ad0000, 0x05b50000)
 tenured generation   total 10944K, used 10423K [0x0ab50000, 0x0b600000, 0x15600000)
   the space 10944K,  95% used [0x0ab50000, 0x0b57dd18, 0x0b57de00, 0x0b600000)
 Metaspace       used 11813K, capacity 12008K, committed 12032K, reserved 12672K
}
Event: 0.707 GC heap after
{Heap after GC invocations=9 (full 1):
 def new generation   total 8576K, used 483K [0x05600000, 0x05f40000, 0x0ab50000)
  eden space 7680K,   6% used [0x05600000, 0x05678e60, 0x05d80000)
  from space 896K,   0% used [0x05d80000, 0x05d80000, 0x05e60000)
  to   space 896K,   0% used [0x05e60000, 0x05e60000, 0x05f40000)
 tenured generation   total 18880K, used 11327K [0x0ab50000, 0x0bdc0000, 0x15600000)
   the space 18880K,  59% used [0x0ab50000, 0x0b65fff8, 0x0b660000, 0x0bdc0000)
 Metaspace       used 11813K, capacity 12008K, committed 12032K, reserved 12672K
}
Event: 0.824 GC heap before
{Heap before GC invocations=9 (full 1):
 def new generation   total 8576K, used 7680K [0x05600000, 0x05f40000, 0x0ab50000)
  eden space 7680K, 100% used [0x05600000, 0x05d80000, 0x05d80000)
  from space 896K,   0% used [0x05d80000, 0x05d80000, 0x05e60000)
  to   space 896K,   0% used [0x05e60000, 0x05e60000, 0x05f40000)
 tenured generation   total 18880K, used 11327K [0x0ab50000, 0x0bdc0000, 0x15600000)
   the space 18880K,  59% used [0x0ab50000, 0x0b65fff8, 0x0b660000, 0x0bdc0000)
 Metaspace       used 12706K, capacity 12899K, committed 12928K, reserved 13696K
}
Event: 0.828 GC heap after
{Heap after GC invocations=10 (full 1):
 def new generation   total 8576K, used 896K [0x05600000, 0x05f40000, 0x0ab50000)
  eden space 7680K,   0% used [0x05600000, 0x05600000, 0x05d80000)
  from space 896K, 100% used [0x05e60000, 0x05f40000, 0x05f40000)
  to   space 896K,   0% used [0x05d80000, 0x05d80000, 0x05e60000)
 tenured generation   total 18880K, used 11725K [0x0ab50000, 0x0bdc0000, 0x15600000)
   the space 18880K,  62% used [0x0ab50000, 0x0b6c3700, 0x0b6c3800, 0x0bdc0000)
 Metaspace       used 12706K, capacity 12899K, committed 12928K, reserved 13696K
}
Event: 0.909 GC heap before
{Heap before GC invocations=10 (full 1):
 def new generation   total 8576K, used 8576K [0x05600000, 0x05f40000, 0x0ab50000)
  eden space 7680K, 100% used [0x05600000, 0x05d80000, 0x05d80000)
  from space 896K, 100% used [0x05e60000, 0x05f40000, 0x05f40000)
  to   space 896K,   0% used [0x05d80000, 0x05d80000, 0x05e60000)
 tenured generation   total 18880K, used 11725K [0x0ab50000, 0x0bdc0000, 0x15600000)
   the space 18880K,  62% used [0x0ab50000, 0x0b6c3700, 0x0b6c3800, 0x0bdc0000)
 Metaspace       used 13878K, capacity 14157K, committed 14208K, reserved 14720K
}
Event: 0.913 GC heap after
{Heap after GC invocations=11 (full 1):
 def new generation   total 8576K, used 569K [0x05600000, 0x05f40000, 0x0ab50000)
  eden space 7680K,   0% used [0x05600000, 0x05600000, 0x05d80000)
  from space 896K,  63% used [0x05d80000, 0x05e0e548, 0x05e60000)
  to   space 896K,   0% used [0x05e60000, 0x05e60000, 0x05f40000)
 tenured generation   total 18880K, used 12613K [0x0ab50000, 0x0bdc0000, 0x15600000)
   the space 18880K,  66% used [0x0ab50000, 0x0b7a1650, 0x0b7a1800, 0x0bdc0000)
 Metaspace       used 13878K, capacity 14157K, committed 14208K, reserved 14720K
}
Event: 2.491 GC heap before
{Heap before GC invocations=11 (full 1):
 def new generation   total 8576K, used 8249K [0x05600000, 0x05f40000, 0x0ab50000)
  eden space 7680K, 100% used [0x05600000, 0x05d80000, 0x05d80000)
  from space 896K,  63% used [0x05d80000, 0x05e0e548, 0x05e60000)
  to   space 896K,   0% used [0x05e60000, 0x05e60000, 0x05f40000)
 tenured generation   total 18880K, used 12613K [0x0ab50000, 0x0bdc0000, 0x15600000)
   the space 18880K,  66% used [0x0ab50000, 0x0b7a1650, 0x0b7a1800, 0x0bdc0000)
 Metaspace       used 14731K, capacity 15037K, committed 15104K, reserved 15744K
}
Event: 2.495 GC heap after
{Heap after GC invocations=12 (full 1):
 def new generation   total 8576K, used 896K [0x05600000, 0x05f40000, 0x0ab50000)
  eden space 7680K,   0% used [0x05600000, 0x05600000, 0x05d80000)
  from space 896K, 100% used [0x05e60000, 0x05f40000, 0x05f40000)
  to   space 896K,   0% used [0x05d80000, 0x05d80000, 0x05e60000)
 tenured generation   total 18880K, used 14338K [0x0ab50000, 0x0bdc0000, 0x15600000)
   the space 18880K,  75% used [0x0ab50000, 0x0b950948, 0x0b950a00, 0x0bdc0000)
 Metaspace       used 14731K, capacity 15037K, committed 15104K, reserved 15744K
}
Event: 3.109 GC heap before
{Heap before GC invocations=12 (full 1):
 def new generation   total 8576K, used 8576K [0x05600000, 0x05f40000, 0x0ab50000)
  eden space 7680K, 100% used [0x05600000, 0x05d80000, 0x05d80000)
  from space 896K, 100% used [0x05e60000, 0x05f40000, 0x05f40000)
  to   space 896K,   0% used [0x05d80000, 0x05d80000, 0x05e60000)
 tenured generation   total 18880K, used 14338K [0x0ab50000, 0x0bdc0000, 0x15600000)
   the space 18880K,  75% used [0x0ab50000, 0x0b950948, 0x0b950a00, 0x0bdc0000)
 Metaspace       used 15842K, capacity 16219K, committed 16256K, reserved 16768K
}
Event: 3.112 GC heap after
{Heap after GC invocations=13 (full 1):
 def new generation   total 8576K, used 694K [0x05600000, 0x05f40000, 0x0ab50000)
  eden space 7680K,   0% used [0x05600000, 0x05600000, 0x05d80000)
  from space 896K,  77% used [0x05d80000, 0x05e2db40, 0x05e60000)
  to   space 896K,   0% used [0x05e60000, 0x05e60000, 0x05f40000)
 tenured generation   total 18880K, used 15229K [0x0ab50000, 0x0bdc0000, 0x15600000)
   the space 18880K,  80% used [0x0ab50000, 0x0ba2f5e0, 0x0ba2f600, 0x0bdc0000)
 Metaspace       used 15842K, capacity 16219K, committed 16256K, reserved 16768K
}
Event: 6.604 GC heap before
{Heap before GC invocations=13 (full 1):
 def new generation   total 8576K, used 5727K [0x05600000, 0x05f40000, 0x0ab50000)
  eden space 7680K,  65% used [0x05600000, 0x05aea218, 0x05d80000)
  from space 896K,  77% used [0x05d80000, 0x05e2db40, 0x05e60000)
  to   space 896K,   0% used [0x05e60000, 0x05e60000, 0x05f40000)
 tenured generation   total 18880K, used 15229K [0x0ab50000, 0x0bdc0000, 0x15600000)
   the space 18880K,  80% used [0x0ab50000, 0x0ba2f5e0, 0x0ba2f600, 0x0bdc0000)
 Metaspace       used 15998K, capacity 16414K, committed 16512K, reserved 16768K
}
Event: 6.606 GC heap after
{Heap after GC invocations=14 (full 1):
 def new generation   total 8576K, used 437K [0x05600000, 0x05f40000, 0x0ab50000)
  eden space 7680K,   0% used [0x05600000, 0x05600000, 0x05d80000)
  from space 896K,  48% used [0x05e60000, 0x05ecd6c0, 0x05f40000)
  to   space 896K,   0% used [0x05d80000, 0x05d80000, 0x05e60000)
 tenured generation   total 18880K, used 15905K [0x0ab50000, 0x0bdc0000, 0x15600000)
   the space 18880K,  84% used [0x0ab50000, 0x0bad87e8, 0x0bad8800, 0x0bdc0000)
 Metaspace       used 15998K, capacity 16414K, committed 16512K, reserved 16768K
}
Event: 6.666 GC heap before
{Heap before GC invocations=14 (full 1):
 def new generation   total 8576K, used 7591K [0x05600000, 0x05f40000, 0x0ab50000)
  eden space 7680K,  93% used [0x05600000, 0x05cfc900, 0x05d80000)
  from space 896K,  48% used [0x05e60000, 0x05ecd6c0, 0x05f40000)
  to   space 896K,   0% used [0x05d80000, 0x05d80000, 0x05e60000)
 tenured generation   total 18880K, used 15905K [0x0ab50000, 0x0bdc0000, 0x15600000)
   the space 18880K,  84% used [0x0ab50000, 0x0bad87e8, 0x0bad8800, 0x0bdc0000)
 Metaspace       used 15999K, capacity 16415K, committed 16512K, reserved 16768K
}
Event: 6.693 GC heap after
{Heap after GC invocations=15 (full 2):
 def new generation   total 16384K, used 0K [0x05600000, 0x067c0000, 0x0ab50000)
  eden space 14592K,   0% used [0x05600000, 0x05600000, 0x06440000)
  from space 1792K,   0% used [0x06440000, 0x06440000, 0x06600000)
  to   space 1792K,   0% used [0x06600000, 0x06600000, 0x067c0000)
 tenured generation   total 36252K, used 21749K [0x0ab50000, 0x0ceb7000, 0x15600000)
   the space 36252K,  59% used [0x0ab50000, 0x0c08d530, 0x0c08d600, 0x0ceb7000)
 Metaspace       used 15784K, capacity 16150K, committed 16512K, reserved 16768K
}

