# JRE version: OpenJDK Runtime Environment Temurin-11.0.21+9 (11.0.21+9) (build 11.0.21+9)
# Java VM: OpenJDK Client VM Temurin-11.0.21+9 (11.0.21+9, mixed mode, serial gc, windows-x86)
Heap:
 def new generation   total 8640K, used 7935K [0x05600000, 0x05f60000, 0x0ab50000)
  eden space 7680K,  99% used [0x05600000, 0x05d744d0, 0x05d80000)
  from space 960K,  31% used [0x05d80000, 0x05dcb780, 0x05e70000)
  to   space 960K,   0% used [0x05e70000, 0x05e70000, 0x05f60000)
 tenured generation   total 19096K, used 15106K [0x0ab50000, 0x0bdf6000, 0x15600000)
   the space 19096K,  79% used [0x0ab50000, 0x0ba10a08, 0x0ba10c00, 0x0bdf6000)
 Metaspace       used 14875K, capacity 15168K, committed 15232K, reserved 15744K
GC Heap History (20 events):
Event: 1.239 GC heap before
{Heap before GC invocations=3 (full 0):
 def new generation   total 4928K, used 4795K [0x05600000, 0x05b50000, 0x0ab50000)
  eden space 4416K,  99% used [0x05600000, 0x05a4f6f8, 0x05a50000)
  from space 512K,  74% used [0x05ad0000, 0x05b2f608, 0x05b50000)
  to   space 512K,   0% used [0x05a50000, 0x05a50000, 0x05ad0000)
 tenured generation   total 10944K, used 1458K [0x0ab50000, 0x0b600000, 0x15600000)
   the space 10944K,  13% used [0x0ab50000, 0x0acbca20, 0x0acbcc00, 0x0b600000)
 Metaspace       used 6597K, capacity 6702K, committed 6784K, reserved 7552K
}
Event: 1.241 GC heap after
{Heap after GC invocations=4 (full 0):
 def new generation   total 4928K, used 226K [0x05600000, 0x05b50000, 0x0ab50000)
  eden space 4416K,   0% used [0x05600000, 0x05600000, 0x05a50000)
  from space 512K,  44% used [0x05a50000, 0x05a88aa0, 0x05ad0000)
  to   space 512K,   0% used [0x05ad0000, 0x05ad0000, 0x05b50000)
 tenured generation   total 10944K, used 1818K [0x0ab50000, 0x0b600000, 0x15600000)
   the space 10944K,  16% used [0x0ab50000, 0x0ad168c0, 0x0ad16a00, 0x0b600000)
 Metaspace       used 6597K, capacity 6702K, committed 6784K, reserved 7552K
}
Event: 1.327 GC heap before
{Heap before GC invocations=4 (full 0):
 def new generation   total 4928K, used 4579K [0x05600000, 0x05b50000, 0x0ab50000)
  eden space 4416K,  98% used [0x05600000, 0x05a40258, 0x05a50000)
  from space 512K,  44% used [0x05a50000, 0x05a88aa0, 0x05ad0000)
  to   space 512K,   0% used [0x05ad0000, 0x05ad0000, 0x05b50000)
 tenured generation   total 10944K, used 1818K [0x0ab50000, 0x0b600000, 0x15600000)
   the space 10944K,  16% used [0x0ab50000, 0x0ad168c0, 0x0ad16a00, 0x0b600000)
 Metaspace       used 7652K, capacity 7745K, committed 7808K, reserved 8576K
}
Event: 1.329 GC heap after
{Heap after GC invocations=5 (full 0):
 def new generation   total 4928K, used 493K [0x05600000, 0x05b50000, 0x0ab50000)
  eden space 4416K,   0% used [0x05600000, 0x05600000, 0x05a50000)
  from space 512K,  96% used [0x05ad0000, 0x05b4b450, 0x05b50000)
  to   space 512K,   0% used [0x05a50000, 0x05a50000, 0x05ad0000)
 tenured generation   total 10944K, used 2266K [0x0ab50000, 0x0b600000, 0x15600000)
   the space 10944K,  20% used [0x0ab50000, 0x0ad868d0, 0x0ad86a00, 0x0b600000)
 Metaspace       used 7652K, capacity 7745K, committed 7808K, reserved 8576K
}
Event: 1.429 GC heap before
{Heap before GC invocations=5 (full 0):
 def new generation   total 4928K, used 4904K [0x05600000, 0x05b50000, 0x0ab50000)
  eden space 4416K,  99% used [0x05600000, 0x05a4eeb8, 0x05a50000)
  from space 512K,  96% used [0x05ad0000, 0x05b4b450, 0x05b50000)
  to   space 512K,   0% used [0x05a50000, 0x05a50000, 0x05ad0000)
 tenured generation   total 10944K, used 2266K [0x0ab50000, 0x0b600000, 0x15600000)
   the space 10944K,  20% used [0x0ab50000, 0x0ad868d0, 0x0ad86a00, 0x0b600000)
 Metaspace       used 8878K, capacity 8989K, committed 9088K, reserved 9600K
}
Event: 1.430 GC heap after
{Heap after GC invocations=6 (full 0):
 def new generation   total 4928K, used 512K [0x05600000, 0x05b50000, 0x0ab50000)
  eden space 4416K,   0% used [0x05600000, 0x05600000, 0x05a50000)
  from space 512K, 100% used [0x05a50000, 0x05ad0000, 0x05ad0000)
  to   space 512K,   0% used [0x05ad0000, 0x05ad0000, 0x05b50000)
 tenured generation   total 10944K, used 2756K [0x0ab50000, 0x0b600000, 0x15600000)
   the space 10944K,  25% used [0x0ab50000, 0x0ae01088, 0x0ae01200, 0x0b600000)
 Metaspace       used 8878K, capacity 8989K, committed 9088K, reserved 9600K
}
Event: 1.533 GC heap before
{Heap before GC invocations=6 (full 0):
 def new generation   total 4928K, used 4928K [0x05600000, 0x05b50000, 0x0ab50000)
  eden space 4416K, 100% used [0x05600000, 0x05a50000, 0x05a50000)
  from space 512K, 100% used [0x05a50000, 0x05ad0000, 0x05ad0000)
  to   space 512K,   0% used [0x05ad0000, 0x05ad0000, 0x05b50000)
 tenured generation   total 10944K, used 2756K [0x0ab50000, 0x0b600000, 0x15600000)
   the space 10944K,  25% used [0x0ab50000, 0x0ae01088, 0x0ae01200, 0x0b600000)
 Metaspace       used 10556K, capacity 10734K, committed 10752K, reserved 11648K
}
Event: 1.536 GC heap after
{Heap after GC invocations=7 (full 0):
 def new generation   total 4928K, used 512K [0x05600000, 0x05b50000, 0x0ab50000)
  eden space 4416K,   0% used [0x05600000, 0x05600000, 0x05a50000)
  from space 512K, 100% used [0x05ad0000, 0x05b50000, 0x05b50000)
  to   space 512K,   0% used [0x05a50000, 0x05a50000, 0x05ad0000)
 tenured generation   total 10944K, used 3694K [0x0ab50000, 0x0b600000, 0x15600000)
   the space 10944K,  33% used [0x0ab50000, 0x0aeebb28, 0x0aeebc00, 0x0b600000)
 Metaspace       used 10556K, capacity 10734K, committed 10752K, reserved 11648K
}
Event: 1.629 GC heap before
{Heap before GC invocations=7 (full 0):
 def new generation   total 4928K, used 4928K [0x05600000, 0x05b50000, 0x0ab50000)
  eden space 4416K, 100% used [0x05600000, 0x05a50000, 0x05a50000)
  from space 512K, 100% used [0x05ad0000, 0x05b50000, 0x05b50000)
  to   space 512K,   0% used [0x05a50000, 0x05a50000, 0x05ad0000)
 tenured generation   total 10944K, used 3694K [0x0ab50000, 0x0b600000, 0x15600000)
   the space 10944K,  33% used [0x0ab50000, 0x0aeebb28, 0x0aeebc00, 0x0b600000)
 Metaspace       used 11343K, capacity 11510K, committed 11520K, reserved 11648K
}
Event: 1.632 GC heap after
{Heap after GC invocations=8 (full 0):
 def new generation   total 4928K, used 510K [0x05600000, 0x05b50000, 0x0ab50000)
  eden space 4416K,   0% used [0x05600000, 0x05600000, 0x05a50000)
  from space 512K,  99% used [0x05a50000, 0x05acfa20, 0x05ad0000)
  to   space 512K,   0% used [0x05ad0000, 0x05ad0000, 0x05b50000)
 tenured generation   total 10944K, used 4200K [0x0ab50000, 0x0b600000, 0x15600000)
   the space 10944K,  38% used [0x0ab50000, 0x0af6a008, 0x0af6a200, 0x0b600000)
 Metaspace       used 11343K, capacity 11510K, committed 11520K, reserved 11648K
}
Event: 1.732 GC heap before
{Heap before GC invocations=8 (full 0):
 def new generation   total 4928K, used 4921K [0x05600000, 0x05b50000, 0x0ab50000)
  eden space 4416K,  99% used [0x05600000, 0x05a4ea38, 0x05a50000)
  from space 512K,  99% used [0x05a50000, 0x05acfa20, 0x05ad0000)
  to   space 512K,   0% used [0x05ad0000, 0x05ad0000, 0x05b50000)
 tenured generation   total 10944K, used 10430K [0x0ab50000, 0x0b600000, 0x15600000)
   the space 10944K,  95% used [0x0ab50000, 0x0b57fa00, 0x0b57fa00, 0x0b600000)
 Metaspace       used 11790K, capacity 11976K, committed 12032K, reserved 12672K
}
Event: 1.745 GC heap after
{Heap after GC invocations=9 (full 1):
 def new generation   total 8640K, used 409K [0x05600000, 0x05f60000, 0x0ab50000)
  eden space 7680K,   5% used [0x05600000, 0x05666460, 0x05d80000)
  from space 960K,   0% used [0x05d80000, 0x05d80000, 0x05e70000)
  to   space 960K,   0% used [0x05e70000, 0x05e70000, 0x05f60000)
 tenured generation   total 19096K, used 11455K [0x0ab50000, 0x0bdf6000, 0x15600000)
   the space 19096K,  59% used [0x0ab50000, 0x0b67fff8, 0x0b680000, 0x0bdf6000)
 Metaspace       used 11790K, capacity 11976K, committed 12032K, reserved 12672K
}
Event: 1.937 GC heap before
{Heap before GC invocations=9 (full 1):
 def new generation   total 8640K, used 7680K [0x05600000, 0x05f60000, 0x0ab50000)
  eden space 7680K, 100% used [0x05600000, 0x05d80000, 0x05d80000)
  from space 960K,   0% used [0x05d80000, 0x05d80000, 0x05e70000)
  to   space 960K,   0% used [0x05e70000, 0x05e70000, 0x05f60000)
 tenured generation   total 19096K, used 11455K [0x0ab50000, 0x0bdf6000, 0x15600000)
   the space 19096K,  59% used [0x0ab50000, 0x0b67fff8, 0x0b680000, 0x0bdf6000)
 Metaspace       used 12705K, capacity 12899K, committed 12928K, reserved 13696K
}
Event: 1.942 GC heap after
{Heap after GC invocations=10 (full 1):
 def new generation   total 8640K, used 959K [0x05600000, 0x05f60000, 0x0ab50000)
  eden space 7680K,   0% used [0x05600000, 0x05600000, 0x05d80000)
  from space 960K,  99% used [0x05e70000, 0x05f5fff8, 0x05f60000)
  to   space 960K,   0% used [0x05d80000, 0x05d80000, 0x05e70000)
 tenured generation   total 19096K, used 11728K [0x0ab50000, 0x0bdf6000, 0x15600000)
   the space 19096K,  61% used [0x0ab50000, 0x0b6c4108, 0x0b6c4200, 0x0bdf6000)
 Metaspace       used 12705K, capacity 12899K, committed 12928K, reserved 13696K
}
Event: 2.073 GC heap before
{Heap before GC invocations=10 (full 1):
 def new generation   total 8640K, used 8639K [0x05600000, 0x05f60000, 0x0ab50000)
  eden space 7680K, 100% used [0x05600000, 0x05d80000, 0x05d80000)
  from space 960K,  99% used [0x05e70000, 0x05f5fff8, 0x05f60000)
  to   space 960K,   0% used [0x05d80000, 0x05d80000, 0x05e70000)
 tenured generation   total 19096K, used 11728K [0x0ab50000, 0x0bdf6000, 0x15600000)
   the space 19096K,  61% used [0x0ab50000, 0x0b6c4108, 0x0b6c4200, 0x0bdf6000)
 Metaspace       used 13876K, capacity 14157K, committed 14208K, reserved 14720K
}
Event: 2.077 GC heap after
{Heap after GC invocations=11 (full 1):
 def new generation   total 8640K, used 556K [0x05600000, 0x05f60000, 0x0ab50000)
  eden space 7680K,   0% used [0x05600000, 0x05600000, 0x05d80000)
  from space 960K,  58% used [0x05d80000, 0x05e0b3f8, 0x05e70000)
  to   space 960K,   0% used [0x05e70000, 0x05e70000, 0x05f60000)
 tenured generation   total 19096K, used 12671K [0x0ab50000, 0x0bdf6000, 0x15600000)
   the space 19096K,  66% used [0x0ab50000, 0x0b7afcb0, 0x0b7afe00, 0x0bdf6000)
 Metaspace       used 13876K, capacity 14157K, committed 14208K, reserved 14720K
}
Event: 12.352 GC heap before
{Heap before GC invocations=11 (full 1):
 def new generation   total 8640K, used 8236K [0x05600000, 0x05f60000, 0x0ab50000)
  eden space 7680K, 100% used [0x05600000, 0x05d80000, 0x05d80000)
  from space 960K,  58% used [0x05d80000, 0x05e0b3f8, 0x05e70000)
  to   space 960K,   0% used [0x05e70000, 0x05e70000, 0x05f60000)
 tenured generation   total 19096K, used 12671K [0x0ab50000, 0x0bdf6000, 0x15600000)
   the space 19096K,  66% used [0x0ab50000, 0x0b7afcb0, 0x0b7afe00, 0x0bdf6000)
 Metaspace       used 14710K, capacity 14998K, committed 15104K, reserved 15744K
}
Event: 12.355 GC heap after
{Heap after GC invocations=12 (full 1):
 def new generation   total 8640K, used 940K [0x05600000, 0x05f60000, 0x0ab50000)
  eden space 7680K,   0% used [0x05600000, 0x05600000, 0x05d80000)
  from space 960K,  97% used [0x05e70000, 0x05f5b040, 0x05f60000)
  to   space 960K,   0% used [0x05d80000, 0x05d80000, 0x05e70000)
 tenured generation   total 19096K, used 14237K [0x0ab50000, 0x0bdf6000, 0x15600000)
   the space 19096K,  74% used [0x0ab50000, 0x0b9374c8, 0x0b937600, 0x0bdf6000)
 Metaspace       used 14710K, capacity 14998K, committed 15104K, reserved 15744K
}
Event: 14.270 GC heap before
{Heap before GC invocations=12 (full 1):
 def new generation   total 8640K, used 2761K [0x05600000, 0x05f60000, 0x0ab50000)
  eden space 7680K,  23% used [0x05600000, 0x057c7420, 0x05d80000)
  from space 960K,  97% used [0x05e70000, 0x05f5b040, 0x05f60000)
  to   space 960K,   0% used [0x05d80000, 0x05d80000, 0x05e70000)
 tenured generation   total 19096K, used 14237K [0x0ab50000, 0x0bdf6000, 0x15600000)
   the space 19096K,  74% used [0x0ab50000, 0x0b9374c8, 0x0b937600, 0x0bdf6000)
 Metaspace       used 14854K, capacity 15152K, committed 15232K, reserved 15744K
}
Event: 14.272 GC heap after
{Heap after GC invocations=13 (full 1):
 def new generation   total 8640K, used 301K [0x05600000, 0x05f60000, 0x0ab50000)
  eden space 7680K,   0% used [0x05600000, 0x05600000, 0x05d80000)
  from space 960K,  31% used [0x05d80000, 0x05dcb780, 0x05e70000)
  to   space 960K,   0% used [0x05e70000, 0x05e70000, 0x05f60000)
 tenured generation   total 19096K, used 15106K [0x0ab50000, 0x0bdf6000, 0x15600000)
   the space 19096K,  79% used [0x0ab50000, 0x0ba10a08, 0x0ba10c00, 0x0bdf6000)
 Metaspace       used 14854K, capacity 15152K, committed 15232K, reserved 15744K
}

