# JRE version: OpenJDK Runtime Environment Temurin-11.0.21+9 (11.0.21+9) (build 11.0.21+9)
# Java VM: OpenJDK Client VM Temurin-11.0.21+9 (11.0.21+9, mixed mode, serial gc, windows-x86)
Heap:
 def new generation   total 16704K, used 10009K [0x04e00000, 0x06010000, 0x0a350000)
  eden space 14912K,  67% used [0x04e00000, 0x057c6560, 0x05c90000)
  from space 1792K,   0% used [0x05c90000, 0x05c90000, 0x05e50000)
  to   space 1792K,   0% used [0x05e50000, 0x05e50000, 0x06010000)
 tenured generation   total 36864K, used 22117K [0x0a350000, 0x0c750000, 0x14e00000)
   the space 36864K,  59% used [0x0a350000, 0x0b8e96e0, 0x0b8e9800, 0x0c750000)
 Metaspace       used 14798K, capacity 15058K, committed 15360K, reserved 15744K
GC Heap History (20 events):
Event: 0.477 GC heap before
{Heap before GC invocations=4 (full 0):
 def new generation   total 4928K, used 4667K [0x04e00000, 0x05350000, 0x0a350000)
  eden space 4416K, 100% used [0x04e00000, 0x05250000, 0x05250000)
  from space 512K,  49% used [0x05250000, 0x0528edc8, 0x052d0000)
  to   space 512K,   0% used [0x052d0000, 0x052d0000, 0x05350000)
 tenured generation   total 10944K, used 1734K [0x0a350000, 0x0ae00000, 0x14e00000)
   the space 10944K,  15% used [0x0a350000, 0x0a5019d8, 0x0a501a00, 0x0ae00000)
 Metaspace       used 7710K, capacity 7809K, committed 7936K, reserved 8576K
}
Event: 0.478 GC heap after
{Heap after GC invocations=5 (full 0):
 def new generation   total 4928K, used 419K [0x04e00000, 0x05350000, 0x0a350000)
  eden space 4416K,   0% used [0x04e00000, 0x04e00000, 0x05250000)
  from space 512K,  81% used [0x052d0000, 0x05338ee8, 0x05350000)
  to   space 512K,   0% used [0x05250000, 0x05250000, 0x052d0000)
 tenured generation   total 10944K, used 2182K [0x0a350000, 0x0ae00000, 0x14e00000)
   the space 10944K,  19% used [0x0a350000, 0x0a5719e8, 0x0a571a00, 0x0ae00000)
 Metaspace       used 7710K, capacity 7809K, committed 7936K, reserved 8576K
}
Event: 0.518 GC heap before
{Heap before GC invocations=5 (full 0):
 def new generation   total 4928K, used 4835K [0x04e00000, 0x05350000, 0x0a350000)
  eden space 4416K, 100% used [0x04e00000, 0x05250000, 0x05250000)
  from space 512K,  81% used [0x052d0000, 0x05338ee8, 0x05350000)
  to   space 512K,   0% used [0x05250000, 0x05250000, 0x052d0000)
 tenured generation   total 10944K, used 2182K [0x0a350000, 0x0ae00000, 0x14e00000)
   the space 10944K,  19% used [0x0a350000, 0x0a5719e8, 0x0a571a00, 0x0ae00000)
 Metaspace       used 8921K, capacity 9053K, committed 9088K, reserved 9600K
}
Event: 0.519 GC heap after
{Heap after GC invocations=6 (full 0):
 def new generation   total 4928K, used 512K [0x04e00000, 0x05350000, 0x0a350000)
  eden space 4416K,   0% used [0x04e00000, 0x04e00000, 0x05250000)
  from space 512K, 100% used [0x05250000, 0x052d0000, 0x052d0000)
  to   space 512K,   0% used [0x052d0000, 0x052d0000, 0x05350000)
 tenured generation   total 10944K, used 2638K [0x0a350000, 0x0ae00000, 0x14e00000)
   the space 10944K,  24% used [0x0a350000, 0x0a5e3ba0, 0x0a5e3c00, 0x0ae00000)
 Metaspace       used 8921K, capacity 9053K, committed 9088K, reserved 9600K
}
Event: 0.572 GC heap before
{Heap before GC invocations=6 (full 0):
 def new generation   total 4928K, used 4919K [0x04e00000, 0x05350000, 0x0a350000)
  eden space 4416K,  99% used [0x04e00000, 0x0524dc30, 0x05250000)
  from space 512K, 100% used [0x05250000, 0x052d0000, 0x052d0000)
  to   space 512K,   0% used [0x052d0000, 0x052d0000, 0x05350000)
 tenured generation   total 10944K, used 2638K [0x0a350000, 0x0ae00000, 0x14e00000)
   the space 10944K,  24% used [0x0a350000, 0x0a5e3ba0, 0x0a5e3c00, 0x0ae00000)
 Metaspace       used 10559K, capacity 10734K, committed 10752K, reserved 11648K
}
Event: 0.574 GC heap after
{Heap after GC invocations=7 (full 0):
 def new generation   total 4928K, used 512K [0x04e00000, 0x05350000, 0x0a350000)
  eden space 4416K,   0% used [0x04e00000, 0x04e00000, 0x05250000)
  from space 512K, 100% used [0x052d0000, 0x05350000, 0x05350000)
  to   space 512K,   0% used [0x05250000, 0x05250000, 0x052d0000)
 tenured generation   total 10944K, used 3676K [0x0a350000, 0x0ae00000, 0x14e00000)
   the space 10944K,  33% used [0x0a350000, 0x0a6e7220, 0x0a6e7400, 0x0ae00000)
 Metaspace       used 10559K, capacity 10734K, committed 10752K, reserved 11648K
}
Event: 0.623 GC heap before
{Heap before GC invocations=7 (full 0):
 def new generation   total 4928K, used 4928K [0x04e00000, 0x05350000, 0x0a350000)
  eden space 4416K, 100% used [0x04e00000, 0x05250000, 0x05250000)
  from space 512K, 100% used [0x052d0000, 0x05350000, 0x05350000)
  to   space 512K,   0% used [0x05250000, 0x05250000, 0x052d0000)
 tenured generation   total 10944K, used 3676K [0x0a350000, 0x0ae00000, 0x14e00000)
   the space 10944K,  33% used [0x0a350000, 0x0a6e7220, 0x0a6e7400, 0x0ae00000)
 Metaspace       used 11343K, capacity 11510K, committed 11520K, reserved 11648K
}
Event: 0.625 GC heap after
{Heap after GC invocations=8 (full 0):
 def new generation   total 4928K, used 512K [0x04e00000, 0x05350000, 0x0a350000)
  eden space 4416K,   0% used [0x04e00000, 0x04e00000, 0x05250000)
  from space 512K, 100% used [0x05250000, 0x052d0000, 0x052d0000)
  to   space 512K,   0% used [0x052d0000, 0x052d0000, 0x05350000)
 tenured generation   total 10944K, used 4168K [0x0a350000, 0x0ae00000, 0x14e00000)
   the space 10944K,  38% used [0x0a350000, 0x0a7623a0, 0x0a762400, 0x0ae00000)
 Metaspace       used 11343K, capacity 11510K, committed 11520K, reserved 11648K
}
Event: 0.695 GC heap before
{Heap before GC invocations=8 (full 0):
 def new generation   total 4928K, used 4928K [0x04e00000, 0x05350000, 0x0a350000)
  eden space 4416K, 100% used [0x04e00000, 0x05250000, 0x05250000)
  from space 512K, 100% used [0x05250000, 0x052d0000, 0x052d0000)
  to   space 512K,   0% used [0x052d0000, 0x052d0000, 0x05350000)
 tenured generation   total 10944K, used 10399K [0x0a350000, 0x0ae00000, 0x14e00000)
   the space 10944K,  95% used [0x0a350000, 0x0ad77d98, 0x0ad77e00, 0x0ae00000)
 Metaspace       used 11811K, capacity 12008K, committed 12032K, reserved 12672K
}
Event: 0.705 GC heap after
{Heap after GC invocations=9 (full 1):
 def new generation   total 8576K, used 456K [0x04e00000, 0x05740000, 0x0a350000)
  eden space 7680K,   5% used [0x04e00000, 0x04e72268, 0x05580000)
  from space 896K,   0% used [0x05580000, 0x05580000, 0x05660000)
  to   space 896K,   0% used [0x05660000, 0x05660000, 0x05740000)
 tenured generation   total 18880K, used 11327K [0x0a350000, 0x0b5c0000, 0x14e00000)
   the space 18880K,  59% used [0x0a350000, 0x0ae5ffe8, 0x0ae60000, 0x0b5c0000)
 Metaspace       used 11811K, capacity 12008K, committed 12032K, reserved 12672K
}
Event: 0.805 GC heap before
{Heap before GC invocations=9 (full 1):
 def new generation   total 8576K, used 7680K [0x04e00000, 0x05740000, 0x0a350000)
  eden space 7680K, 100% used [0x04e00000, 0x05580000, 0x05580000)
  from space 896K,   0% used [0x05580000, 0x05580000, 0x05660000)
  to   space 896K,   0% used [0x05660000, 0x05660000, 0x05740000)
 tenured generation   total 18880K, used 11327K [0x0a350000, 0x0b5c0000, 0x14e00000)
   the space 18880K,  59% used [0x0a350000, 0x0ae5ffe8, 0x0ae60000, 0x0b5c0000)
 Metaspace       used 12716K, capacity 12899K, committed 12928K, reserved 13696K
}
Event: 0.809 GC heap after
{Heap after GC invocations=10 (full 1):
 def new generation   total 8576K, used 896K [0x04e00000, 0x05740000, 0x0a350000)
  eden space 7680K,   0% used [0x04e00000, 0x04e00000, 0x05580000)
  from space 896K, 100% used [0x05660000, 0x05740000, 0x05740000)
  to   space 896K,   0% used [0x05580000, 0x05580000, 0x05660000)
 tenured generation   total 18880K, used 11705K [0x0a350000, 0x0b5c0000, 0x14e00000)
   the space 18880K,  61% used [0x0a350000, 0x0aebe4a8, 0x0aebe600, 0x0b5c0000)
 Metaspace       used 12716K, capacity 12899K, committed 12928K, reserved 13696K
}
Event: 0.881 GC heap before
{Heap before GC invocations=10 (full 1):
 def new generation   total 8576K, used 8576K [0x04e00000, 0x05740000, 0x0a350000)
  eden space 7680K, 100% used [0x04e00000, 0x05580000, 0x05580000)
  from space 896K, 100% used [0x05660000, 0x05740000, 0x05740000)
  to   space 896K,   0% used [0x05580000, 0x05580000, 0x05660000)
 tenured generation   total 18880K, used 11705K [0x0a350000, 0x0b5c0000, 0x14e00000)
   the space 18880K,  61% used [0x0a350000, 0x0aebe4a8, 0x0aebe600, 0x0b5c0000)
 Metaspace       used 13891K, capacity 14189K, committed 14208K, reserved 14720K
}
Event: 0.884 GC heap after
{Heap after GC invocations=11 (full 1):
 def new generation   total 8576K, used 554K [0x04e00000, 0x05740000, 0x0a350000)
  eden space 7680K,   0% used [0x04e00000, 0x04e00000, 0x05580000)
  from space 896K,  61% used [0x05580000, 0x0560aa88, 0x05660000)
  to   space 896K,   0% used [0x05660000, 0x05660000, 0x05740000)
 tenured generation   total 18880K, used 12594K [0x0a350000, 0x0b5c0000, 0x14e00000)
   the space 18880K,  66% used [0x0a350000, 0x0af9cae8, 0x0af9cc00, 0x0b5c0000)
 Metaspace       used 13891K, capacity 14189K, committed 14208K, reserved 14720K
}
Event: 2.163 GC heap before
{Heap before GC invocations=11 (full 1):
 def new generation   total 8576K, used 8234K [0x04e00000, 0x05740000, 0x0a350000)
  eden space 7680K, 100% used [0x04e00000, 0x05580000, 0x05580000)
  from space 896K,  61% used [0x05580000, 0x0560aa88, 0x05660000)
  to   space 896K,   0% used [0x05660000, 0x05660000, 0x05740000)
 tenured generation   total 18880K, used 12594K [0x0a350000, 0x0b5c0000, 0x14e00000)
   the space 18880K,  66% used [0x0a350000, 0x0af9cae8, 0x0af9cc00, 0x0b5c0000)
 Metaspace       used 14725K, capacity 15037K, committed 15104K, reserved 15744K
}
Event: 2.168 GC heap after
{Heap after GC invocations=12 (full 1):
 def new generation   total 8576K, used 896K [0x04e00000, 0x05740000, 0x0a350000)
  eden space 7680K,   0% used [0x04e00000, 0x04e00000, 0x05580000)
  from space 896K, 100% used [0x05660000, 0x05740000, 0x05740000)
  to   space 896K,   0% used [0x05580000, 0x05580000, 0x05660000)
 tenured generation   total 18880K, used 14309K [0x0a350000, 0x0b5c0000, 0x14e00000)
   the space 18880K,  75% used [0x0a350000, 0x0b149650, 0x0b149800, 0x0b5c0000)
 Metaspace       used 14725K, capacity 15037K, committed 15104K, reserved 15744K
}
Event: 15.136 GC heap before
{Heap before GC invocations=12 (full 1):
 def new generation   total 8576K, used 8576K [0x04e00000, 0x05740000, 0x0a350000)
  eden space 7680K, 100% used [0x04e00000, 0x05580000, 0x05580000)
  from space 896K, 100% used [0x05660000, 0x05740000, 0x05740000)
  to   space 896K,   0% used [0x05580000, 0x05580000, 0x05660000)
 tenured generation   total 18880K, used 14309K [0x0a350000, 0x0b5c0000, 0x14e00000)
   the space 18880K,  75% used [0x0a350000, 0x0b149650, 0x0b149800, 0x0b5c0000)
 Metaspace       used 14972K, capacity 15280K, committed 15360K, reserved 15744K
}
Event: 15.138 GC heap after
{Heap after GC invocations=13 (full 1):
 def new generation   total 8576K, used 639K [0x04e00000, 0x05740000, 0x0a350000)
  eden space 7680K,   0% used [0x04e00000, 0x04e00000, 0x05580000)
  from space 896K,  71% used [0x05580000, 0x0561ff90, 0x05660000)
  to   space 896K,   0% used [0x05660000, 0x05660000, 0x05740000)
 tenured generation   total 18880K, used 15199K [0x0a350000, 0x0b5c0000, 0x14e00000)
   the space 18880K,  80% used [0x0a350000, 0x0b227fd8, 0x0b228000, 0x0b5c0000)
 Metaspace       used 14972K, capacity 15280K, committed 15360K, reserved 15744K
}
Event: 18.014 GC heap before
{Heap before GC invocations=13 (full 1):
 def new generation   total 8576K, used 8319K [0x04e00000, 0x05740000, 0x0a350000)
  eden space 7680K, 100% used [0x04e00000, 0x05580000, 0x05580000)
  from space 896K,  71% used [0x05580000, 0x0561ff90, 0x05660000)
  to   space 896K,   0% used [0x05660000, 0x05660000, 0x05740000)
 tenured generation   total 18880K, used 15199K [0x0a350000, 0x0b5c0000, 0x14e00000)
   the space 18880K,  80% used [0x0a350000, 0x0b227fd8, 0x0b228000, 0x0b5c0000)
 Metaspace       used 14985K, capacity 15295K, committed 15360K, reserved 15744K
}
Event: 18.031 GC heap after
{Heap after GC invocations=14 (full 2):
 def new generation   total 16704K, used 0K [0x04e00000, 0x06010000, 0x0a350000)
  eden space 14912K,   0% used [0x04e00000, 0x04e00000, 0x05c90000)
  from space 1792K,   0% used [0x05c90000, 0x05c90000, 0x05e50000)
  to   space 1792K,   0% used [0x05e50000, 0x05e50000, 0x06010000)
 tenured generation   total 36864K, used 22117K [0x0a350000, 0x0c750000, 0x14e00000)
   the space 36864K,  59% used [0x0a350000, 0x0b8e96e0, 0x0b8e9800, 0x0c750000)
 Metaspace       used 14757K, capacity 15014K, committed 15360K, reserved 15744K
}

