# JRE version: OpenJDK Runtime Environment Temurin-11.0.21+9 (11.0.21+9) (build 11.0.21+9)
# Java VM: OpenJDK Client VM Temurin-11.0.21+9 (11.0.21+9, mixed mode, serial gc, windows-x86)
Heap:
 def new generation   total 16640K, used 1923K [0x05400000, 0x06600000, 0x0a950000)
  eden space 14848K,  12% used [0x05400000, 0x055e0db8, 0x06280000)
  from space 1792K,   0% used [0x06280000, 0x06280000, 0x06440000)
  to   space 1792K,   0% used [0x06440000, 0x06440000, 0x06600000)
 tenured generation   total 36772K, used 22062K [0x0a950000, 0x0cd39000, 0x15400000)
   the space 36772K,  59% used [0x0a950000, 0x0bedb930, 0x0bedba00, 0x0cd39000)
 Metaspace       used 15862K, capacity 16204K, committed 16512K, reserved 16768K
GC Heap History (20 events):
Event: 0.543 GC heap before
{Heap before GC invocations=5 (full 0):
 def new generation   total 4928K, used 4833K [0x05400000, 0x05950000, 0x0a950000)
  eden space 4416K, 100% used [0x05400000, 0x05850000, 0x05850000)
  from space 512K,  81% used [0x058d0000, 0x05938620, 0x05950000)
  to   space 512K,   0% used [0x05850000, 0x05850000, 0x058d0000)
 tenured generation   total 10944K, used 2494K [0x0a950000, 0x0b400000, 0x15400000)
   the space 10944K,  22% used [0x0a950000, 0x0abbf880, 0x0abbfa00, 0x0b400000)
 Metaspace       used 8933K, capacity 9053K, committed 9088K, reserved 9600K
}
Event: 0.544 GC heap after
{Heap after GC invocations=6 (full 0):
 def new generation   total 4928K, used 512K [0x05400000, 0x05950000, 0x0a950000)
  eden space 4416K,   0% used [0x05400000, 0x05400000, 0x05850000)
  from space 512K, 100% used [0x05850000, 0x058d0000, 0x058d0000)
  to   space 512K,   0% used [0x058d0000, 0x058d0000, 0x05950000)
 tenured generation   total 10944K, used 2933K [0x0a950000, 0x0b400000, 0x15400000)
   the space 10944K,  26% used [0x0a950000, 0x0ac2d678, 0x0ac2d800, 0x0b400000)
 Metaspace       used 8933K, capacity 9053K, committed 9088K, reserved 9600K
}
Event: 0.596 GC heap before
{Heap before GC invocations=6 (full 0):
 def new generation   total 4928K, used 4928K [0x05400000, 0x05950000, 0x0a950000)
  eden space 4416K, 100% used [0x05400000, 0x05850000, 0x05850000)
  from space 512K, 100% used [0x05850000, 0x058d0000, 0x058d0000)
  to   space 512K,   0% used [0x058d0000, 0x058d0000, 0x05950000)
 tenured generation   total 10944K, used 2933K [0x0a950000, 0x0b400000, 0x15400000)
   the space 10944K,  26% used [0x0a950000, 0x0ac2d678, 0x0ac2d800, 0x0b400000)
 Metaspace       used 10584K, capacity 10766K, committed 10880K, reserved 11648K
}
Event: 0.598 GC heap after
{Heap after GC invocations=7 (full 0):
 def new generation   total 4928K, used 512K [0x05400000, 0x05950000, 0x0a950000)
  eden space 4416K,   0% used [0x05400000, 0x05400000, 0x05850000)
  from space 512K, 100% used [0x058d0000, 0x05950000, 0x05950000)
  to   space 512K,   0% used [0x05850000, 0x05850000, 0x058d0000)
 tenured generation   total 10944K, used 3920K [0x0a950000, 0x0b400000, 0x15400000)
   the space 10944K,  35% used [0x0a950000, 0x0ad24268, 0x0ad24400, 0x0b400000)
 Metaspace       used 10584K, capacity 10766K, committed 10880K, reserved 11648K
}
Event: 0.641 GC heap before
{Heap before GC invocations=7 (full 0):
 def new generation   total 4928K, used 4928K [0x05400000, 0x05950000, 0x0a950000)
  eden space 4416K, 100% used [0x05400000, 0x05850000, 0x05850000)
  from space 512K, 100% used [0x058d0000, 0x05950000, 0x05950000)
  to   space 512K,   0% used [0x05850000, 0x05850000, 0x058d0000)
 tenured generation   total 10944K, used 3920K [0x0a950000, 0x0b400000, 0x15400000)
   the space 10944K,  35% used [0x0a950000, 0x0ad24268, 0x0ad24400, 0x0b400000)
 Metaspace       used 11343K, capacity 11510K, committed 11520K, reserved 11648K
}
Event: 0.643 GC heap after
{Heap after GC invocations=8 (full 0):
 def new generation   total 4928K, used 512K [0x05400000, 0x05950000, 0x0a950000)
  eden space 4416K,   0% used [0x05400000, 0x05400000, 0x05850000)
  from space 512K, 100% used [0x05850000, 0x058d0000, 0x058d0000)
  to   space 512K,   0% used [0x058d0000, 0x058d0000, 0x05950000)
 tenured generation   total 10944K, used 4488K [0x0a950000, 0x0b400000, 0x15400000)
   the space 10944K,  41% used [0x0a950000, 0x0adb2008, 0x0adb2200, 0x0b400000)
 Metaspace       used 11343K, capacity 11510K, committed 11520K, reserved 11648K
}
Event: 0.710 GC heap before
{Heap before GC invocations=8 (full 0):
 def new generation   total 4928K, used 4920K [0x05400000, 0x05950000, 0x0a950000)
  eden space 4416K,  99% used [0x05400000, 0x0584e3e8, 0x05850000)
  from space 512K, 100% used [0x05850000, 0x058d0000, 0x058d0000)
  to   space 512K,   0% used [0x058d0000, 0x058d0000, 0x05950000)
 tenured generation   total 10944K, used 10718K [0x0a950000, 0x0b400000, 0x15400000)
   the space 10944K,  97% used [0x0a950000, 0x0b3c7a00, 0x0b3c7a00, 0x0b400000)
 Metaspace       used 11813K, capacity 12008K, committed 12032K, reserved 12672K
}
Event: 0.719 GC heap after
{Heap after GC invocations=9 (full 1):
 def new generation   total 8768K, used 507K [0x05400000, 0x05d80000, 0x0a950000)
  eden space 7808K,   6% used [0x05400000, 0x0547eeb8, 0x05ba0000)
  from space 960K,   0% used [0x05ba0000, 0x05ba0000, 0x05c90000)
  to   space 960K,   0% used [0x05c90000, 0x05c90000, 0x05d80000)
 tenured generation   total 19308K, used 11583K [0x0a950000, 0x0bc2b000, 0x15400000)
   the space 19308K,  59% used [0x0a950000, 0x0b49ffa0, 0x0b4a0000, 0x0bc2b000)
 Metaspace       used 11813K, capacity 12008K, committed 12032K, reserved 12672K
}
Event: 0.820 GC heap before
{Heap before GC invocations=9 (full 1):
 def new generation   total 8768K, used 7808K [0x05400000, 0x05d80000, 0x0a950000)
  eden space 7808K, 100% used [0x05400000, 0x05ba0000, 0x05ba0000)
  from space 960K,   0% used [0x05ba0000, 0x05ba0000, 0x05c90000)
  to   space 960K,   0% used [0x05c90000, 0x05c90000, 0x05d80000)
 tenured generation   total 19308K, used 11583K [0x0a950000, 0x0bc2b000, 0x15400000)
   the space 19308K,  59% used [0x0a950000, 0x0b49ffa0, 0x0b4a0000, 0x0bc2b000)
 Metaspace       used 12725K, capacity 12899K, committed 12928K, reserved 13696K
}
Event: 0.824 GC heap after
{Heap after GC invocations=10 (full 1):
 def new generation   total 8768K, used 960K [0x05400000, 0x05d80000, 0x0a950000)
  eden space 7808K,   0% used [0x05400000, 0x05400000, 0x05ba0000)
  from space 960K, 100% used [0x05c90000, 0x05d80000, 0x05d80000)
  to   space 960K,   0% used [0x05ba0000, 0x05ba0000, 0x05c90000)
 tenured generation   total 19308K, used 11947K [0x0a950000, 0x0bc2b000, 0x15400000)
   the space 19308K,  61% used [0x0a950000, 0x0b4faf28, 0x0b4fb000, 0x0bc2b000)
 Metaspace       used 12725K, capacity 12899K, committed 12928K, reserved 13696K
}
Event: 0.899 GC heap before
{Heap before GC invocations=10 (full 1):
 def new generation   total 8768K, used 8715K [0x05400000, 0x05d80000, 0x0a950000)
  eden space 7808K,  99% used [0x05400000, 0x05b92f20, 0x05ba0000)
  from space 960K, 100% used [0x05c90000, 0x05d80000, 0x05d80000)
  to   space 960K,   0% used [0x05ba0000, 0x05ba0000, 0x05c90000)
 tenured generation   total 19308K, used 11947K [0x0a950000, 0x0bc2b000, 0x15400000)
   the space 19308K,  61% used [0x0a950000, 0x0b4faf28, 0x0b4fb000, 0x0bc2b000)
 Metaspace       used 13958K, capacity 14253K, committed 14336K, reserved 14720K
}
Event: 0.902 GC heap after
{Heap after GC invocations=11 (full 1):
 def new generation   total 8768K, used 596K [0x05400000, 0x05d80000, 0x0a950000)
  eden space 7808K,   0% used [0x05400000, 0x05400000, 0x05ba0000)
  from space 960K,  62% used [0x05ba0000, 0x05c351e0, 0x05c90000)
  to   space 960K,   0% used [0x05c90000, 0x05c90000, 0x05d80000)
 tenured generation   total 19308K, used 12897K [0x0a950000, 0x0bc2b000, 0x15400000)
   the space 19308K,  66% used [0x0a950000, 0x0b5e8728, 0x0b5e8800, 0x0bc2b000)
 Metaspace       used 13958K, capacity 14253K, committed 14336K, reserved 14720K
}
Event: 3.229 GC heap before
{Heap before GC invocations=11 (full 1):
 def new generation   total 8768K, used 8404K [0x05400000, 0x05d80000, 0x0a950000)
  eden space 7808K, 100% used [0x05400000, 0x05ba0000, 0x05ba0000)
  from space 960K,  62% used [0x05ba0000, 0x05c351e0, 0x05c90000)
  to   space 960K,   0% used [0x05c90000, 0x05c90000, 0x05d80000)
 tenured generation   total 19308K, used 12897K [0x0a950000, 0x0bc2b000, 0x15400000)
   the space 19308K,  66% used [0x0a950000, 0x0b5e8728, 0x0b5e8800, 0x0bc2b000)
 Metaspace       used 14713K, capacity 15032K, committed 15104K, reserved 15744K
}
Event: 3.232 GC heap after
{Heap after GC invocations=12 (full 1):
 def new generation   total 8768K, used 938K [0x05400000, 0x05d80000, 0x0a950000)
  eden space 7808K,   0% used [0x05400000, 0x05400000, 0x05ba0000)
  from space 960K,  97% used [0x05c90000, 0x05d7a800, 0x05d80000)
  to   space 960K,   0% used [0x05ba0000, 0x05ba0000, 0x05c90000)
 tenured generation   total 19308K, used 14475K [0x0a950000, 0x0bc2b000, 0x15400000)
   the space 19308K,  74% used [0x0a950000, 0x0b772f60, 0x0b773000, 0x0bc2b000)
 Metaspace       used 14713K, capacity 15032K, committed 15104K, reserved 15744K
}
Event: 4.550 GC heap before
{Heap before GC invocations=12 (full 1):
 def new generation   total 8768K, used 8746K [0x05400000, 0x05d80000, 0x0a950000)
  eden space 7808K, 100% used [0x05400000, 0x05ba0000, 0x05ba0000)
  from space 960K,  97% used [0x05c90000, 0x05d7a800, 0x05d80000)
  to   space 960K,   0% used [0x05ba0000, 0x05ba0000, 0x05c90000)
 tenured generation   total 19308K, used 14475K [0x0a950000, 0x0bc2b000, 0x15400000)
   the space 19308K,  74% used [0x0a950000, 0x0b772f60, 0x0b773000, 0x0bc2b000)
 Metaspace       used 15813K, capacity 16202K, committed 16256K, reserved 16768K
}
Event: 4.553 GC heap after
{Heap after GC invocations=13 (full 1):
 def new generation   total 8768K, used 713K [0x05400000, 0x05d80000, 0x0a950000)
  eden space 7808K,   0% used [0x05400000, 0x05400000, 0x05ba0000)
  from space 960K,  74% used [0x05ba0000, 0x05c52518, 0x05c90000)
  to   space 960K,   0% used [0x05c90000, 0x05c90000, 0x05d80000)
 tenured generation   total 19308K, used 15368K [0x0a950000, 0x0bc2b000, 0x15400000)
   the space 19308K,  79% used [0x0a950000, 0x0b852190, 0x0b852200, 0x0bc2b000)
 Metaspace       used 15813K, capacity 16202K, committed 16256K, reserved 16768K
}
Event: 11.683 GC heap before
{Heap before GC invocations=13 (full 1):
 def new generation   total 8768K, used 8168K [0x05400000, 0x05d80000, 0x0a950000)
  eden space 7808K,  95% used [0x05400000, 0x05b47e58, 0x05ba0000)
  from space 960K,  74% used [0x05ba0000, 0x05c52518, 0x05c90000)
  to   space 960K,   0% used [0x05c90000, 0x05c90000, 0x05d80000)
 tenured generation   total 19308K, used 15368K [0x0a950000, 0x0bc2b000, 0x15400000)
   the space 19308K,  79% used [0x0a950000, 0x0b852190, 0x0b852200, 0x0bc2b000)
 Metaspace       used 16062K, capacity 16457K, committed 16512K, reserved 16768K
}
Event: 11.686 GC heap after
{Heap after GC invocations=14 (full 1):
 def new generation   total 8768K, used 606K [0x05400000, 0x05d80000, 0x0a950000)
  eden space 7808K,   0% used [0x05400000, 0x05400000, 0x05ba0000)
  from space 960K,  63% used [0x05c90000, 0x05d27968, 0x05d80000)
  to   space 960K,   0% used [0x05ba0000, 0x05ba0000, 0x05c90000)
 tenured generation   total 19308K, used 16059K [0x0a950000, 0x0bc2b000, 0x15400000)
   the space 19308K,  83% used [0x0a950000, 0x0b8feef8, 0x0b8ff000, 0x0bc2b000)
 Metaspace       used 16062K, capacity 16457K, committed 16512K, reserved 16768K
}
Event: 11.762 GC heap before
{Heap before GC invocations=14 (full 1):
 def new generation   total 8768K, used 7663K [0x05400000, 0x05d80000, 0x0a950000)
  eden space 7808K,  90% used [0x05400000, 0x05ae4408, 0x05ba0000)
  from space 960K,  63% used [0x05c90000, 0x05d27968, 0x05d80000)
  to   space 960K,   0% used [0x05ba0000, 0x05ba0000, 0x05c90000)
 tenured generation   total 19308K, used 16059K [0x0a950000, 0x0bc2b000, 0x15400000)
   the space 19308K,  83% used [0x0a950000, 0x0b8feef8, 0x0b8ff000, 0x0bc2b000)
 Metaspace       used 16064K, capacity 16458K, committed 16512K, reserved 16768K
}
Event: 11.789 GC heap after
{Heap after GC invocations=15 (full 2):
 def new generation   total 16640K, used 0K [0x05400000, 0x06600000, 0x0a950000)
  eden space 14848K,   0% used [0x05400000, 0x05400000, 0x06280000)
  from space 1792K,   0% used [0x06280000, 0x06280000, 0x06440000)
  to   space 1792K,   0% used [0x06440000, 0x06440000, 0x06600000)
 tenured generation   total 36772K, used 22062K [0x0a950000, 0x0cd39000, 0x15400000)
   the space 36772K,  59% used [0x0a950000, 0x0bedb930, 0x0bedba00, 0x0cd39000)
 Metaspace       used 15835K, capacity 16177K, committed 16512K, reserved 16768K
}

