# JRE version: OpenJDK Runtime Environment Temurin-11.0.21+9 (11.0.21+9) (build 11.0.21+9)
# Java VM: OpenJDK Client VM Temurin-11.0.21+9 (11.0.21+9, mixed mode, serial gc, windows-x86)
Heap:
 def new generation   total 16384K, used 1908K [0x05600000, 0x067c0000, 0x0ab50000)
  eden space 14592K,  13% used [0x05600000, 0x057dd338, 0x06440000)
  from space 1792K,   0% used [0x06440000, 0x06440000, 0x06600000)
  to   space 1792K,   0% used [0x06600000, 0x06600000, 0x067c0000)
 tenured generation   total 36288K, used 21770K [0x0ab50000, 0x0cec0000, 0x15600000)
   the space 36288K,  59% used [0x0ab50000, 0x0c092b98, 0x0c092c00, 0x0cec0000)
 Metaspace       used 15844K, capacity 16205K, committed 16512K, reserved 16768K
GC Heap History (20 events):
Event: 0.728 GC heap before
{Heap before GC invocations=5 (full 0):
 def new generation   total 4928K, used 4906K [0x05600000, 0x05b50000, 0x0ab50000)
  eden space 4416K,  99% used [0x05600000, 0x05a4f220, 0x05a50000)
  from space 512K,  96% used [0x05ad0000, 0x05b4b9a8, 0x05b50000)
  to   space 512K,   0% used [0x05a50000, 0x05a50000, 0x05ad0000)
 tenured generation   total 10944K, used 2191K [0x0ab50000, 0x0b600000, 0x15600000)
   the space 10944K,  20% used [0x0ab50000, 0x0ad73ea0, 0x0ad74000, 0x0b600000)
 Metaspace       used 8868K, capacity 8989K, committed 9088K, reserved 9600K
}
Event: 0.730 GC heap after
{Heap after GC invocations=6 (full 0):
 def new generation   total 4928K, used 512K [0x05600000, 0x05b50000, 0x0ab50000)
  eden space 4416K,   0% used [0x05600000, 0x05600000, 0x05a50000)
  from space 512K, 100% used [0x05a50000, 0x05ad0000, 0x05ad0000)
  to   space 512K,   0% used [0x05ad0000, 0x05ad0000, 0x05b50000)
 tenured generation   total 10944K, used 2730K [0x0ab50000, 0x0b600000, 0x15600000)
   the space 10944K,  24% used [0x0ab50000, 0x0adfaaa8, 0x0adfac00, 0x0b600000)
 Metaspace       used 8868K, capacity 8989K, committed 9088K, reserved 9600K
}
Event: 0.791 GC heap before
{Heap before GC invocations=6 (full 0):
 def new generation   total 4928K, used 4928K [0x05600000, 0x05b50000, 0x0ab50000)
  eden space 4416K, 100% used [0x05600000, 0x05a50000, 0x05a50000)
  from space 512K, 100% used [0x05a50000, 0x05ad0000, 0x05ad0000)
  to   space 512K,   0% used [0x05ad0000, 0x05ad0000, 0x05b50000)
 tenured generation   total 10944K, used 2730K [0x0ab50000, 0x0b600000, 0x15600000)
   the space 10944K,  24% used [0x0ab50000, 0x0adfaaa8, 0x0adfac00, 0x0b600000)
 Metaspace       used 10561K, capacity 10734K, committed 10752K, reserved 11648K
}
Event: 0.793 GC heap after
{Heap after GC invocations=7 (full 0):
 def new generation   total 4928K, used 512K [0x05600000, 0x05b50000, 0x0ab50000)
  eden space 4416K,   0% used [0x05600000, 0x05600000, 0x05a50000)
  from space 512K, 100% used [0x05ad0000, 0x05b50000, 0x05b50000)
  to   space 512K,   0% used [0x05a50000, 0x05a50000, 0x05ad0000)
 tenured generation   total 10944K, used 3621K [0x0ab50000, 0x0b600000, 0x15600000)
   the space 10944K,  33% used [0x0ab50000, 0x0aed95a0, 0x0aed9600, 0x0b600000)
 Metaspace       used 10561K, capacity 10734K, committed 10752K, reserved 11648K
}
Event: 0.851 GC heap before
{Heap before GC invocations=7 (full 0):
 def new generation   total 4928K, used 4928K [0x05600000, 0x05b50000, 0x0ab50000)
  eden space 4416K, 100% used [0x05600000, 0x05a50000, 0x05a50000)
  from space 512K, 100% used [0x05ad0000, 0x05b50000, 0x05b50000)
  to   space 512K,   0% used [0x05a50000, 0x05a50000, 0x05ad0000)
 tenured generation   total 10944K, used 3621K [0x0ab50000, 0x0b600000, 0x15600000)
   the space 10944K,  33% used [0x0ab50000, 0x0aed95a0, 0x0aed9600, 0x0b600000)
 Metaspace       used 11347K, capacity 11510K, committed 11520K, reserved 11648K
}
Event: 0.852 GC heap after
{Heap after GC invocations=8 (full 0):
 def new generation   total 4928K, used 510K [0x05600000, 0x05b50000, 0x0ab50000)
  eden space 4416K,   0% used [0x05600000, 0x05600000, 0x05a50000)
  from space 512K,  99% used [0x05a50000, 0x05acf8b0, 0x05ad0000)
  to   space 512K,   0% used [0x05ad0000, 0x05ad0000, 0x05b50000)
 tenured generation   total 10944K, used 4126K [0x0ab50000, 0x0b600000, 0x15600000)
   the space 10944K,  37% used [0x0ab50000, 0x0af57ab8, 0x0af57c00, 0x0b600000)
 Metaspace       used 11347K, capacity 11510K, committed 11520K, reserved 11648K
}
Event: 0.922 GC heap before
{Heap before GC invocations=8 (full 0):
 def new generation   total 4928K, used 4926K [0x05600000, 0x05b50000, 0x0ab50000)
  eden space 4416K, 100% used [0x05600000, 0x05a50000, 0x05a50000)
  from space 512K,  99% used [0x05a50000, 0x05acf8b0, 0x05ad0000)
  to   space 512K,   0% used [0x05ad0000, 0x05ad0000, 0x05b50000)
 tenured generation   total 10944K, used 10357K [0x0ab50000, 0x0b600000, 0x15600000)
   the space 10944K,  94% used [0x0ab50000, 0x0b56d4b0, 0x0b56d600, 0x0b600000)
 Metaspace       used 11795K, capacity 12008K, committed 12032K, reserved 12672K
}
Event: 0.931 GC heap after
{Heap after GC invocations=9 (full 1):
 def new generation   total 8576K, used 473K [0x05600000, 0x05f40000, 0x0ab50000)
  eden space 7680K,   6% used [0x05600000, 0x05676408, 0x05d80000)
  from space 896K,   0% used [0x05d80000, 0x05d80000, 0x05e60000)
  to   space 896K,   0% used [0x05e60000, 0x05e60000, 0x05f40000)
 tenured generation   total 18880K, used 11327K [0x0ab50000, 0x0bdc0000, 0x15600000)
   the space 18880K,  59% used [0x0ab50000, 0x0b65fff0, 0x0b660000, 0x0bdc0000)
 Metaspace       used 11795K, capacity 12008K, committed 12032K, reserved 12672K
}
Event: 1.059 GC heap before
{Heap before GC invocations=9 (full 1):
 def new generation   total 8576K, used 7680K [0x05600000, 0x05f40000, 0x0ab50000)
  eden space 7680K, 100% used [0x05600000, 0x05d80000, 0x05d80000)
  from space 896K,   0% used [0x05d80000, 0x05d80000, 0x05e60000)
  to   space 896K,   0% used [0x05e60000, 0x05e60000, 0x05f40000)
 tenured generation   total 18880K, used 11327K [0x0ab50000, 0x0bdc0000, 0x15600000)
   the space 18880K,  59% used [0x0ab50000, 0x0b65fff0, 0x0b660000, 0x0bdc0000)
 Metaspace       used 12699K, capacity 12899K, committed 12928K, reserved 13696K
}
Event: 1.063 GC heap after
{Heap after GC invocations=10 (full 1):
 def new generation   total 8576K, used 896K [0x05600000, 0x05f40000, 0x0ab50000)
  eden space 7680K,   0% used [0x05600000, 0x05600000, 0x05d80000)
  from space 896K, 100% used [0x05e60000, 0x05f40000, 0x05f40000)
  to   space 896K,   0% used [0x05d80000, 0x05d80000, 0x05e60000)
 tenured generation   total 18880K, used 11707K [0x0ab50000, 0x0bdc0000, 0x15600000)
   the space 18880K,  62% used [0x0ab50000, 0x0b6befd8, 0x0b6bf000, 0x0bdc0000)
 Metaspace       used 12699K, capacity 12899K, committed 12928K, reserved 13696K
}
Event: 1.137 GC heap before
{Heap before GC invocations=10 (full 1):
 def new generation   total 8576K, used 8576K [0x05600000, 0x05f40000, 0x0ab50000)
  eden space 7680K, 100% used [0x05600000, 0x05d80000, 0x05d80000)
  from space 896K, 100% used [0x05e60000, 0x05f40000, 0x05f40000)
  to   space 896K,   0% used [0x05d80000, 0x05d80000, 0x05e60000)
 tenured generation   total 18880K, used 11707K [0x0ab50000, 0x0bdc0000, 0x15600000)
   the space 18880K,  62% used [0x0ab50000, 0x0b6befd8, 0x0b6bf000, 0x0bdc0000)
 Metaspace       used 13875K, capacity 14157K, committed 14208K, reserved 14720K
}
Event: 1.140 GC heap after
{Heap after GC invocations=11 (full 1):
 def new generation   total 8576K, used 549K [0x05600000, 0x05f40000, 0x0ab50000)
  eden space 7680K,   0% used [0x05600000, 0x05600000, 0x05d80000)
  from space 896K,  61% used [0x05d80000, 0x05e09718, 0x05e60000)
  to   space 896K,   0% used [0x05e60000, 0x05e60000, 0x05f40000)
 tenured generation   total 18880K, used 12595K [0x0ab50000, 0x0bdc0000, 0x15600000)
   the space 18880K,  66% used [0x0ab50000, 0x0b79ce50, 0x0b79d000, 0x0bdc0000)
 Metaspace       used 13875K, capacity 14157K, committed 14208K, reserved 14720K
}
Event: 8.714 GC heap before
{Heap before GC invocations=11 (full 1):
 def new generation   total 8576K, used 8229K [0x05600000, 0x05f40000, 0x0ab50000)
  eden space 7680K, 100% used [0x05600000, 0x05d80000, 0x05d80000)
  from space 896K,  61% used [0x05d80000, 0x05e09718, 0x05e60000)
  to   space 896K,   0% used [0x05e60000, 0x05e60000, 0x05f40000)
 tenured generation   total 18880K, used 12595K [0x0ab50000, 0x0bdc0000, 0x15600000)
   the space 18880K,  66% used [0x0ab50000, 0x0b79ce50, 0x0b79d000, 0x0bdc0000)
 Metaspace       used 14776K, capacity 15072K, committed 15104K, reserved 15744K
}
Event: 8.717 GC heap after
{Heap after GC invocations=12 (full 1):
 def new generation   total 8576K, used 896K [0x05600000, 0x05f40000, 0x0ab50000)
  eden space 7680K,   0% used [0x05600000, 0x05600000, 0x05d80000)
  from space 896K, 100% used [0x05e60000, 0x05f40000, 0x05f40000)
  to   space 896K,   0% used [0x05d80000, 0x05d80000, 0x05e60000)
 tenured generation   total 18880K, used 14279K [0x0ab50000, 0x0bdc0000, 0x15600000)
   the space 18880K,  75% used [0x0ab50000, 0x0b941c30, 0x0b941e00, 0x0bdc0000)
 Metaspace       used 14776K, capacity 15072K, committed 15104K, reserved 15744K
}
Event: 10.369 GC heap before
{Heap before GC invocations=12 (full 1):
 def new generation   total 8576K, used 8576K [0x05600000, 0x05f40000, 0x0ab50000)
  eden space 7680K, 100% used [0x05600000, 0x05d80000, 0x05d80000)
  from space 896K, 100% used [0x05e60000, 0x05f40000, 0x05f40000)
  to   space 896K,   0% used [0x05d80000, 0x05d80000, 0x05e60000)
 tenured generation   total 18880K, used 14279K [0x0ab50000, 0x0bdc0000, 0x15600000)
   the space 18880K,  75% used [0x0ab50000, 0x0b941c30, 0x0b941e00, 0x0bdc0000)
 Metaspace       used 15878K, capacity 16277K, committed 16384K, reserved 16768K
}
Event: 10.371 GC heap after
{Heap after GC invocations=13 (full 1):
 def new generation   total 8576K, used 764K [0x05600000, 0x05f40000, 0x0ab50000)
  eden space 7680K,   0% used [0x05600000, 0x05600000, 0x05d80000)
  from space 896K,  85% used [0x05d80000, 0x05e3f028, 0x05e60000)
  to   space 896K,   0% used [0x05e60000, 0x05e60000, 0x05f40000)
 tenured generation   total 18880K, used 15113K [0x0ab50000, 0x0bdc0000, 0x15600000)
   the space 18880K,  80% used [0x0ab50000, 0x0ba12428, 0x0ba12600, 0x0bdc0000)
 Metaspace       used 15878K, capacity 16277K, committed 16384K, reserved 16768K
}
Event: 12.788 GC heap before
{Heap before GC invocations=13 (full 1):
 def new generation   total 8576K, used 4079K [0x05600000, 0x05f40000, 0x0ab50000)
  eden space 7680K,  43% used [0x05600000, 0x0593cf08, 0x05d80000)
  from space 896K,  85% used [0x05d80000, 0x05e3f028, 0x05e60000)
  to   space 896K,   0% used [0x05e60000, 0x05e60000, 0x05f40000)
 tenured generation   total 18880K, used 15113K [0x0ab50000, 0x0bdc0000, 0x15600000)
   the space 18880K,  80% used [0x0ab50000, 0x0ba12428, 0x0ba12600, 0x0bdc0000)
 Metaspace       used 16027K, capacity 16438K, committed 16512K, reserved 16768K
}
Event: 12.790 GC heap after
{Heap after GC invocations=14 (full 1):
 def new generation   total 8576K, used 508K [0x05600000, 0x05f40000, 0x0ab50000)
  eden space 7680K,   0% used [0x05600000, 0x05600000, 0x05d80000)
  from space 896K,  56% used [0x05e60000, 0x05edf240, 0x05f40000)
  to   space 896K,   0% used [0x05d80000, 0x05d80000, 0x05e60000)
 tenured generation   total 18880K, used 15856K [0x0ab50000, 0x0bdc0000, 0x15600000)
   the space 18880K,  83% used [0x0ab50000, 0x0bacc0a0, 0x0bacc200, 0x0bdc0000)
 Metaspace       used 16027K, capacity 16438K, committed 16512K, reserved 16768K
}
Event: 12.860 GC heap before
{Heap before GC invocations=14 (full 1):
 def new generation   total 8576K, used 7665K [0x05600000, 0x05f40000, 0x0ab50000)
  eden space 7680K,  93% used [0x05600000, 0x05cfd400, 0x05d80000)
  from space 896K,  56% used [0x05e60000, 0x05edf240, 0x05f40000)
  to   space 896K,   0% used [0x05d80000, 0x05d80000, 0x05e60000)
 tenured generation   total 18880K, used 15856K [0x0ab50000, 0x0bdc0000, 0x15600000)
   the space 18880K,  83% used [0x0ab50000, 0x0bacc0a0, 0x0bacc200, 0x0bdc0000)
 Metaspace       used 16027K, capacity 16438K, committed 16512K, reserved 16768K
}
Event: 12.885 GC heap after
{Heap after GC invocations=15 (full 2):
 def new generation   total 16384K, used 0K [0x05600000, 0x067c0000, 0x0ab50000)
  eden space 14592K,   0% used [0x05600000, 0x05600000, 0x06440000)
  from space 1792K,   0% used [0x06440000, 0x06440000, 0x06600000)
  to   space 1792K,   0% used [0x06600000, 0x06600000, 0x067c0000)
 tenured generation   total 36288K, used 21770K [0x0ab50000, 0x0cec0000, 0x15600000)
   the space 36288K,  59% used [0x0ab50000, 0x0c092b98, 0x0c092c00, 0x0cec0000)
 Metaspace       used 15812K, capacity 16173K, committed 16512K, reserved 16768K
}

