# JRE version: OpenJDK Runtime Environment Temurin-11.0.21+9 (11.0.21+9) (build 11.0.21+9)
# Java VM: OpenJDK Client VM Temurin-11.0.21+9 (11.0.21+9, mixed mode, serial gc, windows-x86)
Heap:
 def new generation   total 14272K, used 13282K [0x05a00000, 0x06970000, 0x0af50000)
  eden space 12736K,  92% used [0x05a00000, 0x06578ac0, 0x06670000)
  from space 1536K,  99% used [0x067f0000, 0x0696fff8, 0x06970000)
  to   space 1536K,   0% used [0x06670000, 0x06670000, 0x067f0000)
 tenured generation   total 31468K, used 25540K [0x0af50000, 0x0ce0b000, 0x15a00000)
   the space 31468K,  81% used [0x0af50000, 0x0c841050, 0x0c841200, 0x0ce0b000)
 Metaspace       used 16333K, capacity 16705K, committed 17024K, reserved 17792K
GC Heap History (20 events):
Event: 0.963 GC heap before
{Heap before GC invocations=9 (full 1):
 def new generation   total 8576K, used 7680K [0x05a00000, 0x06340000, 0x0af50000)
  eden space 7680K, 100% used [0x05a00000, 0x06180000, 0x06180000)
  from space 896K,   0% used [0x06180000, 0x06180000, 0x06260000)
  to   space 896K,   0% used [0x06260000, 0x06260000, 0x06340000)
 tenured generation   total 18880K, used 11328K [0x0af50000, 0x0c1c0000, 0x15a00000)
   the space 18880K,  60% used [0x0af50000, 0x0ba60000, 0x0ba60000, 0x0c1c0000)
 Metaspace       used 12701K, capacity 12899K, committed 12928K, reserved 13696K
}
Event: 0.966 GC heap after
{Heap after GC invocations=10 (full 1):
 def new generation   total 8576K, used 896K [0x05a00000, 0x06340000, 0x0af50000)
  eden space 7680K,   0% used [0x05a00000, 0x05a00000, 0x06180000)
  from space 896K, 100% used [0x06260000, 0x06340000, 0x06340000)
  to   space 896K,   0% used [0x06180000, 0x06180000, 0x06260000)
 tenured generation   total 18880K, used 11701K [0x0af50000, 0x0c1c0000, 0x15a00000)
   the space 18880K,  61% used [0x0af50000, 0x0babd630, 0x0babd800, 0x0c1c0000)
 Metaspace       used 12701K, capacity 12899K, committed 12928K, reserved 13696K
}
Event: 1.048 GC heap before
{Heap before GC invocations=10 (full 1):
 def new generation   total 8576K, used 8576K [0x05a00000, 0x06340000, 0x0af50000)
  eden space 7680K, 100% used [0x05a00000, 0x06180000, 0x06180000)
  from space 896K, 100% used [0x06260000, 0x06340000, 0x06340000)
  to   space 896K,   0% used [0x06180000, 0x06180000, 0x06260000)
 tenured generation   total 18880K, used 11701K [0x0af50000, 0x0c1c0000, 0x15a00000)
   the space 18880K,  61% used [0x0af50000, 0x0babd630, 0x0babd800, 0x0c1c0000)
 Metaspace       used 13877K, capacity 14157K, committed 14208K, reserved 14720K
}
Event: 1.050 GC heap after
{Heap after GC invocations=11 (full 1):
 def new generation   total 8576K, used 549K [0x05a00000, 0x06340000, 0x0af50000)
  eden space 7680K,   0% used [0x05a00000, 0x05a00000, 0x06180000)
  from space 896K,  61% used [0x06180000, 0x062096d0, 0x06260000)
  to   space 896K,   0% used [0x06260000, 0x06260000, 0x06340000)
 tenured generation   total 18880K, used 12589K [0x0af50000, 0x0c1c0000, 0x15a00000)
   the space 18880K,  66% used [0x0af50000, 0x0bb9b548, 0x0bb9b600, 0x0c1c0000)
 Metaspace       used 13877K, capacity 14157K, committed 14208K, reserved 14720K
}
Event: 5.527 GC heap before
{Heap before GC invocations=11 (full 1):
 def new generation   total 8576K, used 8229K [0x05a00000, 0x06340000, 0x0af50000)
  eden space 7680K, 100% used [0x05a00000, 0x06180000, 0x06180000)
  from space 896K,  61% used [0x06180000, 0x062096d0, 0x06260000)
  to   space 896K,   0% used [0x06260000, 0x06260000, 0x06340000)
 tenured generation   total 18880K, used 12589K [0x0af50000, 0x0c1c0000, 0x15a00000)
   the space 18880K,  66% used [0x0af50000, 0x0bb9b548, 0x0bb9b600, 0x0c1c0000)
 Metaspace       used 14780K, capacity 15072K, committed 15104K, reserved 15744K
}
Event: 5.530 GC heap after
{Heap after GC invocations=12 (full 1):
 def new generation   total 8576K, used 803K [0x05a00000, 0x06340000, 0x0af50000)
  eden space 7680K,   0% used [0x05a00000, 0x05a00000, 0x06180000)
  from space 896K,  89% used [0x06260000, 0x06328f38, 0x06340000)
  to   space 896K,   0% used [0x06180000, 0x06180000, 0x06260000)
 tenured generation   total 18880K, used 14143K [0x0af50000, 0x0c1c0000, 0x15a00000)
   the space 18880K,  74% used [0x0af50000, 0x0bd1fc78, 0x0bd1fe00, 0x0c1c0000)
 Metaspace       used 14780K, capacity 15072K, committed 15104K, reserved 15744K
}
Event: 11.430 GC heap before
{Heap before GC invocations=12 (full 1):
 def new generation   total 8576K, used 8483K [0x05a00000, 0x06340000, 0x0af50000)
  eden space 7680K, 100% used [0x05a00000, 0x06180000, 0x06180000)
  from space 896K,  89% used [0x06260000, 0x06328f38, 0x06340000)
  to   space 896K,   0% used [0x06180000, 0x06180000, 0x06260000)
 tenured generation   total 18880K, used 14143K [0x0af50000, 0x0c1c0000, 0x15a00000)
   the space 18880K,  74% used [0x0af50000, 0x0bd1fc78, 0x0bd1fe00, 0x0c1c0000)
 Metaspace       used 15607K, capacity 15959K, committed 16000K, reserved 16768K
}
Event: 11.432 GC heap after
{Heap after GC invocations=13 (full 1):
 def new generation   total 8576K, used 808K [0x05a00000, 0x06340000, 0x0af50000)
  eden space 7680K,   0% used [0x05a00000, 0x05a00000, 0x06180000)
  from space 896K,  90% used [0x06180000, 0x0624a350, 0x06260000)
  to   space 896K,   0% used [0x06260000, 0x06260000, 0x06340000)
 tenured generation   total 18880K, used 14894K [0x0af50000, 0x0c1c0000, 0x15a00000)
   the space 18880K,  78% used [0x0af50000, 0x0bddbbe8, 0x0bddbc00, 0x0c1c0000)
 Metaspace       used 15607K, capacity 15959K, committed 16000K, reserved 16768K
}
Event: 15.666 GC heap before
{Heap before GC invocations=13 (full 1):
 def new generation   total 8576K, used 8488K [0x05a00000, 0x06340000, 0x0af50000)
  eden space 7680K, 100% used [0x05a00000, 0x06180000, 0x06180000)
  from space 896K,  90% used [0x06180000, 0x0624a350, 0x06260000)
  to   space 896K,   0% used [0x06260000, 0x06260000, 0x06340000)
 tenured generation   total 18880K, used 14894K [0x0af50000, 0x0c1c0000, 0x15a00000)
   the space 18880K,  78% used [0x0af50000, 0x0bddbbe8, 0x0bddbc00, 0x0c1c0000)
 Metaspace       used 16042K, capacity 16466K, committed 16512K, reserved 16768K
}
Event: 15.669 GC heap after
{Heap after GC invocations=14 (full 1):
 def new generation   total 8576K, used 895K [0x05a00000, 0x06340000, 0x0af50000)
  eden space 7680K,   0% used [0x05a00000, 0x05a00000, 0x06180000)
  from space 896K,  99% used [0x06260000, 0x0633fff8, 0x06340000)
  to   space 896K,   0% used [0x06180000, 0x06180000, 0x06260000)
 tenured generation   total 18880K, used 15793K [0x0af50000, 0x0c1c0000, 0x15a00000)
   the space 18880K,  83% used [0x0af50000, 0x0bebc708, 0x0bebc800, 0x0c1c0000)
 Metaspace       used 16042K, capacity 16466K, committed 16512K, reserved 16768K
}
Event: 20.596 GC heap before
{Heap before GC invocations=14 (full 1):
 def new generation   total 8576K, used 8575K [0x05a00000, 0x06340000, 0x0af50000)
  eden space 7680K, 100% used [0x05a00000, 0x06180000, 0x06180000)
  from space 896K,  99% used [0x06260000, 0x0633fff8, 0x06340000)
  to   space 896K,   0% used [0x06180000, 0x06180000, 0x06260000)
 tenured generation   total 18880K, used 15793K [0x0af50000, 0x0c1c0000, 0x15a00000)
   the space 18880K,  83% used [0x0af50000, 0x0bebc708, 0x0bebc800, 0x0c1c0000)
 Metaspace       used 16195K, capacity 16607K, committed 16640K, reserved 16768K
}
Event: 20.599 GC heap after
{Heap after GC invocations=15 (full 1):
 def new generation   total 8576K, used 896K [0x05a00000, 0x06340000, 0x0af50000)
  eden space 7680K,   0% used [0x05a00000, 0x05a00000, 0x06180000)
  from space 896K, 100% used [0x06180000, 0x06260000, 0x06260000)
  to   space 896K,   0% used [0x06260000, 0x06260000, 0x06340000)
 tenured generation   total 18880K, used 16963K [0x0af50000, 0x0c1c0000, 0x15a00000)
   the space 18880K,  89% used [0x0af50000, 0x0bfe0f80, 0x0bfe1000, 0x0c1c0000)
 Metaspace       used 16195K, capacity 16607K, committed 16640K, reserved 16768K
}
Event: 27.982 GC heap before
{Heap before GC invocations=15 (full 1):
 def new generation   total 8576K, used 8576K [0x05a00000, 0x06340000, 0x0af50000)
  eden space 7680K, 100% used [0x05a00000, 0x06180000, 0x06180000)
  from space 896K, 100% used [0x06180000, 0x06260000, 0x06260000)
  to   space 896K,   0% used [0x06260000, 0x06260000, 0x06340000)
 tenured generation   total 18880K, used 16963K [0x0af50000, 0x0c1c0000, 0x15a00000)
   the space 18880K,  89% used [0x0af50000, 0x0bfe0f80, 0x0bfe1000, 0x0c1c0000)
 Metaspace       used 16278K, capacity 16698K, committed 16768K, reserved 16768K
}
Event: 28.004 GC heap after
{Heap after GC invocations=16 (full 2):
 def new generation   total 14272K, used 357K [0x05a00000, 0x06970000, 0x0af50000)
  eden space 12736K,   2% used [0x05a00000, 0x05a59458, 0x06670000)
  from space 1536K,   0% used [0x06670000, 0x06670000, 0x067f0000)
  to   space 1536K,   0% used [0x067f0000, 0x067f0000, 0x06970000)
 tenured generation   total 31468K, used 18879K [0x0af50000, 0x0ce0b000, 0x15a00000)
   the space 31468K,  59% used [0x0af50000, 0x0c1bff18, 0x0c1c0000, 0x0ce0b000)
 Metaspace       used 16006K, capacity 16365K, committed 16768K, reserved 16768K
}
Event: 38.571 GC heap before
{Heap before GC invocations=16 (full 2):
 def new generation   total 14272K, used 12736K [0x05a00000, 0x06970000, 0x0af50000)
  eden space 12736K, 100% used [0x05a00000, 0x06670000, 0x06670000)
  from space 1536K,   0% used [0x06670000, 0x06670000, 0x067f0000)
  to   space 1536K,   0% used [0x067f0000, 0x067f0000, 0x06970000)
 tenured generation   total 31468K, used 18879K [0x0af50000, 0x0ce0b000, 0x15a00000)
   the space 31468K,  59% used [0x0af50000, 0x0c1bff18, 0x0c1c0000, 0x0ce0b000)
 Metaspace       used 16287K, capacity 16662K, committed 17024K, reserved 17792K
}
Event: 38.579 GC heap after
{Heap after GC invocations=17 (full 2):
 def new generation   total 14272K, used 1536K [0x05a00000, 0x06970000, 0x0af50000)
  eden space 12736K,   0% used [0x05a00000, 0x05a00000, 0x06670000)
  from space 1536K, 100% used [0x067f0000, 0x06970000, 0x06970000)
  to   space 1536K,   0% used [0x06670000, 0x06670000, 0x067f0000)
 tenured generation   total 31468K, used 20114K [0x0af50000, 0x0ce0b000, 0x15a00000)
   the space 31468K,  63% used [0x0af50000, 0x0c2f4af0, 0x0c2f4c00, 0x0ce0b000)
 Metaspace       used 16287K, capacity 16662K, committed 17024K, reserved 17792K
}
Event: 41.691 GC heap before
{Heap before GC invocations=17 (full 2):
 def new generation   total 14272K, used 14272K [0x05a00000, 0x06970000, 0x0af50000)
  eden space 12736K, 100% used [0x05a00000, 0x06670000, 0x06670000)
  from space 1536K, 100% used [0x067f0000, 0x06970000, 0x06970000)
  to   space 1536K,   0% used [0x06670000, 0x06670000, 0x067f0000)
 tenured generation   total 31468K, used 20114K [0x0af50000, 0x0ce0b000, 0x15a00000)
   the space 31468K,  63% used [0x0af50000, 0x0c2f4af0, 0x0c2f4c00, 0x0ce0b000)
 Metaspace       used 16301K, capacity 16673K, committed 17024K, reserved 17792K
}
Event: 41.698 GC heap after
{Heap after GC invocations=18 (full 2):
 def new generation   total 14272K, used 1536K [0x05a00000, 0x06970000, 0x0af50000)
  eden space 12736K,   0% used [0x05a00000, 0x05a00000, 0x06670000)
  from space 1536K, 100% used [0x06670000, 0x067f0000, 0x067f0000)
  to   space 1536K,   0% used [0x067f0000, 0x067f0000, 0x06970000)
 tenured generation   total 31468K, used 22893K [0x0af50000, 0x0ce0b000, 0x15a00000)
   the space 31468K,  72% used [0x0af50000, 0x0c5ab4a0, 0x0c5ab600, 0x0ce0b000)
 Metaspace       used 16301K, capacity 16673K, committed 17024K, reserved 17792K
}
Event: 47.048 GC heap before
{Heap before GC invocations=18 (full 2):
 def new generation   total 14272K, used 14272K [0x05a00000, 0x06970000, 0x0af50000)
  eden space 12736K, 100% used [0x05a00000, 0x06670000, 0x06670000)
  from space 1536K, 100% used [0x06670000, 0x067f0000, 0x067f0000)
  to   space 1536K,   0% used [0x067f0000, 0x067f0000, 0x06970000)
 tenured generation   total 31468K, used 22893K [0x0af50000, 0x0ce0b000, 0x15a00000)
   the space 31468K,  72% used [0x0af50000, 0x0c5ab4a0, 0x0c5ab600, 0x0ce0b000)
 Metaspace       used 16301K, capacity 16673K, committed 17024K, reserved 17792K
}
Event: 47.056 GC heap after
{Heap after GC invocations=19 (full 2):
 def new generation   total 14272K, used 1535K [0x05a00000, 0x06970000, 0x0af50000)
  eden space 12736K,   0% used [0x05a00000, 0x05a00000, 0x06670000)
  from space 1536K,  99% used [0x067f0000, 0x0696fff8, 0x06970000)
  to   space 1536K,   0% used [0x06670000, 0x06670000, 0x067f0000)
 tenured generation   total 31468K, used 25540K [0x0af50000, 0x0ce0b000, 0x15a00000)
   the space 31468K,  81% used [0x0af50000, 0x0c841050, 0x0c841200, 0x0ce0b000)
 Metaspace       used 16301K, capacity 16673K, committed 17024K, reserved 17792K
}

