# JRE version: OpenJDK Runtime Environment Temurin-11.0.21+9 (11.0.21+9) (build 11.0.21+9)
# Java VM: OpenJDK Client VM Temurin-11.0.21+9 (11.0.21+9, mixed mode, serial gc, windows-x86)
Heap:
 def new generation   total 12864K, used 10013K [0x05a00000, 0x067f0000, 0x0af50000)
  eden space 11456K,  76% used [0x05a00000, 0x0628a798, 0x06530000)
  from space 1408K,  90% used [0x06530000, 0x0666cd28, 0x06690000)
  to   space 1408K,   0% used [0x06690000, 0x06690000, 0x067f0000)
 tenured generation   total 28512K, used 19112K [0x0af50000, 0x0cb28000, 0x15a00000)
   the space 28512K,  67% used [0x0af50000, 0x0c1fa2b0, 0x0c1fa400, 0x0cb28000)
 Metaspace       used 16105K, capacity 16485K, committed 16640K, reserved 16768K
GC Heap History (20 events):
Event: 0.971 GC heap before
{Heap before GC invocations=9 (full 1):
 def new generation   total 8640K, used 7680K [0x05a00000, 0x06360000, 0x0af50000)
  eden space 7680K, 100% used [0x05a00000, 0x06180000, 0x06180000)
  from space 960K,   0% used [0x06180000, 0x06180000, 0x06270000)
  to   space 960K,   0% used [0x06270000, 0x06270000, 0x06360000)
 tenured generation   total 19096K, used 11455K [0x0af50000, 0x0c1f6000, 0x15a00000)
   the space 19096K,  59% used [0x0af50000, 0x0ba7fff8, 0x0ba80000, 0x0c1f6000)
 Metaspace       used 12708K, capacity 12899K, committed 12928K, reserved 13696K
}
Event: 0.975 GC heap after
{Heap after GC invocations=10 (full 1):
 def new generation   total 8640K, used 960K [0x05a00000, 0x06360000, 0x0af50000)
  eden space 7680K,   0% used [0x05a00000, 0x05a00000, 0x06180000)
  from space 960K, 100% used [0x06270000, 0x06360000, 0x06360000)
  to   space 960K,   0% used [0x06180000, 0x06180000, 0x06270000)
 tenured generation   total 19096K, used 11723K [0x0af50000, 0x0c1f6000, 0x15a00000)
   the space 19096K,  61% used [0x0af50000, 0x0bac2d08, 0x0bac2e00, 0x0c1f6000)
 Metaspace       used 12708K, capacity 12899K, committed 12928K, reserved 13696K
}
Event: 1.063 GC heap before
{Heap before GC invocations=10 (full 1):
 def new generation   total 8640K, used 8640K [0x05a00000, 0x06360000, 0x0af50000)
  eden space 7680K, 100% used [0x05a00000, 0x06180000, 0x06180000)
  from space 960K, 100% used [0x06270000, 0x06360000, 0x06360000)
  to   space 960K,   0% used [0x06180000, 0x06180000, 0x06270000)
 tenured generation   total 19096K, used 11723K [0x0af50000, 0x0c1f6000, 0x15a00000)
   the space 19096K,  61% used [0x0af50000, 0x0bac2d08, 0x0bac2e00, 0x0c1f6000)
 Metaspace       used 13878K, capacity 14157K, committed 14208K, reserved 14720K
}
Event: 1.066 GC heap after
{Heap after GC invocations=11 (full 1):
 def new generation   total 8640K, used 569K [0x05a00000, 0x06360000, 0x0af50000)
  eden space 7680K,   0% used [0x05a00000, 0x05a00000, 0x06180000)
  from space 960K,  59% used [0x06180000, 0x0620e448, 0x06270000)
  to   space 960K,   0% used [0x06270000, 0x06270000, 0x06360000)
 tenured generation   total 19096K, used 12674K [0x0af50000, 0x0c1f6000, 0x15a00000)
   the space 19096K,  66% used [0x0af50000, 0x0bbb0bb0, 0x0bbb0c00, 0x0c1f6000)
 Metaspace       used 13878K, capacity 14157K, committed 14208K, reserved 14720K
}
Event: 6.671 GC heap before
{Heap before GC invocations=11 (full 1):
 def new generation   total 8640K, used 8249K [0x05a00000, 0x06360000, 0x0af50000)
  eden space 7680K, 100% used [0x05a00000, 0x06180000, 0x06180000)
  from space 960K,  59% used [0x06180000, 0x0620e448, 0x06270000)
  to   space 960K,   0% used [0x06270000, 0x06270000, 0x06360000)
 tenured generation   total 19096K, used 12674K [0x0af50000, 0x0c1f6000, 0x15a00000)
   the space 19096K,  66% used [0x0af50000, 0x0bbb0bb0, 0x0bbb0c00, 0x0c1f6000)
 Metaspace       used 14724K, capacity 15042K, committed 15104K, reserved 15744K
}
Event: 6.673 GC heap after
{Heap after GC invocations=12 (full 1):
 def new generation   total 8640K, used 941K [0x05a00000, 0x06360000, 0x0af50000)
  eden space 7680K,   0% used [0x05a00000, 0x05a00000, 0x06180000)
  from space 960K,  98% used [0x06270000, 0x0635b6c8, 0x06360000)
  to   space 960K,   0% used [0x06180000, 0x06180000, 0x06270000)
 tenured generation   total 19096K, used 14240K [0x0af50000, 0x0c1f6000, 0x15a00000)
   the space 19096K,  74% used [0x0af50000, 0x0bd381d0, 0x0bd38200, 0x0c1f6000)
 Metaspace       used 14724K, capacity 15042K, committed 15104K, reserved 15744K
}
Event: 8.228 GC heap before
{Heap before GC invocations=12 (full 1):
 def new generation   total 8640K, used 8621K [0x05a00000, 0x06360000, 0x0af50000)
  eden space 7680K, 100% used [0x05a00000, 0x06180000, 0x06180000)
  from space 960K,  98% used [0x06270000, 0x0635b6c8, 0x06360000)
  to   space 960K,   0% used [0x06180000, 0x06180000, 0x06270000)
 tenured generation   total 19096K, used 14240K [0x0af50000, 0x0c1f6000, 0x15a00000)
   the space 19096K,  74% used [0x0af50000, 0x0bd381d0, 0x0bd38200, 0x0c1f6000)
 Metaspace       used 15779K, capacity 16170K, committed 16256K, reserved 16768K
}
Event: 8.230 GC heap after
{Heap after GC invocations=13 (full 1):
 def new generation   total 8640K, used 723K [0x05a00000, 0x06360000, 0x0af50000)
  eden space 7680K,   0% used [0x05a00000, 0x05a00000, 0x06180000)
  from space 960K,  75% used [0x06180000, 0x06234cf0, 0x06270000)
  to   space 960K,   0% used [0x06270000, 0x06270000, 0x06360000)
 tenured generation   total 19096K, used 15114K [0x0af50000, 0x0c1f6000, 0x15a00000)
   the space 19096K,  79% used [0x0af50000, 0x0be12bb0, 0x0be12c00, 0x0c1f6000)
 Metaspace       used 15779K, capacity 16170K, committed 16256K, reserved 16768K
}
Event: 18.679 GC heap before
{Heap before GC invocations=13 (full 1):
 def new generation   total 8640K, used 8403K [0x05a00000, 0x06360000, 0x0af50000)
  eden space 7680K, 100% used [0x05a00000, 0x06180000, 0x06180000)
  from space 960K,  75% used [0x06180000, 0x06234cf0, 0x06270000)
  to   space 960K,   0% used [0x06270000, 0x06270000, 0x06360000)
 tenured generation   total 19096K, used 15114K [0x0af50000, 0x0c1f6000, 0x15a00000)
   the space 19096K,  79% used [0x0af50000, 0x0be12bb0, 0x0be12c00, 0x0c1f6000)
 Metaspace       used 15977K, capacity 16391K, committed 16512K, reserved 16768K
}
Event: 18.682 GC heap after
{Heap after GC invocations=14 (full 1):
 def new generation   total 8640K, used 762K [0x05a00000, 0x06360000, 0x0af50000)
  eden space 7680K,   0% used [0x05a00000, 0x05a00000, 0x06180000)
  from space 960K,  79% used [0x06270000, 0x0632ea00, 0x06360000)
  to   space 960K,   0% used [0x06180000, 0x06180000, 0x06270000)
 tenured generation   total 19096K, used 15818K [0x0af50000, 0x0c1f6000, 0x15a00000)
   the space 19096K,  82% used [0x0af50000, 0x0bec2b78, 0x0bec2c00, 0x0c1f6000)
 Metaspace       used 15977K, capacity 16391K, committed 16512K, reserved 16768K
}
Event: 40.222 GC heap before
{Heap before GC invocations=14 (full 1):
 def new generation   total 8640K, used 8442K [0x05a00000, 0x06360000, 0x0af50000)
  eden space 7680K, 100% used [0x05a00000, 0x06180000, 0x06180000)
  from space 960K,  79% used [0x06270000, 0x0632ea00, 0x06360000)
  to   space 960K,   0% used [0x06180000, 0x06180000, 0x06270000)
 tenured generation   total 19096K, used 15818K [0x0af50000, 0x0c1f6000, 0x15a00000)
   the space 19096K,  82% used [0x0af50000, 0x0bec2b78, 0x0bec2c00, 0x0c1f6000)
 Metaspace       used 16043K, capacity 16449K, committed 16512K, reserved 16768K
}
Event: 40.224 GC heap after
{Heap after GC invocations=15 (full 1):
 def new generation   total 8640K, used 312K [0x05a00000, 0x06360000, 0x0af50000)
  eden space 7680K,   0% used [0x05a00000, 0x05a00000, 0x06180000)
  from space 960K,  32% used [0x06180000, 0x061ce168, 0x06270000)
  to   space 960K,   0% used [0x06270000, 0x06270000, 0x06360000)
 tenured generation   total 19096K, used 16575K [0x0af50000, 0x0c1f6000, 0x15a00000)
   the space 19096K,  86% used [0x0af50000, 0x0bf7fc98, 0x0bf7fe00, 0x0c1f6000)
 Metaspace       used 16043K, capacity 16449K, committed 16512K, reserved 16768K
}
Event: 52.480 GC heap before
{Heap before GC invocations=15 (full 1):
 def new generation   total 8640K, used 7992K [0x05a00000, 0x06360000, 0x0af50000)
  eden space 7680K, 100% used [0x05a00000, 0x06180000, 0x06180000)
  from space 960K,  32% used [0x06180000, 0x061ce168, 0x06270000)
  to   space 960K,   0% used [0x06270000, 0x06270000, 0x06360000)
 tenured generation   total 19096K, used 16575K [0x0af50000, 0x0c1f6000, 0x15a00000)
   the space 19096K,  86% used [0x0af50000, 0x0bf7fc98, 0x0bf7fe00, 0x0c1f6000)
 Metaspace       used 16056K, capacity 16458K, committed 16512K, reserved 16768K
}
Event: 52.482 GC heap after
{Heap after GC invocations=16 (full 1):
 def new generation   total 8640K, used 857K [0x05a00000, 0x06360000, 0x0af50000)
  eden space 7680K,   0% used [0x05a00000, 0x05a00000, 0x06180000)
  from space 960K,  89% used [0x06270000, 0x06346530, 0x06360000)
  to   space 960K,   0% used [0x06180000, 0x06180000, 0x06270000)
 tenured generation   total 19096K, used 17599K [0x0af50000, 0x0c1f6000, 0x15a00000)
   the space 19096K,  92% used [0x0af50000, 0x0c07fca8, 0x0c07fe00, 0x0c1f6000)
 Metaspace       used 16056K, capacity 16458K, committed 16512K, reserved 16768K
}
Event: 200.431 GC heap before
{Heap before GC invocations=16 (full 1):
 def new generation   total 8640K, used 8537K [0x05a00000, 0x06360000, 0x0af50000)
  eden space 7680K, 100% used [0x05a00000, 0x06180000, 0x06180000)
  from space 960K,  89% used [0x06270000, 0x06346530, 0x06360000)
  to   space 960K,   0% used [0x06180000, 0x06180000, 0x06270000)
 tenured generation   total 19096K, used 17599K [0x0af50000, 0x0c1f6000, 0x15a00000)
   the space 19096K,  92% used [0x0af50000, 0x0c07fca8, 0x0c07fe00, 0x0c1f6000)
 Metaspace       used 16056K, capacity 16459K, committed 16512K, reserved 16768K
}
Event: 200.451 GC heap after
{Heap after GC invocations=17 (full 2):
 def new generation   total 12864K, used 0K [0x05a00000, 0x067f0000, 0x0af50000)
  eden space 11456K,   0% used [0x05a00000, 0x05a00000, 0x06530000)
  from space 1408K,   0% used [0x06530000, 0x06530000, 0x06690000)
  to   space 1408K,   0% used [0x06690000, 0x06690000, 0x067f0000)
 tenured generation   total 28512K, used 17105K [0x0af50000, 0x0cb28000, 0x15a00000)
   the space 28512K,  59% used [0x0af50000, 0x0c0044a0, 0x0c004600, 0x0cb28000)
 Metaspace       used 15824K, capacity 16173K, committed 16512K, reserved 16768K
}
Event: 208.561 GC heap before
{Heap before GC invocations=17 (full 2):
 def new generation   total 12864K, used 11456K [0x05a00000, 0x067f0000, 0x0af50000)
  eden space 11456K, 100% used [0x05a00000, 0x06530000, 0x06530000)
  from space 1408K,   0% used [0x06530000, 0x06530000, 0x06690000)
  to   space 1408K,   0% used [0x06690000, 0x06690000, 0x067f0000)
 tenured generation   total 28512K, used 17105K [0x0af50000, 0x0cb28000, 0x15a00000)
   the space 28512K,  59% used [0x0af50000, 0x0c0044a0, 0x0c004600, 0x0cb28000)
 Metaspace       used 16033K, capacity 16399K, committed 16640K, reserved 16768K
}
Event: 208.565 GC heap after
{Heap after GC invocations=18 (full 2):
 def new generation   total 12864K, used 1408K [0x05a00000, 0x067f0000, 0x0af50000)
  eden space 11456K,   0% used [0x05a00000, 0x05a00000, 0x06530000)
  from space 1408K, 100% used [0x06690000, 0x067f0000, 0x067f0000)
  to   space 1408K,   0% used [0x06530000, 0x06530000, 0x06690000)
 tenured generation   total 28512K, used 17716K [0x0af50000, 0x0cb28000, 0x15a00000)
   the space 28512K,  62% used [0x0af50000, 0x0c09d150, 0x0c09d200, 0x0cb28000)
 Metaspace       used 16033K, capacity 16399K, committed 16640K, reserved 16768K
}
Event: 423.689 GC heap before
{Heap before GC invocations=18 (full 2):
 def new generation   total 12864K, used 11482K [0x05a00000, 0x067f0000, 0x0af50000)
  eden space 11456K,  87% used [0x05a00000, 0x063d6870, 0x06530000)
  from space 1408K, 100% used [0x06690000, 0x067f0000, 0x067f0000)
  to   space 1408K,   0% used [0x06530000, 0x06530000, 0x06690000)
 tenured generation   total 28512K, used 17716K [0x0af50000, 0x0cb28000, 0x15a00000)
   the space 28512K,  62% used [0x0af50000, 0x0c09d150, 0x0c09d200, 0x0cb28000)
 Metaspace       used 16093K, capacity 16477K, committed 16640K, reserved 16768K
}
Event: 423.692 GC heap after
{Heap after GC invocations=19 (full 2):
 def new generation   total 12864K, used 1267K [0x05a00000, 0x067f0000, 0x0af50000)
  eden space 11456K,   0% used [0x05a00000, 0x05a00000, 0x06530000)
  from space 1408K,  90% used [0x06530000, 0x0666cd28, 0x06690000)
  to   space 1408K,   0% used [0x06690000, 0x06690000, 0x067f0000)
 tenured generation   total 28512K, used 19112K [0x0af50000, 0x0cb28000, 0x15a00000)
   the space 28512K,  67% used [0x0af50000, 0x0c1fa2b0, 0x0c1fa400, 0x0cb28000)
 Metaspace       used 16093K, capacity 16477K, committed 16640K, reserved 16768K
}

