# JRE version: OpenJDK Runtime Environment Temurin-11.0.21+9 (11.0.21+9) (build 11.0.21+9)
# Java VM: OpenJDK Client VM Temurin-11.0.21+9 (11.0.21+9, mixed mode, serial gc, windows-x86)
Heap:
 def new generation   total 14400K, used 11422K [0x04e00000, 0x05d90000, 0x0a350000)
  eden space 12864K,  76% used [0x04e00000, 0x057a7888, 0x05a90000)
  from space 1536K, 100% used [0x05c10000, 0x05d90000, 0x05d90000)
  to   space 1536K,   0% used [0x05a90000, 0x05a90000, 0x05c10000)
 tenured generation   total 31828K, used 26531K [0x0a350000, 0x0c265000, 0x14e00000)
   the space 31828K,  83% used [0x0a350000, 0x0bd38d68, 0x0bd38e00, 0x0c265000)
 Metaspace       used 16324K, capacity 16735K, committed 17024K, reserved 17792K
GC Heap History (20 events):
Event: 0.902 GC heap before
{Heap before GC invocations=10 (full 1):
 def new generation   total 8640K, used 8640K [0x04e00000, 0x05760000, 0x0a350000)
  eden space 7680K, 100% used [0x04e00000, 0x05580000, 0x05580000)
  from space 960K, 100% used [0x05670000, 0x05760000, 0x05760000)
  to   space 960K,   0% used [0x05580000, 0x05580000, 0x05670000)
 tenured generation   total 19096K, used 11737K [0x0a350000, 0x0b5f6000, 0x14e00000)
   the space 19096K,  61% used [0x0a350000, 0x0aec66d0, 0x0aec6800, 0x0b5f6000)
 Metaspace       used 13898K, capacity 14189K, committed 14208K, reserved 14720K
}
Event: 0.904 GC heap after
{Heap after GC invocations=11 (full 1):
 def new generation   total 8640K, used 562K [0x04e00000, 0x05760000, 0x0a350000)
  eden space 7680K,   0% used [0x04e00000, 0x04e00000, 0x05580000)
  from space 960K,  58% used [0x05580000, 0x0560c8e8, 0x05670000)
  to   space 960K,   0% used [0x05670000, 0x05670000, 0x05760000)
 tenured generation   total 19096K, used 12688K [0x0a350000, 0x0b5f6000, 0x14e00000)
   the space 19096K,  66% used [0x0a350000, 0x0afb4220, 0x0afb4400, 0x0b5f6000)
 Metaspace       used 13898K, capacity 14189K, committed 14208K, reserved 14720K
}
Event: 9.788 GC heap before
{Heap before GC invocations=11 (full 1):
 def new generation   total 8640K, used 8242K [0x04e00000, 0x05760000, 0x0a350000)
  eden space 7680K, 100% used [0x04e00000, 0x05580000, 0x05580000)
  from space 960K,  58% used [0x05580000, 0x0560c8e8, 0x05670000)
  to   space 960K,   0% used [0x05670000, 0x05670000, 0x05760000)
 tenured generation   total 19096K, used 12688K [0x0a350000, 0x0b5f6000, 0x14e00000)
   the space 19096K,  66% used [0x0a350000, 0x0afb4220, 0x0afb4400, 0x0b5f6000)
 Metaspace       used 14778K, capacity 15072K, committed 15104K, reserved 15744K
}
Event: 9.791 GC heap after
{Heap after GC invocations=12 (full 1):
 def new generation   total 8640K, used 960K [0x04e00000, 0x05760000, 0x0a350000)
  eden space 7680K,   0% used [0x04e00000, 0x04e00000, 0x05580000)
  from space 960K, 100% used [0x05670000, 0x05760000, 0x05760000)
  to   space 960K,   0% used [0x05580000, 0x05580000, 0x05670000)
 tenured generation   total 19096K, used 14275K [0x0a350000, 0x0b5f6000, 0x14e00000)
   the space 19096K,  74% used [0x0a350000, 0x0b140f38, 0x0b141000, 0x0b5f6000)
 Metaspace       used 14778K, capacity 15072K, committed 15104K, reserved 15744K
}
Event: 11.366 GC heap before
{Heap before GC invocations=12 (full 1):
 def new generation   total 8640K, used 8640K [0x04e00000, 0x05760000, 0x0a350000)
  eden space 7680K, 100% used [0x04e00000, 0x05580000, 0x05580000)
  from space 960K, 100% used [0x05670000, 0x05760000, 0x05760000)
  to   space 960K,   0% used [0x05580000, 0x05580000, 0x05670000)
 tenured generation   total 19096K, used 14275K [0x0a350000, 0x0b5f6000, 0x14e00000)
   the space 19096K,  74% used [0x0a350000, 0x0b140f38, 0x0b141000, 0x0b5f6000)
 Metaspace       used 15866K, capacity 16277K, committed 16384K, reserved 16768K
}
Event: 11.368 GC heap after
{Heap after GC invocations=13 (full 1):
 def new generation   total 8640K, used 783K [0x04e00000, 0x05760000, 0x0a350000)
  eden space 7680K,   0% used [0x04e00000, 0x04e00000, 0x05580000)
  from space 960K,  81% used [0x05580000, 0x05643de8, 0x05670000)
  to   space 960K,   0% used [0x05670000, 0x05670000, 0x05760000)
 tenured generation   total 19096K, used 15169K [0x0a350000, 0x0b5f6000, 0x14e00000)
   the space 19096K,  79% used [0x0a350000, 0x0b2205c8, 0x0b220600, 0x0b5f6000)
 Metaspace       used 15866K, capacity 16277K, committed 16384K, reserved 16768K
}
Event: 19.459 GC heap before
{Heap before GC invocations=13 (full 1):
 def new generation   total 8640K, used 8463K [0x04e00000, 0x05760000, 0x0a350000)
  eden space 7680K, 100% used [0x04e00000, 0x05580000, 0x05580000)
  from space 960K,  81% used [0x05580000, 0x05643de8, 0x05670000)
  to   space 960K,   0% used [0x05670000, 0x05670000, 0x05760000)
 tenured generation   total 19096K, used 15169K [0x0a350000, 0x0b5f6000, 0x14e00000)
   the space 19096K,  79% used [0x0a350000, 0x0b2205c8, 0x0b220600, 0x0b5f6000)
 Metaspace       used 16139K, capacity 16545K, committed 16640K, reserved 16768K
}
Event: 19.463 GC heap after
{Heap after GC invocations=14 (full 1):
 def new generation   total 8640K, used 960K [0x04e00000, 0x05760000, 0x0a350000)
  eden space 7680K,   0% used [0x04e00000, 0x04e00000, 0x05580000)
  from space 960K, 100% used [0x05670000, 0x05760000, 0x05760000)
  to   space 960K,   0% used [0x05580000, 0x05580000, 0x05670000)
 tenured generation   total 19096K, used 17064K [0x0a350000, 0x0b5f6000, 0x14e00000)
   the space 19096K,  89% used [0x0a350000, 0x0b3fa3a8, 0x0b3fa400, 0x0b5f6000)
 Metaspace       used 16139K, capacity 16545K, committed 16640K, reserved 16768K
}
Event: 54.717 GC heap before
{Heap before GC invocations=14 (full 1):
 def new generation   total 8640K, used 8640K [0x04e00000, 0x05760000, 0x0a350000)
  eden space 7680K, 100% used [0x04e00000, 0x05580000, 0x05580000)
  from space 960K, 100% used [0x05670000, 0x05760000, 0x05760000)
  to   space 960K,   0% used [0x05580000, 0x05580000, 0x05670000)
 tenured generation   total 19096K, used 17064K [0x0a350000, 0x0b5f6000, 0x14e00000)
   the space 19096K,  89% used [0x0a350000, 0x0b3fa3a8, 0x0b3fa400, 0x0b5f6000)
 Metaspace       used 16316K, capacity 16743K, committed 16768K, reserved 16768K
}
Event: 54.720 GC heap after
{Heap after GC invocations=15 (full 1):
 def new generation   total 8640K, used 459K [0x04e00000, 0x05760000, 0x0a350000)
  eden space 7680K,   0% used [0x04e00000, 0x04e00000, 0x05580000)
  from space 960K,  47% used [0x05580000, 0x055f2fc8, 0x05670000)
  to   space 960K,   0% used [0x05670000, 0x05670000, 0x05760000)
 tenured generation   total 19096K, used 17987K [0x0a350000, 0x0b5f6000, 0x14e00000)
   the space 19096K,  94% used [0x0a350000, 0x0b4e0fa0, 0x0b4e1000, 0x0b5f6000)
 Metaspace       used 16316K, capacity 16743K, committed 16768K, reserved 16768K
}
Event: 95.337 GC heap before
{Heap before GC invocations=15 (full 1):
 def new generation   total 8640K, used 8139K [0x04e00000, 0x05760000, 0x0a350000)
  eden space 7680K, 100% used [0x04e00000, 0x05580000, 0x05580000)
  from space 960K,  47% used [0x05580000, 0x055f2fc8, 0x05670000)
  to   space 960K,   0% used [0x05670000, 0x05670000, 0x05760000)
 tenured generation   total 19096K, used 17987K [0x0a350000, 0x0b5f6000, 0x14e00000)
   the space 19096K,  94% used [0x0a350000, 0x0b4e0fa0, 0x0b4e1000, 0x0b5f6000)
 Metaspace       used 16498K, capacity 16944K, committed 17024K, reserved 17792K
}
Event: 95.339 GC heap after
{Heap after GC invocations=16 (full 1):
 def new generation   total 8640K, used 896K [0x04e00000, 0x05760000, 0x0a350000)
  eden space 7680K,   0% used [0x04e00000, 0x04e00000, 0x05580000)
  from space 960K,  93% used [0x05670000, 0x05750148, 0x05760000)
  to   space 960K,   0% used [0x05580000, 0x05580000, 0x05670000)
 tenured generation   total 19096K, used 17987K [0x0a350000, 0x0b5f6000, 0x14e00000)
   the space 19096K,  94% used [0x0a350000, 0x0b4e0fa0, 0x0b4e1000, 0x0b5f6000)
 Metaspace       used 16498K, capacity 16944K, committed 17024K, reserved 17792K
}
Event: 95.371 GC heap before
{Heap before GC invocations=16 (full 1):
 def new generation   total 8640K, used 8576K [0x04e00000, 0x05760000, 0x0a350000)
  eden space 7680K, 100% used [0x04e00000, 0x05580000, 0x05580000)
  from space 960K,  93% used [0x05670000, 0x05750148, 0x05760000)
  to   space 960K,   0% used [0x05580000, 0x05580000, 0x05670000)
 tenured generation   total 19096K, used 17987K [0x0a350000, 0x0b5f6000, 0x14e00000)
   the space 19096K,  94% used [0x0a350000, 0x0b4e0fa0, 0x0b4e1000, 0x0b5f6000)
 Metaspace       used 16499K, capacity 16944K, committed 17024K, reserved 17792K
}
Event: 95.393 GC heap after
{Heap after GC invocations=17 (full 2):
 def new generation   total 14400K, used 0K [0x04e00000, 0x05d90000, 0x0a350000)
  eden space 12864K,   0% used [0x04e00000, 0x04e00000, 0x05a90000)
  from space 1536K,   0% used [0x05a90000, 0x05a90000, 0x05c10000)
  to   space 1536K,   0% used [0x05c10000, 0x05c10000, 0x05d90000)
 tenured generation   total 31828K, used 19095K [0x0a350000, 0x0c265000, 0x14e00000)
   the space 31828K,  59% used [0x0a350000, 0x0b5f5d80, 0x0b5f5e00, 0x0c265000)
 Metaspace       used 16232K, capacity 16618K, committed 17024K, reserved 17792K
}
Event: 123.954 GC heap before
{Heap before GC invocations=17 (full 2):
 def new generation   total 14400K, used 12864K [0x04e00000, 0x05d90000, 0x0a350000)
  eden space 12864K, 100% used [0x04e00000, 0x05a90000, 0x05a90000)
  from space 1536K,   0% used [0x05a90000, 0x05a90000, 0x05c10000)
  to   space 1536K,   0% used [0x05c10000, 0x05c10000, 0x05d90000)
 tenured generation   total 31828K, used 19095K [0x0a350000, 0x0c265000, 0x14e00000)
   the space 31828K,  59% used [0x0a350000, 0x0b5f5d80, 0x0b5f5e00, 0x0c265000)
 Metaspace       used 16260K, capacity 16644K, committed 17024K, reserved 17792K
}
Event: 123.959 GC heap after
{Heap after GC invocations=18 (full 2):
 def new generation   total 14400K, used 1536K [0x04e00000, 0x05d90000, 0x0a350000)
  eden space 12864K,   0% used [0x04e00000, 0x04e00000, 0x05a90000)
  from space 1536K, 100% used [0x05c10000, 0x05d90000, 0x05d90000)
  to   space 1536K,   0% used [0x05a90000, 0x05a90000, 0x05c10000)
 tenured generation   total 31828K, used 21136K [0x0a350000, 0x0c265000, 0x14e00000)
   the space 31828K,  66% used [0x0a350000, 0x0b7f42c0, 0x0b7f4400, 0x0c265000)
 Metaspace       used 16260K, capacity 16644K, committed 17024K, reserved 17792K
}
Event: 134.683 GC heap before
{Heap before GC invocations=18 (full 2):
 def new generation   total 14400K, used 14400K [0x04e00000, 0x05d90000, 0x0a350000)
  eden space 12864K, 100% used [0x04e00000, 0x05a90000, 0x05a90000)
  from space 1536K, 100% used [0x05c10000, 0x05d90000, 0x05d90000)
  to   space 1536K,   0% used [0x05a90000, 0x05a90000, 0x05c10000)
 tenured generation   total 31828K, used 21136K [0x0a350000, 0x0c265000, 0x14e00000)
   the space 31828K,  66% used [0x0a350000, 0x0b7f42c0, 0x0b7f4400, 0x0c265000)
 Metaspace       used 16290K, capacity 16703K, committed 17024K, reserved 17792K
}
Event: 134.690 GC heap after
{Heap after GC invocations=19 (full 2):
 def new generation   total 14400K, used 1536K [0x04e00000, 0x05d90000, 0x0a350000)
  eden space 12864K,   0% used [0x04e00000, 0x04e00000, 0x05a90000)
  from space 1536K, 100% used [0x05a90000, 0x05c10000, 0x05c10000)
  to   space 1536K,   0% used [0x05c10000, 0x05c10000, 0x05d90000)
 tenured generation   total 31828K, used 23742K [0x0a350000, 0x0c265000, 0x14e00000)
   the space 31828K,  74% used [0x0a350000, 0x0ba7fad8, 0x0ba7fc00, 0x0c265000)
 Metaspace       used 16290K, capacity 16703K, committed 17024K, reserved 17792K
}
Event: 204.254 GC heap before
{Heap before GC invocations=19 (full 2):
 def new generation   total 14400K, used 13409K [0x04e00000, 0x05d90000, 0x0a350000)
  eden space 12864K,  92% used [0x04e00000, 0x05998440, 0x05a90000)
  from space 1536K, 100% used [0x05a90000, 0x05c10000, 0x05c10000)
  to   space 1536K,   0% used [0x05c10000, 0x05c10000, 0x05d90000)
 tenured generation   total 31828K, used 23742K [0x0a350000, 0x0c265000, 0x14e00000)
   the space 31828K,  74% used [0x0a350000, 0x0ba7fad8, 0x0ba7fc00, 0x0c265000)
 Metaspace       used 16300K, capacity 16708K, committed 17024K, reserved 17792K
}
Event: 204.260 GC heap after
{Heap after GC invocations=20 (full 2):
 def new generation   total 14400K, used 1536K [0x04e00000, 0x05d90000, 0x0a350000)
  eden space 12864K,   0% used [0x04e00000, 0x04e00000, 0x05a90000)
  from space 1536K, 100% used [0x05c10000, 0x05d90000, 0x05d90000)
  to   space 1536K,   0% used [0x05a90000, 0x05a90000, 0x05c10000)
 tenured generation   total 31828K, used 26531K [0x0a350000, 0x0c265000, 0x14e00000)
   the space 31828K,  83% used [0x0a350000, 0x0bd38d68, 0x0bd38e00, 0x0c265000)
 Metaspace       used 16300K, capacity 16708K, committed 17024K, reserved 17792K
}

