# JRE version: OpenJDK Runtime Environment Temurin-11.0.21+9 (11.0.21+9) (build 11.0.21+9)
# Java VM: OpenJDK Client VM Temurin-11.0.21+9 (11.0.21+9, mixed mode, serial gc, windows-x86)
Heap:
 def new generation   total 16768K, used 1159K [0x05600000, 0x06830000, 0x0ab50000)
  eden space 14912K,   7% used [0x05600000, 0x05721c20, 0x06490000)
  from space 1856K,   0% used [0x06490000, 0x06490000, 0x06660000)
  to   space 1856K,   0% used [0x06660000, 0x06660000, 0x06830000)
 tenured generation   total 37140K, used 22282K [0x0ab50000, 0x0cf95000, 0x15600000)
   the space 37140K,  59% used [0x0ab50000, 0x0c112b28, 0x0c112c00, 0x0cf95000)
 Metaspace       used 14783K, capacity 15041K, committed 15360K, reserved 15744K
GC Heap History (20 events):
Event: 0.714 GC heap before
{Heap before GC invocations=4 (full 0):
 def new generation   total 4928K, used 4666K [0x05600000, 0x05b50000, 0x0ab50000)
  eden space 4416K, 100% used [0x05600000, 0x05a50000, 0x05a50000)
  from space 512K,  48% used [0x05a50000, 0x05a8eb60, 0x05ad0000)
  to   space 512K,   0% used [0x05ad0000, 0x05ad0000, 0x05b50000)
 tenured generation   total 10944K, used 1743K [0x0ab50000, 0x0b600000, 0x15600000)
   the space 10944K,  15% used [0x0ab50000, 0x0ad03ec8, 0x0ad04000, 0x0b600000)
 Metaspace       used 7711K, capacity 7809K, committed 7936K, reserved 8576K
}
Event: 0.715 GC heap after
{Heap after GC invocations=5 (full 0):
 def new generation   total 4928K, used 427K [0x05600000, 0x05b50000, 0x0ab50000)
  eden space 4416K,   0% used [0x05600000, 0x05600000, 0x05a50000)
  from space 512K,  83% used [0x05ad0000, 0x05b3ad70, 0x05b50000)
  to   space 512K,   0% used [0x05a50000, 0x05a50000, 0x05ad0000)
 tenured generation   total 10944K, used 2191K [0x0ab50000, 0x0b600000, 0x15600000)
   the space 10944K,  20% used [0x0ab50000, 0x0ad73ed8, 0x0ad74000, 0x0b600000)
 Metaspace       used 7711K, capacity 7809K, committed 7936K, reserved 8576K
}
Event: 0.767 GC heap before
{Heap before GC invocations=5 (full 0):
 def new generation   total 4928K, used 4842K [0x05600000, 0x05b50000, 0x0ab50000)
  eden space 4416K,  99% used [0x05600000, 0x05a4fd00, 0x05a50000)
  from space 512K,  83% used [0x05ad0000, 0x05b3ad70, 0x05b50000)
  to   space 512K,   0% used [0x05a50000, 0x05a50000, 0x05ad0000)
 tenured generation   total 10944K, used 2191K [0x0ab50000, 0x0b600000, 0x15600000)
   the space 10944K,  20% used [0x0ab50000, 0x0ad73ed8, 0x0ad74000, 0x0b600000)
 Metaspace       used 8931K, capacity 9053K, committed 9088K, reserved 9600K
}
Event: 0.768 GC heap after
{Heap after GC invocations=6 (full 0):
 def new generation   total 4928K, used 512K [0x05600000, 0x05b50000, 0x0ab50000)
  eden space 4416K,   0% used [0x05600000, 0x05600000, 0x05a50000)
  from space 512K, 100% used [0x05a50000, 0x05ad0000, 0x05ad0000)
  to   space 512K,   0% used [0x05ad0000, 0x05ad0000, 0x05b50000)
 tenured generation   total 10944K, used 2629K [0x0ab50000, 0x0b600000, 0x15600000)
   the space 10944K,  24% used [0x0ab50000, 0x0ade16d8, 0x0ade1800, 0x0b600000)
 Metaspace       used 8931K, capacity 9053K, committed 9088K, reserved 9600K
}
Event: 0.828 GC heap before
{Heap before GC invocations=6 (full 0):
 def new generation   total 4928K, used 4904K [0x05600000, 0x05b50000, 0x0ab50000)
  eden space 4416K,  99% used [0x05600000, 0x05a4a108, 0x05a50000)
  from space 512K, 100% used [0x05a50000, 0x05ad0000, 0x05ad0000)
  to   space 512K,   0% used [0x05ad0000, 0x05ad0000, 0x05b50000)
 tenured generation   total 10944K, used 2629K [0x0ab50000, 0x0b600000, 0x15600000)
   the space 10944K,  24% used [0x0ab50000, 0x0ade16d8, 0x0ade1800, 0x0b600000)
 Metaspace       used 10559K, capacity 10734K, committed 10752K, reserved 11648K
}
Event: 0.830 GC heap after
{Heap after GC invocations=7 (full 0):
 def new generation   total 4928K, used 512K [0x05600000, 0x05b50000, 0x0ab50000)
  eden space 4416K,   0% used [0x05600000, 0x05600000, 0x05a50000)
  from space 512K, 100% used [0x05ad0000, 0x05b50000, 0x05b50000)
  to   space 512K,   0% used [0x05a50000, 0x05a50000, 0x05ad0000)
 tenured generation   total 10944K, used 3685K [0x0ab50000, 0x0b600000, 0x15600000)
   the space 10944K,  33% used [0x0ab50000, 0x0aee9400, 0x0aee9400, 0x0b600000)
 Metaspace       used 10559K, capacity 10734K, committed 10752K, reserved 11648K
}
Event: 0.887 GC heap before
{Heap before GC invocations=7 (full 0):
 def new generation   total 4928K, used 4928K [0x05600000, 0x05b50000, 0x0ab50000)
  eden space 4416K, 100% used [0x05600000, 0x05a50000, 0x05a50000)
  from space 512K, 100% used [0x05ad0000, 0x05b50000, 0x05b50000)
  to   space 512K,   0% used [0x05a50000, 0x05a50000, 0x05ad0000)
 tenured generation   total 10944K, used 3685K [0x0ab50000, 0x0b600000, 0x15600000)
   the space 10944K,  33% used [0x0ab50000, 0x0aee9400, 0x0aee9400, 0x0b600000)
 Metaspace       used 11343K, capacity 11510K, committed 11520K, reserved 11648K
}
Event: 0.889 GC heap after
{Heap after GC invocations=8 (full 0):
 def new generation   total 4928K, used 512K [0x05600000, 0x05b50000, 0x0ab50000)
  eden space 4416K,   0% used [0x05600000, 0x05600000, 0x05a50000)
  from space 512K, 100% used [0x05a50000, 0x05ad0000, 0x05ad0000)
  to   space 512K,   0% used [0x05ad0000, 0x05ad0000, 0x05b50000)
 tenured generation   total 10944K, used 4178K [0x0ab50000, 0x0b600000, 0x15600000)
   the space 10944K,  38% used [0x0ab50000, 0x0af64930, 0x0af64a00, 0x0b600000)
 Metaspace       used 11343K, capacity 11510K, committed 11520K, reserved 11648K
}
Event: 0.956 GC heap before
{Heap before GC invocations=8 (full 0):
 def new generation   total 4928K, used 4928K [0x05600000, 0x05b50000, 0x0ab50000)
  eden space 4416K, 100% used [0x05600000, 0x05a50000, 0x05a50000)
  from space 512K, 100% used [0x05a50000, 0x05ad0000, 0x05ad0000)
  to   space 512K,   0% used [0x05ad0000, 0x05ad0000, 0x05b50000)
 tenured generation   total 10944K, used 10408K [0x0ab50000, 0x0b600000, 0x15600000)
   the space 10944K,  95% used [0x0ab50000, 0x0b57a328, 0x0b57a400, 0x0b600000)
 Metaspace       used 11812K, capacity 12008K, committed 12032K, reserved 12672K
}
Event: 0.964 GC heap after
{Heap after GC invocations=9 (full 1):
 def new generation   total 8576K, used 464K [0x05600000, 0x05f40000, 0x0ab50000)
  eden space 7680K,   6% used [0x05600000, 0x05674038, 0x05d80000)
  from space 896K,   0% used [0x05d80000, 0x05d80000, 0x05e60000)
  to   space 896K,   0% used [0x05e60000, 0x05e60000, 0x05f40000)
 tenured generation   total 18880K, used 11327K [0x0ab50000, 0x0bdc0000, 0x15600000)
   the space 18880K,  59% used [0x0ab50000, 0x0b65fff8, 0x0b660000, 0x0bdc0000)
 Metaspace       used 11812K, capacity 12008K, committed 12032K, reserved 12672K
}
Event: 1.104 GC heap before
{Heap before GC invocations=9 (full 1):
 def new generation   total 8576K, used 7680K [0x05600000, 0x05f40000, 0x0ab50000)
  eden space 7680K, 100% used [0x05600000, 0x05d80000, 0x05d80000)
  from space 896K,   0% used [0x05d80000, 0x05d80000, 0x05e60000)
  to   space 896K,   0% used [0x05e60000, 0x05e60000, 0x05f40000)
 tenured generation   total 18880K, used 11327K [0x0ab50000, 0x0bdc0000, 0x15600000)
   the space 18880K,  59% used [0x0ab50000, 0x0b65fff8, 0x0b660000, 0x0bdc0000)
 Metaspace       used 12717K, capacity 12899K, committed 12928K, reserved 13696K
}
Event: 1.108 GC heap after
{Heap after GC invocations=10 (full 1):
 def new generation   total 8576K, used 895K [0x05600000, 0x05f40000, 0x0ab50000)
  eden space 7680K,   0% used [0x05600000, 0x05600000, 0x05d80000)
  from space 896K,  99% used [0x05e60000, 0x05f3fff8, 0x05f40000)
  to   space 896K,   0% used [0x05d80000, 0x05d80000, 0x05e60000)
 tenured generation   total 18880K, used 11714K [0x0ab50000, 0x0bdc0000, 0x15600000)
   the space 18880K,  62% used [0x0ab50000, 0x0b6c0a10, 0x0b6c0c00, 0x0bdc0000)
 Metaspace       used 12717K, capacity 12899K, committed 12928K, reserved 13696K
}
Event: 1.182 GC heap before
{Heap before GC invocations=10 (full 1):
 def new generation   total 8576K, used 8574K [0x05600000, 0x05f40000, 0x0ab50000)
  eden space 7680K,  99% used [0x05600000, 0x05d7fb10, 0x05d80000)
  from space 896K,  99% used [0x05e60000, 0x05f3fff8, 0x05f40000)
  to   space 896K,   0% used [0x05d80000, 0x05d80000, 0x05e60000)
 tenured generation   total 18880K, used 11714K [0x0ab50000, 0x0bdc0000, 0x15600000)
   the space 18880K,  62% used [0x0ab50000, 0x0b6c0a10, 0x0b6c0c00, 0x0bdc0000)
 Metaspace       used 13881K, capacity 14157K, committed 14208K, reserved 14720K
}
Event: 1.184 GC heap after
{Heap after GC invocations=11 (full 1):
 def new generation   total 8576K, used 565K [0x05600000, 0x05f40000, 0x0ab50000)
  eden space 7680K,   0% used [0x05600000, 0x05600000, 0x05d80000)
  from space 896K,  63% used [0x05d80000, 0x05e0d598, 0x05e60000)
  to   space 896K,   0% used [0x05e60000, 0x05e60000, 0x05f40000)
 tenured generation   total 18880K, used 12603K [0x0ab50000, 0x0bdc0000, 0x15600000)
   the space 18880K,  66% used [0x0ab50000, 0x0b79eee8, 0x0b79f000, 0x0bdc0000)
 Metaspace       used 13881K, capacity 14157K, committed 14208K, reserved 14720K
}
Event: 2.788 GC heap before
{Heap before GC invocations=11 (full 1):
 def new generation   total 8576K, used 8245K [0x05600000, 0x05f40000, 0x0ab50000)
  eden space 7680K, 100% used [0x05600000, 0x05d80000, 0x05d80000)
  from space 896K,  63% used [0x05d80000, 0x05e0d598, 0x05e60000)
  to   space 896K,   0% used [0x05e60000, 0x05e60000, 0x05f40000)
 tenured generation   total 18880K, used 12603K [0x0ab50000, 0x0bdc0000, 0x15600000)
   the space 18880K,  66% used [0x0ab50000, 0x0b79eee8, 0x0b79f000, 0x0bdc0000)
 Metaspace       used 14726K, capacity 15037K, committed 15104K, reserved 15744K
}
Event: 2.793 GC heap after
{Heap after GC invocations=12 (full 1):
 def new generation   total 8576K, used 896K [0x05600000, 0x05f40000, 0x0ab50000)
  eden space 7680K,   0% used [0x05600000, 0x05600000, 0x05d80000)
  from space 896K, 100% used [0x05e60000, 0x05f40000, 0x05f40000)
  to   space 896K,   0% used [0x05d80000, 0x05d80000, 0x05e60000)
 tenured generation   total 18880K, used 14321K [0x0ab50000, 0x0bdc0000, 0x15600000)
   the space 18880K,  75% used [0x0ab50000, 0x0b94c768, 0x0b94c800, 0x0bdc0000)
 Metaspace       used 14726K, capacity 15037K, committed 15104K, reserved 15744K
}
Event: 13.130 GC heap before
{Heap before GC invocations=12 (full 1):
 def new generation   total 8576K, used 8576K [0x05600000, 0x05f40000, 0x0ab50000)
  eden space 7680K, 100% used [0x05600000, 0x05d80000, 0x05d80000)
  from space 896K, 100% used [0x05e60000, 0x05f40000, 0x05f40000)
  to   space 896K,   0% used [0x05d80000, 0x05d80000, 0x05e60000)
 tenured generation   total 18880K, used 14321K [0x0ab50000, 0x0bdc0000, 0x15600000)
   the space 18880K,  75% used [0x0ab50000, 0x0b94c768, 0x0b94c800, 0x0bdc0000)
 Metaspace       used 14984K, capacity 15295K, committed 15360K, reserved 15744K
}
Event: 13.132 GC heap after
{Heap after GC invocations=13 (full 1):
 def new generation   total 8576K, used 570K [0x05600000, 0x05f40000, 0x0ab50000)
  eden space 7680K,   0% used [0x05600000, 0x05600000, 0x05d80000)
  from space 896K,  63% used [0x05d80000, 0x05e0ea18, 0x05e60000)
  to   space 896K,   0% used [0x05e60000, 0x05e60000, 0x05f40000)
 tenured generation   total 18880K, used 15211K [0x0ab50000, 0x0bdc0000, 0x15600000)
   the space 18880K,  80% used [0x0ab50000, 0x0ba2af90, 0x0ba2b000, 0x0bdc0000)
 Metaspace       used 14984K, capacity 15295K, committed 15360K, reserved 15744K
}
Event: 14.131 GC heap before
{Heap before GC invocations=13 (full 1):
 def new generation   total 8576K, used 8250K [0x05600000, 0x05f40000, 0x0ab50000)
  eden space 7680K, 100% used [0x05600000, 0x05d80000, 0x05d80000)
  from space 896K,  63% used [0x05d80000, 0x05e0ea18, 0x05e60000)
  to   space 896K,   0% used [0x05e60000, 0x05e60000, 0x05f40000)
 tenured generation   total 18880K, used 15211K [0x0ab50000, 0x0bdc0000, 0x15600000)
   the space 18880K,  80% used [0x0ab50000, 0x0ba2af90, 0x0ba2b000, 0x0bdc0000)
 Metaspace       used 14985K, capacity 15295K, committed 15360K, reserved 15744K
}
Event: 14.149 GC heap after
{Heap after GC invocations=14 (full 2):
 def new generation   total 16768K, used 0K [0x05600000, 0x06830000, 0x0ab50000)
  eden space 14912K,   0% used [0x05600000, 0x05600000, 0x06490000)
  from space 1856K,   0% used [0x06490000, 0x06490000, 0x06660000)
  to   space 1856K,   0% used [0x06660000, 0x06660000, 0x06830000)
 tenured generation   total 37140K, used 22282K [0x0ab50000, 0x0cf95000, 0x15600000)
   the space 37140K,  59% used [0x0ab50000, 0x0c112b28, 0x0c112c00, 0x0cf95000)
 Metaspace       used 14756K, capacity 15014K, committed 15360K, reserved 15744K
}

