# JRE version: OpenJDK Runtime Environment Temurin-11.0.21+9 (11.0.21+9) (build 11.0.21+9)
# Java VM: OpenJDK Client VM Temurin-11.0.21+9 (11.0.21+9, mixed mode, serial gc, windows-x86)
Heap:
 def new generation   total 14144K, used 10996K [0x04a00000, 0x05950000, 0x09f50000)
  eden space 12608K,  75% used [0x04a00000, 0x0533d348, 0x05650000)
  from space 1536K, 100% used [0x057d0000, 0x05950000, 0x05950000)
  to   space 1536K,   0% used [0x05650000, 0x05650000, 0x057d0000)
 tenured generation   total 31304K, used 19282K [0x09f50000, 0x0bde2000, 0x14a00000)
   the space 31304K,  61% used [0x09f50000, 0x0b224918, 0x0b224a00, 0x0bde2000)
 Metaspace       used 16038K, capacity 16396K, committed 16768K, reserved 16768K
GC Heap History (20 events):
Event: 0.628 GC heap before
{Heap before GC invocations=7 (full 0):
 def new generation   total 4928K, used 4927K [0x04a00000, 0x04f50000, 0x09f50000)
  eden space 4416K,  99% used [0x04a00000, 0x04e4ffd0, 0x04e50000)
  from space 512K, 100% used [0x04ed0000, 0x04f50000, 0x04f50000)
  to   space 512K,   0% used [0x04e50000, 0x04e50000, 0x04ed0000)
 tenured generation   total 10944K, used 3919K [0x09f50000, 0x0aa00000, 0x14a00000)
   the space 10944K,  35% used [0x09f50000, 0x0a323f10, 0x0a324000, 0x0aa00000)
 Metaspace       used 11343K, capacity 11510K, committed 11520K, reserved 11648K
}
Event: 0.630 GC heap after
{Heap after GC invocations=8 (full 0):
 def new generation   total 4928K, used 511K [0x04a00000, 0x04f50000, 0x09f50000)
  eden space 4416K,   0% used [0x04a00000, 0x04a00000, 0x04e50000)
  from space 512K,  99% used [0x04e50000, 0x04ecfd78, 0x04ed0000)
  to   space 512K,   0% used [0x04ed0000, 0x04ed0000, 0x04f50000)
 tenured generation   total 10944K, used 4425K [0x09f50000, 0x0aa00000, 0x14a00000)
   the space 10944K,  40% used [0x09f50000, 0x0a3a2540, 0x0a3a2600, 0x0aa00000)
 Metaspace       used 11343K, capacity 11510K, committed 11520K, reserved 11648K
}
Event: 0.696 GC heap before
{Heap before GC invocations=8 (full 0):
 def new generation   total 4928K, used 4919K [0x04a00000, 0x04f50000, 0x09f50000)
  eden space 4416K,  99% used [0x04a00000, 0x04e4e0a0, 0x04e50000)
  from space 512K,  99% used [0x04e50000, 0x04ecfd78, 0x04ed0000)
  to   space 512K,   0% used [0x04ed0000, 0x04ed0000, 0x04f50000)
 tenured generation   total 10944K, used 10655K [0x09f50000, 0x0aa00000, 0x14a00000)
   the space 10944K,  97% used [0x09f50000, 0x0a9b7f38, 0x0a9b8000, 0x0aa00000)
 Metaspace       used 11800K, capacity 11976K, committed 12032K, reserved 12672K
}
Event: 0.706 GC heap after
{Heap after GC invocations=9 (full 1):
 def new generation   total 8768K, used 506K [0x04a00000, 0x05380000, 0x09f50000)
  eden space 7808K,   6% used [0x04a00000, 0x04a7ead8, 0x051a0000)
  from space 960K,   0% used [0x051a0000, 0x051a0000, 0x05290000)
  to   space 960K,   0% used [0x05290000, 0x05290000, 0x05380000)
 tenured generation   total 19308K, used 11583K [0x09f50000, 0x0b22b000, 0x14a00000)
   the space 19308K,  59% used [0x09f50000, 0x0aa9ffb8, 0x0aaa0000, 0x0b22b000)
 Metaspace       used 11800K, capacity 11976K, committed 12032K, reserved 12672K
}
Event: 0.812 GC heap before
{Heap before GC invocations=9 (full 1):
 def new generation   total 8768K, used 7808K [0x04a00000, 0x05380000, 0x09f50000)
  eden space 7808K, 100% used [0x04a00000, 0x051a0000, 0x051a0000)
  from space 960K,   0% used [0x051a0000, 0x051a0000, 0x05290000)
  to   space 960K,   0% used [0x05290000, 0x05290000, 0x05380000)
 tenured generation   total 19308K, used 11583K [0x09f50000, 0x0b22b000, 0x14a00000)
   the space 19308K,  59% used [0x09f50000, 0x0aa9ffb8, 0x0aaa0000, 0x0b22b000)
 Metaspace       used 12717K, capacity 12899K, committed 12928K, reserved 13696K
}
Event: 0.817 GC heap after
{Heap after GC invocations=10 (full 1):
 def new generation   total 8768K, used 960K [0x04a00000, 0x05380000, 0x09f50000)
  eden space 7808K,   0% used [0x04a00000, 0x04a00000, 0x051a0000)
  from space 960K, 100% used [0x05290000, 0x05380000, 0x05380000)
  to   space 960K,   0% used [0x051a0000, 0x051a0000, 0x05290000)
 tenured generation   total 19308K, used 11944K [0x09f50000, 0x0b22b000, 0x14a00000)
   the space 19308K,  61% used [0x09f50000, 0x0aafa1a8, 0x0aafa200, 0x0b22b000)
 Metaspace       used 12717K, capacity 12899K, committed 12928K, reserved 13696K
}
Event: 0.891 GC heap before
{Heap before GC invocations=10 (full 1):
 def new generation   total 8768K, used 8720K [0x04a00000, 0x05380000, 0x09f50000)
  eden space 7808K,  99% used [0x04a00000, 0x051941b8, 0x051a0000)
  from space 960K, 100% used [0x05290000, 0x05380000, 0x05380000)
  to   space 960K,   0% used [0x051a0000, 0x051a0000, 0x05290000)
 tenured generation   total 19308K, used 11944K [0x09f50000, 0x0b22b000, 0x14a00000)
   the space 19308K,  61% used [0x09f50000, 0x0aafa1a8, 0x0aafa200, 0x0b22b000)
 Metaspace       used 13959K, capacity 14253K, committed 14336K, reserved 14720K
}
Event: 0.894 GC heap after
{Heap after GC invocations=11 (full 1):
 def new generation   total 8768K, used 598K [0x04a00000, 0x05380000, 0x09f50000)
  eden space 7808K,   0% used [0x04a00000, 0x04a00000, 0x051a0000)
  from space 960K,  62% used [0x051a0000, 0x052358d8, 0x05290000)
  to   space 960K,   0% used [0x05290000, 0x05290000, 0x05380000)
 tenured generation   total 19308K, used 12897K [0x09f50000, 0x0b22b000, 0x14a00000)
   the space 19308K,  66% used [0x09f50000, 0x0abe84b0, 0x0abe8600, 0x0b22b000)
 Metaspace       used 13959K, capacity 14253K, committed 14336K, reserved 14720K
}
Event: 2.373 GC heap before
{Heap before GC invocations=11 (full 1):
 def new generation   total 8768K, used 8406K [0x04a00000, 0x05380000, 0x09f50000)
  eden space 7808K, 100% used [0x04a00000, 0x051a0000, 0x051a0000)
  from space 960K,  62% used [0x051a0000, 0x052358d8, 0x05290000)
  to   space 960K,   0% used [0x05290000, 0x05290000, 0x05380000)
 tenured generation   total 19308K, used 12897K [0x09f50000, 0x0b22b000, 0x14a00000)
   the space 19308K,  66% used [0x09f50000, 0x0abe84b0, 0x0abe8600, 0x0b22b000)
 Metaspace       used 14734K, capacity 15049K, committed 15104K, reserved 15744K
}
Event: 2.376 GC heap after
{Heap after GC invocations=12 (full 1):
 def new generation   total 8768K, used 960K [0x04a00000, 0x05380000, 0x09f50000)
  eden space 7808K,   0% used [0x04a00000, 0x04a00000, 0x051a0000)
  from space 960K, 100% used [0x05290000, 0x05380000, 0x05380000)
  to   space 960K,   0% used [0x051a0000, 0x051a0000, 0x05290000)
 tenured generation   total 19308K, used 14560K [0x09f50000, 0x0b22b000, 0x14a00000)
   the space 19308K,  75% used [0x09f50000, 0x0ad88178, 0x0ad88200, 0x0b22b000)
 Metaspace       used 14734K, capacity 15049K, committed 15104K, reserved 15744K
}
Event: 3.498 GC heap before
{Heap before GC invocations=12 (full 1):
 def new generation   total 8768K, used 8768K [0x04a00000, 0x05380000, 0x09f50000)
  eden space 7808K, 100% used [0x04a00000, 0x051a0000, 0x051a0000)
  from space 960K, 100% used [0x05290000, 0x05380000, 0x05380000)
  to   space 960K,   0% used [0x051a0000, 0x051a0000, 0x05290000)
 tenured generation   total 19308K, used 14560K [0x09f50000, 0x0b22b000, 0x14a00000)
   the space 19308K,  75% used [0x09f50000, 0x0ad88178, 0x0ad88200, 0x0b22b000)
 Metaspace       used 15839K, capacity 16246K, committed 16256K, reserved 16768K
}
Event: 3.501 GC heap after
{Heap after GC invocations=13 (full 1):
 def new generation   total 8768K, used 665K [0x04a00000, 0x05380000, 0x09f50000)
  eden space 7808K,   0% used [0x04a00000, 0x04a00000, 0x051a0000)
  from space 960K,  69% used [0x051a0000, 0x052464c8, 0x05290000)
  to   space 960K,   0% used [0x05290000, 0x05290000, 0x05380000)
 tenured generation   total 19308K, used 15512K [0x09f50000, 0x0b22b000, 0x14a00000)
   the space 19308K,  80% used [0x09f50000, 0x0ae761b8, 0x0ae76200, 0x0b22b000)
 Metaspace       used 15839K, capacity 16246K, committed 16256K, reserved 16768K
}
Event: 12.530 GC heap before
{Heap before GC invocations=13 (full 1):
 def new generation   total 8768K, used 8473K [0x04a00000, 0x05380000, 0x09f50000)
  eden space 7808K, 100% used [0x04a00000, 0x051a0000, 0x051a0000)
  from space 960K,  69% used [0x051a0000, 0x052464c8, 0x05290000)
  to   space 960K,   0% used [0x05290000, 0x05290000, 0x05380000)
 tenured generation   total 19308K, used 15512K [0x09f50000, 0x0b22b000, 0x14a00000)
   the space 19308K,  80% used [0x09f50000, 0x0ae761b8, 0x0ae76200, 0x0b22b000)
 Metaspace       used 16195K, capacity 16607K, committed 16640K, reserved 16768K
}
Event: 12.533 GC heap after
{Heap after GC invocations=14 (full 1):
 def new generation   total 8768K, used 727K [0x04a00000, 0x05380000, 0x09f50000)
  eden space 7808K,   0% used [0x04a00000, 0x04a00000, 0x051a0000)
  from space 960K,  75% used [0x05290000, 0x05345f08, 0x05380000)
  to   space 960K,   0% used [0x051a0000, 0x051a0000, 0x05290000)
 tenured generation   total 19308K, used 16159K [0x09f50000, 0x0b22b000, 0x14a00000)
   the space 19308K,  83% used [0x09f50000, 0x0af17ce0, 0x0af17e00, 0x0b22b000)
 Metaspace       used 16195K, capacity 16607K, committed 16640K, reserved 16768K
}
Event: 85.091 GC heap before
{Heap before GC invocations=14 (full 1):
 def new generation   total 8768K, used 8535K [0x04a00000, 0x05380000, 0x09f50000)
  eden space 7808K, 100% used [0x04a00000, 0x051a0000, 0x051a0000)
  from space 960K,  75% used [0x05290000, 0x05345f08, 0x05380000)
  to   space 960K,   0% used [0x051a0000, 0x051a0000, 0x05290000)
 tenured generation   total 19308K, used 16159K [0x09f50000, 0x0b22b000, 0x14a00000)
   the space 19308K,  83% used [0x09f50000, 0x0af17ce0, 0x0af17e00, 0x0b22b000)
 Metaspace       used 16247K, capacity 16667K, committed 16768K, reserved 16768K
}
Event: 85.096 GC heap after
{Heap after GC invocations=15 (full 1):
 def new generation   total 8768K, used 960K [0x04a00000, 0x05380000, 0x09f50000)
  eden space 7808K,   0% used [0x04a00000, 0x04a00000, 0x051a0000)
  from space 960K, 100% used [0x051a0000, 0x05290000, 0x05290000)
  to   space 960K,   0% used [0x05290000, 0x05290000, 0x05380000)
 tenured generation   total 19308K, used 17556K [0x09f50000, 0x0b22b000, 0x14a00000)
   the space 19308K,  90% used [0x09f50000, 0x0b0753f0, 0x0b075400, 0x0b22b000)
 Metaspace       used 16247K, capacity 16667K, committed 16768K, reserved 16768K
}
Event: 141.671 GC heap before
{Heap before GC invocations=15 (full 1):
 def new generation   total 8768K, used 8768K [0x04a00000, 0x05380000, 0x09f50000)
  eden space 7808K, 100% used [0x04a00000, 0x051a0000, 0x051a0000)
  from space 960K, 100% used [0x051a0000, 0x05290000, 0x05290000)
  to   space 960K,   0% used [0x05290000, 0x05290000, 0x05380000)
 tenured generation   total 19308K, used 17556K [0x09f50000, 0x0b22b000, 0x14a00000)
   the space 19308K,  90% used [0x09f50000, 0x0b0753f0, 0x0b075400, 0x0b22b000)
 Metaspace       used 16266K, capacity 16683K, committed 16768K, reserved 16768K
}
Event: 141.693 GC heap after
{Heap after GC invocations=16 (full 2):
 def new generation   total 14144K, used 0K [0x04a00000, 0x05950000, 0x09f50000)
  eden space 12608K,   0% used [0x04a00000, 0x04a00000, 0x05650000)
  from space 1536K,   0% used [0x05650000, 0x05650000, 0x057d0000)
  to   space 1536K,   0% used [0x057d0000, 0x057d0000, 0x05950000)
 tenured generation   total 31304K, used 18781K [0x09f50000, 0x0bde2000, 0x14a00000)
   the space 31304K,  59% used [0x09f50000, 0x0b1a76d8, 0x0b1a7800, 0x0bde2000)
 Metaspace       used 15997K, capacity 16354K, committed 16768K, reserved 16768K
}
Event: 148.008 GC heap before
{Heap before GC invocations=16 (full 2):
 def new generation   total 14144K, used 9250K [0x04a00000, 0x05950000, 0x09f50000)
  eden space 12608K,  73% used [0x04a00000, 0x05308ab8, 0x05650000)
  from space 1536K,   0% used [0x05650000, 0x05650000, 0x057d0000)
  to   space 1536K,   0% used [0x057d0000, 0x057d0000, 0x05950000)
 tenured generation   total 31304K, used 18781K [0x09f50000, 0x0bde2000, 0x14a00000)
   the space 31304K,  59% used [0x09f50000, 0x0b1a76d8, 0x0b1a7800, 0x0bde2000)
 Metaspace       used 16010K, capacity 16369K, committed 16768K, reserved 16768K
}
Event: 148.011 GC heap after
{Heap after GC invocations=17 (full 2):
 def new generation   total 14144K, used 1536K [0x04a00000, 0x05950000, 0x09f50000)
  eden space 12608K,   0% used [0x04a00000, 0x04a00000, 0x05650000)
  from space 1536K, 100% used [0x057d0000, 0x05950000, 0x05950000)
  to   space 1536K,   0% used [0x05650000, 0x05650000, 0x057d0000)
 tenured generation   total 31304K, used 19282K [0x09f50000, 0x0bde2000, 0x14a00000)
   the space 31304K,  61% used [0x09f50000, 0x0b224918, 0x0b224a00, 0x0bde2000)
 Metaspace       used 16010K, capacity 16369K, committed 16768K, reserved 16768K
}

