# JRE version: OpenJDK Runtime Environment Temurin-11.0.21+9 (11.0.21+9) (build 11.0.21+9)
# Java VM: OpenJDK Client VM Temurin-11.0.21+9 (11.0.21+9, mixed mode, serial gc, windows-x86)
Heap:
 def new generation   total 17984K, used 2002K [0x05400000, 0x06780000, 0x0a950000)
  eden space 16000K,  12% used [0x05400000, 0x055f4988, 0x063a0000)
  from space 1984K,   0% used [0x063a0000, 0x063a0000, 0x06590000)
  to   space 1984K,   0% used [0x06590000, 0x06590000, 0x06780000)
 tenured generation   total 39824K, used 23892K [0x0a950000, 0x0d034000, 0x15400000)
   the space 39824K,  59% used [0x0a950000, 0x0c0a5270, 0x0c0a5400, 0x0d034000)
 Metaspace       used 16090K, capacity 16484K, committed 16896K, reserved 17792K
GC Heap History (20 events):
Event: 0.640 GC heap before
{Heap before GC invocations=7 (full 0):
 def new generation   total 4928K, used 4928K [0x05400000, 0x05950000, 0x0a950000)
  eden space 4416K, 100% used [0x05400000, 0x05850000, 0x05850000)
  from space 512K, 100% used [0x058d0000, 0x05950000, 0x05950000)
  to   space 512K,   0% used [0x05850000, 0x05850000, 0x058d0000)
 tenured generation   total 10944K, used 3973K [0x0a950000, 0x0b400000, 0x15400000)
   the space 10944K,  36% used [0x0a950000, 0x0ad31610, 0x0ad31800, 0x0b400000)
 Metaspace       used 11343K, capacity 11510K, committed 11520K, reserved 11648K
}
Event: 0.642 GC heap after
{Heap after GC invocations=8 (full 0):
 def new generation   total 4928K, used 512K [0x05400000, 0x05950000, 0x0a950000)
  eden space 4416K,   0% used [0x05400000, 0x05400000, 0x05850000)
  from space 512K, 100% used [0x05850000, 0x058d0000, 0x058d0000)
  to   space 512K,   0% used [0x058d0000, 0x058d0000, 0x05950000)
 tenured generation   total 10944K, used 4471K [0x0a950000, 0x0b400000, 0x15400000)
   the space 10944K,  40% used [0x0a950000, 0x0adaded0, 0x0adae000, 0x0b400000)
 Metaspace       used 11343K, capacity 11510K, committed 11520K, reserved 11648K
}
Event: 0.709 GC heap before
{Heap before GC invocations=8 (full 0):
 def new generation   total 4928K, used 4928K [0x05400000, 0x05950000, 0x0a950000)
  eden space 4416K, 100% used [0x05400000, 0x05850000, 0x05850000)
  from space 512K, 100% used [0x05850000, 0x058d0000, 0x058d0000)
  to   space 512K,   0% used [0x058d0000, 0x058d0000, 0x05950000)
 tenured generation   total 10944K, used 10702K [0x0a950000, 0x0b400000, 0x15400000)
   the space 10944K,  97% used [0x0a950000, 0x0b3c38c8, 0x0b3c3a00, 0x0b400000)
 Metaspace       used 11812K, capacity 12008K, committed 12032K, reserved 12672K
}
Event: 0.718 GC heap after
{Heap after GC invocations=9 (full 1):
 def new generation   total 8768K, used 506K [0x05400000, 0x05d80000, 0x0a950000)
  eden space 7808K,   6% used [0x05400000, 0x0547e900, 0x05ba0000)
  from space 960K,   0% used [0x05ba0000, 0x05ba0000, 0x05c90000)
  to   space 960K,   0% used [0x05c90000, 0x05c90000, 0x05d80000)
 tenured generation   total 19308K, used 11583K [0x0a950000, 0x0bc2b000, 0x15400000)
   the space 19308K,  59% used [0x0a950000, 0x0b49ff98, 0x0b4a0000, 0x0bc2b000)
 Metaspace       used 11812K, capacity 12008K, committed 12032K, reserved 12672K
}
Event: 0.820 GC heap before
{Heap before GC invocations=9 (full 1):
 def new generation   total 8768K, used 7808K [0x05400000, 0x05d80000, 0x0a950000)
  eden space 7808K, 100% used [0x05400000, 0x05ba0000, 0x05ba0000)
  from space 960K,   0% used [0x05ba0000, 0x05ba0000, 0x05c90000)
  to   space 960K,   0% used [0x05c90000, 0x05c90000, 0x05d80000)
 tenured generation   total 19308K, used 11583K [0x0a950000, 0x0bc2b000, 0x15400000)
   the space 19308K,  59% used [0x0a950000, 0x0b49ff98, 0x0b4a0000, 0x0bc2b000)
 Metaspace       used 12726K, capacity 12899K, committed 12928K, reserved 13696K
}
Event: 0.823 GC heap after
{Heap after GC invocations=10 (full 1):
 def new generation   total 8768K, used 960K [0x05400000, 0x05d80000, 0x0a950000)
  eden space 7808K,   0% used [0x05400000, 0x05400000, 0x05ba0000)
  from space 960K, 100% used [0x05c90000, 0x05d80000, 0x05d80000)
  to   space 960K,   0% used [0x05ba0000, 0x05ba0000, 0x05c90000)
 tenured generation   total 19308K, used 11944K [0x0a950000, 0x0bc2b000, 0x15400000)
   the space 19308K,  61% used [0x0a950000, 0x0b4fa0b8, 0x0b4fa200, 0x0bc2b000)
 Metaspace       used 12726K, capacity 12899K, committed 12928K, reserved 13696K
}
Event: 0.896 GC heap before
{Heap before GC invocations=10 (full 1):
 def new generation   total 8768K, used 8724K [0x05400000, 0x05d80000, 0x0a950000)
  eden space 7808K,  99% used [0x05400000, 0x05b950f8, 0x05ba0000)
  from space 960K, 100% used [0x05c90000, 0x05d80000, 0x05d80000)
  to   space 960K,   0% used [0x05ba0000, 0x05ba0000, 0x05c90000)
 tenured generation   total 19308K, used 11944K [0x0a950000, 0x0bc2b000, 0x15400000)
   the space 19308K,  61% used [0x0a950000, 0x0b4fa0b8, 0x0b4fa200, 0x0bc2b000)
 Metaspace       used 13960K, capacity 14253K, committed 14336K, reserved 14720K
}
Event: 0.899 GC heap after
{Heap after GC invocations=11 (full 1):
 def new generation   total 8768K, used 596K [0x05400000, 0x05d80000, 0x0a950000)
  eden space 7808K,   0% used [0x05400000, 0x05400000, 0x05ba0000)
  from space 960K,  62% used [0x05ba0000, 0x05c35398, 0x05c90000)
  to   space 960K,   0% used [0x05c90000, 0x05c90000, 0x05d80000)
 tenured generation   total 19308K, used 12895K [0x0a950000, 0x0bc2b000, 0x15400000)
   the space 19308K,  66% used [0x0a950000, 0x0b5e7f90, 0x0b5e8000, 0x0bc2b000)
 Metaspace       used 13960K, capacity 14253K, committed 14336K, reserved 14720K
}
Event: 1.928 GC heap before
{Heap before GC invocations=11 (full 1):
 def new generation   total 8768K, used 8399K [0x05400000, 0x05d80000, 0x0a950000)
  eden space 7808K,  99% used [0x05400000, 0x05b9e950, 0x05ba0000)
  from space 960K,  62% used [0x05ba0000, 0x05c35398, 0x05c90000)
  to   space 960K,   0% used [0x05c90000, 0x05c90000, 0x05d80000)
 tenured generation   total 19308K, used 12895K [0x0a950000, 0x0bc2b000, 0x15400000)
   the space 19308K,  66% used [0x0a950000, 0x0b5e7f90, 0x0b5e8000, 0x0bc2b000)
 Metaspace       used 14813K, capacity 15105K, committed 15232K, reserved 15744K
}
Event: 1.935 GC heap after
{Heap after GC invocations=12 (full 1):
 def new generation   total 8768K, used 960K [0x05400000, 0x05d80000, 0x0a950000)
  eden space 7808K,   0% used [0x05400000, 0x05400000, 0x05ba0000)
  from space 960K, 100% used [0x05c90000, 0x05d80000, 0x05d80000)
  to   space 960K,   0% used [0x05ba0000, 0x05ba0000, 0x05c90000)
 tenured generation   total 19308K, used 14569K [0x0a950000, 0x0bc2b000, 0x15400000)
   the space 19308K,  75% used [0x0a950000, 0x0b78a480, 0x0b78a600, 0x0bc2b000)
 Metaspace       used 14813K, capacity 15105K, committed 15232K, reserved 15744K
}
Event: 3.480 GC heap before
{Heap before GC invocations=12 (full 1):
 def new generation   total 8768K, used 8768K [0x05400000, 0x05d80000, 0x0a950000)
  eden space 7808K, 100% used [0x05400000, 0x05ba0000, 0x05ba0000)
  from space 960K, 100% used [0x05c90000, 0x05d80000, 0x05d80000)
  to   space 960K,   0% used [0x05ba0000, 0x05ba0000, 0x05c90000)
 tenured generation   total 19308K, used 14569K [0x0a950000, 0x0bc2b000, 0x15400000)
   the space 19308K,  75% used [0x0a950000, 0x0b78a480, 0x0b78a600, 0x0bc2b000)
 Metaspace       used 15842K, capacity 16219K, committed 16256K, reserved 16768K
}
Event: 3.483 GC heap after
{Heap after GC invocations=13 (full 1):
 def new generation   total 8768K, used 714K [0x05400000, 0x05d80000, 0x0a950000)
  eden space 7808K,   0% used [0x05400000, 0x05400000, 0x05ba0000)
  from space 960K,  74% used [0x05ba0000, 0x05c52aa0, 0x05c90000)
  to   space 960K,   0% used [0x05c90000, 0x05c90000, 0x05d80000)
 tenured generation   total 19308K, used 15521K [0x0a950000, 0x0bc2b000, 0x15400000)
   the space 19308K,  80% used [0x0a950000, 0x0b878740, 0x0b878800, 0x0bc2b000)
 Metaspace       used 15842K, capacity 16219K, committed 16256K, reserved 16768K
}
Event: 9.898 GC heap before
{Heap before GC invocations=13 (full 1):
 def new generation   total 8768K, used 8498K [0x05400000, 0x05d80000, 0x0a950000)
  eden space 7808K,  99% used [0x05400000, 0x05b99fd0, 0x05ba0000)
  from space 960K,  74% used [0x05ba0000, 0x05c52aa0, 0x05c90000)
  to   space 960K,   0% used [0x05c90000, 0x05c90000, 0x05d80000)
 tenured generation   total 19308K, used 15521K [0x0a950000, 0x0bc2b000, 0x15400000)
   the space 19308K,  80% used [0x0a950000, 0x0b878740, 0x0b878800, 0x0bc2b000)
 Metaspace       used 16236K, capacity 16659K, committed 16768K, reserved 16768K
}
Event: 9.901 GC heap after
{Heap after GC invocations=14 (full 1):
 def new generation   total 8768K, used 695K [0x05400000, 0x05d80000, 0x0a950000)
  eden space 7808K,   0% used [0x05400000, 0x05400000, 0x05ba0000)
  from space 960K,  72% used [0x05c90000, 0x05d3dc78, 0x05d80000)
  to   space 960K,   0% used [0x05ba0000, 0x05ba0000, 0x05c90000)
 tenured generation   total 19308K, used 16217K [0x0a950000, 0x0bc2b000, 0x15400000)
   the space 19308K,  83% used [0x0a950000, 0x0b9264e0, 0x0b926600, 0x0bc2b000)
 Metaspace       used 16236K, capacity 16659K, committed 16768K, reserved 16768K
}
Event: 11.133 GC heap before
{Heap before GC invocations=14 (full 1):
 def new generation   total 8768K, used 8503K [0x05400000, 0x05d80000, 0x0a950000)
  eden space 7808K, 100% used [0x05400000, 0x05ba0000, 0x05ba0000)
  from space 960K,  72% used [0x05c90000, 0x05d3dc78, 0x05d80000)
  to   space 960K,   0% used [0x05ba0000, 0x05ba0000, 0x05c90000)
 tenured generation   total 19308K, used 16217K [0x0a950000, 0x0bc2b000, 0x15400000)
   the space 19308K,  83% used [0x0a950000, 0x0b9264e0, 0x0b926600, 0x0bc2b000)
 Metaspace       used 16313K, capacity 16737K, committed 16768K, reserved 16768K
}
Event: 11.136 GC heap after
{Heap after GC invocations=15 (full 1):
 def new generation   total 8768K, used 960K [0x05400000, 0x05d80000, 0x0a950000)
  eden space 7808K,   0% used [0x05400000, 0x05400000, 0x05ba0000)
  from space 960K, 100% used [0x05ba0000, 0x05c90000, 0x05c90000)
  to   space 960K,   0% used [0x05c90000, 0x05c90000, 0x05d80000)
 tenured generation   total 19308K, used 17614K [0x0a950000, 0x0bc2b000, 0x15400000)
   the space 19308K,  91% used [0x0a950000, 0x0ba839c8, 0x0ba83a00, 0x0bc2b000)
 Metaspace       used 16313K, capacity 16737K, committed 16768K, reserved 16768K
}
Event: 12.864 GC heap before
{Heap before GC invocations=15 (full 1):
 def new generation   total 8768K, used 2834K [0x05400000, 0x05d80000, 0x0a950000)
  eden space 7808K,  24% used [0x05400000, 0x055d4a40, 0x05ba0000)
  from space 960K, 100% used [0x05ba0000, 0x05c90000, 0x05c90000)
  to   space 960K,   0% used [0x05c90000, 0x05c90000, 0x05d80000)
 tenured generation   total 19308K, used 17614K [0x0a950000, 0x0bc2b000, 0x15400000)
   the space 19308K,  91% used [0x0a950000, 0x0ba839c8, 0x0ba83a00, 0x0bc2b000)
 Metaspace       used 16338K, capacity 16764K, committed 16768K, reserved 16768K
}
Event: 12.867 GC heap after
{Heap after GC invocations=16 (full 1):
 def new generation   total 8768K, used 251K [0x05400000, 0x05d80000, 0x0a950000)
  eden space 7808K,   0% used [0x05400000, 0x05400000, 0x05ba0000)
  from space 960K,  26% used [0x05c90000, 0x05cced18, 0x05d80000)
  to   space 960K,   0% used [0x05ba0000, 0x05ba0000, 0x05c90000)
 tenured generation   total 19308K, used 18571K [0x0a950000, 0x0bc2b000, 0x15400000)
   the space 19308K,  96% used [0x0a950000, 0x0bb72d60, 0x0bb72e00, 0x0bc2b000)
 Metaspace       used 16338K, capacity 16764K, committed 16768K, reserved 16768K
}
Event: 12.929 GC heap before
{Heap before GC invocations=16 (full 1):
 def new generation   total 8768K, used 7341K [0x05400000, 0x05d80000, 0x0a950000)
  eden space 7808K,  90% used [0x05400000, 0x05aec808, 0x05ba0000)
  from space 960K,  26% used [0x05c90000, 0x05cced18, 0x05d80000)
  to   space 960K,   0% used [0x05ba0000, 0x05ba0000, 0x05c90000)
 tenured generation   total 19308K, used 18571K [0x0a950000, 0x0bc2b000, 0x15400000)
   the space 19308K,  96% used [0x0a950000, 0x0bb72d60, 0x0bb72e00, 0x0bc2b000)
 Metaspace       used 16340K, capacity 16765K, committed 16768K, reserved 16768K
}
Event: 12.964 GC heap after
{Heap after GC invocations=17 (full 2):
 def new generation   total 17984K, used 0K [0x05400000, 0x06780000, 0x0a950000)
  eden space 16000K,   0% used [0x05400000, 0x05400000, 0x063a0000)
  from space 1984K,   0% used [0x063a0000, 0x063a0000, 0x06590000)
  to   space 1984K,   0% used [0x06590000, 0x06590000, 0x06780000)
 tenured generation   total 39824K, used 23892K [0x0a950000, 0x0d034000, 0x15400000)
   the space 39824K,  59% used [0x0a950000, 0x0c0a5270, 0x0c0a5400, 0x0d034000)
 Metaspace       used 16066K, capacity 16428K, committed 16768K, reserved 16768K
}

