# JRE version: OpenJDK Runtime Environment Temurin-11.0.21+9 (11.0.21+9) (build 11.0.21+9)
# Java VM: OpenJDK Client VM Temurin-11.0.21+9 (11.0.21+9, mixed mode, serial gc, windows-x86)
Heap:
 def new generation   total 16704K, used 315K [0x04600000, 0x05820000, 0x09b50000)
  eden space 14848K,   2% used [0x04600000, 0x0464edc8, 0x05480000)
  from space 1856K,   0% used [0x05480000, 0x05480000, 0x05650000)
  to   space 1856K,   0% used [0x05650000, 0x05650000, 0x05820000)
 tenured generation   total 37060K, used 22235K [0x09b50000, 0x0bf81000, 0x14600000)
   the space 37060K,  59% used [0x09b50000, 0x0b106cd0, 0x0b106e00, 0x0bf81000)
 Metaspace       used 14787K, capacity 15070K, committed 15360K, reserved 15744K
GC Heap History (20 events):
Event: 0.822 GC heap before
{Heap before GC invocations=4 (full 0):
 def new generation   total 4928K, used 4642K [0x04600000, 0x04b50000, 0x09b50000)
  eden space 4416K, 100% used [0x04600000, 0x04a50000, 0x04a50000)
  from space 512K,  44% used [0x04a50000, 0x04a88a08, 0x04ad0000)
  to   space 512K,   0% used [0x04ad0000, 0x04ad0000, 0x04b50000)
 tenured generation   total 10944K, used 1815K [0x09b50000, 0x0a600000, 0x14600000)
   the space 10944K,  16% used [0x09b50000, 0x09d15de0, 0x09d15e00, 0x0a600000)
 Metaspace       used 7704K, capacity 7809K, committed 7936K, reserved 8576K
}
Event: 0.823 GC heap after
{Heap after GC invocations=5 (full 0):
 def new generation   total 4928K, used 414K [0x04600000, 0x04b50000, 0x09b50000)
  eden space 4416K,   0% used [0x04600000, 0x04600000, 0x04a50000)
  from space 512K,  81% used [0x04ad0000, 0x04b37bc0, 0x04b50000)
  to   space 512K,   0% used [0x04a50000, 0x04a50000, 0x04ad0000)
 tenured generation   total 10944K, used 2263K [0x09b50000, 0x0a600000, 0x14600000)
   the space 10944K,  20% used [0x09b50000, 0x09d85df0, 0x09d85e00, 0x0a600000)
 Metaspace       used 7704K, capacity 7809K, committed 7936K, reserved 8576K
}
Event: 0.885 GC heap before
{Heap before GC invocations=5 (full 0):
 def new generation   total 4928K, used 4816K [0x04600000, 0x04b50000, 0x09b50000)
  eden space 4416K,  99% used [0x04600000, 0x04a4c688, 0x04a50000)
  from space 512K,  81% used [0x04ad0000, 0x04b37bc0, 0x04b50000)
  to   space 512K,   0% used [0x04a50000, 0x04a50000, 0x04ad0000)
 tenured generation   total 10944K, used 2263K [0x09b50000, 0x0a600000, 0x14600000)
   the space 10944K,  20% used [0x09b50000, 0x09d85df0, 0x09d85e00, 0x0a600000)
 Metaspace       used 8878K, capacity 8989K, committed 9088K, reserved 9600K
}
Event: 0.887 GC heap after
{Heap after GC invocations=6 (full 0):
 def new generation   total 4928K, used 512K [0x04600000, 0x04b50000, 0x09b50000)
  eden space 4416K,   0% used [0x04600000, 0x04600000, 0x04a50000)
  from space 512K, 100% used [0x04a50000, 0x04ad0000, 0x04ad0000)
  to   space 512K,   0% used [0x04ad0000, 0x04ad0000, 0x04b50000)
 tenured generation   total 10944K, used 2809K [0x09b50000, 0x0a600000, 0x14600000)
   the space 10944K,  25% used [0x09b50000, 0x09e0e578, 0x09e0e600, 0x0a600000)
 Metaspace       used 8878K, capacity 8989K, committed 9088K, reserved 9600K
}
Event: 0.959 GC heap before
{Heap before GC invocations=6 (full 0):
 def new generation   total 4928K, used 4928K [0x04600000, 0x04b50000, 0x09b50000)
  eden space 4416K, 100% used [0x04600000, 0x04a50000, 0x04a50000)
  from space 512K, 100% used [0x04a50000, 0x04ad0000, 0x04ad0000)
  to   space 512K,   0% used [0x04ad0000, 0x04ad0000, 0x04b50000)
 tenured generation   total 10944K, used 2809K [0x09b50000, 0x0a600000, 0x14600000)
   the space 10944K,  25% used [0x09b50000, 0x09e0e578, 0x09e0e600, 0x0a600000)
 Metaspace       used 10559K, capacity 10734K, committed 10752K, reserved 11648K
}
Event: 0.962 GC heap after
{Heap after GC invocations=7 (full 0):
 def new generation   total 4928K, used 512K [0x04600000, 0x04b50000, 0x09b50000)
  eden space 4416K,   0% used [0x04600000, 0x04600000, 0x04a50000)
  from space 512K, 100% used [0x04ad0000, 0x04b50000, 0x04b50000)
  to   space 512K,   0% used [0x04a50000, 0x04a50000, 0x04ad0000)
 tenured generation   total 10944K, used 3737K [0x09b50000, 0x0a600000, 0x14600000)
   the space 10944K,  34% used [0x09b50000, 0x09ef6680, 0x09ef6800, 0x0a600000)
 Metaspace       used 10559K, capacity 10734K, committed 10752K, reserved 11648K
}
Event: 1.027 GC heap before
{Heap before GC invocations=7 (full 0):
 def new generation   total 4928K, used 4928K [0x04600000, 0x04b50000, 0x09b50000)
  eden space 4416K, 100% used [0x04600000, 0x04a50000, 0x04a50000)
  from space 512K, 100% used [0x04ad0000, 0x04b50000, 0x04b50000)
  to   space 512K,   0% used [0x04a50000, 0x04a50000, 0x04ad0000)
 tenured generation   total 10944K, used 3737K [0x09b50000, 0x0a600000, 0x14600000)
   the space 10944K,  34% used [0x09b50000, 0x09ef6680, 0x09ef6800, 0x0a600000)
 Metaspace       used 11343K, capacity 11510K, committed 11520K, reserved 11648K
}
Event: 1.029 GC heap after
{Heap after GC invocations=8 (full 0):
 def new generation   total 4928K, used 512K [0x04600000, 0x04b50000, 0x09b50000)
  eden space 4416K,   0% used [0x04600000, 0x04600000, 0x04a50000)
  from space 512K, 100% used [0x04a50000, 0x04ad0000, 0x04ad0000)
  to   space 512K,   0% used [0x04ad0000, 0x04ad0000, 0x04b50000)
 tenured generation   total 10944K, used 4237K [0x09b50000, 0x0a600000, 0x14600000)
   the space 10944K,  38% used [0x09b50000, 0x09f737d0, 0x09f73800, 0x0a600000)
 Metaspace       used 11343K, capacity 11510K, committed 11520K, reserved 11648K
}
Event: 1.105 GC heap before
{Heap before GC invocations=8 (full 0):
 def new generation   total 4928K, used 4928K [0x04600000, 0x04b50000, 0x09b50000)
  eden space 4416K, 100% used [0x04600000, 0x04a50000, 0x04a50000)
  from space 512K, 100% used [0x04a50000, 0x04ad0000, 0x04ad0000)
  to   space 512K,   0% used [0x04ad0000, 0x04ad0000, 0x04b50000)
 tenured generation   total 10944K, used 10468K [0x09b50000, 0x0a600000, 0x14600000)
   the space 10944K,  95% used [0x09b50000, 0x0a5891c8, 0x0a589200, 0x0a600000)
 Metaspace       used 11811K, capacity 12008K, committed 12032K, reserved 12672K
}
Event: 1.116 GC heap after
{Heap after GC invocations=9 (full 1):
 def new generation   total 8640K, used 404K [0x04600000, 0x04f60000, 0x09b50000)
  eden space 7680K,   5% used [0x04600000, 0x04665300, 0x04d80000)
  from space 960K,   0% used [0x04d80000, 0x04d80000, 0x04e70000)
  to   space 960K,   0% used [0x04e70000, 0x04e70000, 0x04f60000)
 tenured generation   total 19096K, used 11455K [0x09b50000, 0x0adf6000, 0x14600000)
   the space 19096K,  59% used [0x09b50000, 0x0a67fff0, 0x0a680000, 0x0adf6000)
 Metaspace       used 11811K, capacity 12008K, committed 12032K, reserved 12672K
}
Event: 1.286 GC heap before
{Heap before GC invocations=9 (full 1):
 def new generation   total 8640K, used 7680K [0x04600000, 0x04f60000, 0x09b50000)
  eden space 7680K, 100% used [0x04600000, 0x04d80000, 0x04d80000)
  from space 960K,   0% used [0x04d80000, 0x04d80000, 0x04e70000)
  to   space 960K,   0% used [0x04e70000, 0x04e70000, 0x04f60000)
 tenured generation   total 19096K, used 11455K [0x09b50000, 0x0adf6000, 0x14600000)
   the space 19096K,  59% used [0x09b50000, 0x0a67fff0, 0x0a680000, 0x0adf6000)
 Metaspace       used 12721K, capacity 12899K, committed 12928K, reserved 13696K
}
Event: 1.291 GC heap after
{Heap after GC invocations=10 (full 1):
 def new generation   total 8640K, used 959K [0x04600000, 0x04f60000, 0x09b50000)
  eden space 7680K,   0% used [0x04600000, 0x04600000, 0x04d80000)
  from space 960K,  99% used [0x04e70000, 0x04f5fff8, 0x04f60000)
  to   space 960K,   0% used [0x04d80000, 0x04d80000, 0x04e70000)
 tenured generation   total 19096K, used 11722K [0x09b50000, 0x0adf6000, 0x14600000)
   the space 19096K,  61% used [0x09b50000, 0x0a6c2a90, 0x0a6c2c00, 0x0adf6000)
 Metaspace       used 12721K, capacity 12899K, committed 12928K, reserved 13696K
}
Event: 1.371 GC heap before
{Heap before GC invocations=10 (full 1):
 def new generation   total 8640K, used 8639K [0x04600000, 0x04f60000, 0x09b50000)
  eden space 7680K, 100% used [0x04600000, 0x04d80000, 0x04d80000)
  from space 960K,  99% used [0x04e70000, 0x04f5fff8, 0x04f60000)
  to   space 960K,   0% used [0x04d80000, 0x04d80000, 0x04e70000)
 tenured generation   total 19096K, used 11722K [0x09b50000, 0x0adf6000, 0x14600000)
   the space 19096K,  61% used [0x09b50000, 0x0a6c2a90, 0x0a6c2c00, 0x0adf6000)
 Metaspace       used 13891K, capacity 14189K, committed 14208K, reserved 14720K
}
Event: 1.374 GC heap after
{Heap after GC invocations=11 (full 1):
 def new generation   total 8640K, used 571K [0x04600000, 0x04f60000, 0x09b50000)
  eden space 7680K,   0% used [0x04600000, 0x04600000, 0x04d80000)
  from space 960K,  59% used [0x04d80000, 0x04e0ee60, 0x04e70000)
  to   space 960K,   0% used [0x04e70000, 0x04e70000, 0x04f60000)
 tenured generation   total 19096K, used 12672K [0x09b50000, 0x0adf6000, 0x14600000)
   the space 19096K,  66% used [0x09b50000, 0x0a7b0178, 0x0a7b0200, 0x0adf6000)
 Metaspace       used 13891K, capacity 14189K, committed 14208K, reserved 14720K
}
Event: 2.632 GC heap before
{Heap before GC invocations=11 (full 1):
 def new generation   total 8640K, used 8251K [0x04600000, 0x04f60000, 0x09b50000)
  eden space 7680K, 100% used [0x04600000, 0x04d80000, 0x04d80000)
  from space 960K,  59% used [0x04d80000, 0x04e0ee60, 0x04e70000)
  to   space 960K,   0% used [0x04e70000, 0x04e70000, 0x04f60000)
 tenured generation   total 19096K, used 12672K [0x09b50000, 0x0adf6000, 0x14600000)
   the space 19096K,  66% used [0x09b50000, 0x0a7b0178, 0x0a7b0200, 0x0adf6000)
 Metaspace       used 14752K, capacity 15069K, committed 15104K, reserved 15744K
}
Event: 2.636 GC heap after
{Heap after GC invocations=12 (full 1):
 def new generation   total 8640K, used 960K [0x04600000, 0x04f60000, 0x09b50000)
  eden space 7680K,   0% used [0x04600000, 0x04600000, 0x04d80000)
  from space 960K, 100% used [0x04e70000, 0x04f60000, 0x04f60000)
  to   space 960K,   0% used [0x04d80000, 0x04d80000, 0x04e70000)
 tenured generation   total 19096K, used 14337K [0x09b50000, 0x0adf6000, 0x14600000)
   the space 19096K,  75% used [0x09b50000, 0x0a9507a8, 0x0a950800, 0x0adf6000)
 Metaspace       used 14752K, capacity 15069K, committed 15104K, reserved 15744K
}
Event: 15.598 GC heap before
{Heap before GC invocations=12 (full 1):
 def new generation   total 8640K, used 8640K [0x04600000, 0x04f60000, 0x09b50000)
  eden space 7680K, 100% used [0x04600000, 0x04d80000, 0x04d80000)
  from space 960K, 100% used [0x04e70000, 0x04f60000, 0x04f60000)
  to   space 960K,   0% used [0x04d80000, 0x04d80000, 0x04e70000)
 tenured generation   total 19096K, used 14337K [0x09b50000, 0x0adf6000, 0x14600000)
   the space 19096K,  75% used [0x09b50000, 0x0a9507a8, 0x0a950800, 0x0adf6000)
 Metaspace       used 14991K, capacity 15295K, committed 15360K, reserved 15744K
}
Event: 15.600 GC heap after
{Heap after GC invocations=13 (full 1):
 def new generation   total 8640K, used 520K [0x04600000, 0x04f60000, 0x09b50000)
  eden space 7680K,   0% used [0x04600000, 0x04600000, 0x04d80000)
  from space 960K,  54% used [0x04d80000, 0x04e023f8, 0x04e70000)
  to   space 960K,   0% used [0x04e70000, 0x04e70000, 0x04f60000)
 tenured generation   total 19096K, used 15288K [0x09b50000, 0x0adf6000, 0x14600000)
   the space 19096K,  80% used [0x09b50000, 0x0aa3e1a8, 0x0aa3e200, 0x0adf6000)
 Metaspace       used 14991K, capacity 15295K, committed 15360K, reserved 15744K
}
Event: 16.996 GC heap before
{Heap before GC invocations=13 (full 1):
 def new generation   total 8640K, used 8200K [0x04600000, 0x04f60000, 0x09b50000)
  eden space 7680K, 100% used [0x04600000, 0x04d80000, 0x04d80000)
  from space 960K,  54% used [0x04d80000, 0x04e023f8, 0x04e70000)
  to   space 960K,   0% used [0x04e70000, 0x04e70000, 0x04f60000)
 tenured generation   total 19096K, used 15288K [0x09b50000, 0x0adf6000, 0x14600000)
   the space 19096K,  80% used [0x09b50000, 0x0aa3e1a8, 0x0aa3e200, 0x0adf6000)
 Metaspace       used 15002K, capacity 15335K, committed 15360K, reserved 15744K
}
Event: 17.024 GC heap after
{Heap after GC invocations=14 (full 2):
 def new generation   total 16704K, used 0K [0x04600000, 0x05820000, 0x09b50000)
  eden space 14848K,   0% used [0x04600000, 0x04600000, 0x05480000)
  from space 1856K,   0% used [0x05480000, 0x05480000, 0x05650000)
  to   space 1856K,   0% used [0x05650000, 0x05650000, 0x05820000)
 tenured generation   total 37060K, used 22235K [0x09b50000, 0x0bf81000, 0x14600000)
   the space 37060K,  59% used [0x09b50000, 0x0b106cd0, 0x0b106e00, 0x0bf81000)
 Metaspace       used 14787K, capacity 15070K, committed 15360K, reserved 15744K
}

