# JRE version: OpenJDK Runtime Environment Temurin-11.0.21+9 (11.0.21+9) (build 11.0.21+9)
# Java VM: OpenJDK Client VM Temurin-11.0.21+9 (11.0.21+9, mixed mode, serial gc, windows-x86)
Heap:
 def new generation   total 17024K, used 2465K [0x05400000, 0x06670000, 0x0a950000)
  eden space 15168K,  16% used [0x05400000, 0x05668718, 0x062d0000)
  from space 1856K,   0% used [0x062d0000, 0x062d0000, 0x064a0000)
  to   space 1856K,   0% used [0x064a0000, 0x064a0000, 0x06670000)
 tenured generation   total 37720K, used 22630K [0x0a950000, 0x0ce26000, 0x15400000)
   the space 37720K,  59% used [0x0a950000, 0x0bf69900, 0x0bf69a00, 0x0ce26000)
 Metaspace       used 15868K, capacity 16237K, committed 16512K, reserved 16768K
GC Heap History (20 events):
Event: 0.576 GC heap before
{Heap before GC invocations=6 (full 0):
 def new generation   total 4928K, used 4928K [0x05400000, 0x05950000, 0x0a950000)
  eden space 4416K, 100% used [0x05400000, 0x05850000, 0x05850000)
  from space 512K, 100% used [0x05850000, 0x058d0000, 0x058d0000)
  to   space 512K,   0% used [0x058d0000, 0x058d0000, 0x05950000)
 tenured generation   total 10944K, used 2984K [0x0a950000, 0x0b400000, 0x15400000)
   the space 10944K,  27% used [0x0a950000, 0x0ac3a238, 0x0ac3a400, 0x0b400000)
 Metaspace       used 10556K, capacity 10734K, committed 10752K, reserved 11648K
}
Event: 0.578 GC heap after
{Heap after GC invocations=7 (full 0):
 def new generation   total 4928K, used 512K [0x05400000, 0x05950000, 0x0a950000)
  eden space 4416K,   0% used [0x05400000, 0x05400000, 0x05850000)
  from space 512K, 100% used [0x058d0000, 0x05950000, 0x05950000)
  to   space 512K,   0% used [0x05850000, 0x05850000, 0x058d0000)
 tenured generation   total 10944K, used 3923K [0x0a950000, 0x0b400000, 0x15400000)
   the space 10944K,  35% used [0x0a950000, 0x0ad24c38, 0x0ad24e00, 0x0b400000)
 Metaspace       used 10556K, capacity 10734K, committed 10752K, reserved 11648K
}
Event: 0.623 GC heap before
{Heap before GC invocations=7 (full 0):
 def new generation   total 4928K, used 4928K [0x05400000, 0x05950000, 0x0a950000)
  eden space 4416K, 100% used [0x05400000, 0x05850000, 0x05850000)
  from space 512K, 100% used [0x058d0000, 0x05950000, 0x05950000)
  to   space 512K,   0% used [0x05850000, 0x05850000, 0x058d0000)
 tenured generation   total 10944K, used 3923K [0x0a950000, 0x0b400000, 0x15400000)
   the space 10944K,  35% used [0x0a950000, 0x0ad24c38, 0x0ad24e00, 0x0b400000)
 Metaspace       used 11343K, capacity 11510K, committed 11520K, reserved 11648K
}
Event: 0.624 GC heap after
{Heap after GC invocations=8 (full 0):
 def new generation   total 4928K, used 511K [0x05400000, 0x05950000, 0x0a950000)
  eden space 4416K,   0% used [0x05400000, 0x05400000, 0x05850000)
  from space 512K,  99% used [0x05850000, 0x058cfe98, 0x058d0000)
  to   space 512K,   0% used [0x058d0000, 0x058d0000, 0x05950000)
 tenured generation   total 10944K, used 4428K [0x0a950000, 0x0b400000, 0x15400000)
   the space 10944K,  40% used [0x0a950000, 0x0ada3070, 0x0ada3200, 0x0b400000)
 Metaspace       used 11343K, capacity 11510K, committed 11520K, reserved 11648K
}
Event: 0.690 GC heap before
{Heap before GC invocations=8 (full 0):
 def new generation   total 4928K, used 4927K [0x05400000, 0x05950000, 0x0a950000)
  eden space 4416K, 100% used [0x05400000, 0x05850000, 0x05850000)
  from space 512K,  99% used [0x05850000, 0x058cfe98, 0x058d0000)
  to   space 512K,   0% used [0x058d0000, 0x058d0000, 0x05950000)
 tenured generation   total 10944K, used 10658K [0x0a950000, 0x0b400000, 0x15400000)
   the space 10944K,  97% used [0x0a950000, 0x0b3b8a68, 0x0b3b8c00, 0x0b400000)
 Metaspace       used 11800K, capacity 11976K, committed 12032K, reserved 12672K
}
Event: 0.699 GC heap after
{Heap after GC invocations=9 (full 1):
 def new generation   total 8768K, used 508K [0x05400000, 0x05d80000, 0x0a950000)
  eden space 7808K,   6% used [0x05400000, 0x0547f380, 0x05ba0000)
  from space 960K,   0% used [0x05ba0000, 0x05ba0000, 0x05c90000)
  to   space 960K,   0% used [0x05c90000, 0x05c90000, 0x05d80000)
 tenured generation   total 19308K, used 11584K [0x0a950000, 0x0bc2b000, 0x15400000)
   the space 19308K,  59% used [0x0a950000, 0x0b4a0000, 0x0b4a0000, 0x0bc2b000)
 Metaspace       used 11800K, capacity 11976K, committed 12032K, reserved 12672K
}
Event: 0.798 GC heap before
{Heap before GC invocations=9 (full 1):
 def new generation   total 8768K, used 7808K [0x05400000, 0x05d80000, 0x0a950000)
  eden space 7808K, 100% used [0x05400000, 0x05ba0000, 0x05ba0000)
  from space 960K,   0% used [0x05ba0000, 0x05ba0000, 0x05c90000)
  to   space 960K,   0% used [0x05c90000, 0x05c90000, 0x05d80000)
 tenured generation   total 19308K, used 11584K [0x0a950000, 0x0bc2b000, 0x15400000)
   the space 19308K,  59% used [0x0a950000, 0x0b4a0000, 0x0b4a0000, 0x0bc2b000)
 Metaspace       used 12716K, capacity 12899K, committed 12928K, reserved 13696K
}
Event: 0.801 GC heap after
{Heap after GC invocations=10 (full 1):
 def new generation   total 8768K, used 960K [0x05400000, 0x05d80000, 0x0a950000)
  eden space 7808K,   0% used [0x05400000, 0x05400000, 0x05ba0000)
  from space 960K, 100% used [0x05c90000, 0x05d80000, 0x05d80000)
  to   space 960K,   0% used [0x05ba0000, 0x05ba0000, 0x05c90000)
 tenured generation   total 19308K, used 11948K [0x0a950000, 0x0bc2b000, 0x15400000)
   the space 19308K,  61% used [0x0a950000, 0x0b4fb088, 0x0b4fb200, 0x0bc2b000)
 Metaspace       used 12716K, capacity 12899K, committed 12928K, reserved 13696K
}
Event: 0.876 GC heap before
{Heap before GC invocations=10 (full 1):
 def new generation   total 8768K, used 8726K [0x05400000, 0x05d80000, 0x0a950000)
  eden space 7808K,  99% used [0x05400000, 0x05b95930, 0x05ba0000)
  from space 960K, 100% used [0x05c90000, 0x05d80000, 0x05d80000)
  to   space 960K,   0% used [0x05ba0000, 0x05ba0000, 0x05c90000)
 tenured generation   total 19308K, used 11948K [0x0a950000, 0x0bc2b000, 0x15400000)
   the space 19308K,  61% used [0x0a950000, 0x0b4fb088, 0x0b4fb200, 0x0bc2b000)
 Metaspace       used 13959K, capacity 14253K, committed 14336K, reserved 14720K
}
Event: 0.879 GC heap after
{Heap after GC invocations=11 (full 1):
 def new generation   total 8768K, used 598K [0x05400000, 0x05d80000, 0x0a950000)
  eden space 7808K,   0% used [0x05400000, 0x05400000, 0x05ba0000)
  from space 960K,  62% used [0x05ba0000, 0x05c359b0, 0x05c90000)
  to   space 960K,   0% used [0x05c90000, 0x05c90000, 0x05d80000)
 tenured generation   total 19308K, used 12900K [0x0a950000, 0x0bc2b000, 0x15400000)
   the space 19308K,  66% used [0x0a950000, 0x0b5e9060, 0x0b5e9200, 0x0bc2b000)
 Metaspace       used 13959K, capacity 14253K, committed 14336K, reserved 14720K
}
Event: 1.861 GC heap before
{Heap before GC invocations=11 (full 1):
 def new generation   total 8768K, used 8406K [0x05400000, 0x05d80000, 0x0a950000)
  eden space 7808K, 100% used [0x05400000, 0x05ba0000, 0x05ba0000)
  from space 960K,  62% used [0x05ba0000, 0x05c359b0, 0x05c90000)
  to   space 960K,   0% used [0x05c90000, 0x05c90000, 0x05d80000)
 tenured generation   total 19308K, used 12900K [0x0a950000, 0x0bc2b000, 0x15400000)
   the space 19308K,  66% used [0x0a950000, 0x0b5e9060, 0x0b5e9200, 0x0bc2b000)
 Metaspace       used 14780K, capacity 15084K, committed 15104K, reserved 15744K
}
Event: 1.867 GC heap after
{Heap after GC invocations=12 (full 1):
 def new generation   total 8768K, used 960K [0x05400000, 0x05d80000, 0x0a950000)
  eden space 7808K,   0% used [0x05400000, 0x05400000, 0x05ba0000)
  from space 960K, 100% used [0x05c90000, 0x05d80000, 0x05d80000)
  to   space 960K,   0% used [0x05ba0000, 0x05ba0000, 0x05c90000)
 tenured generation   total 19308K, used 14599K [0x0a950000, 0x0bc2b000, 0x15400000)
   the space 19308K,  75% used [0x0a950000, 0x0b791d38, 0x0b791e00, 0x0bc2b000)
 Metaspace       used 14780K, capacity 15084K, committed 15104K, reserved 15744K
}
Event: 3.486 GC heap before
{Heap before GC invocations=12 (full 1):
 def new generation   total 8768K, used 8768K [0x05400000, 0x05d80000, 0x0a950000)
  eden space 7808K, 100% used [0x05400000, 0x05ba0000, 0x05ba0000)
  from space 960K, 100% used [0x05c90000, 0x05d80000, 0x05d80000)
  to   space 960K,   0% used [0x05ba0000, 0x05ba0000, 0x05c90000)
 tenured generation   total 19308K, used 14599K [0x0a950000, 0x0bc2b000, 0x15400000)
   the space 19308K,  75% used [0x0a950000, 0x0b791d38, 0x0b791e00, 0x0bc2b000)
 Metaspace       used 15852K, capacity 16263K, committed 16384K, reserved 16768K
}
Event: 3.489 GC heap after
{Heap after GC invocations=13 (full 1):
 def new generation   total 8768K, used 702K [0x05400000, 0x05d80000, 0x0a950000)
  eden space 7808K,   0% used [0x05400000, 0x05400000, 0x05ba0000)
  from space 960K,  73% used [0x05ba0000, 0x05c4f850, 0x05c90000)
  to   space 960K,   0% used [0x05c90000, 0x05c90000, 0x05d80000)
 tenured generation   total 19308K, used 15531K [0x0a950000, 0x0bc2b000, 0x15400000)
   the space 19308K,  80% used [0x0a950000, 0x0b87afd0, 0x0b87b000, 0x0bc2b000)
 Metaspace       used 15852K, capacity 16263K, committed 16384K, reserved 16768K
}
Event: 19.804 GC heap before
{Heap before GC invocations=13 (full 1):
 def new generation   total 8768K, used 8510K [0x05400000, 0x05d80000, 0x0a950000)
  eden space 7808K, 100% used [0x05400000, 0x05ba0000, 0x05ba0000)
  from space 960K,  73% used [0x05ba0000, 0x05c4f850, 0x05c90000)
  to   space 960K,   0% used [0x05c90000, 0x05c90000, 0x05d80000)
 tenured generation   total 19308K, used 15531K [0x0a950000, 0x0bc2b000, 0x15400000)
   the space 19308K,  80% used [0x0a950000, 0x0b87afd0, 0x0b87b000, 0x0bc2b000)
 Metaspace       used 16052K, capacity 16442K, committed 16512K, reserved 16768K
}
Event: 19.806 GC heap after
{Heap after GC invocations=14 (full 1):
 def new generation   total 8768K, used 544K [0x05400000, 0x05d80000, 0x0a950000)
  eden space 7808K,   0% used [0x05400000, 0x05400000, 0x05ba0000)
  from space 960K,  56% used [0x05c90000, 0x05d182f0, 0x05d80000)
  to   space 960K,   0% used [0x05ba0000, 0x05ba0000, 0x05c90000)
 tenured generation   total 19308K, used 16215K [0x0a950000, 0x0bc2b000, 0x15400000)
   the space 19308K,  83% used [0x0a950000, 0x0b925dc0, 0x0b925e00, 0x0bc2b000)
 Metaspace       used 16052K, capacity 16442K, committed 16512K, reserved 16768K
}
Event: 44.464 GC heap before
{Heap before GC invocations=14 (full 1):
 def new generation   total 8768K, used 8352K [0x05400000, 0x05d80000, 0x0a950000)
  eden space 7808K, 100% used [0x05400000, 0x05ba0000, 0x05ba0000)
  from space 960K,  56% used [0x05c90000, 0x05d182f0, 0x05d80000)
  to   space 960K,   0% used [0x05ba0000, 0x05ba0000, 0x05c90000)
 tenured generation   total 19308K, used 16215K [0x0a950000, 0x0bc2b000, 0x15400000)
   the space 19308K,  83% used [0x0a950000, 0x0b925dc0, 0x0b925e00, 0x0bc2b000)
 Metaspace       used 16068K, capacity 16490K, committed 16512K, reserved 16768K
}
Event: 44.466 GC heap after
{Heap after GC invocations=15 (full 1):
 def new generation   total 8768K, used 782K [0x05400000, 0x05d80000, 0x0a950000)
  eden space 7808K,   0% used [0x05400000, 0x05400000, 0x05ba0000)
  from space 960K,  81% used [0x05ba0000, 0x05c63aa8, 0x05c90000)
  to   space 960K,   0% used [0x05c90000, 0x05c90000, 0x05d80000)
 tenured generation   total 19308K, used 17619K [0x0a950000, 0x0bc2b000, 0x15400000)
   the space 19308K,  91% used [0x0a950000, 0x0ba84db0, 0x0ba84e00, 0x0bc2b000)
 Metaspace       used 16068K, capacity 16490K, committed 16512K, reserved 16768K
}
Event: 44.526 GC heap before
{Heap before GC invocations=15 (full 1):
 def new generation   total 8768K, used 7943K [0x05400000, 0x05d80000, 0x0a950000)
  eden space 7808K,  91% used [0x05400000, 0x05afe200, 0x05ba0000)
  from space 960K,  81% used [0x05ba0000, 0x05c63aa8, 0x05c90000)
  to   space 960K,   0% used [0x05c90000, 0x05c90000, 0x05d80000)
 tenured generation   total 19308K, used 17619K [0x0a950000, 0x0bc2b000, 0x15400000)
   the space 19308K,  91% used [0x0a950000, 0x0ba84db0, 0x0ba84e00, 0x0bc2b000)
 Metaspace       used 16070K, capacity 16491K, committed 16512K, reserved 16768K
}
Event: 44.554 GC heap after
{Heap after GC invocations=16 (full 2):
 def new generation   total 17024K, used 0K [0x05400000, 0x06670000, 0x0a950000)
  eden space 15168K,   0% used [0x05400000, 0x05400000, 0x062d0000)
  from space 1856K,   0% used [0x062d0000, 0x062d0000, 0x064a0000)
  to   space 1856K,   0% used [0x064a0000, 0x064a0000, 0x06670000)
 tenured generation   total 37720K, used 22630K [0x0a950000, 0x0ce26000, 0x15400000)
   the space 37720K,  59% used [0x0a950000, 0x0bf69900, 0x0bf69a00, 0x0ce26000)
 Metaspace       used 15841K, capacity 16210K, committed 16512K, reserved 16768K
}

