# JRE version: OpenJDK Runtime Environment Temurin-11.0.21+9 (11.0.21+9) (build 11.0.21+9)
# Java VM: OpenJDK Client VM Temurin-11.0.21+9 (11.0.21+9, mixed mode, serial gc, windows-x86)
Heap:
 def new generation   total 16256K, used 11840K [0x04e00000, 0x05fa0000, 0x0a350000)
  eden space 14464K,  69% used [0x04e00000, 0x057d02d0, 0x05c20000)
  from space 1792K, 100% used [0x05de0000, 0x05fa0000, 0x05fa0000)
  to   space 1792K,   0% used [0x05c20000, 0x05c20000, 0x05de0000)
 tenured generation   total 35988K, used 28467K [0x0a350000, 0x0c675000, 0x14e00000)
   the space 35988K,  79% used [0x0a350000, 0x0bf1cfc8, 0x0bf1d000, 0x0c675000)
 Metaspace       used 14936K, capacity 15247K, committed 15360K, reserved 15744K
GC Heap History (20 events):
Event: 0.712 GC heap before
{Heap before GC invocations=4 (full 0):
 def new generation   total 4928K, used 4666K [0x04e00000, 0x05350000, 0x0a350000)
  eden space 4416K, 100% used [0x04e00000, 0x05250000, 0x05250000)
  from space 512K,  49% used [0x05250000, 0x0528ebe8, 0x052d0000)
  to   space 512K,   0% used [0x052d0000, 0x052d0000, 0x05350000)
 tenured generation   total 10944K, used 1738K [0x0a350000, 0x0ae00000, 0x14e00000)
   the space 10944K,  15% used [0x0a350000, 0x0a5029a0, 0x0a502a00, 0x0ae00000)
 Metaspace       used 7711K, capacity 7809K, committed 7936K, reserved 8576K
}
Event: 0.713 GC heap after
{Heap after GC invocations=5 (full 0):
 def new generation   total 4928K, used 427K [0x04e00000, 0x05350000, 0x0a350000)
  eden space 4416K,   0% used [0x04e00000, 0x04e00000, 0x05250000)
  from space 512K,  83% used [0x052d0000, 0x0533ad18, 0x05350000)
  to   space 512K,   0% used [0x05250000, 0x05250000, 0x052d0000)
 tenured generation   total 10944K, used 2186K [0x0a350000, 0x0ae00000, 0x14e00000)
   the space 10944K,  19% used [0x0a350000, 0x0a5729b0, 0x0a572a00, 0x0ae00000)
 Metaspace       used 7711K, capacity 7809K, committed 7936K, reserved 8576K
}
Event: 0.768 GC heap before
{Heap before GC invocations=5 (full 0):
 def new generation   total 4928K, used 4843K [0x04e00000, 0x05350000, 0x0a350000)
  eden space 4416K,  99% used [0x04e00000, 0x0524ff60, 0x05250000)
  from space 512K,  83% used [0x052d0000, 0x0533ad18, 0x05350000)
  to   space 512K,   0% used [0x05250000, 0x05250000, 0x052d0000)
 tenured generation   total 10944K, used 2186K [0x0a350000, 0x0ae00000, 0x14e00000)
   the space 10944K,  19% used [0x0a350000, 0x0a5729b0, 0x0a572a00, 0x0ae00000)
 Metaspace       used 8920K, capacity 9053K, committed 9088K, reserved 9600K
}
Event: 0.769 GC heap after
{Heap after GC invocations=6 (full 0):
 def new generation   total 4928K, used 512K [0x04e00000, 0x05350000, 0x0a350000)
  eden space 4416K,   0% used [0x04e00000, 0x04e00000, 0x05250000)
  from space 512K, 100% used [0x05250000, 0x052d0000, 0x052d0000)
  to   space 512K,   0% used [0x052d0000, 0x052d0000, 0x05350000)
 tenured generation   total 10944K, used 2650K [0x0a350000, 0x0ae00000, 0x14e00000)
   the space 10944K,  24% used [0x0a350000, 0x0a5e6a60, 0x0a5e6c00, 0x0ae00000)
 Metaspace       used 8920K, capacity 9053K, committed 9088K, reserved 9600K
}
Event: 0.828 GC heap before
{Heap before GC invocations=6 (full 0):
 def new generation   total 4928K, used 4907K [0x04e00000, 0x05350000, 0x0a350000)
  eden space 4416K,  99% used [0x04e00000, 0x0524ae20, 0x05250000)
  from space 512K, 100% used [0x05250000, 0x052d0000, 0x052d0000)
  to   space 512K,   0% used [0x052d0000, 0x052d0000, 0x05350000)
 tenured generation   total 10944K, used 2650K [0x0a350000, 0x0ae00000, 0x14e00000)
   the space 10944K,  24% used [0x0a350000, 0x0a5e6a60, 0x0a5e6c00, 0x0ae00000)
 Metaspace       used 10559K, capacity 10734K, committed 10752K, reserved 11648K
}
Event: 0.830 GC heap after
{Heap after GC invocations=7 (full 0):
 def new generation   total 4928K, used 512K [0x04e00000, 0x05350000, 0x0a350000)
  eden space 4416K,   0% used [0x04e00000, 0x04e00000, 0x05250000)
  from space 512K, 100% used [0x052d0000, 0x05350000, 0x05350000)
  to   space 512K,   0% used [0x05250000, 0x05250000, 0x052d0000)
 tenured generation   total 10944K, used 3680K [0x0a350000, 0x0ae00000, 0x14e00000)
   the space 10944K,  33% used [0x0a350000, 0x0a6e82c0, 0x0a6e8400, 0x0ae00000)
 Metaspace       used 10559K, capacity 10734K, committed 10752K, reserved 11648K
}
Event: 0.888 GC heap before
{Heap before GC invocations=7 (full 0):
 def new generation   total 4928K, used 4928K [0x04e00000, 0x05350000, 0x0a350000)
  eden space 4416K, 100% used [0x04e00000, 0x05250000, 0x05250000)
  from space 512K, 100% used [0x052d0000, 0x05350000, 0x05350000)
  to   space 512K,   0% used [0x05250000, 0x05250000, 0x052d0000)
 tenured generation   total 10944K, used 3680K [0x0a350000, 0x0ae00000, 0x14e00000)
   the space 10944K,  33% used [0x0a350000, 0x0a6e82c0, 0x0a6e8400, 0x0ae00000)
 Metaspace       used 11341K, capacity 11510K, committed 11520K, reserved 11648K
}
Event: 0.890 GC heap after
{Heap after GC invocations=8 (full 0):
 def new generation   total 4928K, used 512K [0x04e00000, 0x05350000, 0x0a350000)
  eden space 4416K,   0% used [0x04e00000, 0x04e00000, 0x05250000)
  from space 512K, 100% used [0x05250000, 0x052d0000, 0x052d0000)
  to   space 512K,   0% used [0x052d0000, 0x052d0000, 0x05350000)
 tenured generation   total 10944K, used 4177K [0x0a350000, 0x0ae00000, 0x14e00000)
   the space 10944K,  38% used [0x0a350000, 0x0a7644d0, 0x0a764600, 0x0ae00000)
 Metaspace       used 11341K, capacity 11510K, committed 11520K, reserved 11648K
}
Event: 0.956 GC heap before
{Heap before GC invocations=8 (full 0):
 def new generation   total 4928K, used 4928K [0x04e00000, 0x05350000, 0x0a350000)
  eden space 4416K, 100% used [0x04e00000, 0x05250000, 0x05250000)
  from space 512K, 100% used [0x05250000, 0x052d0000, 0x052d0000)
  to   space 512K,   0% used [0x052d0000, 0x052d0000, 0x05350000)
 tenured generation   total 10944K, used 10407K [0x0a350000, 0x0ae00000, 0x14e00000)
   the space 10944K,  95% used [0x0a350000, 0x0ad79ec8, 0x0ad7a000, 0x0ae00000)
 Metaspace       used 11812K, capacity 12008K, committed 12032K, reserved 12672K
}
Event: 0.964 GC heap after
{Heap after GC invocations=9 (full 1):
 def new generation   total 8576K, used 459K [0x04e00000, 0x05740000, 0x0a350000)
  eden space 7680K,   5% used [0x04e00000, 0x04e72e58, 0x05580000)
  from space 896K,   0% used [0x05580000, 0x05580000, 0x05660000)
  to   space 896K,   0% used [0x05660000, 0x05660000, 0x05740000)
 tenured generation   total 18880K, used 11327K [0x0a350000, 0x0b5c0000, 0x14e00000)
   the space 18880K,  59% used [0x0a350000, 0x0ae5fff0, 0x0ae60000, 0x0b5c0000)
 Metaspace       used 11812K, capacity 12008K, committed 12032K, reserved 12672K
}
Event: 1.109 GC heap before
{Heap before GC invocations=9 (full 1):
 def new generation   total 8576K, used 7680K [0x04e00000, 0x05740000, 0x0a350000)
  eden space 7680K, 100% used [0x04e00000, 0x05580000, 0x05580000)
  from space 896K,   0% used [0x05580000, 0x05580000, 0x05660000)
  to   space 896K,   0% used [0x05660000, 0x05660000, 0x05740000)
 tenured generation   total 18880K, used 11327K [0x0a350000, 0x0b5c0000, 0x14e00000)
   the space 18880K,  59% used [0x0a350000, 0x0ae5fff0, 0x0ae60000, 0x0b5c0000)
 Metaspace       used 12716K, capacity 12899K, committed 12928K, reserved 13696K
}
Event: 1.113 GC heap after
{Heap after GC invocations=10 (full 1):
 def new generation   total 8576K, used 896K [0x04e00000, 0x05740000, 0x0a350000)
  eden space 7680K,   0% used [0x04e00000, 0x04e00000, 0x05580000)
  from space 896K, 100% used [0x05660000, 0x05740000, 0x05740000)
  to   space 896K,   0% used [0x05580000, 0x05580000, 0x05660000)
 tenured generation   total 18880K, used 11711K [0x0a350000, 0x0b5c0000, 0x14e00000)
   the space 18880K,  62% used [0x0a350000, 0x0aebfee8, 0x0aec0000, 0x0b5c0000)
 Metaspace       used 12716K, capacity 12899K, committed 12928K, reserved 13696K
}
Event: 1.193 GC heap before
{Heap before GC invocations=10 (full 1):
 def new generation   total 8576K, used 8576K [0x04e00000, 0x05740000, 0x0a350000)
  eden space 7680K, 100% used [0x04e00000, 0x05580000, 0x05580000)
  from space 896K, 100% used [0x05660000, 0x05740000, 0x05740000)
  to   space 896K,   0% used [0x05580000, 0x05580000, 0x05660000)
 tenured generation   total 18880K, used 11711K [0x0a350000, 0x0b5c0000, 0x14e00000)
   the space 18880K,  62% used [0x0a350000, 0x0aebfee8, 0x0aec0000, 0x0b5c0000)
 Metaspace       used 13881K, capacity 14157K, committed 14208K, reserved 14720K
}
Event: 1.196 GC heap after
{Heap after GC invocations=11 (full 1):
 def new generation   total 8576K, used 565K [0x04e00000, 0x05740000, 0x0a350000)
  eden space 7680K,   0% used [0x04e00000, 0x04e00000, 0x05580000)
  from space 896K,  63% used [0x05580000, 0x0560d508, 0x05660000)
  to   space 896K,   0% used [0x05660000, 0x05660000, 0x05740000)
 tenured generation   total 18880K, used 12599K [0x0a350000, 0x0b5c0000, 0x14e00000)
   the space 18880K,  66% used [0x0a350000, 0x0af9df70, 0x0af9e000, 0x0b5c0000)
 Metaspace       used 13881K, capacity 14157K, committed 14208K, reserved 14720K
}
Event: 2.766 GC heap before
{Heap before GC invocations=11 (full 1):
 def new generation   total 8576K, used 8245K [0x04e00000, 0x05740000, 0x0a350000)
  eden space 7680K, 100% used [0x04e00000, 0x05580000, 0x05580000)
  from space 896K,  63% used [0x05580000, 0x0560d508, 0x05660000)
  to   space 896K,   0% used [0x05660000, 0x05660000, 0x05740000)
 tenured generation   total 18880K, used 12599K [0x0a350000, 0x0b5c0000, 0x14e00000)
   the space 18880K,  66% used [0x0a350000, 0x0af9df70, 0x0af9e000, 0x0b5c0000)
 Metaspace       used 14743K, capacity 15037K, committed 15104K, reserved 15744K
}
Event: 2.770 GC heap after
{Heap after GC invocations=12 (full 1):
 def new generation   total 8576K, used 896K [0x04e00000, 0x05740000, 0x0a350000)
  eden space 7680K,   0% used [0x04e00000, 0x04e00000, 0x05580000)
  from space 896K, 100% used [0x05660000, 0x05740000, 0x05740000)
  to   space 896K,   0% used [0x05580000, 0x05580000, 0x05660000)
 tenured generation   total 18880K, used 14330K [0x0a350000, 0x0b5c0000, 0x14e00000)
   the space 18880K,  75% used [0x0a350000, 0x0b14e928, 0x0b14ea00, 0x0b5c0000)
 Metaspace       used 14743K, capacity 15037K, committed 15104K, reserved 15744K
}
Event: 3.885 GC heap before
{Heap before GC invocations=12 (full 1):
 def new generation   total 8576K, used 8576K [0x04e00000, 0x05740000, 0x0a350000)
  eden space 7680K, 100% used [0x04e00000, 0x05580000, 0x05580000)
  from space 896K, 100% used [0x05660000, 0x05740000, 0x05740000)
  to   space 896K,   0% used [0x05580000, 0x05580000, 0x05660000)
 tenured generation   total 18880K, used 14330K [0x0a350000, 0x0b5c0000, 0x14e00000)
   the space 18880K,  75% used [0x0a350000, 0x0b14e928, 0x0b14ea00, 0x0b5c0000)
 Metaspace       used 14853K, capacity 15152K, committed 15232K, reserved 15744K
}
Event: 3.900 GC heap after
{Heap after GC invocations=13 (full 2):
 def new generation   total 16256K, used 0K [0x04e00000, 0x05fa0000, 0x0a350000)
  eden space 14464K,   0% used [0x04e00000, 0x04e00000, 0x05c20000)
  from space 1792K,   0% used [0x05c20000, 0x05c20000, 0x05de0000)
  to   space 1792K,   0% used [0x05de0000, 0x05de0000, 0x05fa0000)
 tenured generation   total 35988K, used 21590K [0x0a350000, 0x0c675000, 0x14e00000)
   the space 35988K,  59% used [0x0a350000, 0x0b865ae0, 0x0b865c00, 0x0c675000)
 Metaspace       used 14853K, capacity 15152K, committed 15232K, reserved 15744K
}
Event: 9.303 GC heap before
{Heap before GC invocations=13 (full 2):
 def new generation   total 16256K, used 14464K [0x04e00000, 0x05fa0000, 0x0a350000)
  eden space 14464K, 100% used [0x04e00000, 0x05c20000, 0x05c20000)
  from space 1792K,   0% used [0x05c20000, 0x05c20000, 0x05de0000)
  to   space 1792K,   0% used [0x05de0000, 0x05de0000, 0x05fa0000)
 tenured generation   total 35988K, used 21590K [0x0a350000, 0x0c675000, 0x14e00000)
   the space 35988K,  59% used [0x0a350000, 0x0b865ae0, 0x0b865c00, 0x0c675000)
 Metaspace       used 14902K, capacity 15214K, committed 15232K, reserved 15744K
}
Event: 9.309 GC heap after
{Heap after GC invocations=14 (full 2):
 def new generation   total 16256K, used 1792K [0x04e00000, 0x05fa0000, 0x0a350000)
  eden space 14464K,   0% used [0x04e00000, 0x04e00000, 0x05c20000)
  from space 1792K, 100% used [0x05de0000, 0x05fa0000, 0x05fa0000)
  to   space 1792K,   0% used [0x05c20000, 0x05c20000, 0x05de0000)
 tenured generation   total 35988K, used 28467K [0x0a350000, 0x0c675000, 0x14e00000)
   the space 35988K,  79% used [0x0a350000, 0x0bf1cfc8, 0x0bf1d000, 0x0c675000)
 Metaspace       used 14902K, capacity 15214K, committed 15232K, reserved 15744K
}

