# JRE version: OpenJDK Runtime Environment Temurin-11.0.21+9 (11.0.21+9) (build 11.0.21+9)
# Java VM: OpenJDK Client VM Temurin-11.0.21+9 (11.0.21+9, mixed mode, serial gc, windows-x86)
Heap:
 def new generation   total 20096K, used 10517K [0x05800000, 0x06dc0000, 0x0ad50000)
  eden space 17920K,  54% used [0x05800000, 0x06181648, 0x06980000)
  from space 2176K,  36% used [0x06980000, 0x06a43eb8, 0x06ba0000)
  to   space 2176K,   0% used [0x06ba0000, 0x06ba0000, 0x06dc0000)
 tenured generation   total 44456K, used 40298K [0x0ad50000, 0x0d8ba000, 0x15800000)
   the space 44456K,  90% used [0x0ad50000, 0x0d4aa8b8, 0x0d4aaa00, 0x0d8ba000)
 Metaspace       used 16410K, capacity 16827K, committed 17024K, reserved 17792K
GC Heap History (20 events):
Event: 90.772 GC heap before
{Heap before GC invocations=25 (full 2):
 def new generation   total 12672K, used 12671K [0x05800000, 0x065c0000, 0x0ad50000)
  eden space 11264K, 100% used [0x05800000, 0x06300000, 0x06300000)
  from space 1408K,  99% used [0x06460000, 0x065bfff8, 0x065c0000)
  to   space 1408K,   0% used [0x06300000, 0x06300000, 0x06460000)
 tenured generation   total 28056K, used 21656K [0x0ad50000, 0x0c8b6000, 0x15800000)
   the space 28056K,  77% used [0x0ad50000, 0x0c276230, 0x0c276400, 0x0c8b6000)
 Metaspace       used 16380K, capacity 16788K, committed 17024K, reserved 17792K
}
Event: 90.779 GC heap after
{Heap after GC invocations=26 (full 2):
 def new generation   total 12672K, used 1408K [0x05800000, 0x065c0000, 0x0ad50000)
  eden space 11264K,   0% used [0x05800000, 0x05800000, 0x06300000)
  from space 1408K, 100% used [0x06300000, 0x06460000, 0x06460000)
  to   space 1408K,   0% used [0x06460000, 0x06460000, 0x065c0000)
 tenured generation   total 28056K, used 24352K [0x0ad50000, 0x0c8b6000, 0x15800000)
   the space 28056K,  86% used [0x0ad50000, 0x0c5182b0, 0x0c518400, 0x0c8b6000)
 Metaspace       used 16380K, capacity 16788K, committed 17024K, reserved 17792K
}
Event: 94.835 GC heap before
{Heap before GC invocations=26 (full 2):
 def new generation   total 12672K, used 12672K [0x05800000, 0x065c0000, 0x0ad50000)
  eden space 11264K, 100% used [0x05800000, 0x06300000, 0x06300000)
  from space 1408K, 100% used [0x06300000, 0x06460000, 0x06460000)
  to   space 1408K,   0% used [0x06460000, 0x06460000, 0x065c0000)
 tenured generation   total 28056K, used 24352K [0x0ad50000, 0x0c8b6000, 0x15800000)
   the space 28056K,  86% used [0x0ad50000, 0x0c5182b0, 0x0c518400, 0x0c8b6000)
 Metaspace       used 16387K, capacity 16790K, committed 17024K, reserved 17792K
}
Event: 94.841 GC heap after
{Heap after GC invocations=27 (full 2):
 def new generation   total 12672K, used 1407K [0x05800000, 0x065c0000, 0x0ad50000)
  eden space 11264K,   0% used [0x05800000, 0x05800000, 0x06300000)
  from space 1408K,  99% used [0x06460000, 0x065bfff8, 0x065c0000)
  to   space 1408K,   0% used [0x06300000, 0x06300000, 0x06460000)
 tenured generation   total 28056K, used 26334K [0x0ad50000, 0x0c8b6000, 0x15800000)
   the space 28056K,  93% used [0x0ad50000, 0x0c7079d0, 0x0c707a00, 0x0c8b6000)
 Metaspace       used 16387K, capacity 16790K, committed 17024K, reserved 17792K
}
Event: 148.425 GC heap before
{Heap before GC invocations=27 (full 2):
 def new generation   total 12672K, used 12671K [0x05800000, 0x065c0000, 0x0ad50000)
  eden space 11264K, 100% used [0x05800000, 0x06300000, 0x06300000)
  from space 1408K,  99% used [0x06460000, 0x065bfff8, 0x065c0000)
  to   space 1408K,   0% used [0x06300000, 0x06300000, 0x06460000)
 tenured generation   total 28056K, used 26334K [0x0ad50000, 0x0c8b6000, 0x15800000)
   the space 28056K,  93% used [0x0ad50000, 0x0c7079d0, 0x0c707a00, 0x0c8b6000)
 Metaspace       used 16398K, capacity 16795K, committed 17024K, reserved 17792K
}
Event: 148.429 GC heap after
{Heap after GC invocations=28 (full 2):
 def new generation   total 12672K, used 769K [0x05800000, 0x065c0000, 0x0ad50000)
  eden space 11264K,   0% used [0x05800000, 0x05800000, 0x06300000)
  from space 1408K,  54% used [0x06300000, 0x063c0630, 0x06460000)
  to   space 1408K,   0% used [0x06460000, 0x06460000, 0x065c0000)
 tenured generation   total 28056K, used 27578K [0x0ad50000, 0x0c8b6000, 0x15800000)
   the space 28056K,  98% used [0x0ad50000, 0x0c83eb78, 0x0c83ec00, 0x0c8b6000)
 Metaspace       used 16398K, capacity 16795K, committed 17024K, reserved 17792K
}
Event: 161.053 GC heap before
{Heap before GC invocations=28 (full 2):
 def new generation   total 12672K, used 12033K [0x05800000, 0x065c0000, 0x0ad50000)
  eden space 11264K, 100% used [0x05800000, 0x06300000, 0x06300000)
  from space 1408K,  54% used [0x06300000, 0x063c0630, 0x06460000)
  to   space 1408K,   0% used [0x06460000, 0x06460000, 0x065c0000)
 tenured generation   total 28056K, used 27578K [0x0ad50000, 0x0c8b6000, 0x15800000)
   the space 28056K,  98% used [0x0ad50000, 0x0c83eb78, 0x0c83ec00, 0x0c8b6000)
 Metaspace       used 16407K, capacity 16831K, committed 17024K, reserved 17792K
}
Event: 161.086 GC heap after
{Heap after GC invocations=29 (full 3):
 def new generation   total 20096K, used 0K [0x05800000, 0x06dc0000, 0x0ad50000)
  eden space 17920K,   0% used [0x05800000, 0x05800000, 0x06980000)
  from space 2176K,   0% used [0x06980000, 0x06980000, 0x06ba0000)
  to   space 2176K,   0% used [0x06ba0000, 0x06ba0000, 0x06dc0000)
 tenured generation   total 44456K, used 26671K [0x0ad50000, 0x0d8ba000, 0x15800000)
   the space 44456K,  59% used [0x0ad50000, 0x0c75bea8, 0x0c75c000, 0x0d8ba000)
 Metaspace       used 16334K, capacity 16742K, committed 17024K, reserved 17792K
}
Event: 208.098 GC heap before
{Heap before GC invocations=29 (full 3):
 def new generation   total 20096K, used 17920K [0x05800000, 0x06dc0000, 0x0ad50000)
  eden space 17920K, 100% used [0x05800000, 0x06980000, 0x06980000)
  from space 2176K,   0% used [0x06980000, 0x06980000, 0x06ba0000)
  to   space 2176K,   0% used [0x06ba0000, 0x06ba0000, 0x06dc0000)
 tenured generation   total 44456K, used 26671K [0x0ad50000, 0x0d8ba000, 0x15800000)
   the space 44456K,  59% used [0x0ad50000, 0x0c75bea8, 0x0c75c000, 0x0d8ba000)
 Metaspace       used 16341K, capacity 16742K, committed 17024K, reserved 17792K
}
Event: 208.102 GC heap after
{Heap after GC invocations=30 (full 3):
 def new generation   total 20096K, used 2018K [0x05800000, 0x06dc0000, 0x0ad50000)
  eden space 17920K,   0% used [0x05800000, 0x05800000, 0x06980000)
  from space 2176K,  92% used [0x06ba0000, 0x06d98ba8, 0x06dc0000)
  to   space 2176K,   0% used [0x06980000, 0x06980000, 0x06ba0000)
 tenured generation   total 44456K, used 26671K [0x0ad50000, 0x0d8ba000, 0x15800000)
   the space 44456K,  59% used [0x0ad50000, 0x0c75bea8, 0x0c75c000, 0x0d8ba000)
 Metaspace       used 16341K, capacity 16742K, committed 17024K, reserved 17792K
}
Event: 226.934 GC heap before
{Heap before GC invocations=30 (full 3):
 def new generation   total 20096K, used 19938K [0x05800000, 0x06dc0000, 0x0ad50000)
  eden space 17920K, 100% used [0x05800000, 0x06980000, 0x06980000)
  from space 2176K,  92% used [0x06ba0000, 0x06d98ba8, 0x06dc0000)
  to   space 2176K,   0% used [0x06980000, 0x06980000, 0x06ba0000)
 tenured generation   total 44456K, used 26671K [0x0ad50000, 0x0d8ba000, 0x15800000)
   the space 44456K,  59% used [0x0ad50000, 0x0c75bea8, 0x0c75c000, 0x0d8ba000)
 Metaspace       used 16356K, capacity 16756K, committed 17024K, reserved 17792K
}
Event: 226.940 GC heap after
{Heap after GC invocations=31 (full 3):
 def new generation   total 20096K, used 2175K [0x05800000, 0x06dc0000, 0x0ad50000)
  eden space 17920K,   0% used [0x05800000, 0x05800000, 0x06980000)
  from space 2176K,  99% used [0x06980000, 0x06b9fff8, 0x06ba0000)
  to   space 2176K,   0% used [0x06ba0000, 0x06ba0000, 0x06dc0000)
 tenured generation   total 44456K, used 29154K [0x0ad50000, 0x0d8ba000, 0x15800000)
   the space 44456K,  65% used [0x0ad50000, 0x0c9c8a90, 0x0c9c8c00, 0x0d8ba000)
 Metaspace       used 16356K, capacity 16756K, committed 17024K, reserved 17792K
}
Event: 260.563 GC heap before
{Heap before GC invocations=31 (full 3):
 def new generation   total 20096K, used 20095K [0x05800000, 0x06dc0000, 0x0ad50000)
  eden space 17920K, 100% used [0x05800000, 0x06980000, 0x06980000)
  from space 2176K,  99% used [0x06980000, 0x06b9fff8, 0x06ba0000)
  to   space 2176K,   0% used [0x06ba0000, 0x06ba0000, 0x06dc0000)
 tenured generation   total 44456K, used 29154K [0x0ad50000, 0x0d8ba000, 0x15800000)
   the space 44456K,  65% used [0x0ad50000, 0x0c9c8a90, 0x0c9c8c00, 0x0d8ba000)
 Metaspace       used 16371K, capacity 16761K, committed 17024K, reserved 17792K
}
Event: 260.570 GC heap after
{Heap after GC invocations=32 (full 3):
 def new generation   total 20096K, used 2175K [0x05800000, 0x06dc0000, 0x0ad50000)
  eden space 17920K,   0% used [0x05800000, 0x05800000, 0x06980000)
  from space 2176K,  99% used [0x06ba0000, 0x06dbfff8, 0x06dc0000)
  to   space 2176K,   0% used [0x06980000, 0x06980000, 0x06ba0000)
 tenured generation   total 44456K, used 32208K [0x0ad50000, 0x0d8ba000, 0x15800000)
   the space 44456K,  72% used [0x0ad50000, 0x0ccc40f0, 0x0ccc4200, 0x0d8ba000)
 Metaspace       used 16371K, capacity 16761K, committed 17024K, reserved 17792K
}
Event: 267.337 GC heap before
{Heap before GC invocations=32 (full 3):
 def new generation   total 20096K, used 20095K [0x05800000, 0x06dc0000, 0x0ad50000)
  eden space 17920K, 100% used [0x05800000, 0x06980000, 0x06980000)
  from space 2176K,  99% used [0x06ba0000, 0x06dbfff8, 0x06dc0000)
  to   space 2176K,   0% used [0x06980000, 0x06980000, 0x06ba0000)
 tenured generation   total 44456K, used 32208K [0x0ad50000, 0x0d8ba000, 0x15800000)
   the space 44456K,  72% used [0x0ad50000, 0x0ccc40f0, 0x0ccc4200, 0x0d8ba000)
 Metaspace       used 16374K, capacity 16764K, committed 17024K, reserved 17792K
}
Event: 267.344 GC heap after
{Heap after GC invocations=33 (full 3):
 def new generation   total 20096K, used 2176K [0x05800000, 0x06dc0000, 0x0ad50000)
  eden space 17920K,   0% used [0x05800000, 0x05800000, 0x06980000)
  from space 2176K, 100% used [0x06980000, 0x06ba0000, 0x06ba0000)
  to   space 2176K,   0% used [0x06ba0000, 0x06ba0000, 0x06dc0000)
 tenured generation   total 44456K, used 35846K [0x0ad50000, 0x0d8ba000, 0x15800000)
   the space 44456K,  80% used [0x0ad50000, 0x0d051880, 0x0d051a00, 0x0d8ba000)
 Metaspace       used 16374K, capacity 16764K, committed 17024K, reserved 17792K
}
Event: 283.172 GC heap before
{Heap before GC invocations=33 (full 3):
 def new generation   total 20096K, used 20096K [0x05800000, 0x06dc0000, 0x0ad50000)
  eden space 17920K, 100% used [0x05800000, 0x06980000, 0x06980000)
  from space 2176K, 100% used [0x06980000, 0x06ba0000, 0x06ba0000)
  to   space 2176K,   0% used [0x06ba0000, 0x06ba0000, 0x06dc0000)
 tenured generation   total 44456K, used 35846K [0x0ad50000, 0x0d8ba000, 0x15800000)
   the space 44456K,  80% used [0x0ad50000, 0x0d051880, 0x0d051a00, 0x0d8ba000)
 Metaspace       used 16379K, capacity 16764K, committed 17024K, reserved 17792K
}
Event: 283.178 GC heap after
{Heap after GC invocations=34 (full 3):
 def new generation   total 20096K, used 2175K [0x05800000, 0x06dc0000, 0x0ad50000)
  eden space 17920K,   0% used [0x05800000, 0x05800000, 0x06980000)
  from space 2176K,  99% used [0x06ba0000, 0x06dbfff8, 0x06dc0000)
  to   space 2176K,   0% used [0x06980000, 0x06980000, 0x06ba0000)
 tenured generation   total 44456K, used 38300K [0x0ad50000, 0x0d8ba000, 0x15800000)
   the space 44456K,  86% used [0x0ad50000, 0x0d2b72f8, 0x0d2b7400, 0x0d8ba000)
 Metaspace       used 16379K, capacity 16764K, committed 17024K, reserved 17792K
}
Event: 303.774 GC heap before
{Heap before GC invocations=34 (full 3):
 def new generation   total 20096K, used 15489K [0x05800000, 0x06dc0000, 0x0ad50000)
  eden space 17920K,  74% used [0x05800000, 0x06500480, 0x06980000)
  from space 2176K,  99% used [0x06ba0000, 0x06dbfff8, 0x06dc0000)
  to   space 2176K,   0% used [0x06980000, 0x06980000, 0x06ba0000)
 tenured generation   total 44456K, used 38300K [0x0ad50000, 0x0d8ba000, 0x15800000)
   the space 44456K,  86% used [0x0ad50000, 0x0d2b72f8, 0x0d2b7400, 0x0d8ba000)
 Metaspace       used 16386K, capacity 16800K, committed 17024K, reserved 17792K
}
Event: 303.782 GC heap after
{Heap after GC invocations=35 (full 3):
 def new generation   total 20096K, used 783K [0x05800000, 0x06dc0000, 0x0ad50000)
  eden space 17920K,   0% used [0x05800000, 0x05800000, 0x06980000)
  from space 2176K,  36% used [0x06980000, 0x06a43eb8, 0x06ba0000)
  to   space 2176K,   0% used [0x06ba0000, 0x06ba0000, 0x06dc0000)
 tenured generation   total 44456K, used 40298K [0x0ad50000, 0x0d8ba000, 0x15800000)
   the space 44456K,  90% used [0x0ad50000, 0x0d4aa8b8, 0x0d4aaa00, 0x0d8ba000)
 Metaspace       used 16386K, capacity 16800K, committed 17024K, reserved 17792K
}

