# JRE version: OpenJDK Runtime Environment Temurin-11.0.21+9 (11.0.21+9) (build 11.0.21+9)
# Java VM: OpenJDK Client VM Temurin-11.0.21+9 (11.0.21+9, mixed mode, serial gc, windows-x86)
Heap:
 def new generation   total 16704K, used 1941K [0x05400000, 0x06610000, 0x0a950000)
  eden space 14912K,  13% used [0x05400000, 0x055e5428, 0x06290000)
  from space 1792K,   0% used [0x06290000, 0x06290000, 0x06450000)
  to   space 1792K,   0% used [0x06450000, 0x06450000, 0x06610000)
 tenured generation   total 36916K, used 22148K [0x0a950000, 0x0cd5d000, 0x15400000)
   the space 36916K,  59% used [0x0a950000, 0x0bef10c0, 0x0bef1200, 0x0cd5d000)
 Metaspace       used 15867K, capacity 16237K, committed 16512K, reserved 16768K
GC Heap History (20 events):
Event: 0.583 GC heap before
{Heap before GC invocations=6 (full 0):
 def new generation   total 4928K, used 4912K [0x05400000, 0x05950000, 0x0a950000)
  eden space 4416K,  99% used [0x05400000, 0x0584c248, 0x05850000)
  from space 512K, 100% used [0x05850000, 0x058d0000, 0x058d0000)
  to   space 512K,   0% used [0x058d0000, 0x058d0000, 0x05950000)
 tenured generation   total 10944K, used 2933K [0x0a950000, 0x0b400000, 0x15400000)
   the space 10944K,  26% used [0x0a950000, 0x0ac2d680, 0x0ac2d800, 0x0b400000)
 Metaspace       used 10560K, capacity 10734K, committed 10752K, reserved 11648K
}
Event: 0.585 GC heap after
{Heap after GC invocations=7 (full 0):
 def new generation   total 4928K, used 512K [0x05400000, 0x05950000, 0x0a950000)
  eden space 4416K,   0% used [0x05400000, 0x05400000, 0x05850000)
  from space 512K, 100% used [0x058d0000, 0x05950000, 0x05950000)
  to   space 512K,   0% used [0x05850000, 0x05850000, 0x058d0000)
 tenured generation   total 10944K, used 3987K [0x0a950000, 0x0b400000, 0x15400000)
   the space 10944K,  36% used [0x0a950000, 0x0ad34e68, 0x0ad35000, 0x0b400000)
 Metaspace       used 10560K, capacity 10734K, committed 10752K, reserved 11648K
}
Event: 0.628 GC heap before
{Heap before GC invocations=7 (full 0):
 def new generation   total 4928K, used 4927K [0x05400000, 0x05950000, 0x0a950000)
  eden space 4416K,  99% used [0x05400000, 0x0584fff8, 0x05850000)
  from space 512K, 100% used [0x058d0000, 0x05950000, 0x05950000)
  to   space 512K,   0% used [0x05850000, 0x05850000, 0x058d0000)
 tenured generation   total 10944K, used 3987K [0x0a950000, 0x0b400000, 0x15400000)
   the space 10944K,  36% used [0x0a950000, 0x0ad34e68, 0x0ad35000, 0x0b400000)
 Metaspace       used 11344K, capacity 11510K, committed 11520K, reserved 11648K
}
Event: 0.630 GC heap after
{Heap after GC invocations=8 (full 0):
 def new generation   total 4928K, used 512K [0x05400000, 0x05950000, 0x0a950000)
  eden space 4416K,   0% used [0x05400000, 0x05400000, 0x05850000)
  from space 512K, 100% used [0x05850000, 0x058d0000, 0x058d0000)
  to   space 512K,   0% used [0x058d0000, 0x058d0000, 0x05950000)
 tenured generation   total 10944K, used 4484K [0x0a950000, 0x0b400000, 0x15400000)
   the space 10944K,  40% used [0x0a950000, 0x0adb1028, 0x0adb1200, 0x0b400000)
 Metaspace       used 11344K, capacity 11510K, committed 11520K, reserved 11648K
}
Event: 0.693 GC heap before
{Heap before GC invocations=8 (full 0):
 def new generation   total 4928K, used 4928K [0x05400000, 0x05950000, 0x0a950000)
  eden space 4416K, 100% used [0x05400000, 0x05850000, 0x05850000)
  from space 512K, 100% used [0x05850000, 0x058d0000, 0x058d0000)
  to   space 512K,   0% used [0x058d0000, 0x058d0000, 0x05950000)
 tenured generation   total 10944K, used 10714K [0x0a950000, 0x0b400000, 0x15400000)
   the space 10944K,  97% used [0x0a950000, 0x0b3c6a20, 0x0b3c6c00, 0x0b400000)
 Metaspace       used 11812K, capacity 12008K, committed 12032K, reserved 12672K
}
Event: 0.702 GC heap after
{Heap after GC invocations=9 (full 1):
 def new generation   total 8832K, used 391K [0x05400000, 0x05d90000, 0x0a950000)
  eden space 7872K,   4% used [0x05400000, 0x05461de0, 0x05bb0000)
  from space 960K,   0% used [0x05bb0000, 0x05bb0000, 0x05ca0000)
  to   space 960K,   0% used [0x05ca0000, 0x05ca0000, 0x05d90000)
 tenured generation   total 19520K, used 11712K [0x0a950000, 0x0bc60000, 0x15400000)
   the space 19520K,  60% used [0x0a950000, 0x0b4c0000, 0x0b4c0000, 0x0bc60000)
 Metaspace       used 11812K, capacity 12008K, committed 12032K, reserved 12672K
}
Event: 0.805 GC heap before
{Heap before GC invocations=9 (full 1):
 def new generation   total 8832K, used 7866K [0x05400000, 0x05d90000, 0x0a950000)
  eden space 7872K,  99% used [0x05400000, 0x05bae938, 0x05bb0000)
  from space 960K,   0% used [0x05bb0000, 0x05bb0000, 0x05ca0000)
  to   space 960K,   0% used [0x05ca0000, 0x05ca0000, 0x05d90000)
 tenured generation   total 19520K, used 11712K [0x0a950000, 0x0bc60000, 0x15400000)
   the space 19520K,  60% used [0x0a950000, 0x0b4c0000, 0x0b4c0000, 0x0bc60000)
 Metaspace       used 12749K, capacity 12931K, committed 13056K, reserved 13696K
}
Event: 0.809 GC heap after
{Heap after GC invocations=10 (full 1):
 def new generation   total 8832K, used 960K [0x05400000, 0x05d90000, 0x0a950000)
  eden space 7872K,   0% used [0x05400000, 0x05400000, 0x05bb0000)
  from space 960K, 100% used [0x05ca0000, 0x05d90000, 0x05d90000)
  to   space 960K,   0% used [0x05bb0000, 0x05bb0000, 0x05ca0000)
 tenured generation   total 19520K, used 12005K [0x0a950000, 0x0bc60000, 0x15400000)
   the space 19520K,  61% used [0x0a950000, 0x0b5094c0, 0x0b509600, 0x0bc60000)
 Metaspace       used 12749K, capacity 12931K, committed 13056K, reserved 13696K
}
Event: 0.894 GC heap before
{Heap before GC invocations=10 (full 1):
 def new generation   total 8832K, used 8832K [0x05400000, 0x05d90000, 0x0a950000)
  eden space 7872K, 100% used [0x05400000, 0x05bb0000, 0x05bb0000)
  from space 960K, 100% used [0x05ca0000, 0x05d90000, 0x05d90000)
  to   space 960K,   0% used [0x05bb0000, 0x05bb0000, 0x05ca0000)
 tenured generation   total 19520K, used 12005K [0x0a950000, 0x0bc60000, 0x15400000)
   the space 19520K,  61% used [0x0a950000, 0x0b5094c0, 0x0b509600, 0x0bc60000)
 Metaspace       used 14012K, capacity 14291K, committed 14336K, reserved 14720K
}
Event: 0.899 GC heap after
{Heap after GC invocations=11 (full 1):
 def new generation   total 8832K, used 634K [0x05400000, 0x05d90000, 0x0a950000)
  eden space 7872K,   0% used [0x05400000, 0x05400000, 0x05bb0000)
  from space 960K,  66% used [0x05bb0000, 0x05c4eb38, 0x05ca0000)
  to   space 960K,   0% used [0x05ca0000, 0x05ca0000, 0x05d90000)
 tenured generation   total 19520K, used 12921K [0x0a950000, 0x0bc60000, 0x15400000)
   the space 19520K,  66% used [0x0a950000, 0x0b5ee660, 0x0b5ee800, 0x0bc60000)
 Metaspace       used 14012K, capacity 14291K, committed 14336K, reserved 14720K
}
Event: 2.386 GC heap before
{Heap before GC invocations=11 (full 1):
 def new generation   total 8832K, used 8506K [0x05400000, 0x05d90000, 0x0a950000)
  eden space 7872K, 100% used [0x05400000, 0x05bb0000, 0x05bb0000)
  from space 960K,  66% used [0x05bb0000, 0x05c4eb38, 0x05ca0000)
  to   space 960K,   0% used [0x05ca0000, 0x05ca0000, 0x05d90000)
 tenured generation   total 19520K, used 12921K [0x0a950000, 0x0bc60000, 0x15400000)
   the space 19520K,  66% used [0x0a950000, 0x0b5ee660, 0x0b5ee800, 0x0bc60000)
 Metaspace       used 14846K, capacity 15155K, committed 15232K, reserved 15744K
}
Event: 2.391 GC heap after
{Heap after GC invocations=12 (full 1):
 def new generation   total 8832K, used 960K [0x05400000, 0x05d90000, 0x0a950000)
  eden space 7872K,   0% used [0x05400000, 0x05400000, 0x05bb0000)
  from space 960K, 100% used [0x05ca0000, 0x05d90000, 0x05d90000)
  to   space 960K,   0% used [0x05bb0000, 0x05bb0000, 0x05ca0000)
 tenured generation   total 19520K, used 14634K [0x0a950000, 0x0bc60000, 0x15400000)
   the space 19520K,  74% used [0x0a950000, 0x0b79a830, 0x0b79aa00, 0x0bc60000)
 Metaspace       used 14846K, capacity 15155K, committed 15232K, reserved 15744K
}
Event: 3.146 GC heap before
{Heap before GC invocations=12 (full 1):
 def new generation   total 8832K, used 8832K [0x05400000, 0x05d90000, 0x0a950000)
  eden space 7872K, 100% used [0x05400000, 0x05bb0000, 0x05bb0000)
  from space 960K, 100% used [0x05ca0000, 0x05d90000, 0x05d90000)
  to   space 960K,   0% used [0x05bb0000, 0x05bb0000, 0x05ca0000)
 tenured generation   total 19520K, used 14634K [0x0a950000, 0x0bc60000, 0x15400000)
   the space 19520K,  74% used [0x0a950000, 0x0b79a830, 0x0b79aa00, 0x0bc60000)
 Metaspace       used 15905K, capacity 16302K, committed 16384K, reserved 16768K
}
Event: 3.149 GC heap after
{Heap after GC invocations=13 (full 1):
 def new generation   total 8832K, used 719K [0x05400000, 0x05d90000, 0x0a950000)
  eden space 7872K,   0% used [0x05400000, 0x05400000, 0x05bb0000)
  from space 960K,  74% used [0x05bb0000, 0x05c63e48, 0x05ca0000)
  to   space 960K,   0% used [0x05ca0000, 0x05ca0000, 0x05d90000)
 tenured generation   total 19520K, used 15585K [0x0a950000, 0x0bc60000, 0x15400000)
   the space 19520K,  79% used [0x0a950000, 0x0b888668, 0x0b888800, 0x0bc60000)
 Metaspace       used 15905K, capacity 16302K, committed 16384K, reserved 16768K
}
Event: 14.603 GC heap before
{Heap before GC invocations=13 (full 1):
 def new generation   total 8832K, used 8591K [0x05400000, 0x05d90000, 0x0a950000)
  eden space 7872K, 100% used [0x05400000, 0x05bb0000, 0x05bb0000)
  from space 960K,  74% used [0x05bb0000, 0x05c63e48, 0x05ca0000)
  to   space 960K,   0% used [0x05ca0000, 0x05ca0000, 0x05d90000)
 tenured generation   total 19520K, used 15585K [0x0a950000, 0x0bc60000, 0x15400000)
   the space 19520K,  79% used [0x0a950000, 0x0b888668, 0x0b888800, 0x0bc60000)
 Metaspace       used 16054K, capacity 16443K, committed 16512K, reserved 16768K
}
Event: 14.605 GC heap after
{Heap after GC invocations=14 (full 1):
 def new generation   total 8832K, used 507K [0x05400000, 0x05d90000, 0x0a950000)
  eden space 7872K,   0% used [0x05400000, 0x05400000, 0x05bb0000)
  from space 960K,  52% used [0x05ca0000, 0x05d1ec88, 0x05d90000)
  to   space 960K,   0% used [0x05bb0000, 0x05bb0000, 0x05ca0000)
 tenured generation   total 19520K, used 16285K [0x0a950000, 0x0bc60000, 0x15400000)
   the space 19520K,  83% used [0x0a950000, 0x0b937540, 0x0b937600, 0x0bc60000)
 Metaspace       used 16054K, capacity 16443K, committed 16512K, reserved 16768K
}
Event: 29.595 GC heap before
{Heap before GC invocations=14 (full 1):
 def new generation   total 8832K, used 6954K [0x05400000, 0x05d90000, 0x0a950000)
  eden space 7872K,  81% used [0x05400000, 0x05a4bca8, 0x05bb0000)
  from space 960K,  52% used [0x05ca0000, 0x05d1ec88, 0x05d90000)
  to   space 960K,   0% used [0x05bb0000, 0x05bb0000, 0x05ca0000)
 tenured generation   total 19520K, used 16285K [0x0a950000, 0x0bc60000, 0x15400000)
   the space 19520K,  83% used [0x0a950000, 0x0b937540, 0x0b937600, 0x0bc60000)
 Metaspace       used 16067K, capacity 16490K, committed 16512K, reserved 16768K
}
Event: 29.596 GC heap after
{Heap after GC invocations=15 (full 1):
 def new generation   total 8832K, used 260K [0x05400000, 0x05d90000, 0x0a950000)
  eden space 7872K,   0% used [0x05400000, 0x05400000, 0x05bb0000)
  from space 960K,  27% used [0x05bb0000, 0x05bf1168, 0x05ca0000)
  to   space 960K,   0% used [0x05ca0000, 0x05ca0000, 0x05d90000)
 tenured generation   total 19520K, used 16523K [0x0a950000, 0x0bc60000, 0x15400000)
   the space 19520K,  84% used [0x0a950000, 0x0b972e78, 0x0b973000, 0x0bc60000)
 Metaspace       used 16067K, capacity 16490K, committed 16512K, reserved 16768K
}
Event: 29.661 GC heap before
{Heap before GC invocations=15 (full 1):
 def new generation   total 8832K, used 7358K [0x05400000, 0x05d90000, 0x0a950000)
  eden space 7872K,  90% used [0x05400000, 0x05aee6c0, 0x05bb0000)
  from space 960K,  27% used [0x05bb0000, 0x05bf1168, 0x05ca0000)
  to   space 960K,   0% used [0x05ca0000, 0x05ca0000, 0x05d90000)
 tenured generation   total 19520K, used 16523K [0x0a950000, 0x0bc60000, 0x15400000)
   the space 19520K,  84% used [0x0a950000, 0x0b972e78, 0x0b973000, 0x0bc60000)
 Metaspace       used 16069K, capacity 16491K, committed 16512K, reserved 16768K
}
Event: 29.687 GC heap after
{Heap after GC invocations=16 (full 2):
 def new generation   total 16704K, used 0K [0x05400000, 0x06610000, 0x0a950000)
  eden space 14912K,   0% used [0x05400000, 0x05400000, 0x06290000)
  from space 1792K,   0% used [0x06290000, 0x06290000, 0x06450000)
  to   space 1792K,   0% used [0x06450000, 0x06450000, 0x06610000)
 tenured generation   total 36916K, used 22148K [0x0a950000, 0x0cd5d000, 0x15400000)
   the space 36916K,  59% used [0x0a950000, 0x0bef10c0, 0x0bef1200, 0x0cd5d000)
 Metaspace       used 15840K, capacity 16210K, committed 16512K, reserved 16768K
}

