# JRE version: OpenJDK Runtime Environment Temurin-11.0.21+9 (11.0.21+9) (build 11.0.21+9)
# Java VM: OpenJDK Client VM Temurin-11.0.21+9 (11.0.21+9, mixed mode, serial gc, windows-x86)
Heap:
 def new generation   total 18688K, used 2978K [0x05600000, 0x06a40000, 0x0ab50000)
  eden space 16640K,  17% used [0x05600000, 0x058e89a8, 0x06640000)
  from space 2048K,   0% used [0x06640000, 0x06640000, 0x06840000)
  to   space 2048K,   0% used [0x06840000, 0x06840000, 0x06a40000)
 tenured generation   total 41336K, used 24799K [0x0ab50000, 0x0d3ae000, 0x15600000)
   the space 41336K,  59% used [0x0ab50000, 0x0c387da8, 0x0c387e00, 0x0d3ae000)
 Metaspace       used 16022K, capacity 16385K, committed 16768K, reserved 16768K
GC Heap History (20 events):
Event: 0.587 GC heap before
{Heap before GC invocations=6 (full 0):
 def new generation   total 4928K, used 4920K [0x05600000, 0x05b50000, 0x0ab50000)
  eden space 4416K,  99% used [0x05600000, 0x05a4e260, 0x05a50000)
  from space 512K, 100% used [0x05a50000, 0x05ad0000, 0x05ad0000)
  to   space 512K,   0% used [0x05ad0000, 0x05ad0000, 0x05b50000)
 tenured generation   total 10944K, used 2948K [0x0ab50000, 0x0b600000, 0x15600000)
   the space 10944K,  26% used [0x0ab50000, 0x0ae310d8, 0x0ae31200, 0x0b600000)
 Metaspace       used 10561K, capacity 10734K, committed 10752K, reserved 11648K
}
Event: 0.589 GC heap after
{Heap after GC invocations=7 (full 0):
 def new generation   total 4928K, used 512K [0x05600000, 0x05b50000, 0x0ab50000)
  eden space 4416K,   0% used [0x05600000, 0x05600000, 0x05a50000)
  from space 512K, 100% used [0x05ad0000, 0x05b50000, 0x05b50000)
  to   space 512K,   0% used [0x05a50000, 0x05a50000, 0x05ad0000)
 tenured generation   total 10944K, used 3986K [0x0ab50000, 0x0b600000, 0x15600000)
   the space 10944K,  36% used [0x0ab50000, 0x0af348a0, 0x0af34a00, 0x0b600000)
 Metaspace       used 10561K, capacity 10734K, committed 10752K, reserved 11648K
}
Event: 0.635 GC heap before
{Heap before GC invocations=7 (full 0):
 def new generation   total 4928K, used 4928K [0x05600000, 0x05b50000, 0x0ab50000)
  eden space 4416K, 100% used [0x05600000, 0x05a50000, 0x05a50000)
  from space 512K, 100% used [0x05ad0000, 0x05b50000, 0x05b50000)
  to   space 512K,   0% used [0x05a50000, 0x05a50000, 0x05ad0000)
 tenured generation   total 10944K, used 3986K [0x0ab50000, 0x0b600000, 0x15600000)
   the space 10944K,  36% used [0x0ab50000, 0x0af348a0, 0x0af34a00, 0x0b600000)
 Metaspace       used 11343K, capacity 11510K, committed 11520K, reserved 11648K
}
Event: 0.637 GC heap after
{Heap after GC invocations=8 (full 0):
 def new generation   total 4928K, used 512K [0x05600000, 0x05b50000, 0x0ab50000)
  eden space 4416K,   0% used [0x05600000, 0x05600000, 0x05a50000)
  from space 512K, 100% used [0x05a50000, 0x05ad0000, 0x05ad0000)
  to   space 512K,   0% used [0x05ad0000, 0x05ad0000, 0x05b50000)
 tenured generation   total 10944K, used 4482K [0x0ab50000, 0x0b600000, 0x15600000)
   the space 10944K,  40% used [0x0ab50000, 0x0afb0988, 0x0afb0a00, 0x0b600000)
 Metaspace       used 11343K, capacity 11510K, committed 11520K, reserved 11648K
}
Event: 0.703 GC heap before
{Heap before GC invocations=8 (full 0):
 def new generation   total 4928K, used 4928K [0x05600000, 0x05b50000, 0x0ab50000)
  eden space 4416K, 100% used [0x05600000, 0x05a50000, 0x05a50000)
  from space 512K, 100% used [0x05a50000, 0x05ad0000, 0x05ad0000)
  to   space 512K,   0% used [0x05ad0000, 0x05ad0000, 0x05b50000)
 tenured generation   total 10944K, used 10712K [0x0ab50000, 0x0b600000, 0x15600000)
   the space 10944K,  97% used [0x0ab50000, 0x0b5c6380, 0x0b5c6400, 0x0b600000)
 Metaspace       used 11814K, capacity 12008K, committed 12032K, reserved 12672K
}
Event: 0.712 GC heap after
{Heap after GC invocations=9 (full 1):
 def new generation   total 8768K, used 510K [0x05600000, 0x05f80000, 0x0ab50000)
  eden space 7808K,   6% used [0x05600000, 0x0567f908, 0x05da0000)
  from space 960K,   0% used [0x05da0000, 0x05da0000, 0x05e90000)
  to   space 960K,   0% used [0x05e90000, 0x05e90000, 0x05f80000)
 tenured generation   total 19308K, used 11583K [0x0ab50000, 0x0be2b000, 0x15600000)
   the space 19308K,  59% used [0x0ab50000, 0x0b69fff0, 0x0b6a0000, 0x0be2b000)
 Metaspace       used 11814K, capacity 12008K, committed 12032K, reserved 12672K
}
Event: 0.819 GC heap before
{Heap before GC invocations=9 (full 1):
 def new generation   total 8768K, used 7808K [0x05600000, 0x05f80000, 0x0ab50000)
  eden space 7808K, 100% used [0x05600000, 0x05da0000, 0x05da0000)
  from space 960K,   0% used [0x05da0000, 0x05da0000, 0x05e90000)
  to   space 960K,   0% used [0x05e90000, 0x05e90000, 0x05f80000)
 tenured generation   total 19308K, used 11583K [0x0ab50000, 0x0be2b000, 0x15600000)
   the space 19308K,  59% used [0x0ab50000, 0x0b69fff0, 0x0b6a0000, 0x0be2b000)
 Metaspace       used 12727K, capacity 12899K, committed 12928K, reserved 13696K
}
Event: 0.823 GC heap after
{Heap after GC invocations=10 (full 1):
 def new generation   total 8768K, used 960K [0x05600000, 0x05f80000, 0x0ab50000)
  eden space 7808K,   0% used [0x05600000, 0x05600000, 0x05da0000)
  from space 960K, 100% used [0x05e90000, 0x05f80000, 0x05f80000)
  to   space 960K,   0% used [0x05da0000, 0x05da0000, 0x05e90000)
 tenured generation   total 19308K, used 11949K [0x0ab50000, 0x0be2b000, 0x15600000)
   the space 19308K,  61% used [0x0ab50000, 0x0b6fb748, 0x0b6fb800, 0x0be2b000)
 Metaspace       used 12727K, capacity 12899K, committed 12928K, reserved 13696K
}
Event: 0.903 GC heap before
{Heap before GC invocations=10 (full 1):
 def new generation   total 8768K, used 8705K [0x05600000, 0x05f80000, 0x0ab50000)
  eden space 7808K,  99% used [0x05600000, 0x05d904f8, 0x05da0000)
  from space 960K, 100% used [0x05e90000, 0x05f80000, 0x05f80000)
  to   space 960K,   0% used [0x05da0000, 0x05da0000, 0x05e90000)
 tenured generation   total 19308K, used 11949K [0x0ab50000, 0x0be2b000, 0x15600000)
   the space 19308K,  61% used [0x0ab50000, 0x0b6fb748, 0x0b6fb800, 0x0be2b000)
 Metaspace       used 13960K, capacity 14253K, committed 14336K, reserved 14720K
}
Event: 0.908 GC heap after
{Heap after GC invocations=11 (full 1):
 def new generation   total 8768K, used 596K [0x05600000, 0x05f80000, 0x0ab50000)
  eden space 7808K,   0% used [0x05600000, 0x05600000, 0x05da0000)
  from space 960K,  62% used [0x05da0000, 0x05e351d8, 0x05e90000)
  to   space 960K,   0% used [0x05e90000, 0x05e90000, 0x05f80000)
 tenured generation   total 19308K, used 12900K [0x0ab50000, 0x0be2b000, 0x15600000)
   the space 19308K,  66% used [0x0ab50000, 0x0b7e90a0, 0x0b7e9200, 0x0be2b000)
 Metaspace       used 13960K, capacity 14253K, committed 14336K, reserved 14720K
}
Event: 2.034 GC heap before
{Heap before GC invocations=11 (full 1):
 def new generation   total 8768K, used 8400K [0x05600000, 0x05f80000, 0x0ab50000)
  eden space 7808K,  99% used [0x05600000, 0x05d9f168, 0x05da0000)
  from space 960K,  62% used [0x05da0000, 0x05e351d8, 0x05e90000)
  to   space 960K,   0% used [0x05e90000, 0x05e90000, 0x05f80000)
 tenured generation   total 19308K, used 12900K [0x0ab50000, 0x0be2b000, 0x15600000)
   the space 19308K,  66% used [0x0ab50000, 0x0b7e90a0, 0x0b7e9200, 0x0be2b000)
 Metaspace       used 14777K, capacity 15084K, committed 15104K, reserved 15744K
}
Event: 2.039 GC heap after
{Heap after GC invocations=12 (full 1):
 def new generation   total 8768K, used 960K [0x05600000, 0x05f80000, 0x0ab50000)
  eden space 7808K,   0% used [0x05600000, 0x05600000, 0x05da0000)
  from space 960K, 100% used [0x05e90000, 0x05f80000, 0x05f80000)
  to   space 960K,   0% used [0x05da0000, 0x05da0000, 0x05e90000)
 tenured generation   total 19308K, used 14577K [0x0ab50000, 0x0be2b000, 0x15600000)
   the space 19308K,  75% used [0x0ab50000, 0x0b98c748, 0x0b98c800, 0x0be2b000)
 Metaspace       used 14777K, capacity 15084K, committed 15104K, reserved 15744K
}
Event: 2.985 GC heap before
{Heap before GC invocations=12 (full 1):
 def new generation   total 8768K, used 8768K [0x05600000, 0x05f80000, 0x0ab50000)
  eden space 7808K, 100% used [0x05600000, 0x05da0000, 0x05da0000)
  from space 960K, 100% used [0x05e90000, 0x05f80000, 0x05f80000)
  to   space 960K,   0% used [0x05da0000, 0x05da0000, 0x05e90000)
 tenured generation   total 19308K, used 14577K [0x0ab50000, 0x0be2b000, 0x15600000)
   the space 19308K,  75% used [0x0ab50000, 0x0b98c748, 0x0b98c800, 0x0be2b000)
 Metaspace       used 15851K, capacity 16259K, committed 16384K, reserved 16768K
}
Event: 2.988 GC heap after
{Heap after GC invocations=13 (full 1):
 def new generation   total 8768K, used 686K [0x05600000, 0x05f80000, 0x0ab50000)
  eden space 7808K,   0% used [0x05600000, 0x05600000, 0x05da0000)
  from space 960K,  71% used [0x05da0000, 0x05e4bbb0, 0x05e90000)
  to   space 960K,   0% used [0x05e90000, 0x05e90000, 0x05f80000)
 tenured generation   total 19308K, used 15527K [0x0ab50000, 0x0be2b000, 0x15600000)
   the space 19308K,  80% used [0x0ab50000, 0x0ba79f50, 0x0ba7a000, 0x0be2b000)
 Metaspace       used 15851K, capacity 16259K, committed 16384K, reserved 16768K
}
Event: 10.856 GC heap before
{Heap before GC invocations=13 (full 1):
 def new generation   total 8768K, used 8494K [0x05600000, 0x05f80000, 0x0ab50000)
  eden space 7808K, 100% used [0x05600000, 0x05da0000, 0x05da0000)
  from space 960K,  71% used [0x05da0000, 0x05e4bbb0, 0x05e90000)
  to   space 960K,   0% used [0x05e90000, 0x05e90000, 0x05f80000)
 tenured generation   total 19308K, used 15527K [0x0ab50000, 0x0be2b000, 0x15600000)
   the space 19308K,  80% used [0x0ab50000, 0x0ba79f50, 0x0ba7a000, 0x0be2b000)
 Metaspace       used 16160K, capacity 16584K, committed 16640K, reserved 16768K
}
Event: 10.859 GC heap after
{Heap after GC invocations=14 (full 1):
 def new generation   total 8768K, used 641K [0x05600000, 0x05f80000, 0x0ab50000)
  eden space 7808K,   0% used [0x05600000, 0x05600000, 0x05da0000)
  from space 960K,  66% used [0x05e90000, 0x05f304a8, 0x05f80000)
  to   space 960K,   0% used [0x05da0000, 0x05da0000, 0x05e90000)
 tenured generation   total 19308K, used 16196K [0x0ab50000, 0x0be2b000, 0x15600000)
   the space 19308K,  83% used [0x0ab50000, 0x0bb21018, 0x0bb21200, 0x0be2b000)
 Metaspace       used 16160K, capacity 16584K, committed 16640K, reserved 16768K
}
Event: 14.733 GC heap before
{Heap before GC invocations=14 (full 1):
 def new generation   total 8768K, used 8449K [0x05600000, 0x05f80000, 0x0ab50000)
  eden space 7808K, 100% used [0x05600000, 0x05da0000, 0x05da0000)
  from space 960K,  66% used [0x05e90000, 0x05f304a8, 0x05f80000)
  to   space 960K,   0% used [0x05da0000, 0x05da0000, 0x05e90000)
 tenured generation   total 19308K, used 16196K [0x0ab50000, 0x0be2b000, 0x15600000)
   the space 19308K,  83% used [0x0ab50000, 0x0bb21018, 0x0bb21200, 0x0be2b000)
 Metaspace       used 16245K, capacity 16666K, committed 16768K, reserved 16768K
}
Event: 14.737 GC heap after
{Heap after GC invocations=15 (full 1):
 def new generation   total 8768K, used 960K [0x05600000, 0x05f80000, 0x0ab50000)
  eden space 7808K,   0% used [0x05600000, 0x05600000, 0x05da0000)
  from space 960K, 100% used [0x05da0000, 0x05e90000, 0x05e90000)
  to   space 960K,   0% used [0x05e90000, 0x05e90000, 0x05f80000)
 tenured generation   total 19308K, used 17571K [0x0ab50000, 0x0be2b000, 0x15600000)
   the space 19308K,  91% used [0x0ab50000, 0x0bc78ee8, 0x0bc79000, 0x0be2b000)
 Metaspace       used 16245K, capacity 16666K, committed 16768K, reserved 16768K
}
Event: 16.057 GC heap before
{Heap before GC invocations=15 (full 1):
 def new generation   total 8768K, used 8768K [0x05600000, 0x05f80000, 0x0ab50000)
  eden space 7808K, 100% used [0x05600000, 0x05da0000, 0x05da0000)
  from space 960K, 100% used [0x05da0000, 0x05e90000, 0x05e90000)
  to   space 960K,   0% used [0x05e90000, 0x05e90000, 0x05f80000)
 tenured generation   total 19308K, used 17571K [0x0ab50000, 0x0be2b000, 0x15600000)
   the space 19308K,  91% used [0x0ab50000, 0x0bc78ee8, 0x0bc79000, 0x0be2b000)
 Metaspace       used 16258K, capacity 16681K, committed 16768K, reserved 16768K
}
Event: 16.080 GC heap after
{Heap after GC invocations=16 (full 2):
 def new generation   total 18688K, used 0K [0x05600000, 0x06a40000, 0x0ab50000)
  eden space 16640K,   0% used [0x05600000, 0x05600000, 0x06640000)
  from space 2048K,   0% used [0x06640000, 0x06640000, 0x06840000)
  to   space 2048K,   0% used [0x06840000, 0x06840000, 0x06a40000)
 tenured generation   total 41336K, used 24799K [0x0ab50000, 0x0d3ae000, 0x15600000)
   the space 41336K,  59% used [0x0ab50000, 0x0c387da8, 0x0c387e00, 0x0d3ae000)
 Metaspace       used 15993K, capacity 16357K, committed 16768K, reserved 16768K
}

