# JRE version: OpenJDK Runtime Environment Temurin-11.0.21+9 (11.0.21+9) (build 11.0.21+9)
# Java VM: OpenJDK Client VM Temurin-11.0.21+9 (11.0.21+9, mixed mode, serial gc, windows-x86)
Heap:
 def new generation   total 16320K, used 14370K [0x04a00000, 0x05bb0000, 0x09f50000)
  eden space 14528K,  98% used [0x04a00000, 0x05808a28, 0x05830000)
  from space 1792K,   0% used [0x05830000, 0x05830000, 0x059f0000)
  to   space 1792K,   0% used [0x059f0000, 0x059f0000, 0x05bb0000)
 tenured generation   total 36088K, used 21651K [0x09f50000, 0x0c28e000, 0x14a00000)
   the space 36088K,  59% used [0x09f50000, 0x0b474fe0, 0x0b475000, 0x0c28e000)
 Metaspace       used 14923K, capacity 15230K, committed 15232K, reserved 15744K
GC Heap History (20 events):
Event: 0.443 GC heap before
{Heap before GC invocations=3 (full 0):
 def new generation   total 4928K, used 4793K [0x04a00000, 0x04f50000, 0x09f50000)
  eden space 4416K, 100% used [0x04a00000, 0x04e50000, 0x04e50000)
  from space 512K,  73% used [0x04ed0000, 0x04f2e7c0, 0x04f50000)
  to   space 512K,   0% used [0x04e50000, 0x04e50000, 0x04ed0000)
 tenured generation   total 10944K, used 1456K [0x09f50000, 0x0aa00000, 0x14a00000)
   the space 10944K,  13% used [0x09f50000, 0x0a0bc048, 0x0a0bc200, 0x0aa00000)
 Metaspace       used 6595K, capacity 6670K, committed 6784K, reserved 7552K
}
Event: 0.444 GC heap after
{Heap after GC invocations=4 (full 0):
 def new generation   total 4928K, used 227K [0x04a00000, 0x04f50000, 0x09f50000)
  eden space 4416K,   0% used [0x04a00000, 0x04a00000, 0x04e50000)
  from space 512K,  44% used [0x04e50000, 0x04e88c48, 0x04ed0000)
  to   space 512K,   0% used [0x04ed0000, 0x04ed0000, 0x04f50000)
 tenured generation   total 10944K, used 1814K [0x09f50000, 0x0aa00000, 0x14a00000)
   the space 10944K,  16% used [0x09f50000, 0x0a115b98, 0x0a115c00, 0x0aa00000)
 Metaspace       used 6595K, capacity 6670K, committed 6784K, reserved 7552K
}
Event: 0.483 GC heap before
{Heap before GC invocations=4 (full 0):
 def new generation   total 4928K, used 4580K [0x04a00000, 0x04f50000, 0x09f50000)
  eden space 4416K,  98% used [0x04a00000, 0x04e40458, 0x04e50000)
  from space 512K,  44% used [0x04e50000, 0x04e88c48, 0x04ed0000)
  to   space 512K,   0% used [0x04ed0000, 0x04ed0000, 0x04f50000)
 tenured generation   total 10944K, used 1814K [0x09f50000, 0x0aa00000, 0x14a00000)
   the space 10944K,  16% used [0x09f50000, 0x0a115b98, 0x0a115c00, 0x0aa00000)
 Metaspace       used 7648K, capacity 7777K, committed 7808K, reserved 8576K
}
Event: 0.484 GC heap after
{Heap after GC invocations=5 (full 0):
 def new generation   total 4928K, used 493K [0x04a00000, 0x04f50000, 0x09f50000)
  eden space 4416K,   0% used [0x04a00000, 0x04a00000, 0x04e50000)
  from space 512K,  96% used [0x04ed0000, 0x04f4b600, 0x04f50000)
  to   space 512K,   0% used [0x04e50000, 0x04e50000, 0x04ed0000)
 tenured generation   total 10944K, used 2262K [0x09f50000, 0x0aa00000, 0x14a00000)
   the space 10944K,  20% used [0x09f50000, 0x0a185ba8, 0x0a185c00, 0x0aa00000)
 Metaspace       used 7648K, capacity 7777K, committed 7808K, reserved 8576K
}
Event: 0.524 GC heap before
{Heap before GC invocations=5 (full 0):
 def new generation   total 4928K, used 4903K [0x04a00000, 0x04f50000, 0x09f50000)
  eden space 4416K,  99% used [0x04a00000, 0x04e4e6b0, 0x04e50000)
  from space 512K,  96% used [0x04ed0000, 0x04f4b600, 0x04f50000)
  to   space 512K,   0% used [0x04e50000, 0x04e50000, 0x04ed0000)
 tenured generation   total 10944K, used 2262K [0x09f50000, 0x0aa00000, 0x14a00000)
   the space 10944K,  20% used [0x09f50000, 0x0a185ba8, 0x0a185c00, 0x0aa00000)
 Metaspace       used 8867K, capacity 8989K, committed 9088K, reserved 9600K
}
Event: 0.525 GC heap after
{Heap after GC invocations=6 (full 0):
 def new generation   total 4928K, used 512K [0x04a00000, 0x04f50000, 0x09f50000)
  eden space 4416K,   0% used [0x04a00000, 0x04a00000, 0x04e50000)
  from space 512K, 100% used [0x04e50000, 0x04ed0000, 0x04ed0000)
  to   space 512K,   0% used [0x04ed0000, 0x04ed0000, 0x04f50000)
 tenured generation   total 10944K, used 2800K [0x09f50000, 0x0aa00000, 0x14a00000)
   the space 10944K,  25% used [0x09f50000, 0x0a20c2b8, 0x0a20c400, 0x0aa00000)
 Metaspace       used 8867K, capacity 8989K, committed 9088K, reserved 9600K
}
Event: 0.577 GC heap before
{Heap before GC invocations=6 (full 0):
 def new generation   total 4928K, used 4928K [0x04a00000, 0x04f50000, 0x09f50000)
  eden space 4416K, 100% used [0x04a00000, 0x04e50000, 0x04e50000)
  from space 512K, 100% used [0x04e50000, 0x04ed0000, 0x04ed0000)
  to   space 512K,   0% used [0x04ed0000, 0x04ed0000, 0x04f50000)
 tenured generation   total 10944K, used 2800K [0x09f50000, 0x0aa00000, 0x14a00000)
   the space 10944K,  25% used [0x09f50000, 0x0a20c2b8, 0x0a20c400, 0x0aa00000)
 Metaspace       used 10557K, capacity 10734K, committed 10752K, reserved 11648K
}
Event: 0.579 GC heap after
{Heap after GC invocations=7 (full 0):
 def new generation   total 4928K, used 512K [0x04a00000, 0x04f50000, 0x09f50000)
  eden space 4416K,   0% used [0x04a00000, 0x04a00000, 0x04e50000)
  from space 512K, 100% used [0x04ed0000, 0x04f50000, 0x04f50000)
  to   space 512K,   0% used [0x04e50000, 0x04e50000, 0x04ed0000)
 tenured generation   total 10944K, used 3689K [0x09f50000, 0x0aa00000, 0x14a00000)
   the space 10944K,  33% used [0x09f50000, 0x0a2ea6c0, 0x0a2ea800, 0x0aa00000)
 Metaspace       used 10557K, capacity 10734K, committed 10752K, reserved 11648K
}
Event: 0.621 GC heap before
{Heap before GC invocations=7 (full 0):
 def new generation   total 4928K, used 4928K [0x04a00000, 0x04f50000, 0x09f50000)
  eden space 4416K, 100% used [0x04a00000, 0x04e50000, 0x04e50000)
  from space 512K, 100% used [0x04ed0000, 0x04f50000, 0x04f50000)
  to   space 512K,   0% used [0x04e50000, 0x04e50000, 0x04ed0000)
 tenured generation   total 10944K, used 3689K [0x09f50000, 0x0aa00000, 0x14a00000)
   the space 10944K,  33% used [0x09f50000, 0x0a2ea6c0, 0x0a2ea800, 0x0aa00000)
 Metaspace       used 11343K, capacity 11510K, committed 11520K, reserved 11648K
}
Event: 0.623 GC heap after
{Heap after GC invocations=8 (full 0):
 def new generation   total 4928K, used 511K [0x04a00000, 0x04f50000, 0x09f50000)
  eden space 4416K,   0% used [0x04a00000, 0x04a00000, 0x04e50000)
  from space 512K,  99% used [0x04e50000, 0x04ecfd78, 0x04ed0000)
  to   space 512K,   0% used [0x04ed0000, 0x04ed0000, 0x04f50000)
 tenured generation   total 10944K, used 4196K [0x09f50000, 0x0aa00000, 0x14a00000)
   the space 10944K,  38% used [0x09f50000, 0x0a369270, 0x0a369400, 0x0aa00000)
 Metaspace       used 11343K, capacity 11510K, committed 11520K, reserved 11648K
}
Event: 0.685 GC heap before
{Heap before GC invocations=8 (full 0):
 def new generation   total 4928K, used 4927K [0x04a00000, 0x04f50000, 0x09f50000)
  eden space 4416K, 100% used [0x04a00000, 0x04e50000, 0x04e50000)
  from space 512K,  99% used [0x04e50000, 0x04ecfd78, 0x04ed0000)
  to   space 512K,   0% used [0x04ed0000, 0x04ed0000, 0x04f50000)
 tenured generation   total 10944K, used 10427K [0x09f50000, 0x0aa00000, 0x14a00000)
   the space 10944K,  95% used [0x09f50000, 0x0a97ec68, 0x0a97ee00, 0x0aa00000)
 Metaspace       used 11792K, capacity 11976K, committed 12032K, reserved 12672K
}
Event: 0.694 GC heap after
{Heap after GC invocations=9 (full 1):
 def new generation   total 8640K, used 405K [0x04a00000, 0x05360000, 0x09f50000)
  eden space 7680K,   5% used [0x04a00000, 0x04a654c0, 0x05180000)
  from space 960K,   0% used [0x05180000, 0x05180000, 0x05270000)
  to   space 960K,   0% used [0x05270000, 0x05270000, 0x05360000)
 tenured generation   total 19096K, used 11455K [0x09f50000, 0x0b1f6000, 0x14a00000)
   the space 19096K,  59% used [0x09f50000, 0x0aa7fff8, 0x0aa80000, 0x0b1f6000)
 Metaspace       used 11792K, capacity 11976K, committed 12032K, reserved 12672K
}
Event: 0.793 GC heap before
{Heap before GC invocations=9 (full 1):
 def new generation   total 8640K, used 7680K [0x04a00000, 0x05360000, 0x09f50000)
  eden space 7680K, 100% used [0x04a00000, 0x05180000, 0x05180000)
  from space 960K,   0% used [0x05180000, 0x05180000, 0x05270000)
  to   space 960K,   0% used [0x05270000, 0x05270000, 0x05360000)
 tenured generation   total 19096K, used 11455K [0x09f50000, 0x0b1f6000, 0x14a00000)
   the space 19096K,  59% used [0x09f50000, 0x0aa7fff8, 0x0aa80000, 0x0b1f6000)
 Metaspace       used 12712K, capacity 12899K, committed 12928K, reserved 13696K
}
Event: 0.797 GC heap after
{Heap after GC invocations=10 (full 1):
 def new generation   total 8640K, used 960K [0x04a00000, 0x05360000, 0x09f50000)
  eden space 7680K,   0% used [0x04a00000, 0x04a00000, 0x05180000)
  from space 960K, 100% used [0x05270000, 0x05360000, 0x05360000)
  to   space 960K,   0% used [0x05180000, 0x05180000, 0x05270000)
 tenured generation   total 19096K, used 11717K [0x09f50000, 0x0b1f6000, 0x14a00000)
   the space 19096K,  61% used [0x09f50000, 0x0aac16c8, 0x0aac1800, 0x0b1f6000)
 Metaspace       used 12712K, capacity 12899K, committed 12928K, reserved 13696K
}
Event: 0.865 GC heap before
{Heap before GC invocations=10 (full 1):
 def new generation   total 8640K, used 8640K [0x04a00000, 0x05360000, 0x09f50000)
  eden space 7680K, 100% used [0x04a00000, 0x05180000, 0x05180000)
  from space 960K, 100% used [0x05270000, 0x05360000, 0x05360000)
  to   space 960K,   0% used [0x05180000, 0x05180000, 0x05270000)
 tenured generation   total 19096K, used 11717K [0x09f50000, 0x0b1f6000, 0x14a00000)
   the space 19096K,  61% used [0x09f50000, 0x0aac16c8, 0x0aac1800, 0x0b1f6000)
 Metaspace       used 13882K, capacity 14157K, committed 14208K, reserved 14720K
}
Event: 0.868 GC heap after
{Heap after GC invocations=11 (full 1):
 def new generation   total 8640K, used 556K [0x04a00000, 0x05360000, 0x09f50000)
  eden space 7680K,   0% used [0x04a00000, 0x04a00000, 0x05180000)
  from space 960K,  57% used [0x05180000, 0x0520b1b0, 0x05270000)
  to   space 960K,   0% used [0x05270000, 0x05270000, 0x05360000)
 tenured generation   total 19096K, used 12671K [0x09f50000, 0x0b1f6000, 0x14a00000)
   the space 19096K,  66% used [0x09f50000, 0x0abafcd8, 0x0abafe00, 0x0b1f6000)
 Metaspace       used 13882K, capacity 14157K, committed 14208K, reserved 14720K
}
Event: 1.965 GC heap before
{Heap before GC invocations=11 (full 1):
 def new generation   total 8640K, used 8236K [0x04a00000, 0x05360000, 0x09f50000)
  eden space 7680K, 100% used [0x04a00000, 0x05180000, 0x05180000)
  from space 960K,  57% used [0x05180000, 0x0520b1b0, 0x05270000)
  to   space 960K,   0% used [0x05270000, 0x05270000, 0x05360000)
 tenured generation   total 19096K, used 12671K [0x09f50000, 0x0b1f6000, 0x14a00000)
   the space 19096K,  66% used [0x09f50000, 0x0abafcd8, 0x0abafe00, 0x0b1f6000)
 Metaspace       used 14744K, capacity 15037K, committed 15104K, reserved 15744K
}
Event: 1.969 GC heap after
{Heap after GC invocations=12 (full 1):
 def new generation   total 8640K, used 960K [0x04a00000, 0x05360000, 0x09f50000)
  eden space 7680K,   0% used [0x04a00000, 0x04a00000, 0x05180000)
  from space 960K, 100% used [0x05270000, 0x05360000, 0x05360000)
  to   space 960K,   0% used [0x05180000, 0x05180000, 0x05270000)
 tenured generation   total 19096K, used 14357K [0x09f50000, 0x0b1f6000, 0x14a00000)
   the space 19096K,  75% used [0x09f50000, 0x0ad55620, 0x0ad55800, 0x0b1f6000)
 Metaspace       used 14744K, capacity 15037K, committed 15104K, reserved 15744K
}
Event: 3.076 GC heap before
{Heap before GC invocations=12 (full 1):
 def new generation   total 8640K, used 8640K [0x04a00000, 0x05360000, 0x09f50000)
  eden space 7680K, 100% used [0x04a00000, 0x05180000, 0x05180000)
  from space 960K, 100% used [0x05270000, 0x05360000, 0x05360000)
  to   space 960K,   0% used [0x05180000, 0x05180000, 0x05270000)
 tenured generation   total 19096K, used 14357K [0x09f50000, 0x0b1f6000, 0x14a00000)
   the space 19096K,  75% used [0x09f50000, 0x0ad55620, 0x0ad55800, 0x0b1f6000)
 Metaspace       used 14854K, capacity 15152K, committed 15232K, reserved 15744K
}
Event: 3.091 GC heap after
{Heap after GC invocations=13 (full 2):
 def new generation   total 16320K, used 0K [0x04a00000, 0x05bb0000, 0x09f50000)
  eden space 14528K,   0% used [0x04a00000, 0x04a00000, 0x05830000)
  from space 1792K,   0% used [0x05830000, 0x05830000, 0x059f0000)
  to   space 1792K,   0% used [0x059f0000, 0x059f0000, 0x05bb0000)
 tenured generation   total 36088K, used 21651K [0x09f50000, 0x0c28e000, 0x14a00000)
   the space 36088K,  59% used [0x09f50000, 0x0b474fe0, 0x0b475000, 0x0c28e000)
 Metaspace       used 14854K, capacity 15152K, committed 15232K, reserved 15744K
}

