# JRE version: OpenJDK Runtime Environment Temurin-11.0.21+9 (11.0.21+9) (build 11.0.21+9)
# Java VM: OpenJDK Client VM Temurin-11.0.21+9 (11.0.21+9, mixed mode, serial gc, windows-x86)
Heap:
 def new generation   total 17920K, used 2002K [0x05a00000, 0x06d70000, 0x0af50000)
  eden space 15936K,  12% used [0x05a00000, 0x05bf4b10, 0x06990000)
  from space 1984K,   0% used [0x06990000, 0x06990000, 0x06b80000)
  to   space 1984K,   0% used [0x06b80000, 0x06b80000, 0x06d70000)
 tenured generation   total 39716K, used 23829K [0x0af50000, 0x0d619000, 0x15a00000)
   the space 39716K,  59% used [0x0af50000, 0x0c695648, 0x0c695800, 0x0d619000)
 Metaspace       used 16030K, capacity 16385K, committed 16768K, reserved 16768K
GC Heap History (20 events):
Event: 0.710 GC heap before
{Heap before GC invocations=7 (full 0):
 def new generation   total 4928K, used 4928K [0x05a00000, 0x05f50000, 0x0af50000)
  eden space 4416K, 100% used [0x05a00000, 0x05e50000, 0x05e50000)
  from space 512K, 100% used [0x05ed0000, 0x05f50000, 0x05f50000)
  to   space 512K,   0% used [0x05e50000, 0x05e50000, 0x05ed0000)
 tenured generation   total 10944K, used 3989K [0x0af50000, 0x0ba00000, 0x15a00000)
   the space 10944K,  36% used [0x0af50000, 0x0b3356d0, 0x0b335800, 0x0ba00000)
 Metaspace       used 11344K, capacity 11510K, committed 11520K, reserved 11648K
}
Event: 0.711 GC heap after
{Heap after GC invocations=8 (full 0):
 def new generation   total 4928K, used 512K [0x05a00000, 0x05f50000, 0x0af50000)
  eden space 4416K,   0% used [0x05a00000, 0x05a00000, 0x05e50000)
  from space 512K, 100% used [0x05e50000, 0x05ed0000, 0x05ed0000)
  to   space 512K,   0% used [0x05ed0000, 0x05ed0000, 0x05f50000)
 tenured generation   total 10944K, used 4486K [0x0af50000, 0x0ba00000, 0x15a00000)
   the space 10944K,  40% used [0x0af50000, 0x0b3b18b8, 0x0b3b1a00, 0x0ba00000)
 Metaspace       used 11344K, capacity 11510K, committed 11520K, reserved 11648K
}
Event: 0.780 GC heap before
{Heap before GC invocations=8 (full 0):
 def new generation   total 4928K, used 4928K [0x05a00000, 0x05f50000, 0x0af50000)
  eden space 4416K, 100% used [0x05a00000, 0x05e50000, 0x05e50000)
  from space 512K, 100% used [0x05e50000, 0x05ed0000, 0x05ed0000)
  to   space 512K,   0% used [0x05ed0000, 0x05ed0000, 0x05f50000)
 tenured generation   total 10944K, used 10716K [0x0af50000, 0x0ba00000, 0x15a00000)
   the space 10944K,  97% used [0x0af50000, 0x0b9c72b0, 0x0b9c7400, 0x0ba00000)
 Metaspace       used 11815K, capacity 12008K, committed 12032K, reserved 12672K
}
Event: 0.789 GC heap after
{Heap after GC invocations=9 (full 1):
 def new generation   total 8832K, used 385K [0x05a00000, 0x06390000, 0x0af50000)
  eden space 7872K,   4% used [0x05a00000, 0x05a60790, 0x061b0000)
  from space 960K,   0% used [0x061b0000, 0x061b0000, 0x062a0000)
  to   space 960K,   0% used [0x062a0000, 0x062a0000, 0x06390000)
 tenured generation   total 19520K, used 11711K [0x0af50000, 0x0c260000, 0x15a00000)
   the space 19520K,  59% used [0x0af50000, 0x0babffe0, 0x0bac0000, 0x0c260000)
 Metaspace       used 11815K, capacity 12008K, committed 12032K, reserved 12672K
}
Event: 0.896 GC heap before
{Heap before GC invocations=9 (full 1):
 def new generation   total 8832K, used 7872K [0x05a00000, 0x06390000, 0x0af50000)
  eden space 7872K, 100% used [0x05a00000, 0x061b0000, 0x061b0000)
  from space 960K,   0% used [0x061b0000, 0x061b0000, 0x062a0000)
  to   space 960K,   0% used [0x062a0000, 0x062a0000, 0x06390000)
 tenured generation   total 19520K, used 11711K [0x0af50000, 0x0c260000, 0x15a00000)
   the space 19520K,  59% used [0x0af50000, 0x0babffe0, 0x0bac0000, 0x0c260000)
 Metaspace       used 12751K, capacity 12931K, committed 13056K, reserved 13696K
}
Event: 0.900 GC heap after
{Heap after GC invocations=10 (full 1):
 def new generation   total 8832K, used 960K [0x05a00000, 0x06390000, 0x0af50000)
  eden space 7872K,   0% used [0x05a00000, 0x05a00000, 0x061b0000)
  from space 960K, 100% used [0x062a0000, 0x06390000, 0x06390000)
  to   space 960K,   0% used [0x061b0000, 0x061b0000, 0x062a0000)
 tenured generation   total 19520K, used 12007K [0x0af50000, 0x0c260000, 0x15a00000)
   the space 19520K,  61% used [0x0af50000, 0x0bb09d50, 0x0bb09e00, 0x0c260000)
 Metaspace       used 12751K, capacity 12931K, committed 13056K, reserved 13696K
}
Event: 0.994 GC heap before
{Heap before GC invocations=10 (full 1):
 def new generation   total 8832K, used 8832K [0x05a00000, 0x06390000, 0x0af50000)
  eden space 7872K, 100% used [0x05a00000, 0x061b0000, 0x061b0000)
  from space 960K, 100% used [0x062a0000, 0x06390000, 0x06390000)
  to   space 960K,   0% used [0x061b0000, 0x061b0000, 0x062a0000)
 tenured generation   total 19520K, used 12007K [0x0af50000, 0x0c260000, 0x15a00000)
   the space 19520K,  61% used [0x0af50000, 0x0bb09d50, 0x0bb09e00, 0x0c260000)
 Metaspace       used 14019K, capacity 14325K, committed 14336K, reserved 14720K
}
Event: 0.999 GC heap after
{Heap after GC invocations=11 (full 1):
 def new generation   total 8832K, used 629K [0x05a00000, 0x06390000, 0x0af50000)
  eden space 7872K,   0% used [0x05a00000, 0x05a00000, 0x061b0000)
  from space 960K,  65% used [0x061b0000, 0x0624d550, 0x062a0000)
  to   space 960K,   0% used [0x062a0000, 0x062a0000, 0x06390000)
 tenured generation   total 19520K, used 12915K [0x0af50000, 0x0c260000, 0x15a00000)
   the space 19520K,  66% used [0x0af50000, 0x0bbecf98, 0x0bbed000, 0x0c260000)
 Metaspace       used 14019K, capacity 14325K, committed 14336K, reserved 14720K
}
Event: 2.788 GC heap before
{Heap before GC invocations=11 (full 1):
 def new generation   total 8832K, used 8501K [0x05a00000, 0x06390000, 0x0af50000)
  eden space 7872K, 100% used [0x05a00000, 0x061b0000, 0x061b0000)
  from space 960K,  65% used [0x061b0000, 0x0624d550, 0x062a0000)
  to   space 960K,   0% used [0x062a0000, 0x062a0000, 0x06390000)
 tenured generation   total 19520K, used 12915K [0x0af50000, 0x0c260000, 0x15a00000)
   the space 19520K,  66% used [0x0af50000, 0x0bbecf98, 0x0bbed000, 0x0c260000)
 Metaspace       used 14844K, capacity 15138K, committed 15232K, reserved 15744K
}
Event: 2.792 GC heap after
{Heap after GC invocations=12 (full 1):
 def new generation   total 8832K, used 960K [0x05a00000, 0x06390000, 0x0af50000)
  eden space 7872K,   0% used [0x05a00000, 0x05a00000, 0x061b0000)
  from space 960K, 100% used [0x062a0000, 0x06390000, 0x06390000)
  to   space 960K,   0% used [0x061b0000, 0x061b0000, 0x062a0000)
 tenured generation   total 19520K, used 14602K [0x0af50000, 0x0c260000, 0x15a00000)
   the space 19520K,  74% used [0x0af50000, 0x0bd92960, 0x0bd92a00, 0x0c260000)
 Metaspace       used 14844K, capacity 15138K, committed 15232K, reserved 15744K
}
Event: 3.563 GC heap before
{Heap before GC invocations=12 (full 1):
 def new generation   total 8832K, used 8832K [0x05a00000, 0x06390000, 0x0af50000)
  eden space 7872K, 100% used [0x05a00000, 0x061b0000, 0x061b0000)
  from space 960K, 100% used [0x062a0000, 0x06390000, 0x06390000)
  to   space 960K,   0% used [0x061b0000, 0x061b0000, 0x062a0000)
 tenured generation   total 19520K, used 14602K [0x0af50000, 0x0c260000, 0x15a00000)
   the space 19520K,  74% used [0x0af50000, 0x0bd92960, 0x0bd92a00, 0x0c260000)
 Metaspace       used 15844K, capacity 16219K, committed 16256K, reserved 16768K
}
Event: 3.566 GC heap after
{Heap after GC invocations=13 (full 1):
 def new generation   total 8832K, used 709K [0x05a00000, 0x06390000, 0x0af50000)
  eden space 7872K,   0% used [0x05a00000, 0x05a00000, 0x061b0000)
  from space 960K,  73% used [0x061b0000, 0x062614e0, 0x062a0000)
  to   space 960K,   0% used [0x062a0000, 0x062a0000, 0x06390000)
 tenured generation   total 19520K, used 15553K [0x0af50000, 0x0c260000, 0x15a00000)
   the space 19520K,  79% used [0x0af50000, 0x0be80488, 0x0be80600, 0x0c260000)
 Metaspace       used 15844K, capacity 16219K, committed 16256K, reserved 16768K
}
Event: 15.862 GC heap before
{Heap before GC invocations=13 (full 1):
 def new generation   total 8832K, used 8581K [0x05a00000, 0x06390000, 0x0af50000)
  eden space 7872K, 100% used [0x05a00000, 0x061b0000, 0x061b0000)
  from space 960K,  73% used [0x061b0000, 0x062614e0, 0x062a0000)
  to   space 960K,   0% used [0x062a0000, 0x062a0000, 0x06390000)
 tenured generation   total 19520K, used 15553K [0x0af50000, 0x0c260000, 0x15a00000)
   the space 19520K,  79% used [0x0af50000, 0x0be80488, 0x0be80600, 0x0c260000)
 Metaspace       used 16080K, capacity 16482K, committed 16512K, reserved 16768K
}
Event: 15.865 GC heap after
{Heap after GC invocations=14 (full 1):
 def new generation   total 8832K, used 906K [0x05a00000, 0x06390000, 0x0af50000)
  eden space 7872K,   0% used [0x05a00000, 0x05a00000, 0x061b0000)
  from space 960K,  94% used [0x062a0000, 0x06382880, 0x06390000)
  to   space 960K,   0% used [0x061b0000, 0x061b0000, 0x062a0000)
 tenured generation   total 19520K, used 16243K [0x0af50000, 0x0c260000, 0x15a00000)
   the space 19520K,  83% used [0x0af50000, 0x0bf2cf48, 0x0bf2d000, 0x0c260000)
 Metaspace       used 16080K, capacity 16482K, committed 16512K, reserved 16768K
}
Event: 16.422 GC heap before
{Heap before GC invocations=14 (full 1):
 def new generation   total 8832K, used 8778K [0x05a00000, 0x06390000, 0x0af50000)
  eden space 7872K, 100% used [0x05a00000, 0x061b0000, 0x061b0000)
  from space 960K,  94% used [0x062a0000, 0x06382880, 0x06390000)
  to   space 960K,   0% used [0x061b0000, 0x061b0000, 0x062a0000)
 tenured generation   total 19520K, used 16243K [0x0af50000, 0x0c260000, 0x15a00000)
   the space 19520K,  83% used [0x0af50000, 0x0bf2cf48, 0x0bf2d000, 0x0c260000)
 Metaspace       used 16248K, capacity 16666K, committed 16768K, reserved 16768K
}
Event: 16.427 GC heap after
{Heap after GC invocations=15 (full 1):
 def new generation   total 8832K, used 960K [0x05a00000, 0x06390000, 0x0af50000)
  eden space 7872K,   0% used [0x05a00000, 0x05a00000, 0x061b0000)
  from space 960K, 100% used [0x061b0000, 0x062a0000, 0x062a0000)
  to   space 960K,   0% used [0x062a0000, 0x062a0000, 0x06390000)
 tenured generation   total 19520K, used 17906K [0x0af50000, 0x0c260000, 0x15a00000)
   the space 19520K,  91% used [0x0af50000, 0x0c0cc8d8, 0x0c0cca00, 0x0c260000)
 Metaspace       used 16248K, capacity 16666K, committed 16768K, reserved 16768K
}
Event: 25.505 GC heap before
{Heap before GC invocations=15 (full 1):
 def new generation   total 8832K, used 8429K [0x05a00000, 0x06390000, 0x0af50000)
  eden space 7872K,  94% used [0x05a00000, 0x0614b468, 0x061b0000)
  from space 960K, 100% used [0x061b0000, 0x062a0000, 0x062a0000)
  to   space 960K,   0% used [0x062a0000, 0x062a0000, 0x06390000)
 tenured generation   total 19520K, used 17906K [0x0af50000, 0x0c260000, 0x15a00000)
   the space 19520K,  91% used [0x0af50000, 0x0c0cc8d8, 0x0c0cca00, 0x0c260000)
 Metaspace       used 16266K, capacity 16681K, committed 16768K, reserved 16768K
}
Event: 25.507 GC heap after
{Heap after GC invocations=16 (full 1):
 def new generation   total 8832K, used 261K [0x05a00000, 0x06390000, 0x0af50000)
  eden space 7872K,   0% used [0x05a00000, 0x05a00000, 0x061b0000)
  from space 960K,  27% used [0x062a0000, 0x062e1718, 0x06390000)
  to   space 960K,   0% used [0x061b0000, 0x061b0000, 0x062a0000)
 tenured generation   total 19520K, used 18864K [0x0af50000, 0x0c260000, 0x15a00000)
   the space 19520K,  96% used [0x0af50000, 0x0c1bc010, 0x0c1bc200, 0x0c260000)
 Metaspace       used 16266K, capacity 16681K, committed 16768K, reserved 16768K
}
Event: 25.568 GC heap before
{Heap before GC invocations=16 (full 1):
 def new generation   total 8832K, used 7374K [0x05a00000, 0x06390000, 0x0af50000)
  eden space 7872K,  90% used [0x05a00000, 0x060f2398, 0x061b0000)
  from space 960K,  27% used [0x062a0000, 0x062e1718, 0x06390000)
  to   space 960K,   0% used [0x061b0000, 0x061b0000, 0x062a0000)
 tenured generation   total 19520K, used 18864K [0x0af50000, 0x0c260000, 0x15a00000)
   the space 19520K,  96% used [0x0af50000, 0x0c1bc010, 0x0c1bc200, 0x0c260000)
 Metaspace       used 16267K, capacity 16682K, committed 16768K, reserved 16768K
}
Event: 25.599 GC heap after
{Heap after GC invocations=17 (full 2):
 def new generation   total 17920K, used 0K [0x05a00000, 0x06d70000, 0x0af50000)
  eden space 15936K,   0% used [0x05a00000, 0x05a00000, 0x06990000)
  from space 1984K,   0% used [0x06990000, 0x06990000, 0x06b80000)
  to   space 1984K,   0% used [0x06b80000, 0x06b80000, 0x06d70000)
 tenured generation   total 39716K, used 23829K [0x0af50000, 0x0d619000, 0x15a00000)
   the space 39716K,  59% used [0x0af50000, 0x0c695648, 0x0c695800, 0x0d619000)
 Metaspace       used 16002K, capacity 16358K, committed 16768K, reserved 16768K
}

