# JRE version: OpenJDK Runtime Environment Temurin-11.0.21+9 (11.0.21+9) (build 11.0.21+9)
# Java VM: OpenJDK Client VM Temurin-11.0.21+9 (11.0.21+9, mixed mode, serial gc, windows-x86)
Heap:
 def new generation   total 17984K, used 1996K [0x05600000, 0x06980000, 0x0ab50000)
  eden space 16000K,  12% used [0x05600000, 0x057f3348, 0x065a0000)
  from space 1984K,   0% used [0x065a0000, 0x065a0000, 0x06790000)
  to   space 1984K,   0% used [0x06790000, 0x06790000, 0x06980000)
 tenured generation   total 39788K, used 23871K [0x0ab50000, 0x0d22b000, 0x15600000)
   the space 39788K,  59% used [0x0ab50000, 0x0c29fe60, 0x0c2a0000, 0x0d22b000)
 Metaspace       used 16059K, capacity 16426K, committed 16768K, reserved 16768K
GC Heap History (20 events):
Event: 0.660 GC heap before
{Heap before GC invocations=7 (full 0):
 def new generation   total 4928K, used 4928K [0x05600000, 0x05b50000, 0x0ab50000)
  eden space 4416K, 100% used [0x05600000, 0x05a50000, 0x05a50000)
  from space 512K, 100% used [0x05ad0000, 0x05b50000, 0x05b50000)
  to   space 512K,   0% used [0x05a50000, 0x05a50000, 0x05ad0000)
 tenured generation   total 10944K, used 3920K [0x0ab50000, 0x0b600000, 0x15600000)
   the space 10944K,  35% used [0x0ab50000, 0x0af242b0, 0x0af24400, 0x0b600000)
 Metaspace       used 11343K, capacity 11510K, committed 11520K, reserved 11648K
}
Event: 0.662 GC heap after
{Heap after GC invocations=8 (full 0):
 def new generation   total 4928K, used 511K [0x05600000, 0x05b50000, 0x0ab50000)
  eden space 4416K,   0% used [0x05600000, 0x05600000, 0x05a50000)
  from space 512K,  99% used [0x05a50000, 0x05acfea8, 0x05ad0000)
  to   space 512K,   0% used [0x05ad0000, 0x05ad0000, 0x05b50000)
 tenured generation   total 10944K, used 4426K [0x0ab50000, 0x0b600000, 0x15600000)
   the space 10944K,  40% used [0x0ab50000, 0x0afa2838, 0x0afa2a00, 0x0b600000)
 Metaspace       used 11343K, capacity 11510K, committed 11520K, reserved 11648K
}
Event: 0.731 GC heap before
{Heap before GC invocations=8 (full 0):
 def new generation   total 4928K, used 4927K [0x05600000, 0x05b50000, 0x0ab50000)
  eden space 4416K, 100% used [0x05600000, 0x05a50000, 0x05a50000)
  from space 512K,  99% used [0x05a50000, 0x05acfea8, 0x05ad0000)
  to   space 512K,   0% used [0x05ad0000, 0x05ad0000, 0x05b50000)
 tenured generation   total 10944K, used 10656K [0x0ab50000, 0x0b600000, 0x15600000)
   the space 10944K,  97% used [0x0ab50000, 0x0b5b8230, 0x0b5b8400, 0x0b600000)
 Metaspace       used 11800K, capacity 11976K, committed 12032K, reserved 12672K
}
Event: 0.740 GC heap after
{Heap after GC invocations=9 (full 1):
 def new generation   total 8768K, used 506K [0x05600000, 0x05f80000, 0x0ab50000)
  eden space 7808K,   6% used [0x05600000, 0x0567ebc0, 0x05da0000)
  from space 960K,   0% used [0x05da0000, 0x05da0000, 0x05e90000)
  to   space 960K,   0% used [0x05e90000, 0x05e90000, 0x05f80000)
 tenured generation   total 19308K, used 11583K [0x0ab50000, 0x0be2b000, 0x15600000)
   the space 19308K,  59% used [0x0ab50000, 0x0b69fff8, 0x0b6a0000, 0x0be2b000)
 Metaspace       used 11800K, capacity 11976K, committed 12032K, reserved 12672K
}
Event: 0.856 GC heap before
{Heap before GC invocations=9 (full 1):
 def new generation   total 8768K, used 7808K [0x05600000, 0x05f80000, 0x0ab50000)
  eden space 7808K, 100% used [0x05600000, 0x05da0000, 0x05da0000)
  from space 960K,   0% used [0x05da0000, 0x05da0000, 0x05e90000)
  to   space 960K,   0% used [0x05e90000, 0x05e90000, 0x05f80000)
 tenured generation   total 19308K, used 11583K [0x0ab50000, 0x0be2b000, 0x15600000)
   the space 19308K,  59% used [0x0ab50000, 0x0b69fff8, 0x0b6a0000, 0x0be2b000)
 Metaspace       used 12717K, capacity 12899K, committed 12928K, reserved 13696K
}
Event: 0.860 GC heap after
{Heap after GC invocations=10 (full 1):
 def new generation   total 8768K, used 960K [0x05600000, 0x05f80000, 0x0ab50000)
  eden space 7808K,   0% used [0x05600000, 0x05600000, 0x05da0000)
  from space 960K, 100% used [0x05e90000, 0x05f80000, 0x05f80000)
  to   space 960K,   0% used [0x05da0000, 0x05da0000, 0x05e90000)
 tenured generation   total 19308K, used 11954K [0x0ab50000, 0x0be2b000, 0x15600000)
   the space 19308K,  61% used [0x0ab50000, 0x0b6fc860, 0x0b6fca00, 0x0be2b000)
 Metaspace       used 12717K, capacity 12899K, committed 12928K, reserved 13696K
}
Event: 0.945 GC heap before
{Heap before GC invocations=10 (full 1):
 def new generation   total 8768K, used 8768K [0x05600000, 0x05f80000, 0x0ab50000)
  eden space 7808K, 100% used [0x05600000, 0x05da0000, 0x05da0000)
  from space 960K, 100% used [0x05e90000, 0x05f80000, 0x05f80000)
  to   space 960K,   0% used [0x05da0000, 0x05da0000, 0x05e90000)
 tenured generation   total 19308K, used 11954K [0x0ab50000, 0x0be2b000, 0x15600000)
   the space 19308K,  61% used [0x0ab50000, 0x0b6fc860, 0x0b6fca00, 0x0be2b000)
 Metaspace       used 13960K, capacity 14253K, committed 14336K, reserved 14720K
}
Event: 0.948 GC heap after
{Heap after GC invocations=11 (full 1):
 def new generation   total 8768K, used 598K [0x05600000, 0x05f80000, 0x0ab50000)
  eden space 7808K,   0% used [0x05600000, 0x05600000, 0x05da0000)
  from space 960K,  62% used [0x05da0000, 0x05e35878, 0x05e90000)
  to   space 960K,   0% used [0x05e90000, 0x05e90000, 0x05f80000)
 tenured generation   total 19308K, used 12898K [0x0ab50000, 0x0be2b000, 0x15600000)
   the space 19308K,  66% used [0x0ab50000, 0x0b7e8810, 0x0b7e8a00, 0x0be2b000)
 Metaspace       used 13960K, capacity 14253K, committed 14336K, reserved 14720K
}
Event: 1.884 GC heap before
{Heap before GC invocations=11 (full 1):
 def new generation   total 8768K, used 8406K [0x05600000, 0x05f80000, 0x0ab50000)
  eden space 7808K, 100% used [0x05600000, 0x05da0000, 0x05da0000)
  from space 960K,  62% used [0x05da0000, 0x05e35878, 0x05e90000)
  to   space 960K,   0% used [0x05e90000, 0x05e90000, 0x05f80000)
 tenured generation   total 19308K, used 12898K [0x0ab50000, 0x0be2b000, 0x15600000)
   the space 19308K,  66% used [0x0ab50000, 0x0b7e8810, 0x0b7e8a00, 0x0be2b000)
 Metaspace       used 14811K, capacity 15105K, committed 15232K, reserved 15744K
}
Event: 1.889 GC heap after
{Heap after GC invocations=12 (full 1):
 def new generation   total 8768K, used 960K [0x05600000, 0x05f80000, 0x0ab50000)
  eden space 7808K,   0% used [0x05600000, 0x05600000, 0x05da0000)
  from space 960K, 100% used [0x05e90000, 0x05f80000, 0x05f80000)
  to   space 960K,   0% used [0x05da0000, 0x05da0000, 0x05e90000)
 tenured generation   total 19308K, used 14570K [0x0ab50000, 0x0be2b000, 0x15600000)
   the space 19308K,  75% used [0x0ab50000, 0x0b98ab88, 0x0b98ac00, 0x0be2b000)
 Metaspace       used 14811K, capacity 15105K, committed 15232K, reserved 15744K
}
Event: 2.820 GC heap before
{Heap before GC invocations=12 (full 1):
 def new generation   total 8768K, used 8768K [0x05600000, 0x05f80000, 0x0ab50000)
  eden space 7808K, 100% used [0x05600000, 0x05da0000, 0x05da0000)
  from space 960K, 100% used [0x05e90000, 0x05f80000, 0x05f80000)
  to   space 960K,   0% used [0x05da0000, 0x05da0000, 0x05e90000)
 tenured generation   total 19308K, used 14570K [0x0ab50000, 0x0be2b000, 0x15600000)
   the space 19308K,  75% used [0x0ab50000, 0x0b98ab88, 0x0b98ac00, 0x0be2b000)
 Metaspace       used 15854K, capacity 16263K, committed 16384K, reserved 16768K
}
Event: 2.823 GC heap after
{Heap after GC invocations=13 (full 1):
 def new generation   total 8768K, used 737K [0x05600000, 0x05f80000, 0x0ab50000)
  eden space 7808K,   0% used [0x05600000, 0x05600000, 0x05da0000)
  from space 960K,  76% used [0x05da0000, 0x05e585e8, 0x05e90000)
  to   space 960K,   0% used [0x05e90000, 0x05e90000, 0x05f80000)
 tenured generation   total 19308K, used 15524K [0x0ab50000, 0x0be2b000, 0x15600000)
   the space 19308K,  80% used [0x0ab50000, 0x0ba792c0, 0x0ba79400, 0x0be2b000)
 Metaspace       used 15854K, capacity 16263K, committed 16384K, reserved 16768K
}
Event: 10.445 GC heap before
{Heap before GC invocations=13 (full 1):
 def new generation   total 8768K, used 8545K [0x05600000, 0x05f80000, 0x0ab50000)
  eden space 7808K, 100% used [0x05600000, 0x05da0000, 0x05da0000)
  from space 960K,  76% used [0x05da0000, 0x05e585e8, 0x05e90000)
  to   space 960K,   0% used [0x05e90000, 0x05e90000, 0x05f80000)
 tenured generation   total 19308K, used 15524K [0x0ab50000, 0x0be2b000, 0x15600000)
   the space 19308K,  80% used [0x0ab50000, 0x0ba792c0, 0x0ba79400, 0x0be2b000)
 Metaspace       used 16239K, capacity 16670K, committed 16768K, reserved 16768K
}
Event: 10.448 GC heap after
{Heap after GC invocations=14 (full 1):
 def new generation   total 8768K, used 676K [0x05600000, 0x05f80000, 0x0ab50000)
  eden space 7808K,   0% used [0x05600000, 0x05600000, 0x05da0000)
  from space 960K,  70% used [0x05e90000, 0x05f393c0, 0x05f80000)
  to   space 960K,   0% used [0x05da0000, 0x05da0000, 0x05e90000)
 tenured generation   total 19308K, used 16241K [0x0ab50000, 0x0be2b000, 0x15600000)
   the space 19308K,  84% used [0x0ab50000, 0x0bb2c618, 0x0bb2c800, 0x0be2b000)
 Metaspace       used 16239K, capacity 16670K, committed 16768K, reserved 16768K
}
Event: 11.553 GC heap before
{Heap before GC invocations=14 (full 1):
 def new generation   total 8768K, used 8484K [0x05600000, 0x05f80000, 0x0ab50000)
  eden space 7808K, 100% used [0x05600000, 0x05da0000, 0x05da0000)
  from space 960K,  70% used [0x05e90000, 0x05f393c0, 0x05f80000)
  to   space 960K,   0% used [0x05da0000, 0x05da0000, 0x05e90000)
 tenured generation   total 19308K, used 16241K [0x0ab50000, 0x0be2b000, 0x15600000)
   the space 19308K,  84% used [0x0ab50000, 0x0bb2c618, 0x0bb2c800, 0x0be2b000)
 Metaspace       used 16316K, capacity 16748K, committed 16768K, reserved 16768K
}
Event: 11.557 GC heap after
{Heap after GC invocations=15 (full 1):
 def new generation   total 8768K, used 960K [0x05600000, 0x05f80000, 0x0ab50000)
  eden space 7808K,   0% used [0x05600000, 0x05600000, 0x05da0000)
  from space 960K, 100% used [0x05da0000, 0x05e90000, 0x05e90000)
  to   space 960K,   0% used [0x05e90000, 0x05e90000, 0x05f80000)
 tenured generation   total 19308K, used 17628K [0x0ab50000, 0x0be2b000, 0x15600000)
   the space 19308K,  91% used [0x0ab50000, 0x0bc87378, 0x0bc87400, 0x0be2b000)
 Metaspace       used 16316K, capacity 16748K, committed 16768K, reserved 16768K
}
Event: 14.832 GC heap before
{Heap before GC invocations=15 (full 1):
 def new generation   total 8768K, used 3090K [0x05600000, 0x05f80000, 0x0ab50000)
  eden space 7808K,  27% used [0x05600000, 0x05814a50, 0x05da0000)
  from space 960K, 100% used [0x05da0000, 0x05e90000, 0x05e90000)
  to   space 960K,   0% used [0x05e90000, 0x05e90000, 0x05f80000)
 tenured generation   total 19308K, used 17628K [0x0ab50000, 0x0be2b000, 0x15600000)
   the space 19308K,  91% used [0x0ab50000, 0x0bc87378, 0x0bc87400, 0x0be2b000)
 Metaspace       used 16329K, capacity 16763K, committed 16768K, reserved 16768K
}
Event: 14.835 GC heap after
{Heap after GC invocations=16 (full 1):
 def new generation   total 8768K, used 241K [0x05600000, 0x05f80000, 0x0ab50000)
  eden space 7808K,   0% used [0x05600000, 0x05600000, 0x05da0000)
  from space 960K,  25% used [0x05e90000, 0x05ecc550, 0x05f80000)
  to   space 960K,   0% used [0x05da0000, 0x05da0000, 0x05e90000)
 tenured generation   total 19308K, used 18586K [0x0ab50000, 0x0be2b000, 0x15600000)
   the space 19308K,  96% used [0x0ab50000, 0x0bd768c0, 0x0bd76a00, 0x0be2b000)
 Metaspace       used 16329K, capacity 16763K, committed 16768K, reserved 16768K
}
Event: 14.890 GC heap before
{Heap before GC invocations=16 (full 1):
 def new generation   total 8768K, used 7326K [0x05600000, 0x05f80000, 0x0ab50000)
  eden space 7808K,  90% used [0x05600000, 0x05ceb4b8, 0x05da0000)
  from space 960K,  25% used [0x05e90000, 0x05ecc550, 0x05f80000)
  to   space 960K,   0% used [0x05da0000, 0x05da0000, 0x05e90000)
 tenured generation   total 19308K, used 18586K [0x0ab50000, 0x0be2b000, 0x15600000)
   the space 19308K,  96% used [0x0ab50000, 0x0bd768c0, 0x0bd76a00, 0x0be2b000)
 Metaspace       used 16331K, capacity 16764K, committed 16768K, reserved 16768K
}
Event: 14.920 GC heap after
{Heap after GC invocations=17 (full 2):
 def new generation   total 17984K, used 0K [0x05600000, 0x06980000, 0x0ab50000)
  eden space 16000K,   0% used [0x05600000, 0x05600000, 0x065a0000)
  from space 1984K,   0% used [0x065a0000, 0x065a0000, 0x06790000)
  to   space 1984K,   0% used [0x06790000, 0x06790000, 0x06980000)
 tenured generation   total 39788K, used 23871K [0x0ab50000, 0x0d22b000, 0x15600000)
   the space 39788K,  59% used [0x0ab50000, 0x0c29fe60, 0x0c2a0000, 0x0d22b000)
 Metaspace       used 16034K, capacity 16400K, committed 16768K, reserved 16768K
}

