# JRE version: OpenJDK Runtime Environment Temurin-11.0.21+9 (11.0.21+9) (build 11.0.21+9)
# Java VM: OpenJDK Client VM Temurin-11.0.21+9 (11.0.21+9, mixed mode, serial gc, windows-x86)
Heap:
 def new generation   total 8576K, used 7756K [0x05400000, 0x05d40000, 0x0a950000)
  eden space 7680K,  99% used [0x05400000, 0x05b6f818, 0x05b80000)
  from space 896K,  15% used [0x05b80000, 0x05ba39c0, 0x05c60000)
  to   space 896K,   0% used [0x05c60000, 0x05c60000, 0x05d40000)
 tenured generation   total 18880K, used 15235K [0x0a950000, 0x0bbc0000, 0x15400000)
   the space 18880K,  80% used [0x0a950000, 0x0b830fb8, 0x0b831000, 0x0bbc0000)
 Metaspace       used 14888K, capacity 15180K, committed 15232K, reserved 15744K
GC Heap History (20 events):
Event: 0.439 GC heap before
{Heap before GC invocations=3 (full 0):
 def new generation   total 4928K, used 4793K [0x05400000, 0x05950000, 0x0a950000)
  eden space 4416K, 100% used [0x05400000, 0x05850000, 0x05850000)
  from space 512K,  73% used [0x058d0000, 0x0592e5f8, 0x05950000)
  to   space 512K,   0% used [0x05850000, 0x05850000, 0x058d0000)
 tenured generation   total 10944K, used 1405K [0x0a950000, 0x0b400000, 0x15400000)
   the space 10944K,  12% used [0x0a950000, 0x0aaaf6d8, 0x0aaaf800, 0x0b400000)
 Metaspace       used 6595K, capacity 6670K, committed 6784K, reserved 7552K
}
Event: 0.440 GC heap after
{Heap after GC invocations=4 (full 0):
 def new generation   total 4928K, used 218K [0x05400000, 0x05950000, 0x0a950000)
  eden space 4416K,   0% used [0x05400000, 0x05400000, 0x05850000)
  from space 512K,  42% used [0x05850000, 0x05886b10, 0x058d0000)
  to   space 512K,   0% used [0x058d0000, 0x058d0000, 0x05950000)
 tenured generation   total 10944K, used 1765K [0x0a950000, 0x0b400000, 0x15400000)
   the space 10944K,  16% used [0x0a950000, 0x0ab09408, 0x0ab09600, 0x0b400000)
 Metaspace       used 6595K, capacity 6670K, committed 6784K, reserved 7552K
}
Event: 0.484 GC heap before
{Heap before GC invocations=4 (full 0):
 def new generation   total 4928K, used 4576K [0x05400000, 0x05950000, 0x0a950000)
  eden space 4416K,  98% used [0x05400000, 0x05841598, 0x05850000)
  from space 512K,  42% used [0x05850000, 0x05886b10, 0x058d0000)
  to   space 512K,   0% used [0x058d0000, 0x058d0000, 0x05950000)
 tenured generation   total 10944K, used 1765K [0x0a950000, 0x0b400000, 0x15400000)
   the space 10944K,  16% used [0x0a950000, 0x0ab09408, 0x0ab09600, 0x0b400000)
 Metaspace       used 7648K, capacity 7777K, committed 7808K, reserved 8576K
}
Event: 0.485 GC heap after
{Heap after GC invocations=5 (full 0):
 def new generation   total 4928K, used 494K [0x05400000, 0x05950000, 0x0a950000)
  eden space 4416K,   0% used [0x05400000, 0x05400000, 0x05850000)
  from space 512K,  96% used [0x058d0000, 0x0594b860, 0x05950000)
  to   space 512K,   0% used [0x05850000, 0x05850000, 0x058d0000)
 tenured generation   total 10944K, used 2213K [0x0a950000, 0x0b400000, 0x15400000)
   the space 10944K,  20% used [0x0a950000, 0x0ab79418, 0x0ab79600, 0x0b400000)
 Metaspace       used 7648K, capacity 7777K, committed 7808K, reserved 8576K
}
Event: 0.527 GC heap before
{Heap before GC invocations=5 (full 0):
 def new generation   total 4928K, used 4906K [0x05400000, 0x05950000, 0x0a950000)
  eden space 4416K,  99% used [0x05400000, 0x0584f080, 0x05850000)
  from space 512K,  96% used [0x058d0000, 0x0594b860, 0x05950000)
  to   space 512K,   0% used [0x05850000, 0x05850000, 0x058d0000)
 tenured generation   total 10944K, used 2213K [0x0a950000, 0x0b400000, 0x15400000)
   the space 10944K,  20% used [0x0a950000, 0x0ab79418, 0x0ab79600, 0x0b400000)
 Metaspace       used 8869K, capacity 8989K, committed 9088K, reserved 9600K
}
Event: 0.528 GC heap after
{Heap after GC invocations=6 (full 0):
 def new generation   total 4928K, used 512K [0x05400000, 0x05950000, 0x0a950000)
  eden space 4416K,   0% used [0x05400000, 0x05400000, 0x05850000)
  from space 512K, 100% used [0x05850000, 0x058d0000, 0x058d0000)
  to   space 512K,   0% used [0x058d0000, 0x058d0000, 0x05950000)
 tenured generation   total 10944K, used 2751K [0x0a950000, 0x0b400000, 0x15400000)
   the space 10944K,  25% used [0x0a950000, 0x0abffd38, 0x0abffe00, 0x0b400000)
 Metaspace       used 8869K, capacity 8989K, committed 9088K, reserved 9600K
}
Event: 0.600 GC heap before
{Heap before GC invocations=6 (full 0):
 def new generation   total 4928K, used 4928K [0x05400000, 0x05950000, 0x0a950000)
  eden space 4416K, 100% used [0x05400000, 0x05850000, 0x05850000)
  from space 512K, 100% used [0x05850000, 0x058d0000, 0x058d0000)
  to   space 512K,   0% used [0x058d0000, 0x058d0000, 0x05950000)
 tenured generation   total 10944K, used 2751K [0x0a950000, 0x0b400000, 0x15400000)
   the space 10944K,  25% used [0x0a950000, 0x0abffd38, 0x0abffe00, 0x0b400000)
 Metaspace       used 10559K, capacity 10734K, committed 10752K, reserved 11648K
}
Event: 0.602 GC heap after
{Heap after GC invocations=7 (full 0):
 def new generation   total 4928K, used 512K [0x05400000, 0x05950000, 0x0a950000)
  eden space 4416K,   0% used [0x05400000, 0x05400000, 0x05850000)
  from space 512K, 100% used [0x058d0000, 0x05950000, 0x05950000)
  to   space 512K,   0% used [0x05850000, 0x05850000, 0x058d0000)
 tenured generation   total 10944K, used 3642K [0x0a950000, 0x0b400000, 0x15400000)
   the space 10944K,  33% used [0x0a950000, 0x0acde838, 0x0acdea00, 0x0b400000)
 Metaspace       used 10559K, capacity 10734K, committed 10752K, reserved 11648K
}
Event: 0.652 GC heap before
{Heap before GC invocations=7 (full 0):
 def new generation   total 4928K, used 4928K [0x05400000, 0x05950000, 0x0a950000)
  eden space 4416K, 100% used [0x05400000, 0x05850000, 0x05850000)
  from space 512K, 100% used [0x058d0000, 0x05950000, 0x05950000)
  to   space 512K,   0% used [0x05850000, 0x05850000, 0x058d0000)
 tenured generation   total 10944K, used 3642K [0x0a950000, 0x0b400000, 0x15400000)
   the space 10944K,  33% used [0x0a950000, 0x0acde838, 0x0acdea00, 0x0b400000)
 Metaspace       used 11345K, capacity 11510K, committed 11520K, reserved 11648K
}
Event: 0.654 GC heap after
{Heap after GC invocations=8 (full 0):
 def new generation   total 4928K, used 510K [0x05400000, 0x05950000, 0x0a950000)
  eden space 4416K,   0% used [0x05400000, 0x05400000, 0x05850000)
  from space 512K,  99% used [0x05850000, 0x058cfa60, 0x058d0000)
  to   space 512K,   0% used [0x058d0000, 0x058d0000, 0x05950000)
 tenured generation   total 10944K, used 4147K [0x0a950000, 0x0b400000, 0x15400000)
   the space 10944K,  37% used [0x0a950000, 0x0ad5cdc0, 0x0ad5ce00, 0x0b400000)
 Metaspace       used 11345K, capacity 11510K, committed 11520K, reserved 11648K
}
Event: 0.722 GC heap before
{Heap before GC invocations=8 (full 0):
 def new generation   total 4928K, used 4926K [0x05400000, 0x05950000, 0x0a950000)
  eden space 4416K, 100% used [0x05400000, 0x05850000, 0x05850000)
  from space 512K,  99% used [0x05850000, 0x058cfa60, 0x058d0000)
  to   space 512K,   0% used [0x058d0000, 0x058d0000, 0x05950000)
 tenured generation   total 10944K, used 10377K [0x0a950000, 0x0b400000, 0x15400000)
   the space 10944K,  94% used [0x0a950000, 0x0b3727b8, 0x0b372800, 0x0b400000)
 Metaspace       used 11802K, capacity 11976K, committed 12032K, reserved 12672K
}
Event: 0.730 GC heap after
{Heap after GC invocations=9 (full 1):
 def new generation   total 8576K, used 492K [0x05400000, 0x05d40000, 0x0a950000)
  eden space 7680K,   6% used [0x05400000, 0x0547b370, 0x05b80000)
  from space 896K,   0% used [0x05b80000, 0x05b80000, 0x05c60000)
  to   space 896K,   0% used [0x05c60000, 0x05c60000, 0x05d40000)
 tenured generation   total 18880K, used 11327K [0x0a950000, 0x0bbc0000, 0x15400000)
   the space 18880K,  59% used [0x0a950000, 0x0b45ffb0, 0x0b460000, 0x0bbc0000)
 Metaspace       used 11802K, capacity 11976K, committed 12032K, reserved 12672K
}
Event: 0.830 GC heap before
{Heap before GC invocations=9 (full 1):
 def new generation   total 8576K, used 7680K [0x05400000, 0x05d40000, 0x0a950000)
  eden space 7680K, 100% used [0x05400000, 0x05b80000, 0x05b80000)
  from space 896K,   0% used [0x05b80000, 0x05b80000, 0x05c60000)
  to   space 896K,   0% used [0x05c60000, 0x05c60000, 0x05d40000)
 tenured generation   total 18880K, used 11327K [0x0a950000, 0x0bbc0000, 0x15400000)
   the space 18880K,  59% used [0x0a950000, 0x0b45ffb0, 0x0b460000, 0x0bbc0000)
 Metaspace       used 12695K, capacity 12867K, committed 12928K, reserved 13696K
}
Event: 0.834 GC heap after
{Heap after GC invocations=10 (full 1):
 def new generation   total 8576K, used 896K [0x05400000, 0x05d40000, 0x0a950000)
  eden space 7680K,   0% used [0x05400000, 0x05400000, 0x05b80000)
  from space 896K, 100% used [0x05c60000, 0x05d40000, 0x05d40000)
  to   space 896K,   0% used [0x05b80000, 0x05b80000, 0x05c60000)
 tenured generation   total 18880K, used 11716K [0x0a950000, 0x0bbc0000, 0x15400000)
   the space 18880K,  62% used [0x0a950000, 0x0b4c1160, 0x0b4c1200, 0x0bbc0000)
 Metaspace       used 12695K, capacity 12867K, committed 12928K, reserved 13696K
}
Event: 0.906 GC heap before
{Heap before GC invocations=10 (full 1):
 def new generation   total 8576K, used 8576K [0x05400000, 0x05d40000, 0x0a950000)
  eden space 7680K, 100% used [0x05400000, 0x05b80000, 0x05b80000)
  from space 896K, 100% used [0x05c60000, 0x05d40000, 0x05d40000)
  to   space 896K,   0% used [0x05b80000, 0x05b80000, 0x05c60000)
 tenured generation   total 18880K, used 11716K [0x0a950000, 0x0bbc0000, 0x15400000)
   the space 18880K,  62% used [0x0a950000, 0x0b4c1160, 0x0b4c1200, 0x0bbc0000)
 Metaspace       used 13873K, capacity 14157K, committed 14208K, reserved 14720K
}
Event: 0.909 GC heap after
{Heap after GC invocations=11 (full 1):
 def new generation   total 8576K, used 545K [0x05400000, 0x05d40000, 0x0a950000)
  eden space 7680K,   0% used [0x05400000, 0x05400000, 0x05b80000)
  from space 896K,  60% used [0x05b80000, 0x05c084b8, 0x05c60000)
  to   space 896K,   0% used [0x05c60000, 0x05c60000, 0x05d40000)
 tenured generation   total 18880K, used 12604K [0x0a950000, 0x0bbc0000, 0x15400000)
   the space 18880K,  66% used [0x0a950000, 0x0b59f078, 0x0b59f200, 0x0bbc0000)
 Metaspace       used 13873K, capacity 14157K, committed 14208K, reserved 14720K
}
Event: 1.737 GC heap before
{Heap before GC invocations=11 (full 1):
 def new generation   total 8576K, used 8225K [0x05400000, 0x05d40000, 0x0a950000)
  eden space 7680K, 100% used [0x05400000, 0x05b80000, 0x05b80000)
  from space 896K,  60% used [0x05b80000, 0x05c084b8, 0x05c60000)
  to   space 896K,   0% used [0x05c60000, 0x05c60000, 0x05d40000)
 tenured generation   total 18880K, used 12604K [0x0a950000, 0x0bbc0000, 0x15400000)
   the space 18880K,  66% used [0x0a950000, 0x0b59f078, 0x0b59f200, 0x0bbc0000)
 Metaspace       used 14759K, capacity 15070K, committed 15104K, reserved 15744K
}
Event: 1.744 GC heap after
{Heap after GC invocations=12 (full 1):
 def new generation   total 8576K, used 896K [0x05400000, 0x05d40000, 0x0a950000)
  eden space 7680K,   0% used [0x05400000, 0x05400000, 0x05b80000)
  from space 896K, 100% used [0x05c60000, 0x05d40000, 0x05d40000)
  to   space 896K,   0% used [0x05b80000, 0x05b80000, 0x05c60000)
 tenured generation   total 18880K, used 14348K [0x0a950000, 0x0bbc0000, 0x15400000)
   the space 18880K,  76% used [0x0a950000, 0x0b7533f0, 0x0b753400, 0x0bbc0000)
 Metaspace       used 14759K, capacity 15070K, committed 15104K, reserved 15744K
}
Event: 3.313 GC heap before
{Heap before GC invocations=12 (full 1):
 def new generation   total 8576K, used 2413K [0x05400000, 0x05d40000, 0x0a950000)
  eden space 7680K,  19% used [0x05400000, 0x0557b4e0, 0x05b80000)
  from space 896K, 100% used [0x05c60000, 0x05d40000, 0x05d40000)
  to   space 896K,   0% used [0x05b80000, 0x05b80000, 0x05c60000)
 tenured generation   total 18880K, used 14348K [0x0a950000, 0x0bbc0000, 0x15400000)
   the space 18880K,  76% used [0x0a950000, 0x0b7533f0, 0x0b753400, 0x0bbc0000)
 Metaspace       used 14868K, capacity 15164K, committed 15232K, reserved 15744K
}
Event: 3.315 GC heap after
{Heap after GC invocations=13 (full 1):
 def new generation   total 8576K, used 142K [0x05400000, 0x05d40000, 0x0a950000)
  eden space 7680K,   0% used [0x05400000, 0x05400000, 0x05b80000)
  from space 896K,  15% used [0x05b80000, 0x05ba39c0, 0x05c60000)
  to   space 896K,   0% used [0x05c60000, 0x05c60000, 0x05d40000)
 tenured generation   total 18880K, used 15235K [0x0a950000, 0x0bbc0000, 0x15400000)
   the space 18880K,  80% used [0x0a950000, 0x0b830fb8, 0x0b831000, 0x0bbc0000)
 Metaspace       used 14868K, capacity 15164K, committed 15232K, reserved 15744K
}

