# JRE version: OpenJDK Runtime Environment Temurin-11.0.21+9 (11.0.21+9) (build 11.0.21+9)
# Java VM: OpenJDK Client VM Temurin-11.0.21+9 (11.0.21+9, mixed mode, serial gc, windows-x86)
Heap:
 def new generation   total 8832K, used 8650K [0x05200000, 0x05b90000, 0x0a750000)
  eden space 7872K,  97% used [0x05200000, 0x059829a0, 0x059b0000)
  from space 960K, 100% used [0x059b0000, 0x05aa0000, 0x05aa0000)
  to   space 960K,   0% used [0x05aa0000, 0x05aa0000, 0x05b90000)
 tenured generation   total 19520K, used 17541K [0x0a750000, 0x0ba60000, 0x15200000)
   the space 19520K,  89% used [0x0a750000, 0x0b8715e0, 0x0b871600, 0x0ba60000)
 Metaspace       used 16273K, capacity 16690K, committed 16768K, reserved 16768K
GC Heap History (20 events):
Event: 0.569 GC heap before
{Heap before GC invocations=5 (full 0):
 def new generation   total 4928K, used 4806K [0x05200000, 0x05750000, 0x0a750000)
  eden space 4416K,  99% used [0x05200000, 0x05648ac0, 0x05650000)
  from space 512K,  82% used [0x056d0000, 0x05739070, 0x05750000)
  to   space 512K,   0% used [0x05650000, 0x05650000, 0x056d0000)
 tenured generation   total 10944K, used 2494K [0x0a750000, 0x0b200000, 0x15200000)
   the space 10944K,  22% used [0x0a750000, 0x0a9bfa58, 0x0a9bfc00, 0x0b200000)
 Metaspace       used 8873K, capacity 8989K, committed 9088K, reserved 9600K
}
Event: 0.570 GC heap after
{Heap after GC invocations=6 (full 0):
 def new generation   total 4928K, used 512K [0x05200000, 0x05750000, 0x0a750000)
  eden space 4416K,   0% used [0x05200000, 0x05200000, 0x05650000)
  from space 512K, 100% used [0x05650000, 0x056d0000, 0x056d0000)
  to   space 512K,   0% used [0x056d0000, 0x056d0000, 0x05750000)
 tenured generation   total 10944K, used 3041K [0x0a750000, 0x0b200000, 0x15200000)
   the space 10944K,  27% used [0x0a750000, 0x0aa48798, 0x0aa48800, 0x0b200000)
 Metaspace       used 8873K, capacity 8989K, committed 9088K, reserved 9600K
}
Event: 0.627 GC heap before
{Heap before GC invocations=6 (full 0):
 def new generation   total 4928K, used 4924K [0x05200000, 0x05750000, 0x0a750000)
  eden space 4416K,  99% used [0x05200000, 0x0564f350, 0x05650000)
  from space 512K, 100% used [0x05650000, 0x056d0000, 0x056d0000)
  to   space 512K,   0% used [0x056d0000, 0x056d0000, 0x05750000)
 tenured generation   total 10944K, used 3041K [0x0a750000, 0x0b200000, 0x15200000)
   the space 10944K,  27% used [0x0a750000, 0x0aa48798, 0x0aa48800, 0x0b200000)
 Metaspace       used 10562K, capacity 10734K, committed 10752K, reserved 11648K
}
Event: 0.629 GC heap after
{Heap after GC invocations=7 (full 0):
 def new generation   total 4928K, used 512K [0x05200000, 0x05750000, 0x0a750000)
  eden space 4416K,   0% used [0x05200000, 0x05200000, 0x05650000)
  from space 512K, 100% used [0x056d0000, 0x05750000, 0x05750000)
  to   space 512K,   0% used [0x05650000, 0x05650000, 0x056d0000)
 tenured generation   total 10944K, used 3965K [0x0a750000, 0x0b200000, 0x15200000)
   the space 10944K,  36% used [0x0a750000, 0x0ab2f540, 0x0ab2f600, 0x0b200000)
 Metaspace       used 10562K, capacity 10734K, committed 10752K, reserved 11648K
}
Event: 0.672 GC heap before
{Heap before GC invocations=7 (full 0):
 def new generation   total 4928K, used 4928K [0x05200000, 0x05750000, 0x0a750000)
  eden space 4416K, 100% used [0x05200000, 0x05650000, 0x05650000)
  from space 512K, 100% used [0x056d0000, 0x05750000, 0x05750000)
  to   space 512K,   0% used [0x05650000, 0x05650000, 0x056d0000)
 tenured generation   total 10944K, used 3965K [0x0a750000, 0x0b200000, 0x15200000)
   the space 10944K,  36% used [0x0a750000, 0x0ab2f540, 0x0ab2f600, 0x0b200000)
 Metaspace       used 11344K, capacity 11510K, committed 11520K, reserved 11648K
}
Event: 0.674 GC heap after
{Heap after GC invocations=8 (full 0):
 def new generation   total 4928K, used 512K [0x05200000, 0x05750000, 0x0a750000)
  eden space 4416K,   0% used [0x05200000, 0x05200000, 0x05650000)
  from space 512K, 100% used [0x05650000, 0x056d0000, 0x056d0000)
  to   space 512K,   0% used [0x056d0000, 0x056d0000, 0x05750000)
 tenured generation   total 10944K, used 4467K [0x0a750000, 0x0b200000, 0x15200000)
   the space 10944K,  40% used [0x0a750000, 0x0abacc70, 0x0abace00, 0x0b200000)
 Metaspace       used 11344K, capacity 11510K, committed 11520K, reserved 11648K
}
Event: 0.736 GC heap before
{Heap before GC invocations=8 (full 0):
 def new generation   total 4928K, used 4928K [0x05200000, 0x05750000, 0x0a750000)
  eden space 4416K, 100% used [0x05200000, 0x05650000, 0x05650000)
  from space 512K, 100% used [0x05650000, 0x056d0000, 0x056d0000)
  to   space 512K,   0% used [0x056d0000, 0x056d0000, 0x05750000)
 tenured generation   total 10944K, used 10697K [0x0a750000, 0x0b200000, 0x15200000)
   the space 10944K,  97% used [0x0a750000, 0x0b1c2668, 0x0b1c2800, 0x0b200000)
 Metaspace       used 11808K, capacity 12008K, committed 12032K, reserved 12672K
}
Event: 0.744 GC heap after
{Heap after GC invocations=9 (full 1):
 def new generation   total 8832K, used 386K [0x05200000, 0x05b90000, 0x0a750000)
  eden space 7872K,   4% used [0x05200000, 0x05260a98, 0x059b0000)
  from space 960K,   0% used [0x059b0000, 0x059b0000, 0x05aa0000)
  to   space 960K,   0% used [0x05aa0000, 0x05aa0000, 0x05b90000)
 tenured generation   total 19520K, used 11711K [0x0a750000, 0x0ba60000, 0x15200000)
   the space 19520K,  59% used [0x0a750000, 0x0b2bfff8, 0x0b2c0000, 0x0ba60000)
 Metaspace       used 11808K, capacity 12008K, committed 12032K, reserved 12672K
}
Event: 0.845 GC heap before
{Heap before GC invocations=9 (full 1):
 def new generation   total 8832K, used 7872K [0x05200000, 0x05b90000, 0x0a750000)
  eden space 7872K, 100% used [0x05200000, 0x059b0000, 0x059b0000)
  from space 960K,   0% used [0x059b0000, 0x059b0000, 0x05aa0000)
  to   space 960K,   0% used [0x05aa0000, 0x05aa0000, 0x05b90000)
 tenured generation   total 19520K, used 11711K [0x0a750000, 0x0ba60000, 0x15200000)
   the space 19520K,  59% used [0x0a750000, 0x0b2bfff8, 0x0b2c0000, 0x0ba60000)
 Metaspace       used 12751K, capacity 12931K, committed 13056K, reserved 13696K
}
Event: 0.851 GC heap after
{Heap after GC invocations=10 (full 1):
 def new generation   total 8832K, used 959K [0x05200000, 0x05b90000, 0x0a750000)
  eden space 7872K,   0% used [0x05200000, 0x05200000, 0x059b0000)
  from space 960K,  99% used [0x05aa0000, 0x05b8fff8, 0x05b90000)
  to   space 960K,   0% used [0x059b0000, 0x059b0000, 0x05aa0000)
 tenured generation   total 19520K, used 11984K [0x0a750000, 0x0ba60000, 0x15200000)
   the space 19520K,  61% used [0x0a750000, 0x0b3042b0, 0x0b304400, 0x0ba60000)
 Metaspace       used 12751K, capacity 12931K, committed 13056K, reserved 13696K
}
Event: 0.938 GC heap before
{Heap before GC invocations=10 (full 1):
 def new generation   total 8832K, used 8831K [0x05200000, 0x05b90000, 0x0a750000)
  eden space 7872K, 100% used [0x05200000, 0x059b0000, 0x059b0000)
  from space 960K,  99% used [0x05aa0000, 0x05b8fff8, 0x05b90000)
  to   space 960K,   0% used [0x059b0000, 0x059b0000, 0x05aa0000)
 tenured generation   total 19520K, used 11984K [0x0a750000, 0x0ba60000, 0x15200000)
   the space 19520K,  61% used [0x0a750000, 0x0b3042b0, 0x0b304400, 0x0ba60000)
 Metaspace       used 14012K, capacity 14291K, committed 14336K, reserved 14720K
}
Event: 0.942 GC heap after
{Heap after GC invocations=11 (full 1):
 def new generation   total 8832K, used 630K [0x05200000, 0x05b90000, 0x0a750000)
  eden space 7872K,   0% used [0x05200000, 0x05200000, 0x059b0000)
  from space 960K,  65% used [0x059b0000, 0x05a4db08, 0x05aa0000)
  to   space 960K,   0% used [0x05aa0000, 0x05aa0000, 0x05b90000)
 tenured generation   total 19520K, used 12917K [0x0a750000, 0x0ba60000, 0x15200000)
   the space 19520K,  66% used [0x0a750000, 0x0b3ed500, 0x0b3ed600, 0x0ba60000)
 Metaspace       used 14012K, capacity 14291K, committed 14336K, reserved 14720K
}
Event: 1.861 GC heap before
{Heap before GC invocations=11 (full 1):
 def new generation   total 8832K, used 8502K [0x05200000, 0x05b90000, 0x0a750000)
  eden space 7872K, 100% used [0x05200000, 0x059b0000, 0x059b0000)
  from space 960K,  65% used [0x059b0000, 0x05a4db08, 0x05aa0000)
  to   space 960K,   0% used [0x05aa0000, 0x05aa0000, 0x05b90000)
 tenured generation   total 19520K, used 12917K [0x0a750000, 0x0ba60000, 0x15200000)
   the space 19520K,  66% used [0x0a750000, 0x0b3ed500, 0x0b3ed600, 0x0ba60000)
 Metaspace       used 14845K, capacity 15150K, committed 15232K, reserved 15744K
}
Event: 1.868 GC heap after
{Heap after GC invocations=12 (full 1):
 def new generation   total 8832K, used 960K [0x05200000, 0x05b90000, 0x0a750000)
  eden space 7872K,   0% used [0x05200000, 0x05200000, 0x059b0000)
  from space 960K, 100% used [0x05aa0000, 0x05b90000, 0x05b90000)
  to   space 960K,   0% used [0x059b0000, 0x059b0000, 0x05aa0000)
 tenured generation   total 19520K, used 14610K [0x0a750000, 0x0ba60000, 0x15200000)
   the space 19520K,  74% used [0x0a750000, 0x0b594960, 0x0b594a00, 0x0ba60000)
 Metaspace       used 14845K, capacity 15150K, committed 15232K, reserved 15744K
}
Event: 2.547 GC heap before
{Heap before GC invocations=12 (full 1):
 def new generation   total 8832K, used 8832K [0x05200000, 0x05b90000, 0x0a750000)
  eden space 7872K, 100% used [0x05200000, 0x059b0000, 0x059b0000)
  from space 960K, 100% used [0x05aa0000, 0x05b90000, 0x05b90000)
  to   space 960K,   0% used [0x059b0000, 0x059b0000, 0x05aa0000)
 tenured generation   total 19520K, used 14610K [0x0a750000, 0x0ba60000, 0x15200000)
   the space 19520K,  74% used [0x0a750000, 0x0b594960, 0x0b594a00, 0x0ba60000)
 Metaspace       used 15855K, capacity 16263K, committed 16384K, reserved 16768K
}
Event: 2.550 GC heap after
{Heap after GC invocations=13 (full 1):
 def new generation   total 8832K, used 739K [0x05200000, 0x05b90000, 0x0a750000)
  eden space 7872K,   0% used [0x05200000, 0x05200000, 0x059b0000)
  from space 960K,  76% used [0x059b0000, 0x05a68c48, 0x05aa0000)
  to   space 960K,   0% used [0x05aa0000, 0x05aa0000, 0x05b90000)
 tenured generation   total 19520K, used 15556K [0x0a750000, 0x0ba60000, 0x15200000)
   the space 19520K,  79% used [0x0a750000, 0x0b681090, 0x0b681200, 0x0ba60000)
 Metaspace       used 15855K, capacity 16263K, committed 16384K, reserved 16768K
}
Event: 8.636 GC heap before
{Heap before GC invocations=13 (full 1):
 def new generation   total 8832K, used 8611K [0x05200000, 0x05b90000, 0x0a750000)
  eden space 7872K, 100% used [0x05200000, 0x059b0000, 0x059b0000)
  from space 960K,  76% used [0x059b0000, 0x05a68c48, 0x05aa0000)
  to   space 960K,   0% used [0x05aa0000, 0x05aa0000, 0x05b90000)
 tenured generation   total 19520K, used 15556K [0x0a750000, 0x0ba60000, 0x15200000)
   the space 19520K,  79% used [0x0a750000, 0x0b681090, 0x0b681200, 0x0ba60000)
 Metaspace       used 16202K, capacity 16607K, committed 16640K, reserved 16768K
}
Event: 8.641 GC heap after
{Heap after GC invocations=14 (full 1):
 def new generation   total 8832K, used 960K [0x05200000, 0x05b90000, 0x0a750000)
  eden space 7872K,   0% used [0x05200000, 0x05200000, 0x059b0000)
  from space 960K, 100% used [0x05aa0000, 0x05b90000, 0x05b90000)
  to   space 960K,   0% used [0x059b0000, 0x059b0000, 0x05aa0000)
 tenured generation   total 19520K, used 16285K [0x0a750000, 0x0ba60000, 0x15200000)
   the space 19520K,  83% used [0x0a750000, 0x0b7376d0, 0x0b737800, 0x0ba60000)
 Metaspace       used 16202K, capacity 16607K, committed 16640K, reserved 16768K
}
Event: 11.743 GC heap before
{Heap before GC invocations=14 (full 1):
 def new generation   total 8832K, used 7885K [0x05200000, 0x05b90000, 0x0a750000)
  eden space 7872K,  87% used [0x05200000, 0x058c34d0, 0x059b0000)
  from space 960K, 100% used [0x05aa0000, 0x05b90000, 0x05b90000)
  to   space 960K,   0% used [0x059b0000, 0x059b0000, 0x05aa0000)
 tenured generation   total 19520K, used 16285K [0x0a750000, 0x0ba60000, 0x15200000)
   the space 19520K,  83% used [0x0a750000, 0x0b7376d0, 0x0b737800, 0x0ba60000)
 Metaspace       used 16259K, capacity 16681K, committed 16768K, reserved 16768K
}
Event: 11.746 GC heap after
{Heap after GC invocations=15 (full 1):
 def new generation   total 8832K, used 960K [0x05200000, 0x05b90000, 0x0a750000)
  eden space 7872K,   0% used [0x05200000, 0x05200000, 0x059b0000)
  from space 960K, 100% used [0x059b0000, 0x05aa0000, 0x05aa0000)
  to   space 960K,   0% used [0x05aa0000, 0x05aa0000, 0x05b90000)
 tenured generation   total 19520K, used 17541K [0x0a750000, 0x0ba60000, 0x15200000)
   the space 19520K,  89% used [0x0a750000, 0x0b8715e0, 0x0b871600, 0x0ba60000)
 Metaspace       used 16259K, capacity 16681K, committed 16768K, reserved 16768K
}

