# JRE version: OpenJDK Runtime Environment Temurin-11.0.21+9 (11.0.21+9) (build 11.0.21+9)
# Java VM: OpenJDK Client VM Temurin-11.0.21+9 (11.0.21+9, mixed mode, serial gc, windows-x86)
Heap:
 def new generation   total 4992K, used 1692K [0x05200000, 0x05760000, 0x0a750000)
  eden space 4480K,  26% used [0x05200000, 0x05327030, 0x05660000)
  from space 512K, 100% used [0x056e0000, 0x05760000, 0x05760000)
  to   space 512K,   0% used [0x05660000, 0x05660000, 0x056e0000)
 tenured generation   total 10944K, used 8255K [0x0a750000, 0x0b200000, 0x15200000)
   the space 10944K,  75% used [0x0a750000, 0x0af5fe58, 0x0af60000, 0x0b200000)
 Metaspace       used 13837K, capacity 14078K, committed 14080K, reserved 14720K
GC Heap History (20 events):
Event: 0.464 GC heap before
{Heap before GC invocations=3 (full 0):
 def new generation   total 4928K, used 4769K [0x05200000, 0x05750000, 0x0a750000)
  eden space 4416K,  99% used [0x05200000, 0x0564fa00, 0x05650000)
  from space 512K,  69% used [0x056d0000, 0x05728b38, 0x05750000)
  to   space 512K,   0% used [0x05650000, 0x05650000, 0x056d0000)
 tenured generation   total 10944K, used 1712K [0x0a750000, 0x0b200000, 0x15200000)
   the space 10944K,  15% used [0x0a750000, 0x0a8fc2b0, 0x0a8fc400, 0x0b200000)
 Metaspace       used 6682K, capacity 6766K, committed 6784K, reserved 7552K
}
Event: 0.465 GC heap after
{Heap after GC invocations=4 (full 0):
 def new generation   total 4928K, used 170K [0x05200000, 0x05750000, 0x0a750000)
  eden space 4416K,   0% used [0x05200000, 0x05200000, 0x05650000)
  from space 512K,  33% used [0x05650000, 0x0567aab8, 0x056d0000)
  to   space 512K,   0% used [0x056d0000, 0x056d0000, 0x05750000)
 tenured generation   total 10944K, used 2054K [0x0a750000, 0x0b200000, 0x15200000)
   the space 10944K,  18% used [0x0a750000, 0x0a951b10, 0x0a951c00, 0x0b200000)
 Metaspace       used 6682K, capacity 6766K, committed 6784K, reserved 7552K
}
Event: 0.506 GC heap before
{Heap before GC invocations=4 (full 0):
 def new generation   total 4928K, used 4586K [0x05200000, 0x05750000, 0x0a750000)
  eden space 4416K, 100% used [0x05200000, 0x05650000, 0x05650000)
  from space 512K,  33% used [0x05650000, 0x0567aab8, 0x056d0000)
  to   space 512K,   0% used [0x056d0000, 0x056d0000, 0x05750000)
 tenured generation   total 10944K, used 2054K [0x0a750000, 0x0b200000, 0x15200000)
   the space 10944K,  18% used [0x0a750000, 0x0a951b10, 0x0a951c00, 0x0b200000)
 Metaspace       used 7737K, capacity 7841K, committed 7936K, reserved 8576K
}
Event: 0.507 GC heap after
{Heap after GC invocations=5 (full 0):
 def new generation   total 4928K, used 418K [0x05200000, 0x05750000, 0x0a750000)
  eden space 4416K,   0% used [0x05200000, 0x05200000, 0x05650000)
  from space 512K,  81% used [0x056d0000, 0x05738858, 0x05750000)
  to   space 512K,   0% used [0x05650000, 0x05650000, 0x056d0000)
 tenured generation   total 10944K, used 2502K [0x0a750000, 0x0b200000, 0x15200000)
   the space 10944K,  22% used [0x0a750000, 0x0a9c1b20, 0x0a9c1c00, 0x0b200000)
 Metaspace       used 7737K, capacity 7841K, committed 7936K, reserved 8576K
}
Event: 0.549 GC heap before
{Heap before GC invocations=5 (full 0):
 def new generation   total 4928K, used 4834K [0x05200000, 0x05750000, 0x0a750000)
  eden space 4416K, 100% used [0x05200000, 0x05650000, 0x05650000)
  from space 512K,  81% used [0x056d0000, 0x05738858, 0x05750000)
  to   space 512K,   0% used [0x05650000, 0x05650000, 0x056d0000)
 tenured generation   total 10944K, used 2502K [0x0a750000, 0x0b200000, 0x15200000)
   the space 10944K,  22% used [0x0a750000, 0x0a9c1b20, 0x0a9c1c00, 0x0b200000)
 Metaspace       used 8941K, capacity 9057K, committed 9088K, reserved 9600K
}
Event: 0.551 GC heap after
{Heap after GC invocations=6 (full 0):
 def new generation   total 4928K, used 512K [0x05200000, 0x05750000, 0x0a750000)
  eden space 4416K,   0% used [0x05200000, 0x05200000, 0x05650000)
  from space 512K, 100% used [0x05650000, 0x056d0000, 0x056d0000)
  to   space 512K,   0% used [0x056d0000, 0x056d0000, 0x05750000)
 tenured generation   total 10944K, used 2945K [0x0a750000, 0x0b200000, 0x15200000)
   the space 10944K,  26% used [0x0a750000, 0x0aa306b0, 0x0aa30800, 0x0b200000)
 Metaspace       used 8941K, capacity 9057K, committed 9088K, reserved 9600K
}
Event: 0.610 GC heap before
{Heap before GC invocations=6 (full 0):
 def new generation   total 4928K, used 4928K [0x05200000, 0x05750000, 0x0a750000)
  eden space 4416K, 100% used [0x05200000, 0x05650000, 0x05650000)
  from space 512K, 100% used [0x05650000, 0x056d0000, 0x056d0000)
  to   space 512K,   0% used [0x056d0000, 0x056d0000, 0x05750000)
 tenured generation   total 10944K, used 2945K [0x0a750000, 0x0b200000, 0x15200000)
   the space 10944K,  26% used [0x0a750000, 0x0aa306b0, 0x0aa30800, 0x0b200000)
 Metaspace       used 10590K, capacity 10738K, committed 10752K, reserved 11648K
}
Event: 0.612 GC heap after
{Heap after GC invocations=7 (full 0):
 def new generation   total 4928K, used 512K [0x05200000, 0x05750000, 0x0a750000)
  eden space 4416K,   0% used [0x05200000, 0x05200000, 0x05650000)
  from space 512K, 100% used [0x056d0000, 0x05750000, 0x05750000)
  to   space 512K,   0% used [0x05650000, 0x05650000, 0x056d0000)
 tenured generation   total 10944K, used 3928K [0x0a750000, 0x0b200000, 0x15200000)
   the space 10944K,  35% used [0x0a750000, 0x0ab26200, 0x0ab26200, 0x0b200000)
 Metaspace       used 10590K, capacity 10738K, committed 10752K, reserved 11648K
}
Event: 0.646 GC heap before
{Heap before GC invocations=7 (full 0):
 def new generation   total 4928K, used 4928K [0x05200000, 0x05750000, 0x0a750000)
  eden space 4416K, 100% used [0x05200000, 0x05650000, 0x05650000)
  from space 512K, 100% used [0x056d0000, 0x05750000, 0x05750000)
  to   space 512K,   0% used [0x05650000, 0x05650000, 0x056d0000)
 tenured generation   total 10944K, used 3928K [0x0a750000, 0x0b200000, 0x15200000)
   the space 10944K,  35% used [0x0a750000, 0x0ab26200, 0x0ab26200, 0x0b200000)
 Metaspace       used 11038K, capacity 11228K, committed 11264K, reserved 11648K
}
Event: 0.648 GC heap after
{Heap after GC invocations=8 (full 0):
 def new generation   total 4928K, used 512K [0x05200000, 0x05750000, 0x0a750000)
  eden space 4416K,   0% used [0x05200000, 0x05200000, 0x05650000)
  from space 512K, 100% used [0x05650000, 0x056d0000, 0x056d0000)
  to   space 512K,   0% used [0x056d0000, 0x056d0000, 0x05750000)
 tenured generation   total 10944K, used 5066K [0x0a750000, 0x0b200000, 0x15200000)
   the space 10944K,  46% used [0x0a750000, 0x0ac42bf8, 0x0ac42c00, 0x0b200000)
 Metaspace       used 11038K, capacity 11228K, committed 11264K, reserved 11648K
}
Event: 0.710 GC heap before
{Heap before GC invocations=8 (full 0):
 def new generation   total 4928K, used 4928K [0x05200000, 0x05750000, 0x0a750000)
  eden space 4416K, 100% used [0x05200000, 0x05650000, 0x05650000)
  from space 512K, 100% used [0x05650000, 0x056d0000, 0x056d0000)
  to   space 512K,   0% used [0x056d0000, 0x056d0000, 0x05750000)
 tenured generation   total 10944K, used 5066K [0x0a750000, 0x0b200000, 0x15200000)
   the space 10944K,  46% used [0x0a750000, 0x0ac42bf8, 0x0ac42c00, 0x0b200000)
 Metaspace       used 11750K, capacity 11939K, committed 12032K, reserved 12672K
}
Event: 0.712 GC heap after
{Heap after GC invocations=9 (full 0):
 def new generation   total 4928K, used 485K [0x05200000, 0x05750000, 0x0a750000)
  eden space 4416K,   0% used [0x05200000, 0x05200000, 0x05650000)
  from space 512K,  94% used [0x056d0000, 0x057494d0, 0x05750000)
  to   space 512K,   0% used [0x05650000, 0x05650000, 0x056d0000)
 tenured generation   total 10944K, used 5551K [0x0a750000, 0x0b200000, 0x15200000)
   the space 10944K,  50% used [0x0a750000, 0x0acbbde8, 0x0acbbe00, 0x0b200000)
 Metaspace       used 11750K, capacity 11939K, committed 12032K, reserved 12672K
}
Event: 0.746 GC heap before
{Heap before GC invocations=9 (full 0):
 def new generation   total 4928K, used 2383K [0x05200000, 0x05750000, 0x0a750000)
  eden space 4416K,  42% used [0x05200000, 0x053da7a8, 0x05650000)
  from space 512K,  94% used [0x056d0000, 0x057494d0, 0x05750000)
  to   space 512K,   0% used [0x05650000, 0x05650000, 0x056d0000)
 tenured generation   total 10944K, used 5551K [0x0a750000, 0x0b200000, 0x15200000)
   the space 10944K,  50% used [0x0a750000, 0x0acbbde8, 0x0acbbe00, 0x0b200000)
 Metaspace       used 12078K, capacity 12270K, committed 12288K, reserved 12672K
}
Event: 0.753 GC heap after
{Heap after GC invocations=10 (full 1):
 def new generation   total 4992K, used 0K [0x05200000, 0x05760000, 0x0a750000)
  eden space 4480K,   0% used [0x05200000, 0x05200000, 0x05660000)
  from space 512K,   0% used [0x05660000, 0x05660000, 0x056e0000)
  to   space 512K,   0% used [0x056e0000, 0x056e0000, 0x05760000)
 tenured generation   total 10944K, used 6096K [0x0a750000, 0x0b200000, 0x15200000)
   the space 10944K,  55% used [0x0a750000, 0x0ad44118, 0x0ad44200, 0x0b200000)
 Metaspace       used 12078K, capacity 12270K, committed 12288K, reserved 12672K
}
Event: 0.811 GC heap before
{Heap before GC invocations=10 (full 1):
 def new generation   total 4992K, used 4480K [0x05200000, 0x05760000, 0x0a750000)
  eden space 4480K, 100% used [0x05200000, 0x05660000, 0x05660000)
  from space 512K,   0% used [0x05660000, 0x05660000, 0x056e0000)
  to   space 512K,   0% used [0x056e0000, 0x056e0000, 0x05760000)
 tenured generation   total 10944K, used 6096K [0x0a750000, 0x0b200000, 0x15200000)
   the space 10944K,  55% used [0x0a750000, 0x0ad44118, 0x0ad44200, 0x0b200000)
 Metaspace       used 12521K, capacity 12734K, committed 12800K, reserved 13696K
}
Event: 0.812 GC heap after
{Heap after GC invocations=11 (full 1):
 def new generation   total 4992K, used 512K [0x05200000, 0x05760000, 0x0a750000)
  eden space 4480K,   0% used [0x05200000, 0x05200000, 0x05660000)
  from space 512K, 100% used [0x056e0000, 0x05760000, 0x05760000)
  to   space 512K,   0% used [0x05660000, 0x05660000, 0x056e0000)
 tenured generation   total 10944K, used 6270K [0x0a750000, 0x0b200000, 0x15200000)
   the space 10944K,  57% used [0x0a750000, 0x0ad6f868, 0x0ad6fa00, 0x0b200000)
 Metaspace       used 12521K, capacity 12734K, committed 12800K, reserved 13696K
}
Event: 0.896 GC heap before
{Heap before GC invocations=11 (full 1):
 def new generation   total 4992K, used 4992K [0x05200000, 0x05760000, 0x0a750000)
  eden space 4480K, 100% used [0x05200000, 0x05660000, 0x05660000)
  from space 512K, 100% used [0x056e0000, 0x05760000, 0x05760000)
  to   space 512K,   0% used [0x05660000, 0x05660000, 0x056e0000)
 tenured generation   total 10944K, used 6270K [0x0a750000, 0x0b200000, 0x15200000)
   the space 10944K,  57% used [0x0a750000, 0x0ad6f868, 0x0ad6fa00, 0x0b200000)
 Metaspace       used 13331K, capacity 13551K, committed 13568K, reserved 13696K
}
Event: 0.899 GC heap after
{Heap after GC invocations=12 (full 1):
 def new generation   total 4992K, used 404K [0x05200000, 0x05760000, 0x0a750000)
  eden space 4480K,   0% used [0x05200000, 0x05200000, 0x05660000)
  from space 512K,  79% used [0x05660000, 0x056c5218, 0x056e0000)
  to   space 512K,   0% used [0x056e0000, 0x056e0000, 0x05760000)
 tenured generation   total 10944K, used 6778K [0x0a750000, 0x0b200000, 0x15200000)
   the space 10944K,  61% used [0x0a750000, 0x0adee8e0, 0x0adeea00, 0x0b200000)
 Metaspace       used 13331K, capacity 13551K, committed 13568K, reserved 13696K
}
Event: 2.006 GC heap before
{Heap before GC invocations=12 (full 1):
 def new generation   total 4992K, used 4884K [0x05200000, 0x05760000, 0x0a750000)
  eden space 4480K, 100% used [0x05200000, 0x05660000, 0x05660000)
  from space 512K,  79% used [0x05660000, 0x056c5218, 0x056e0000)
  to   space 512K,   0% used [0x056e0000, 0x056e0000, 0x05760000)
 tenured generation   total 10944K, used 6778K [0x0a750000, 0x0b200000, 0x15200000)
   the space 10944K,  61% used [0x0a750000, 0x0adee8e0, 0x0adeea00, 0x0b200000)
 Metaspace       used 13797K, capacity 14029K, committed 14080K, reserved 14720K
}
Event: 2.009 GC heap after
{Heap after GC invocations=13 (full 1):
 def new generation   total 4992K, used 512K [0x05200000, 0x05760000, 0x0a750000)
  eden space 4480K,   0% used [0x05200000, 0x05200000, 0x05660000)
  from space 512K, 100% used [0x056e0000, 0x05760000, 0x05760000)
  to   space 512K,   0% used [0x05660000, 0x05660000, 0x056e0000)
 tenured generation   total 10944K, used 8255K [0x0a750000, 0x0b200000, 0x15200000)
   the space 10944K,  75% used [0x0a750000, 0x0af5fe58, 0x0af60000, 0x0b200000)
 Metaspace       used 13797K, capacity 14029K, committed 14080K, reserved 14720K
}

