# JRE version: OpenJDK Runtime Environment Temurin-11.0.21+9 (11.0.21+9) (build 11.0.21+9)
# Java VM: OpenJDK Client VM Temurin-11.0.21+9 (11.0.21+9, mixed mode, serial gc, windows-x86)
Heap:
 def new generation   total 13824K, used 9337K [0x04a00000, 0x058f0000, 0x09f50000)
  eden space 12352K,  75% used [0x04a00000, 0x0531e558, 0x05610000)
  from space 1472K,   0% used [0x05610000, 0x05610000, 0x05780000)
  to   space 1472K,   0% used [0x05780000, 0x05780000, 0x058f0000)
 tenured generation   total 30556K, used 18332K [0x09f50000, 0x0bd27000, 0x14a00000)
   the space 30556K,  59% used [0x09f50000, 0x0b137060, 0x0b137200, 0x0bd27000)
 Metaspace       used 16123K, capacity 16489K, committed 16896K, reserved 17792K
GC Heap History (20 events):
Event: 0.608 GC heap before
{Heap before GC invocations=6 (full 0):
 def new generation   total 4928K, used 4914K [0x04a00000, 0x04f50000, 0x09f50000)
  eden space 4416K,  99% used [0x04a00000, 0x04e4ca60, 0x04e50000)
  from space 512K, 100% used [0x04e50000, 0x04ed0000, 0x04ed0000)
  to   space 512K,   0% used [0x04ed0000, 0x04ed0000, 0x04f50000)
 tenured generation   total 10944K, used 2951K [0x09f50000, 0x0aa00000, 0x14a00000)
   the space 10944K,  26% used [0x09f50000, 0x0a231ec0, 0x0a232000, 0x0aa00000)
 Metaspace       used 10561K, capacity 10734K, committed 10752K, reserved 11648K
}
Event: 0.609 GC heap after
{Heap after GC invocations=7 (full 0):
 def new generation   total 4928K, used 512K [0x04a00000, 0x04f50000, 0x09f50000)
  eden space 4416K,   0% used [0x04a00000, 0x04a00000, 0x04e50000)
  from space 512K, 100% used [0x04ed0000, 0x04f50000, 0x04f50000)
  to   space 512K,   0% used [0x04e50000, 0x04e50000, 0x04ed0000)
 tenured generation   total 10944K, used 3989K [0x09f50000, 0x0aa00000, 0x14a00000)
   the space 10944K,  36% used [0x09f50000, 0x0a3355d0, 0x0a335600, 0x0aa00000)
 Metaspace       used 10561K, capacity 10734K, committed 10752K, reserved 11648K
}
Event: 0.653 GC heap before
{Heap before GC invocations=7 (full 0):
 def new generation   total 4928K, used 4927K [0x04a00000, 0x04f50000, 0x09f50000)
  eden space 4416K,  99% used [0x04a00000, 0x04e4fff8, 0x04e50000)
  from space 512K, 100% used [0x04ed0000, 0x04f50000, 0x04f50000)
  to   space 512K,   0% used [0x04e50000, 0x04e50000, 0x04ed0000)
 tenured generation   total 10944K, used 3989K [0x09f50000, 0x0aa00000, 0x14a00000)
   the space 10944K,  36% used [0x09f50000, 0x0a3355d0, 0x0a335600, 0x0aa00000)
 Metaspace       used 11343K, capacity 11510K, committed 11520K, reserved 11648K
}
Event: 0.654 GC heap after
{Heap after GC invocations=8 (full 0):
 def new generation   total 4928K, used 512K [0x04a00000, 0x04f50000, 0x09f50000)
  eden space 4416K,   0% used [0x04a00000, 0x04a00000, 0x04e50000)
  from space 512K, 100% used [0x04e50000, 0x04ed0000, 0x04ed0000)
  to   space 512K,   0% used [0x04ed0000, 0x04ed0000, 0x04f50000)
 tenured generation   total 10944K, used 4484K [0x09f50000, 0x0aa00000, 0x14a00000)
   the space 10944K,  40% used [0x09f50000, 0x0a3b11d0, 0x0a3b1200, 0x0aa00000)
 Metaspace       used 11343K, capacity 11510K, committed 11520K, reserved 11648K
}
Event: 0.720 GC heap before
{Heap before GC invocations=8 (full 0):
 def new generation   total 4928K, used 4928K [0x04a00000, 0x04f50000, 0x09f50000)
  eden space 4416K, 100% used [0x04a00000, 0x04e50000, 0x04e50000)
  from space 512K, 100% used [0x04e50000, 0x04ed0000, 0x04ed0000)
  to   space 512K,   0% used [0x04ed0000, 0x04ed0000, 0x04f50000)
 tenured generation   total 10944K, used 10714K [0x09f50000, 0x0aa00000, 0x14a00000)
   the space 10944K,  97% used [0x09f50000, 0x0a9c6bc8, 0x0a9c6c00, 0x0aa00000)
 Metaspace       used 11814K, capacity 12008K, committed 12032K, reserved 12672K
}
Event: 0.729 GC heap after
{Heap after GC invocations=9 (full 1):
 def new generation   total 8832K, used 385K [0x04a00000, 0x05390000, 0x09f50000)
  eden space 7872K,   4% used [0x04a00000, 0x04a60528, 0x051b0000)
  from space 960K,   0% used [0x051b0000, 0x051b0000, 0x052a0000)
  to   space 960K,   0% used [0x052a0000, 0x052a0000, 0x05390000)
 tenured generation   total 19520K, used 11711K [0x09f50000, 0x0b260000, 0x14a00000)
   the space 19520K,  59% used [0x09f50000, 0x0aabffb0, 0x0aac0000, 0x0b260000)
 Metaspace       used 11814K, capacity 12008K, committed 12032K, reserved 12672K
}
Event: 0.829 GC heap before
{Heap before GC invocations=9 (full 1):
 def new generation   total 8832K, used 7872K [0x04a00000, 0x05390000, 0x09f50000)
  eden space 7872K, 100% used [0x04a00000, 0x051b0000, 0x051b0000)
  from space 960K,   0% used [0x051b0000, 0x051b0000, 0x052a0000)
  to   space 960K,   0% used [0x052a0000, 0x052a0000, 0x05390000)
 tenured generation   total 19520K, used 11711K [0x09f50000, 0x0b260000, 0x14a00000)
   the space 19520K,  59% used [0x09f50000, 0x0aabffb0, 0x0aac0000, 0x0b260000)
 Metaspace       used 12750K, capacity 12931K, committed 13056K, reserved 13696K
}
Event: 0.832 GC heap after
{Heap after GC invocations=10 (full 1):
 def new generation   total 8832K, used 959K [0x04a00000, 0x05390000, 0x09f50000)
  eden space 7872K,   0% used [0x04a00000, 0x04a00000, 0x051b0000)
  from space 960K,  99% used [0x052a0000, 0x0538fff8, 0x05390000)
  to   space 960K,   0% used [0x051b0000, 0x051b0000, 0x052a0000)
 tenured generation   total 19520K, used 12006K [0x09f50000, 0x0b260000, 0x14a00000)
   the space 19520K,  61% used [0x09f50000, 0x0ab09a88, 0x0ab09c00, 0x0b260000)
 Metaspace       used 12750K, capacity 12931K, committed 13056K, reserved 13696K
}
Event: 0.913 GC heap before
{Heap before GC invocations=10 (full 1):
 def new generation   total 8832K, used 8831K [0x04a00000, 0x05390000, 0x09f50000)
  eden space 7872K, 100% used [0x04a00000, 0x051b0000, 0x051b0000)
  from space 960K,  99% used [0x052a0000, 0x0538fff8, 0x05390000)
  to   space 960K,   0% used [0x051b0000, 0x051b0000, 0x052a0000)
 tenured generation   total 19520K, used 12006K [0x09f50000, 0x0b260000, 0x14a00000)
   the space 19520K,  61% used [0x09f50000, 0x0ab09a88, 0x0ab09c00, 0x0b260000)
 Metaspace       used 14018K, capacity 14325K, committed 14336K, reserved 14720K
}
Event: 0.917 GC heap after
{Heap after GC invocations=11 (full 1):
 def new generation   total 8832K, used 630K [0x04a00000, 0x05390000, 0x09f50000)
  eden space 7872K,   0% used [0x04a00000, 0x04a00000, 0x051b0000)
  from space 960K,  65% used [0x051b0000, 0x0524dbf0, 0x052a0000)
  to   space 960K,   0% used [0x052a0000, 0x052a0000, 0x05390000)
 tenured generation   total 19520K, used 12915K [0x09f50000, 0x0b260000, 0x14a00000)
   the space 19520K,  66% used [0x09f50000, 0x0abeccc8, 0x0abece00, 0x0b260000)
 Metaspace       used 14018K, capacity 14325K, committed 14336K, reserved 14720K
}
Event: 2.084 GC heap before
{Heap before GC invocations=11 (full 1):
 def new generation   total 8832K, used 8502K [0x04a00000, 0x05390000, 0x09f50000)
  eden space 7872K, 100% used [0x04a00000, 0x051b0000, 0x051b0000)
  from space 960K,  65% used [0x051b0000, 0x0524dbf0, 0x052a0000)
  to   space 960K,   0% used [0x052a0000, 0x052a0000, 0x05390000)
 tenured generation   total 19520K, used 12915K [0x09f50000, 0x0b260000, 0x14a00000)
   the space 19520K,  66% used [0x09f50000, 0x0abeccc8, 0x0abece00, 0x0b260000)
 Metaspace       used 14842K, capacity 15138K, committed 15232K, reserved 15744K
}
Event: 2.088 GC heap after
{Heap after GC invocations=12 (full 1):
 def new generation   total 8832K, used 960K [0x04a00000, 0x05390000, 0x09f50000)
  eden space 7872K,   0% used [0x04a00000, 0x04a00000, 0x051b0000)
  from space 960K, 100% used [0x052a0000, 0x05390000, 0x05390000)
  to   space 960K,   0% used [0x051b0000, 0x051b0000, 0x052a0000)
 tenured generation   total 19520K, used 14591K [0x09f50000, 0x0b260000, 0x14a00000)
   the space 19520K,  74% used [0x09f50000, 0x0ad8ffd0, 0x0ad90000, 0x0b260000)
 Metaspace       used 14842K, capacity 15138K, committed 15232K, reserved 15744K
}
Event: 4.165 GC heap before
{Heap before GC invocations=12 (full 1):
 def new generation   total 8832K, used 8832K [0x04a00000, 0x05390000, 0x09f50000)
  eden space 7872K, 100% used [0x04a00000, 0x051b0000, 0x051b0000)
  from space 960K, 100% used [0x052a0000, 0x05390000, 0x05390000)
  to   space 960K,   0% used [0x051b0000, 0x051b0000, 0x052a0000)
 tenured generation   total 19520K, used 14591K [0x09f50000, 0x0b260000, 0x14a00000)
   the space 19520K,  74% used [0x09f50000, 0x0ad8ffd0, 0x0ad90000, 0x0b260000)
 Metaspace       used 15824K, capacity 16246K, committed 16256K, reserved 16768K
}
Event: 4.167 GC heap after
{Heap after GC invocations=13 (full 1):
 def new generation   total 8832K, used 591K [0x04a00000, 0x05390000, 0x09f50000)
  eden space 7872K,   0% used [0x04a00000, 0x04a00000, 0x051b0000)
  from space 960K,  61% used [0x051b0000, 0x05243fc8, 0x052a0000)
  to   space 960K,   0% used [0x052a0000, 0x052a0000, 0x05390000)
 tenured generation   total 19520K, used 15539K [0x09f50000, 0x0b260000, 0x14a00000)
   the space 19520K,  79% used [0x09f50000, 0x0ae7ce10, 0x0ae7d000, 0x0b260000)
 Metaspace       used 15824K, capacity 16246K, committed 16256K, reserved 16768K
}
Event: 10.201 GC heap before
{Heap before GC invocations=13 (full 1):
 def new generation   total 8832K, used 8463K [0x04a00000, 0x05390000, 0x09f50000)
  eden space 7872K, 100% used [0x04a00000, 0x051b0000, 0x051b0000)
  from space 960K,  61% used [0x051b0000, 0x05243fc8, 0x052a0000)
  to   space 960K,   0% used [0x052a0000, 0x052a0000, 0x05390000)
 tenured generation   total 19520K, used 15539K [0x09f50000, 0x0b260000, 0x14a00000)
   the space 19520K,  79% used [0x09f50000, 0x0ae7ce10, 0x0ae7d000, 0x0b260000)
 Metaspace       used 16074K, capacity 16489K, committed 16512K, reserved 16768K
}
Event: 10.203 GC heap after
{Heap after GC invocations=14 (full 1):
 def new generation   total 8832K, used 741K [0x04a00000, 0x05390000, 0x09f50000)
  eden space 7872K,   0% used [0x04a00000, 0x04a00000, 0x051b0000)
  from space 960K,  77% used [0x052a0000, 0x05359558, 0x05390000)
  to   space 960K,   0% used [0x051b0000, 0x051b0000, 0x052a0000)
 tenured generation   total 19520K, used 16110K [0x09f50000, 0x0b260000, 0x14a00000)
   the space 19520K,  82% used [0x09f50000, 0x0af0b918, 0x0af0ba00, 0x0b260000)
 Metaspace       used 16074K, capacity 16489K, committed 16512K, reserved 16768K
}
Event: 11.301 GC heap before
{Heap before GC invocations=14 (full 1):
 def new generation   total 8832K, used 8613K [0x04a00000, 0x05390000, 0x09f50000)
  eden space 7872K, 100% used [0x04a00000, 0x051b0000, 0x051b0000)
  from space 960K,  77% used [0x052a0000, 0x05359558, 0x05390000)
  to   space 960K,   0% used [0x051b0000, 0x051b0000, 0x052a0000)
 tenured generation   total 19520K, used 16110K [0x09f50000, 0x0b260000, 0x14a00000)
   the space 19520K,  82% used [0x09f50000, 0x0af0b918, 0x0af0ba00, 0x0b260000)
 Metaspace       used 16229K, capacity 16658K, committed 16768K, reserved 16768K
}
Event: 11.305 GC heap after
{Heap after GC invocations=15 (full 1):
 def new generation   total 8832K, used 960K [0x04a00000, 0x05390000, 0x09f50000)
  eden space 7872K,   0% used [0x04a00000, 0x04a00000, 0x051b0000)
  from space 960K, 100% used [0x051b0000, 0x052a0000, 0x052a0000)
  to   space 960K,   0% used [0x052a0000, 0x052a0000, 0x05390000)
 tenured generation   total 19520K, used 17591K [0x09f50000, 0x0b260000, 0x14a00000)
   the space 19520K,  90% used [0x09f50000, 0x0b07dc18, 0x0b07de00, 0x0b260000)
 Metaspace       used 16229K, capacity 16658K, committed 16768K, reserved 16768K
}
Event: 17.309 GC heap before
{Heap before GC invocations=15 (full 1):
 def new generation   total 8832K, used 8407K [0x04a00000, 0x05390000, 0x09f50000)
  eden space 7872K,  94% used [0x04a00000, 0x05145f48, 0x051b0000)
  from space 960K, 100% used [0x051b0000, 0x052a0000, 0x052a0000)
  to   space 960K,   0% used [0x052a0000, 0x052a0000, 0x05390000)
 tenured generation   total 19520K, used 17591K [0x09f50000, 0x0b260000, 0x14a00000)
   the space 19520K,  90% used [0x09f50000, 0x0b07dc18, 0x0b07de00, 0x0b260000)
 Metaspace       used 16364K, capacity 16790K, committed 16896K, reserved 17792K
}
Event: 17.330 GC heap after
{Heap after GC invocations=16 (full 2):
 def new generation   total 13824K, used 0K [0x04a00000, 0x058f0000, 0x09f50000)
  eden space 12352K,   0% used [0x04a00000, 0x04a00000, 0x05610000)
  from space 1472K,   0% used [0x05610000, 0x05610000, 0x05780000)
  to   space 1472K,   0% used [0x05780000, 0x05780000, 0x058f0000)
 tenured generation   total 30556K, used 18332K [0x09f50000, 0x0bd27000, 0x14a00000)
   the space 30556K,  59% used [0x09f50000, 0x0b137060, 0x0b137200, 0x0bd27000)
 Metaspace       used 16095K, capacity 16461K, committed 16896K, reserved 17792K
}

