# JRE version: OpenJDK Runtime Environment Temurin-11.0.21+9 (11.0.21+9) (build 11.0.21+9)
# Java VM: OpenJDK Client VM Temurin-11.0.21+9 (11.0.21+9, mixed mode, serial gc, windows-x86)
Heap:
 def new generation   total 16512K, used 2180K [0x05c00000, 0x06de0000, 0x0b150000)
  eden space 14720K,  14% used [0x05c00000, 0x05e21188, 0x06a60000)
  from space 1792K,   0% used [0x06a60000, 0x06a60000, 0x06c20000)
  to   space 1792K,   0% used [0x06c20000, 0x06c20000, 0x06de0000)
 tenured generation   total 36528K, used 21915K [0x0b150000, 0x0d4fc000, 0x15c00000)
   the space 36528K,  59% used [0x0b150000, 0x0c6b6f18, 0x0c6b7000, 0x0d4fc000)
 Metaspace       used 15871K, capacity 16237K, committed 16512K, reserved 16768K
GC Heap History (20 events):
Event: 0.595 GC heap before
{Heap before GC invocations=6 (full 0):
 def new generation   total 4928K, used 4928K [0x05c00000, 0x06150000, 0x0b150000)
  eden space 4416K, 100% used [0x05c00000, 0x06050000, 0x06050000)
  from space 512K, 100% used [0x06050000, 0x060d0000, 0x060d0000)
  to   space 512K,   0% used [0x060d0000, 0x060d0000, 0x06150000)
 tenured generation   total 10944K, used 2771K [0x0b150000, 0x0bc00000, 0x15c00000)
   the space 10944K,  25% used [0x0b150000, 0x0b404c10, 0x0b404e00, 0x0bc00000)
 Metaspace       used 10558K, capacity 10734K, committed 10752K, reserved 11648K
}
Event: 0.596 GC heap after
{Heap after GC invocations=7 (full 0):
 def new generation   total 4928K, used 512K [0x05c00000, 0x06150000, 0x0b150000)
  eden space 4416K,   0% used [0x05c00000, 0x05c00000, 0x06050000)
  from space 512K, 100% used [0x060d0000, 0x06150000, 0x06150000)
  to   space 512K,   0% used [0x06050000, 0x06050000, 0x060d0000)
 tenured generation   total 10944K, used 3700K [0x0b150000, 0x0bc00000, 0x15c00000)
   the space 10944K,  33% used [0x0b150000, 0x0b4ed188, 0x0b4ed200, 0x0bc00000)
 Metaspace       used 10558K, capacity 10734K, committed 10752K, reserved 11648K
}
Event: 0.641 GC heap before
{Heap before GC invocations=7 (full 0):
 def new generation   total 4928K, used 4928K [0x05c00000, 0x06150000, 0x0b150000)
  eden space 4416K, 100% used [0x05c00000, 0x06050000, 0x06050000)
  from space 512K, 100% used [0x060d0000, 0x06150000, 0x06150000)
  to   space 512K,   0% used [0x06050000, 0x06050000, 0x060d0000)
 tenured generation   total 10944K, used 3700K [0x0b150000, 0x0bc00000, 0x15c00000)
   the space 10944K,  33% used [0x0b150000, 0x0b4ed188, 0x0b4ed200, 0x0bc00000)
 Metaspace       used 11344K, capacity 11510K, committed 11520K, reserved 11648K
}
Event: 0.643 GC heap after
{Heap after GC invocations=8 (full 0):
 def new generation   total 4928K, used 510K [0x05c00000, 0x06150000, 0x0b150000)
  eden space 4416K,   0% used [0x05c00000, 0x05c00000, 0x06050000)
  from space 512K,  99% used [0x06050000, 0x060cfb98, 0x060d0000)
  to   space 512K,   0% used [0x060d0000, 0x060d0000, 0x06150000)
 tenured generation   total 10944K, used 4206K [0x0b150000, 0x0bc00000, 0x15c00000)
   the space 10944K,  38% used [0x0b150000, 0x0b56bb98, 0x0b56bc00, 0x0bc00000)
 Metaspace       used 11344K, capacity 11510K, committed 11520K, reserved 11648K
}
Event: 0.707 GC heap before
{Heap before GC invocations=8 (full 0):
 def new generation   total 4928K, used 4922K [0x05c00000, 0x06150000, 0x0b150000)
  eden space 4416K,  99% used [0x05c00000, 0x0604ed90, 0x06050000)
  from space 512K,  99% used [0x06050000, 0x060cfb98, 0x060d0000)
  to   space 512K,   0% used [0x060d0000, 0x060d0000, 0x06150000)
 tenured generation   total 10944K, used 10437K [0x0b150000, 0x0bc00000, 0x15c00000)
   the space 10944K,  95% used [0x0b150000, 0x0bb81590, 0x0bb81600, 0x0bc00000)
 Metaspace       used 11791K, capacity 11976K, committed 12032K, reserved 12672K
}
Event: 0.716 GC heap after
{Heap after GC invocations=9 (full 1):
 def new generation   total 8640K, used 415K [0x05c00000, 0x06560000, 0x0b150000)
  eden space 7680K,   5% used [0x05c00000, 0x05c67ff0, 0x06380000)
  from space 960K,   0% used [0x06380000, 0x06380000, 0x06470000)
  to   space 960K,   0% used [0x06470000, 0x06470000, 0x06560000)
 tenured generation   total 19096K, used 11455K [0x0b150000, 0x0c3f6000, 0x15c00000)
   the space 19096K,  59% used [0x0b150000, 0x0bc7fff8, 0x0bc80000, 0x0c3f6000)
 Metaspace       used 11791K, capacity 11976K, committed 12032K, reserved 12672K
}
Event: 0.819 GC heap before
{Heap before GC invocations=9 (full 1):
 def new generation   total 8640K, used 7680K [0x05c00000, 0x06560000, 0x0b150000)
  eden space 7680K, 100% used [0x05c00000, 0x06380000, 0x06380000)
  from space 960K,   0% used [0x06380000, 0x06380000, 0x06470000)
  to   space 960K,   0% used [0x06470000, 0x06470000, 0x06560000)
 tenured generation   total 19096K, used 11455K [0x0b150000, 0x0c3f6000, 0x15c00000)
   the space 19096K,  59% used [0x0b150000, 0x0bc7fff8, 0x0bc80000, 0x0c3f6000)
 Metaspace       used 12706K, capacity 12899K, committed 12928K, reserved 13696K
}
Event: 0.823 GC heap after
{Heap after GC invocations=10 (full 1):
 def new generation   total 8640K, used 960K [0x05c00000, 0x06560000, 0x0b150000)
  eden space 7680K,   0% used [0x05c00000, 0x05c00000, 0x06380000)
  from space 960K, 100% used [0x06470000, 0x06560000, 0x06560000)
  to   space 960K,   0% used [0x06380000, 0x06380000, 0x06470000)
 tenured generation   total 19096K, used 11727K [0x0b150000, 0x0c3f6000, 0x15c00000)
   the space 19096K,  61% used [0x0b150000, 0x0bcc3c50, 0x0bcc3e00, 0x0c3f6000)
 Metaspace       used 12706K, capacity 12899K, committed 12928K, reserved 13696K
}
Event: 0.893 GC heap before
{Heap before GC invocations=10 (full 1):
 def new generation   total 8640K, used 8640K [0x05c00000, 0x06560000, 0x0b150000)
  eden space 7680K, 100% used [0x05c00000, 0x06380000, 0x06380000)
  from space 960K, 100% used [0x06470000, 0x06560000, 0x06560000)
  to   space 960K,   0% used [0x06380000, 0x06380000, 0x06470000)
 tenured generation   total 19096K, used 11727K [0x0b150000, 0x0c3f6000, 0x15c00000)
   the space 19096K,  61% used [0x0b150000, 0x0bcc3c50, 0x0bcc3e00, 0x0c3f6000)
 Metaspace       used 13877K, capacity 14157K, committed 14208K, reserved 14720K
}
Event: 0.896 GC heap after
{Heap after GC invocations=11 (full 1):
 def new generation   total 8640K, used 554K [0x05c00000, 0x06560000, 0x0b150000)
  eden space 7680K,   0% used [0x05c00000, 0x05c00000, 0x06380000)
  from space 960K,  57% used [0x06380000, 0x0640a9b0, 0x06470000)
  to   space 960K,   0% used [0x06470000, 0x06470000, 0x06560000)
 tenured generation   total 19096K, used 12678K [0x0b150000, 0x0c3f6000, 0x15c00000)
   the space 19096K,  66% used [0x0b150000, 0x0bdb1878, 0x0bdb1a00, 0x0c3f6000)
 Metaspace       used 13877K, capacity 14157K, committed 14208K, reserved 14720K
}
Event: 3.110 GC heap before
{Heap before GC invocations=11 (full 1):
 def new generation   total 8640K, used 8234K [0x05c00000, 0x06560000, 0x0b150000)
  eden space 7680K, 100% used [0x05c00000, 0x06380000, 0x06380000)
  from space 960K,  57% used [0x06380000, 0x0640a9b0, 0x06470000)
  to   space 960K,   0% used [0x06470000, 0x06470000, 0x06560000)
 tenured generation   total 19096K, used 12678K [0x0b150000, 0x0c3f6000, 0x15c00000)
   the space 19096K,  66% used [0x0b150000, 0x0bdb1878, 0x0bdb1a00, 0x0c3f6000)
 Metaspace       used 14732K, capacity 15049K, committed 15104K, reserved 15744K
}
Event: 3.114 GC heap after
{Heap after GC invocations=12 (full 1):
 def new generation   total 8640K, used 960K [0x05c00000, 0x06560000, 0x0b150000)
  eden space 7680K,   0% used [0x05c00000, 0x05c00000, 0x06380000)
  from space 960K, 100% used [0x06470000, 0x06560000, 0x06560000)
  to   space 960K,   0% used [0x06380000, 0x06380000, 0x06470000)
 tenured generation   total 19096K, used 14254K [0x0b150000, 0x0c3f6000, 0x15c00000)
   the space 19096K,  74% used [0x0b150000, 0x0bf3bb28, 0x0bf3bc00, 0x0c3f6000)
 Metaspace       used 14732K, capacity 15049K, committed 15104K, reserved 15744K
}
Event: 3.751 GC heap before
{Heap before GC invocations=12 (full 1):
 def new generation   total 8640K, used 8640K [0x05c00000, 0x06560000, 0x0b150000)
  eden space 7680K, 100% used [0x05c00000, 0x06380000, 0x06380000)
  from space 960K, 100% used [0x06470000, 0x06560000, 0x06560000)
  to   space 960K,   0% used [0x06380000, 0x06380000, 0x06470000)
 tenured generation   total 19096K, used 14254K [0x0b150000, 0x0c3f6000, 0x15c00000)
   the space 19096K,  74% used [0x0b150000, 0x0bf3bb28, 0x0bf3bc00, 0x0c3f6000)
 Metaspace       used 15841K, capacity 16246K, committed 16256K, reserved 16768K
}
Event: 3.754 GC heap after
{Heap after GC invocations=13 (full 1):
 def new generation   total 8640K, used 721K [0x05c00000, 0x06560000, 0x0b150000)
  eden space 7680K,   0% used [0x05c00000, 0x05c00000, 0x06380000)
  from space 960K,  75% used [0x06380000, 0x06434730, 0x06470000)
  to   space 960K,   0% used [0x06470000, 0x06470000, 0x06560000)
 tenured generation   total 19096K, used 15200K [0x0b150000, 0x0c3f6000, 0x15c00000)
   the space 19096K,  79% used [0x0b150000, 0x0c028290, 0x0c028400, 0x0c3f6000)
 Metaspace       used 15841K, capacity 16246K, committed 16256K, reserved 16768K
}
Event: 10.178 GC heap before
{Heap before GC invocations=13 (full 1):
 def new generation   total 8640K, used 8401K [0x05c00000, 0x06560000, 0x0b150000)
  eden space 7680K, 100% used [0x05c00000, 0x06380000, 0x06380000)
  from space 960K,  75% used [0x06380000, 0x06434730, 0x06470000)
  to   space 960K,   0% used [0x06470000, 0x06470000, 0x06560000)
 tenured generation   total 19096K, used 15200K [0x0b150000, 0x0c3f6000, 0x15c00000)
   the space 19096K,  79% used [0x0b150000, 0x0c028290, 0x0c028400, 0x0c3f6000)
 Metaspace       used 16070K, capacity 16457K, committed 16512K, reserved 16768K
}
Event: 10.181 GC heap after
{Heap after GC invocations=14 (full 1):
 def new generation   total 8640K, used 677K [0x05c00000, 0x06560000, 0x0b150000)
  eden space 7680K,   0% used [0x05c00000, 0x05c00000, 0x06380000)
  from space 960K,  70% used [0x06470000, 0x06519438, 0x06560000)
  to   space 960K,   0% used [0x06380000, 0x06380000, 0x06470000)
 tenured generation   total 19096K, used 15904K [0x0b150000, 0x0c3f6000, 0x15c00000)
   the space 19096K,  83% used [0x0b150000, 0x0c0d80b8, 0x0c0d8200, 0x0c3f6000)
 Metaspace       used 16070K, capacity 16457K, committed 16512K, reserved 16768K
}
Event: 15.642 GC heap before
{Heap before GC invocations=14 (full 1):
 def new generation   total 8640K, used 4373K [0x05c00000, 0x06560000, 0x0b150000)
  eden space 7680K,  48% used [0x05c00000, 0x05f9c020, 0x06380000)
  from space 960K,  70% used [0x06470000, 0x06519438, 0x06560000)
  to   space 960K,   0% used [0x06380000, 0x06380000, 0x06470000)
 tenured generation   total 19096K, used 15904K [0x0b150000, 0x0c3f6000, 0x15c00000)
   the space 19096K,  83% used [0x0b150000, 0x0c0d80b8, 0x0c0d8200, 0x0c3f6000)
 Metaspace       used 16071K, capacity 16458K, committed 16512K, reserved 16768K
}
Event: 15.643 GC heap after
{Heap after GC invocations=15 (full 1):
 def new generation   total 8640K, used 278K [0x05c00000, 0x06560000, 0x0b150000)
  eden space 7680K,   0% used [0x05c00000, 0x05c00000, 0x06380000)
  from space 960K,  28% used [0x06380000, 0x063c5958, 0x06470000)
  to   space 960K,   0% used [0x06470000, 0x06470000, 0x06560000)
 tenured generation   total 19096K, used 16264K [0x0b150000, 0x0c3f6000, 0x15c00000)
   the space 19096K,  85% used [0x0b150000, 0x0c132150, 0x0c132200, 0x0c3f6000)
 Metaspace       used 16071K, capacity 16458K, committed 16512K, reserved 16768K
}
Event: 15.704 GC heap before
{Heap before GC invocations=15 (full 1):
 def new generation   total 8640K, used 7326K [0x05c00000, 0x06560000, 0x0b150000)
  eden space 7680K,  91% used [0x05c00000, 0x062e2100, 0x06380000)
  from space 960K,  28% used [0x06380000, 0x063c5958, 0x06470000)
  to   space 960K,   0% used [0x06470000, 0x06470000, 0x06560000)
 tenured generation   total 19096K, used 16264K [0x0b150000, 0x0c3f6000, 0x15c00000)
   the space 19096K,  85% used [0x0b150000, 0x0c132150, 0x0c132200, 0x0c3f6000)
 Metaspace       used 16073K, capacity 16491K, committed 16512K, reserved 16768K
}
Event: 15.731 GC heap after
{Heap after GC invocations=16 (full 2):
 def new generation   total 16512K, used 0K [0x05c00000, 0x06de0000, 0x0b150000)
  eden space 14720K,   0% used [0x05c00000, 0x05c00000, 0x06a60000)
  from space 1792K,   0% used [0x06a60000, 0x06a60000, 0x06c20000)
  to   space 1792K,   0% used [0x06c20000, 0x06c20000, 0x06de0000)
 tenured generation   total 36528K, used 21915K [0x0b150000, 0x0d4fc000, 0x15c00000)
   the space 36528K,  59% used [0x0b150000, 0x0c6b6f18, 0x0c6b7000, 0x0d4fc000)
 Metaspace       used 15844K, capacity 16210K, committed 16512K, reserved 16768K
}

