# JRE version: OpenJDK Runtime Environment Temurin-11.0.21+9 (11.0.21+9) (build 11.0.21+9)
# Java VM: OpenJDK Client VM Temurin-11.0.21+9 (11.0.21+9, mixed mode, serial gc, windows-x86)
Heap:
 def new generation   total 13888K, used 9690K [0x04e00000, 0x05d10000, 0x0a350000)
  eden space 12352K,  73% used [0x04e00000, 0x056d6250, 0x05a10000)
  from space 1536K,  41% used [0x05b90000, 0x05c30830, 0x05d10000)
  to   space 1536K,   0% used [0x05a10000, 0x05a10000, 0x05b90000)
 tenured generation   total 30808K, used 18484K [0x0a350000, 0x0c166000, 0x14e00000)
   the space 30808K,  59% used [0x0a350000, 0x0b55d1e8, 0x0b55d200, 0x0c166000)
 Metaspace       used 16175K, capacity 16567K, committed 17024K, reserved 17792K
GC Heap History (20 events):
Event: 0.623 GC heap before
{Heap before GC invocations=7 (full 0):
 def new generation   total 4928K, used 4928K [0x04e00000, 0x05350000, 0x0a350000)
  eden space 4416K, 100% used [0x04e00000, 0x05250000, 0x05250000)
  from space 512K, 100% used [0x052d0000, 0x05350000, 0x05350000)
  to   space 512K,   0% used [0x05250000, 0x05250000, 0x052d0000)
 tenured generation   total 10944K, used 3962K [0x0a350000, 0x0ae00000, 0x14e00000)
   the space 10944K,  36% used [0x0a350000, 0x0a72ead8, 0x0a72ec00, 0x0ae00000)
 Metaspace       used 11345K, capacity 11510K, committed 11520K, reserved 11648K
}
Event: 0.624 GC heap after
{Heap after GC invocations=8 (full 0):
 def new generation   total 4928K, used 512K [0x04e00000, 0x05350000, 0x0a350000)
  eden space 4416K,   0% used [0x04e00000, 0x04e00000, 0x05250000)
  from space 512K, 100% used [0x05250000, 0x052d0000, 0x052d0000)
  to   space 512K,   0% used [0x052d0000, 0x052d0000, 0x05350000)
 tenured generation   total 10944K, used 4465K [0x0a350000, 0x0ae00000, 0x14e00000)
   the space 10944K,  40% used [0x0a350000, 0x0a7ac420, 0x0a7ac600, 0x0ae00000)
 Metaspace       used 11345K, capacity 11510K, committed 11520K, reserved 11648K
}
Event: 0.689 GC heap before
{Heap before GC invocations=8 (full 0):
 def new generation   total 4928K, used 4928K [0x04e00000, 0x05350000, 0x0a350000)
  eden space 4416K, 100% used [0x04e00000, 0x05250000, 0x05250000)
  from space 512K, 100% used [0x05250000, 0x052d0000, 0x052d0000)
  to   space 512K,   0% used [0x052d0000, 0x052d0000, 0x05350000)
 tenured generation   total 10944K, used 10695K [0x0a350000, 0x0ae00000, 0x14e00000)
   the space 10944K,  97% used [0x0a350000, 0x0adc1e18, 0x0adc2000, 0x0ae00000)
 Metaspace       used 11809K, capacity 12008K, committed 12032K, reserved 12672K
}
Event: 0.698 GC heap after
{Heap after GC invocations=9 (full 1):
 def new generation   total 8832K, used 385K [0x04e00000, 0x05790000, 0x0a350000)
  eden space 7872K,   4% used [0x04e00000, 0x04e60438, 0x055b0000)
  from space 960K,   0% used [0x055b0000, 0x055b0000, 0x056a0000)
  to   space 960K,   0% used [0x056a0000, 0x056a0000, 0x05790000)
 tenured generation   total 19520K, used 11711K [0x0a350000, 0x0b660000, 0x14e00000)
   the space 19520K,  59% used [0x0a350000, 0x0aebffd8, 0x0aec0000, 0x0b660000)
 Metaspace       used 11809K, capacity 12008K, committed 12032K, reserved 12672K
}
Event: 0.800 GC heap before
{Heap before GC invocations=9 (full 1):
 def new generation   total 8832K, used 7872K [0x04e00000, 0x05790000, 0x0a350000)
  eden space 7872K, 100% used [0x04e00000, 0x055b0000, 0x055b0000)
  from space 960K,   0% used [0x055b0000, 0x055b0000, 0x056a0000)
  to   space 960K,   0% used [0x056a0000, 0x056a0000, 0x05790000)
 tenured generation   total 19520K, used 11711K [0x0a350000, 0x0b660000, 0x14e00000)
   the space 19520K,  59% used [0x0a350000, 0x0aebffd8, 0x0aec0000, 0x0b660000)
 Metaspace       used 12751K, capacity 12931K, committed 13056K, reserved 13696K
}
Event: 0.803 GC heap after
{Heap after GC invocations=10 (full 1):
 def new generation   total 8832K, used 960K [0x04e00000, 0x05790000, 0x0a350000)
  eden space 7872K,   0% used [0x04e00000, 0x04e00000, 0x055b0000)
  from space 960K, 100% used [0x056a0000, 0x05790000, 0x05790000)
  to   space 960K,   0% used [0x055b0000, 0x055b0000, 0x056a0000)
 tenured generation   total 19520K, used 11983K [0x0a350000, 0x0b660000, 0x14e00000)
   the space 19520K,  61% used [0x0a350000, 0x0af03c28, 0x0af03e00, 0x0b660000)
 Metaspace       used 12751K, capacity 12931K, committed 13056K, reserved 13696K
}
Event: 0.884 GC heap before
{Heap before GC invocations=10 (full 1):
 def new generation   total 8832K, used 8832K [0x04e00000, 0x05790000, 0x0a350000)
  eden space 7872K, 100% used [0x04e00000, 0x055b0000, 0x055b0000)
  from space 960K, 100% used [0x056a0000, 0x05790000, 0x05790000)
  to   space 960K,   0% used [0x055b0000, 0x055b0000, 0x056a0000)
 tenured generation   total 19520K, used 11983K [0x0a350000, 0x0b660000, 0x14e00000)
   the space 19520K,  61% used [0x0a350000, 0x0af03c28, 0x0af03e00, 0x0b660000)
 Metaspace       used 14012K, capacity 14291K, committed 14336K, reserved 14720K
}
Event: 0.888 GC heap after
{Heap after GC invocations=11 (full 1):
 def new generation   total 8832K, used 630K [0x04e00000, 0x05790000, 0x0a350000)
  eden space 7872K,   0% used [0x04e00000, 0x04e00000, 0x055b0000)
  from space 960K,  65% used [0x055b0000, 0x0564db28, 0x056a0000)
  to   space 960K,   0% used [0x056a0000, 0x056a0000, 0x05790000)
 tenured generation   total 19520K, used 12915K [0x0a350000, 0x0b660000, 0x14e00000)
   the space 19520K,  66% used [0x0a350000, 0x0afecec8, 0x0afed000, 0x0b660000)
 Metaspace       used 14012K, capacity 14291K, committed 14336K, reserved 14720K
}
Event: 2.729 GC heap before
{Heap before GC invocations=11 (full 1):
 def new generation   total 8832K, used 8502K [0x04e00000, 0x05790000, 0x0a350000)
  eden space 7872K, 100% used [0x04e00000, 0x055b0000, 0x055b0000)
  from space 960K,  65% used [0x055b0000, 0x0564db28, 0x056a0000)
  to   space 960K,   0% used [0x056a0000, 0x056a0000, 0x05790000)
 tenured generation   total 19520K, used 12915K [0x0a350000, 0x0b660000, 0x14e00000)
   the space 19520K,  66% used [0x0a350000, 0x0afecec8, 0x0afed000, 0x0b660000)
 Metaspace       used 14843K, capacity 15138K, committed 15232K, reserved 15744K
}
Event: 2.732 GC heap after
{Heap after GC invocations=12 (full 1):
 def new generation   total 8832K, used 960K [0x04e00000, 0x05790000, 0x0a350000)
  eden space 7872K,   0% used [0x04e00000, 0x04e00000, 0x055b0000)
  from space 960K, 100% used [0x056a0000, 0x05790000, 0x05790000)
  to   space 960K,   0% used [0x055b0000, 0x055b0000, 0x056a0000)
 tenured generation   total 19520K, used 14640K [0x0a350000, 0x0b660000, 0x14e00000)
   the space 19520K,  75% used [0x0a350000, 0x0b19c230, 0x0b19c400, 0x0b660000)
 Metaspace       used 14843K, capacity 15138K, committed 15232K, reserved 15744K
}
Event: 2.814 GC heap before
{Heap before GC invocations=12 (full 1):
 def new generation   total 8832K, used 8832K [0x04e00000, 0x05790000, 0x0a350000)
  eden space 7872K, 100% used [0x04e00000, 0x055b0000, 0x055b0000)
  from space 960K, 100% used [0x056a0000, 0x05790000, 0x05790000)
  to   space 960K,   0% used [0x055b0000, 0x055b0000, 0x056a0000)
 tenured generation   total 19520K, used 14640K [0x0a350000, 0x0b660000, 0x14e00000)
   the space 19520K,  75% used [0x0a350000, 0x0b19c230, 0x0b19c400, 0x0b660000)
 Metaspace       used 15886K, capacity 16283K, committed 16384K, reserved 16768K
}
Event: 2.817 GC heap after
{Heap after GC invocations=13 (full 1):
 def new generation   total 8832K, used 772K [0x04e00000, 0x05790000, 0x0a350000)
  eden space 7872K,   0% used [0x04e00000, 0x04e00000, 0x055b0000)
  from space 960K,  80% used [0x055b0000, 0x05671250, 0x056a0000)
  to   space 960K,   0% used [0x056a0000, 0x056a0000, 0x05790000)
 tenured generation   total 19520K, used 15569K [0x0a350000, 0x0b660000, 0x14e00000)
   the space 19520K,  79% used [0x0a350000, 0x0b2846d8, 0x0b284800, 0x0b660000)
 Metaspace       used 15886K, capacity 16283K, committed 16384K, reserved 16768K
}
Event: 9.789 GC heap before
{Heap before GC invocations=13 (full 1):
 def new generation   total 8832K, used 8644K [0x04e00000, 0x05790000, 0x0a350000)
  eden space 7872K, 100% used [0x04e00000, 0x055b0000, 0x055b0000)
  from space 960K,  80% used [0x055b0000, 0x05671250, 0x056a0000)
  to   space 960K,   0% used [0x056a0000, 0x056a0000, 0x05790000)
 tenured generation   total 19520K, used 15569K [0x0a350000, 0x0b660000, 0x14e00000)
   the space 19520K,  79% used [0x0a350000, 0x0b2846d8, 0x0b284800, 0x0b660000)
 Metaspace       used 16248K, capacity 16671K, committed 16768K, reserved 16768K
}
Event: 9.792 GC heap after
{Heap after GC invocations=14 (full 1):
 def new generation   total 8832K, used 627K [0x04e00000, 0x05790000, 0x0a350000)
  eden space 7872K,   0% used [0x04e00000, 0x04e00000, 0x055b0000)
  from space 960K,  65% used [0x056a0000, 0x0573ccc0, 0x05790000)
  to   space 960K,   0% used [0x055b0000, 0x055b0000, 0x056a0000)
 tenured generation   total 19520K, used 16324K [0x0a350000, 0x0b660000, 0x14e00000)
   the space 19520K,  83% used [0x0a350000, 0x0b341178, 0x0b341200, 0x0b660000)
 Metaspace       used 16248K, capacity 16671K, committed 16768K, reserved 16768K
}
Event: 10.771 GC heap before
{Heap before GC invocations=14 (full 1):
 def new generation   total 8832K, used 8499K [0x04e00000, 0x05790000, 0x0a350000)
  eden space 7872K, 100% used [0x04e00000, 0x055b0000, 0x055b0000)
  from space 960K,  65% used [0x056a0000, 0x0573ccc0, 0x05790000)
  to   space 960K,   0% used [0x055b0000, 0x055b0000, 0x056a0000)
 tenured generation   total 19520K, used 16324K [0x0a350000, 0x0b660000, 0x14e00000)
   the space 19520K,  83% used [0x0a350000, 0x0b341178, 0x0b341200, 0x0b660000)
 Metaspace       used 16326K, capacity 16749K, committed 16768K, reserved 16768K
}
Event: 10.775 GC heap after
{Heap after GC invocations=15 (full 1):
 def new generation   total 8832K, used 959K [0x04e00000, 0x05790000, 0x0a350000)
  eden space 7872K,   0% used [0x04e00000, 0x04e00000, 0x055b0000)
  from space 960K,  99% used [0x055b0000, 0x0569fff8, 0x056a0000)
  to   space 960K,   0% used [0x056a0000, 0x056a0000, 0x05790000)
 tenured generation   total 19520K, used 17644K [0x0a350000, 0x0b660000, 0x14e00000)
   the space 19520K,  90% used [0x0a350000, 0x0b48b1e0, 0x0b48b200, 0x0b660000)
 Metaspace       used 16326K, capacity 16749K, committed 16768K, reserved 16768K
}
Event: 21.937 GC heap before
{Heap before GC invocations=15 (full 1):
 def new generation   total 8832K, used 8831K [0x04e00000, 0x05790000, 0x0a350000)
  eden space 7872K, 100% used [0x04e00000, 0x055b0000, 0x055b0000)
  from space 960K,  99% used [0x055b0000, 0x0569fff8, 0x056a0000)
  to   space 960K,   0% used [0x056a0000, 0x056a0000, 0x05790000)
 tenured generation   total 19520K, used 17644K [0x0a350000, 0x0b660000, 0x14e00000)
   the space 19520K,  90% used [0x0a350000, 0x0b48b1e0, 0x0b48b200, 0x0b660000)
 Metaspace       used 16448K, capacity 16907K, committed 17024K, reserved 17792K
}
Event: 21.958 GC heap after
{Heap after GC invocations=16 (full 2):
 def new generation   total 13888K, used 0K [0x04e00000, 0x05d10000, 0x0a350000)
  eden space 12352K,   0% used [0x04e00000, 0x04e00000, 0x05a10000)
  from space 1536K,   0% used [0x05a10000, 0x05a10000, 0x05b90000)
  to   space 1536K,   0% used [0x05b90000, 0x05b90000, 0x05d10000)
 tenured generation   total 30808K, used 18484K [0x0a350000, 0x0c166000, 0x14e00000)
   the space 30808K,  59% used [0x0a350000, 0x0b55d1e8, 0x0b55d200, 0x0c166000)
 Metaspace       used 16147K, capacity 16538K, committed 17024K, reserved 17792K
}
Event: 31.375 GC heap before
{Heap before GC invocations=16 (full 2):
 def new generation   total 13888K, used 6730K [0x04e00000, 0x05d10000, 0x0a350000)
  eden space 12352K,  54% used [0x04e00000, 0x054929c0, 0x05a10000)
  from space 1536K,   0% used [0x05a10000, 0x05a10000, 0x05b90000)
  to   space 1536K,   0% used [0x05b90000, 0x05b90000, 0x05d10000)
 tenured generation   total 30808K, used 18484K [0x0a350000, 0x0c166000, 0x14e00000)
   the space 30808K,  59% used [0x0a350000, 0x0b55d1e8, 0x0b55d200, 0x0c166000)
 Metaspace       used 16149K, capacity 16540K, committed 17024K, reserved 17792K
}
Event: 31.377 GC heap after
{Heap after GC invocations=17 (full 2):
 def new generation   total 13888K, used 642K [0x04e00000, 0x05d10000, 0x0a350000)
  eden space 12352K,   0% used [0x04e00000, 0x04e00000, 0x05a10000)
  from space 1536K,  41% used [0x05b90000, 0x05c30830, 0x05d10000)
  to   space 1536K,   0% used [0x05a10000, 0x05a10000, 0x05b90000)
 tenured generation   total 30808K, used 18484K [0x0a350000, 0x0c166000, 0x14e00000)
   the space 30808K,  59% used [0x0a350000, 0x0b55d1e8, 0x0b55d200, 0x0c166000)
 Metaspace       used 16149K, capacity 16540K, committed 17024K, reserved 17792K
}

