# JRE version: OpenJDK Runtime Environment Temurin-11.0.21+9 (11.0.21+9) (build 11.0.21+9)
# Java VM: OpenJDK Client VM Temurin-11.0.21+9 (11.0.21+9, mixed mode, serial gc, windows-x86)
Heap:
 def new generation   total 14144K, used 2695K [0x04c00000, 0x05b50000, 0x0a150000)
  eden space 12608K,  17% used [0x04c00000, 0x04e24e70, 0x05850000)
  from space 1536K,  32% used [0x059d0000, 0x05a4d050, 0x05b50000)
  to   space 1536K,   0% used [0x05850000, 0x05850000, 0x059d0000)
 tenured generation   total 31272K, used 24991K [0x0a150000, 0x0bfda000, 0x14c00000)
   the space 31272K,  79% used [0x0a150000, 0x0b9b7e00, 0x0b9b7e00, 0x0bfda000)
 Metaspace       used 16036K, capacity 16410K, committed 16768K, reserved 16768K
GC Heap History (20 events):
Event: 0.812 GC heap before
{Heap before GC invocations=6 (full 0):
 def new generation   total 4928K, used 4920K [0x04c00000, 0x05150000, 0x0a150000)
  eden space 4416K,  99% used [0x04c00000, 0x0504e238, 0x05050000)
  from space 512K, 100% used [0x05050000, 0x050d0000, 0x050d0000)
  to   space 512K,   0% used [0x050d0000, 0x050d0000, 0x05150000)
 tenured generation   total 10944K, used 3037K [0x0a150000, 0x0ac00000, 0x14c00000)
   the space 10944K,  27% used [0x0a150000, 0x0a4474a8, 0x0a447600, 0x0ac00000)
 Metaspace       used 10557K, capacity 10734K, committed 10752K, reserved 11648K
}
Event: 0.814 GC heap after
{Heap after GC invocations=7 (full 0):
 def new generation   total 4928K, used 512K [0x04c00000, 0x05150000, 0x0a150000)
  eden space 4416K,   0% used [0x04c00000, 0x04c00000, 0x05050000)
  from space 512K, 100% used [0x050d0000, 0x05150000, 0x05150000)
  to   space 512K,   0% used [0x05050000, 0x05050000, 0x050d0000)
 tenured generation   total 10944K, used 3920K [0x0a150000, 0x0ac00000, 0x14c00000)
   the space 10944K,  35% used [0x0a150000, 0x0a5240c0, 0x0a524200, 0x0ac00000)
 Metaspace       used 10557K, capacity 10734K, committed 10752K, reserved 11648K
}
Event: 0.870 GC heap before
{Heap before GC invocations=7 (full 0):
 def new generation   total 4928K, used 4928K [0x04c00000, 0x05150000, 0x0a150000)
  eden space 4416K, 100% used [0x04c00000, 0x05050000, 0x05050000)
  from space 512K, 100% used [0x050d0000, 0x05150000, 0x05150000)
  to   space 512K,   0% used [0x05050000, 0x05050000, 0x050d0000)
 tenured generation   total 10944K, used 3920K [0x0a150000, 0x0ac00000, 0x14c00000)
   the space 10944K,  35% used [0x0a150000, 0x0a5240c0, 0x0a524200, 0x0ac00000)
 Metaspace       used 11343K, capacity 11510K, committed 11520K, reserved 11648K
}
Event: 0.872 GC heap after
{Heap after GC invocations=8 (full 0):
 def new generation   total 4928K, used 510K [0x04c00000, 0x05150000, 0x0a150000)
  eden space 4416K,   0% used [0x04c00000, 0x04c00000, 0x05050000)
  from space 512K,  99% used [0x05050000, 0x050cfbd0, 0x050d0000)
  to   space 512K,   0% used [0x050d0000, 0x050d0000, 0x05150000)
 tenured generation   total 10944K, used 4425K [0x0a150000, 0x0ac00000, 0x14c00000)
   the space 10944K,  40% used [0x0a150000, 0x0a5a2648, 0x0a5a2800, 0x0ac00000)
 Metaspace       used 11343K, capacity 11510K, committed 11520K, reserved 11648K
}
Event: 0.941 GC heap before
{Heap before GC invocations=8 (full 0):
 def new generation   total 4928K, used 4919K [0x04c00000, 0x05150000, 0x0a150000)
  eden space 4416K,  99% used [0x04c00000, 0x0504e2c8, 0x05050000)
  from space 512K,  99% used [0x05050000, 0x050cfbd0, 0x050d0000)
  to   space 512K,   0% used [0x050d0000, 0x050d0000, 0x05150000)
 tenured generation   total 10944K, used 10656K [0x0a150000, 0x0ac00000, 0x14c00000)
   the space 10944K,  97% used [0x0a150000, 0x0abb8040, 0x0abb8200, 0x0ac00000)
 Metaspace       used 11800K, capacity 11976K, committed 12032K, reserved 12672K
}
Event: 0.950 GC heap after
{Heap after GC invocations=9 (full 1):
 def new generation   total 8768K, used 506K [0x04c00000, 0x05580000, 0x0a150000)
  eden space 7808K,   6% used [0x04c00000, 0x04c7ebc0, 0x053a0000)
  from space 960K,   0% used [0x053a0000, 0x053a0000, 0x05490000)
  to   space 960K,   0% used [0x05490000, 0x05490000, 0x05580000)
 tenured generation   total 19308K, used 11583K [0x0a150000, 0x0b42b000, 0x14c00000)
   the space 19308K,  59% used [0x0a150000, 0x0ac9ffd8, 0x0aca0000, 0x0b42b000)
 Metaspace       used 11800K, capacity 11976K, committed 12032K, reserved 12672K
}
Event: 1.084 GC heap before
{Heap before GC invocations=9 (full 1):
 def new generation   total 8768K, used 7808K [0x04c00000, 0x05580000, 0x0a150000)
  eden space 7808K, 100% used [0x04c00000, 0x053a0000, 0x053a0000)
  from space 960K,   0% used [0x053a0000, 0x053a0000, 0x05490000)
  to   space 960K,   0% used [0x05490000, 0x05490000, 0x05580000)
 tenured generation   total 19308K, used 11583K [0x0a150000, 0x0b42b000, 0x14c00000)
   the space 19308K,  59% used [0x0a150000, 0x0ac9ffd8, 0x0aca0000, 0x0b42b000)
 Metaspace       used 12716K, capacity 12899K, committed 12928K, reserved 13696K
}
Event: 1.088 GC heap after
{Heap after GC invocations=10 (full 1):
 def new generation   total 8768K, used 960K [0x04c00000, 0x05580000, 0x0a150000)
  eden space 7808K,   0% used [0x04c00000, 0x04c00000, 0x053a0000)
  from space 960K, 100% used [0x05490000, 0x05580000, 0x05580000)
  to   space 960K,   0% used [0x053a0000, 0x053a0000, 0x05490000)
 tenured generation   total 19308K, used 11943K [0x0a150000, 0x0b42b000, 0x14c00000)
   the space 19308K,  61% used [0x0a150000, 0x0acf9d58, 0x0acf9e00, 0x0b42b000)
 Metaspace       used 12716K, capacity 12899K, committed 12928K, reserved 13696K
}
Event: 1.162 GC heap before
{Heap before GC invocations=10 (full 1):
 def new generation   total 8768K, used 8719K [0x04c00000, 0x05580000, 0x0a150000)
  eden space 7808K,  99% used [0x04c00000, 0x05393c10, 0x053a0000)
  from space 960K, 100% used [0x05490000, 0x05580000, 0x05580000)
  to   space 960K,   0% used [0x053a0000, 0x053a0000, 0x05490000)
 tenured generation   total 19308K, used 11943K [0x0a150000, 0x0b42b000, 0x14c00000)
   the space 19308K,  61% used [0x0a150000, 0x0acf9d58, 0x0acf9e00, 0x0b42b000)
 Metaspace       used 13959K, capacity 14253K, committed 14336K, reserved 14720K
}
Event: 1.165 GC heap after
{Heap after GC invocations=11 (full 1):
 def new generation   total 8768K, used 598K [0x04c00000, 0x05580000, 0x0a150000)
  eden space 7808K,   0% used [0x04c00000, 0x04c00000, 0x053a0000)
  from space 960K,  62% used [0x053a0000, 0x05435be8, 0x05490000)
  to   space 960K,   0% used [0x05490000, 0x05490000, 0x05580000)
 tenured generation   total 19308K, used 12896K [0x0a150000, 0x0b42b000, 0x14c00000)
   the space 19308K,  66% used [0x0a150000, 0x0ade8260, 0x0ade8400, 0x0b42b000)
 Metaspace       used 13959K, capacity 14253K, committed 14336K, reserved 14720K
}
Event: 2.765 GC heap before
{Heap before GC invocations=11 (full 1):
 def new generation   total 8768K, used 8406K [0x04c00000, 0x05580000, 0x0a150000)
  eden space 7808K, 100% used [0x04c00000, 0x053a0000, 0x053a0000)
  from space 960K,  62% used [0x053a0000, 0x05435be8, 0x05490000)
  to   space 960K,   0% used [0x05490000, 0x05490000, 0x05580000)
 tenured generation   total 19308K, used 12896K [0x0a150000, 0x0b42b000, 0x14c00000)
   the space 19308K,  66% used [0x0a150000, 0x0ade8260, 0x0ade8400, 0x0b42b000)
 Metaspace       used 14800K, capacity 15116K, committed 15232K, reserved 15744K
}
Event: 2.770 GC heap after
{Heap after GC invocations=12 (full 1):
 def new generation   total 8768K, used 960K [0x04c00000, 0x05580000, 0x0a150000)
  eden space 7808K,   0% used [0x04c00000, 0x04c00000, 0x053a0000)
  from space 960K, 100% used [0x05490000, 0x05580000, 0x05580000)
  to   space 960K,   0% used [0x053a0000, 0x053a0000, 0x05490000)
 tenured generation   total 19308K, used 14585K [0x0a150000, 0x0b42b000, 0x14c00000)
   the space 19308K,  75% used [0x0a150000, 0x0af8e760, 0x0af8e800, 0x0b42b000)
 Metaspace       used 14800K, capacity 15116K, committed 15232K, reserved 15744K
}
Event: 3.812 GC heap before
{Heap before GC invocations=12 (full 1):
 def new generation   total 8768K, used 8768K [0x04c00000, 0x05580000, 0x0a150000)
  eden space 7808K, 100% used [0x04c00000, 0x053a0000, 0x053a0000)
  from space 960K, 100% used [0x05490000, 0x05580000, 0x05580000)
  to   space 960K,   0% used [0x053a0000, 0x053a0000, 0x05490000)
 tenured generation   total 19308K, used 14585K [0x0a150000, 0x0b42b000, 0x14c00000)
   the space 19308K,  75% used [0x0a150000, 0x0af8e760, 0x0af8e800, 0x0b42b000)
 Metaspace       used 15856K, capacity 16263K, committed 16384K, reserved 16768K
}
Event: 3.815 GC heap after
{Heap after GC invocations=13 (full 1):
 def new generation   total 8768K, used 718K [0x04c00000, 0x05580000, 0x0a150000)
  eden space 7808K,   0% used [0x04c00000, 0x04c00000, 0x053a0000)
  from space 960K,  74% used [0x053a0000, 0x054538f0, 0x05490000)
  to   space 960K,   0% used [0x05490000, 0x05490000, 0x05580000)
 tenured generation   total 19308K, used 15537K [0x0a150000, 0x0b42b000, 0x14c00000)
   the space 19308K,  80% used [0x0a150000, 0x0b07c5c0, 0x0b07c600, 0x0b42b000)
 Metaspace       used 15856K, capacity 16263K, committed 16384K, reserved 16768K
}
Event: 9.890 GC heap before
{Heap before GC invocations=13 (full 1):
 def new generation   total 8768K, used 8526K [0x04c00000, 0x05580000, 0x0a150000)
  eden space 7808K, 100% used [0x04c00000, 0x053a0000, 0x053a0000)
  from space 960K,  74% used [0x053a0000, 0x054538f0, 0x05490000)
  to   space 960K,   0% used [0x05490000, 0x05490000, 0x05580000)
 tenured generation   total 19308K, used 15537K [0x0a150000, 0x0b42b000, 0x14c00000)
   the space 19308K,  80% used [0x0a150000, 0x0b07c5c0, 0x0b07c600, 0x0b42b000)
 Metaspace       used 16192K, capacity 16608K, committed 16640K, reserved 16768K
}
Event: 9.893 GC heap after
{Heap after GC invocations=14 (full 1):
 def new generation   total 8768K, used 698K [0x04c00000, 0x05580000, 0x0a150000)
  eden space 7808K,   0% used [0x04c00000, 0x04c00000, 0x053a0000)
  from space 960K,  72% used [0x05490000, 0x0553ea20, 0x05580000)
  to   space 960K,   0% used [0x053a0000, 0x053a0000, 0x05490000)
 tenured generation   total 19308K, used 17259K [0x0a150000, 0x0b42b000, 0x14c00000)
   the space 19308K,  89% used [0x0a150000, 0x0b22add0, 0x0b22ae00, 0x0b42b000)
 Metaspace       used 16192K, capacity 16608K, committed 16640K, reserved 16768K
}
Event: 10.087 GC heap before
{Heap before GC invocations=14 (full 1):
 def new generation   total 8768K, used 8506K [0x04c00000, 0x05580000, 0x0a150000)
  eden space 7808K, 100% used [0x04c00000, 0x053a0000, 0x053a0000)
  from space 960K,  72% used [0x05490000, 0x0553ea20, 0x05580000)
  to   space 960K,   0% used [0x053a0000, 0x053a0000, 0x05490000)
 tenured generation   total 19308K, used 17259K [0x0a150000, 0x0b42b000, 0x14c00000)
   the space 19308K,  89% used [0x0a150000, 0x0b22add0, 0x0b22ae00, 0x0b42b000)
 Metaspace       used 16239K, capacity 16667K, committed 16768K, reserved 16768K
}
Event: 10.108 GC heap after
{Heap after GC invocations=15 (full 2):
 def new generation   total 14144K, used 0K [0x04c00000, 0x05b50000, 0x0a150000)
  eden space 12608K,   0% used [0x04c00000, 0x04c00000, 0x05850000)
  from space 1536K,   0% used [0x05850000, 0x05850000, 0x059d0000)
  to   space 1536K,   0% used [0x059d0000, 0x059d0000, 0x05b50000)
 tenured generation   total 31272K, used 18761K [0x0a150000, 0x0bfda000, 0x14c00000)
   the space 31272K,  59% used [0x0a150000, 0x0b3a2408, 0x0b3a2600, 0x0bfda000)
 Metaspace       used 15996K, capacity 16368K, committed 16768K, reserved 16768K
}
Event: 21.072 GC heap before
{Heap before GC invocations=15 (full 2):
 def new generation   total 14144K, used 12608K [0x04c00000, 0x05b50000, 0x0a150000)
  eden space 12608K, 100% used [0x04c00000, 0x05850000, 0x05850000)
  from space 1536K,   0% used [0x05850000, 0x05850000, 0x059d0000)
  to   space 1536K,   0% used [0x059d0000, 0x059d0000, 0x05b50000)
 tenured generation   total 31272K, used 18761K [0x0a150000, 0x0bfda000, 0x14c00000)
   the space 31272K,  59% used [0x0a150000, 0x0b3a2408, 0x0b3a2600, 0x0bfda000)
 Metaspace       used 16010K, capacity 16385K, committed 16768K, reserved 16768K
}
Event: 21.076 GC heap after
{Heap after GC invocations=16 (full 2):
 def new generation   total 14144K, used 500K [0x04c00000, 0x05b50000, 0x0a150000)
  eden space 12608K,   0% used [0x04c00000, 0x04c00000, 0x05850000)
  from space 1536K,  32% used [0x059d0000, 0x05a4d050, 0x05b50000)
  to   space 1536K,   0% used [0x05850000, 0x05850000, 0x059d0000)
 tenured generation   total 31272K, used 24991K [0x0a150000, 0x0bfda000, 0x14c00000)
   the space 31272K,  79% used [0x0a150000, 0x0b9b7e00, 0x0b9b7e00, 0x0bfda000)
 Metaspace       used 16010K, capacity 16385K, committed 16768K, reserved 16768K
}

