# JRE version: OpenJDK Runtime Environment Temurin-11.0.21+9 (11.0.21+9) (build 11.0.21+9)
# Java VM: OpenJDK Client VM Temurin-11.0.21+9 (11.0.21+9, mixed mode, serial gc, windows-x86)
Heap:
 def new generation   total 16576K, used 1911K [0x05a00000, 0x06bf0000, 0x0af50000)
  eden space 14784K,  12% used [0x05a00000, 0x05bddc30, 0x06870000)
  from space 1792K,   0% used [0x06870000, 0x06870000, 0x06a30000)
  to   space 1792K,   0% used [0x06a30000, 0x06a30000, 0x06bf0000)
 tenured generation   total 36656K, used 21991K [0x0af50000, 0x0d31c000, 0x15a00000)
   the space 36656K,  59% used [0x0af50000, 0x0c4c9ce8, 0x0c4c9e00, 0x0d31c000)
 Metaspace       used 15778K, capacity 16149K, committed 16512K, reserved 16768K
GC Heap History (20 events):
Event: 0.537 GC heap before
{Heap before GC invocations=5 (full 0):
 def new generation   total 4928K, used 4843K [0x05a00000, 0x05f50000, 0x0af50000)
  eden space 4416K,  99% used [0x05a00000, 0x05e4fcd8, 0x05e50000)
  from space 512K,  83% used [0x05ed0000, 0x05f3b090, 0x05f50000)
  to   space 512K,   0% used [0x05e50000, 0x05e50000, 0x05ed0000)
 tenured generation   total 10944K, used 2490K [0x0af50000, 0x0ba00000, 0x15a00000)
   the space 10944K,  22% used [0x0af50000, 0x0b1bea60, 0x0b1bec00, 0x0ba00000)
 Metaspace       used 8932K, capacity 9053K, committed 9088K, reserved 9600K
}
Event: 0.538 GC heap after
{Heap after GC invocations=6 (full 0):
 def new generation   total 4928K, used 512K [0x05a00000, 0x05f50000, 0x0af50000)
  eden space 4416K,   0% used [0x05a00000, 0x05a00000, 0x05e50000)
  from space 512K, 100% used [0x05e50000, 0x05ed0000, 0x05ed0000)
  to   space 512K,   0% used [0x05ed0000, 0x05ed0000, 0x05f50000)
 tenured generation   total 10944K, used 2929K [0x0af50000, 0x0ba00000, 0x15a00000)
   the space 10944K,  26% used [0x0af50000, 0x0b22c530, 0x0b22c600, 0x0ba00000)
 Metaspace       used 8932K, capacity 9053K, committed 9088K, reserved 9600K
}
Event: 0.599 GC heap before
{Heap before GC invocations=6 (full 0):
 def new generation   total 4928K, used 4906K [0x05a00000, 0x05f50000, 0x0af50000)
  eden space 4416K,  99% used [0x05a00000, 0x05e4a960, 0x05e50000)
  from space 512K, 100% used [0x05e50000, 0x05ed0000, 0x05ed0000)
  to   space 512K,   0% used [0x05ed0000, 0x05ed0000, 0x05f50000)
 tenured generation   total 10944K, used 2929K [0x0af50000, 0x0ba00000, 0x15a00000)
   the space 10944K,  26% used [0x0af50000, 0x0b22c530, 0x0b22c600, 0x0ba00000)
 Metaspace       used 10560K, capacity 10734K, committed 10752K, reserved 11648K
}
Event: 0.601 GC heap after
{Heap after GC invocations=7 (full 0):
 def new generation   total 4928K, used 512K [0x05a00000, 0x05f50000, 0x0af50000)
  eden space 4416K,   0% used [0x05a00000, 0x05a00000, 0x05e50000)
  from space 512K, 100% used [0x05ed0000, 0x05f50000, 0x05f50000)
  to   space 512K,   0% used [0x05e50000, 0x05e50000, 0x05ed0000)
 tenured generation   total 10944K, used 3984K [0x0af50000, 0x0ba00000, 0x15a00000)
   the space 10944K,  36% used [0x0af50000, 0x0b334278, 0x0b334400, 0x0ba00000)
 Metaspace       used 10560K, capacity 10734K, committed 10752K, reserved 11648K
}
Event: 0.652 GC heap before
{Heap before GC invocations=7 (full 0):
 def new generation   total 4928K, used 4928K [0x05a00000, 0x05f50000, 0x0af50000)
  eden space 4416K, 100% used [0x05a00000, 0x05e50000, 0x05e50000)
  from space 512K, 100% used [0x05ed0000, 0x05f50000, 0x05f50000)
  to   space 512K,   0% used [0x05e50000, 0x05e50000, 0x05ed0000)
 tenured generation   total 10944K, used 3984K [0x0af50000, 0x0ba00000, 0x15a00000)
   the space 10944K,  36% used [0x0af50000, 0x0b334278, 0x0b334400, 0x0ba00000)
 Metaspace       used 11343K, capacity 11510K, committed 11520K, reserved 11648K
}
Event: 0.654 GC heap after
{Heap after GC invocations=8 (full 0):
 def new generation   total 4928K, used 512K [0x05a00000, 0x05f50000, 0x0af50000)
  eden space 4416K,   0% used [0x05a00000, 0x05a00000, 0x05e50000)
  from space 512K, 100% used [0x05e50000, 0x05ed0000, 0x05ed0000)
  to   space 512K,   0% used [0x05ed0000, 0x05ed0000, 0x05f50000)
 tenured generation   total 10944K, used 4481K [0x0af50000, 0x0ba00000, 0x15a00000)
   the space 10944K,  40% used [0x0af50000, 0x0b3b0538, 0x0b3b0600, 0x0ba00000)
 Metaspace       used 11343K, capacity 11510K, committed 11520K, reserved 11648K
}
Event: 0.723 GC heap before
{Heap before GC invocations=8 (full 0):
 def new generation   total 4928K, used 4921K [0x05a00000, 0x05f50000, 0x0af50000)
  eden space 4416K,  99% used [0x05a00000, 0x05e4e620, 0x05e50000)
  from space 512K, 100% used [0x05e50000, 0x05ed0000, 0x05ed0000)
  to   space 512K,   0% used [0x05ed0000, 0x05ed0000, 0x05f50000)
 tenured generation   total 10944K, used 10711K [0x0af50000, 0x0ba00000, 0x15a00000)
   the space 10944K,  97% used [0x0af50000, 0x0b9c5f30, 0x0b9c6000, 0x0ba00000)
 Metaspace       used 11812K, capacity 12008K, committed 12032K, reserved 12672K
}
Event: 0.732 GC heap after
{Heap after GC invocations=9 (full 1):
 def new generation   total 8768K, used 509K [0x05a00000, 0x06380000, 0x0af50000)
  eden space 7808K,   6% used [0x05a00000, 0x05a7f528, 0x061a0000)
  from space 960K,   0% used [0x061a0000, 0x061a0000, 0x06290000)
  to   space 960K,   0% used [0x06290000, 0x06290000, 0x06380000)
 tenured generation   total 19308K, used 11583K [0x0af50000, 0x0c22b000, 0x15a00000)
   the space 19308K,  59% used [0x0af50000, 0x0ba9ffd8, 0x0baa0000, 0x0c22b000)
 Metaspace       used 11812K, capacity 12008K, committed 12032K, reserved 12672K
}
Event: 0.834 GC heap before
{Heap before GC invocations=9 (full 1):
 def new generation   total 8768K, used 7808K [0x05a00000, 0x06380000, 0x0af50000)
  eden space 7808K, 100% used [0x05a00000, 0x061a0000, 0x061a0000)
  from space 960K,   0% used [0x061a0000, 0x061a0000, 0x06290000)
  to   space 960K,   0% used [0x06290000, 0x06290000, 0x06380000)
 tenured generation   total 19308K, used 11583K [0x0af50000, 0x0c22b000, 0x15a00000)
   the space 19308K,  59% used [0x0af50000, 0x0ba9ffd8, 0x0baa0000, 0x0c22b000)
 Metaspace       used 12726K, capacity 12899K, committed 12928K, reserved 13696K
}
Event: 0.838 GC heap after
{Heap after GC invocations=10 (full 1):
 def new generation   total 8768K, used 960K [0x05a00000, 0x06380000, 0x0af50000)
  eden space 7808K,   0% used [0x05a00000, 0x05a00000, 0x061a0000)
  from space 960K, 100% used [0x06290000, 0x06380000, 0x06380000)
  to   space 960K,   0% used [0x061a0000, 0x061a0000, 0x06290000)
 tenured generation   total 19308K, used 11946K [0x0af50000, 0x0c22b000, 0x15a00000)
   the space 19308K,  61% used [0x0af50000, 0x0bafa970, 0x0bafaa00, 0x0c22b000)
 Metaspace       used 12726K, capacity 12899K, committed 12928K, reserved 13696K
}
Event: 0.912 GC heap before
{Heap before GC invocations=10 (full 1):
 def new generation   total 8768K, used 8728K [0x05a00000, 0x06380000, 0x0af50000)
  eden space 7808K,  99% used [0x05a00000, 0x06196100, 0x061a0000)
  from space 960K, 100% used [0x06290000, 0x06380000, 0x06380000)
  to   space 960K,   0% used [0x061a0000, 0x061a0000, 0x06290000)
 tenured generation   total 19308K, used 11946K [0x0af50000, 0x0c22b000, 0x15a00000)
   the space 19308K,  61% used [0x0af50000, 0x0bafa970, 0x0bafaa00, 0x0c22b000)
 Metaspace       used 13960K, capacity 14253K, committed 14336K, reserved 14720K
}
Event: 0.915 GC heap after
{Heap after GC invocations=11 (full 1):
 def new generation   total 8768K, used 596K [0x05a00000, 0x06380000, 0x0af50000)
  eden space 7808K,   0% used [0x05a00000, 0x05a00000, 0x061a0000)
  from space 960K,  62% used [0x061a0000, 0x06235270, 0x06290000)
  to   space 960K,   0% used [0x06290000, 0x06290000, 0x06380000)
 tenured generation   total 19308K, used 12899K [0x0af50000, 0x0c22b000, 0x15a00000)
   the space 19308K,  66% used [0x0af50000, 0x0bbe8c80, 0x0bbe8e00, 0x0c22b000)
 Metaspace       used 13960K, capacity 14253K, committed 14336K, reserved 14720K
}
Event: 1.944 GC heap before
{Heap before GC invocations=11 (full 1):
 def new generation   total 8768K, used 8401K [0x05a00000, 0x06380000, 0x0af50000)
  eden space 7808K,  99% used [0x05a00000, 0x0619f288, 0x061a0000)
  from space 960K,  62% used [0x061a0000, 0x06235270, 0x06290000)
  to   space 960K,   0% used [0x06290000, 0x06290000, 0x06380000)
 tenured generation   total 19308K, used 12899K [0x0af50000, 0x0c22b000, 0x15a00000)
   the space 19308K,  66% used [0x0af50000, 0x0bbe8c80, 0x0bbe8e00, 0x0c22b000)
 Metaspace       used 14795K, capacity 15104K, committed 15104K, reserved 15744K
}
Event: 1.949 GC heap after
{Heap after GC invocations=12 (full 1):
 def new generation   total 8768K, used 960K [0x05a00000, 0x06380000, 0x0af50000)
  eden space 7808K,   0% used [0x05a00000, 0x05a00000, 0x061a0000)
  from space 960K, 100% used [0x06290000, 0x06380000, 0x06380000)
  to   space 960K,   0% used [0x061a0000, 0x061a0000, 0x06290000)
 tenured generation   total 19308K, used 14567K [0x0af50000, 0x0c22b000, 0x15a00000)
   the space 19308K,  75% used [0x0af50000, 0x0bd89c58, 0x0bd89e00, 0x0c22b000)
 Metaspace       used 14795K, capacity 15104K, committed 15104K, reserved 15744K
}
Event: 2.498 GC heap before
{Heap before GC invocations=12 (full 1):
 def new generation   total 8768K, used 8768K [0x05a00000, 0x06380000, 0x0af50000)
  eden space 7808K, 100% used [0x05a00000, 0x061a0000, 0x061a0000)
  from space 960K, 100% used [0x06290000, 0x06380000, 0x06380000)
  to   space 960K,   0% used [0x061a0000, 0x061a0000, 0x06290000)
 tenured generation   total 19308K, used 14567K [0x0af50000, 0x0c22b000, 0x15a00000)
   the space 19308K,  75% used [0x0af50000, 0x0bd89c58, 0x0bd89e00, 0x0c22b000)
 Metaspace       used 15842K, capacity 16219K, committed 16256K, reserved 16768K
}
Event: 2.501 GC heap after
{Heap after GC invocations=13 (full 1):
 def new generation   total 8768K, used 722K [0x05a00000, 0x06380000, 0x0af50000)
  eden space 7808K,   0% used [0x05a00000, 0x05a00000, 0x061a0000)
  from space 960K,  75% used [0x061a0000, 0x062548d0, 0x06290000)
  to   space 960K,   0% used [0x06290000, 0x06290000, 0x06380000)
 tenured generation   total 19308K, used 15519K [0x0af50000, 0x0c22b000, 0x15a00000)
   the space 19308K,  80% used [0x0af50000, 0x0be77de8, 0x0be77e00, 0x0c22b000)
 Metaspace       used 15842K, capacity 16219K, committed 16256K, reserved 16768K
}
Event: 7.583 GC heap before
{Heap before GC invocations=13 (full 1):
 def new generation   total 8768K, used 4952K [0x05a00000, 0x06380000, 0x0af50000)
  eden space 7808K,  54% used [0x05a00000, 0x05e21908, 0x061a0000)
  from space 960K,  75% used [0x061a0000, 0x062548d0, 0x06290000)
  to   space 960K,   0% used [0x06290000, 0x06290000, 0x06380000)
 tenured generation   total 19308K, used 15519K [0x0af50000, 0x0c22b000, 0x15a00000)
   the space 19308K,  80% used [0x0af50000, 0x0be77de8, 0x0be77e00, 0x0c22b000)
 Metaspace       used 15969K, capacity 16362K, committed 16384K, reserved 16768K
}
Event: 7.585 GC heap after
{Heap after GC invocations=14 (full 1):
 def new generation   total 8768K, used 364K [0x05a00000, 0x06380000, 0x0af50000)
  eden space 7808K,   0% used [0x05a00000, 0x05a00000, 0x061a0000)
  from space 960K,  38% used [0x06290000, 0x062eb398, 0x06380000)
  to   space 960K,   0% used [0x061a0000, 0x061a0000, 0x06290000)
 tenured generation   total 19308K, used 16222K [0x0af50000, 0x0c22b000, 0x15a00000)
   the space 19308K,  84% used [0x0af50000, 0x0bf27a28, 0x0bf27c00, 0x0c22b000)
 Metaspace       used 15969K, capacity 16362K, committed 16384K, reserved 16768K
}
Event: 7.635 GC heap before
{Heap before GC invocations=14 (full 1):
 def new generation   total 8768K, used 7537K [0x05a00000, 0x06380000, 0x0af50000)
  eden space 7808K,  91% used [0x05a00000, 0x06101370, 0x061a0000)
  from space 960K,  38% used [0x06290000, 0x062eb398, 0x06380000)
  to   space 960K,   0% used [0x061a0000, 0x061a0000, 0x06290000)
 tenured generation   total 19308K, used 16222K [0x0af50000, 0x0c22b000, 0x15a00000)
   the space 19308K,  84% used [0x0af50000, 0x0bf27a28, 0x0bf27c00, 0x0c22b000)
 Metaspace       used 15971K, capacity 16363K, committed 16384K, reserved 16768K
}
Event: 7.671 GC heap after
{Heap after GC invocations=15 (full 2):
 def new generation   total 16576K, used 0K [0x05a00000, 0x06bf0000, 0x0af50000)
  eden space 14784K,   0% used [0x05a00000, 0x05a00000, 0x06870000)
  from space 1792K,   0% used [0x06870000, 0x06870000, 0x06a30000)
  to   space 1792K,   0% used [0x06a30000, 0x06a30000, 0x06bf0000)
 tenured generation   total 36656K, used 21991K [0x0af50000, 0x0d31c000, 0x15a00000)
   the space 36656K,  59% used [0x0af50000, 0x0c4c9ce8, 0x0c4c9e00, 0x0d31c000)
 Metaspace       used 15742K, capacity 16082K, committed 16384K, reserved 16768K
}

