# JRE version: OpenJDK Runtime Environment Temurin-11.0.21+9 (11.0.21+9) (build 11.0.21+9)
# Java VM: OpenJDK Client VM Temurin-11.0.21+9 (11.0.21+9, mixed mode, serial gc, windows-x86)
Heap:
 def new generation   total 19008K, used 2057K [0x05600000, 0x06aa0000, 0x0ab50000)
  eden space 16896K,  12% used [0x05600000, 0x058027a0, 0x06680000)
  from space 2112K,   0% used [0x06680000, 0x06680000, 0x06890000)
  to   space 2112K,   0% used [0x06890000, 0x06890000, 0x06aa0000)
 tenured generation   total 42104K, used 25260K [0x0ab50000, 0x0d46e000, 0x15600000)
   the space 42104K,  59% used [0x0ab50000, 0x0c3fb0d8, 0x0c3fb200, 0x0d46e000)
 Metaspace       used 16086K, capacity 16472K, committed 16896K, reserved 17792K
GC Heap History (20 events):
Event: 0.609 GC heap before
{Heap before GC invocations=6 (full 0):
 def new generation   total 4928K, used 4919K [0x05600000, 0x05b50000, 0x0ab50000)
  eden space 4416K,  99% used [0x05600000, 0x05a4dda8, 0x05a50000)
  from space 512K, 100% used [0x05a50000, 0x05ad0000, 0x05ad0000)
  to   space 512K,   0% used [0x05ad0000, 0x05ad0000, 0x05b50000)
 tenured generation   total 10944K, used 2955K [0x0ab50000, 0x0b600000, 0x15600000)
   the space 10944K,  27% used [0x0ab50000, 0x0ae32f58, 0x0ae33000, 0x0b600000)
 Metaspace       used 10561K, capacity 10734K, committed 10752K, reserved 11648K
}
Event: 0.611 GC heap after
{Heap after GC invocations=7 (full 0):
 def new generation   total 4928K, used 512K [0x05600000, 0x05b50000, 0x0ab50000)
  eden space 4416K,   0% used [0x05600000, 0x05600000, 0x05a50000)
  from space 512K, 100% used [0x05ad0000, 0x05b50000, 0x05b50000)
  to   space 512K,   0% used [0x05a50000, 0x05a50000, 0x05ad0000)
 tenured generation   total 10944K, used 3985K [0x0ab50000, 0x0b600000, 0x15600000)
   the space 10944K,  36% used [0x0ab50000, 0x0af347f8, 0x0af34800, 0x0b600000)
 Metaspace       used 10561K, capacity 10734K, committed 10752K, reserved 11648K
}
Event: 0.657 GC heap before
{Heap before GC invocations=7 (full 0):
 def new generation   total 4928K, used 4927K [0x05600000, 0x05b50000, 0x0ab50000)
  eden space 4416K,  99% used [0x05600000, 0x05a4fff8, 0x05a50000)
  from space 512K, 100% used [0x05ad0000, 0x05b50000, 0x05b50000)
  to   space 512K,   0% used [0x05a50000, 0x05a50000, 0x05ad0000)
 tenured generation   total 10944K, used 3985K [0x0ab50000, 0x0b600000, 0x15600000)
   the space 10944K,  36% used [0x0ab50000, 0x0af347f8, 0x0af34800, 0x0b600000)
 Metaspace       used 11343K, capacity 11510K, committed 11520K, reserved 11648K
}
Event: 0.659 GC heap after
{Heap after GC invocations=8 (full 0):
 def new generation   total 4928K, used 512K [0x05600000, 0x05b50000, 0x0ab50000)
  eden space 4416K,   0% used [0x05600000, 0x05600000, 0x05a50000)
  from space 512K, 100% used [0x05a50000, 0x05ad0000, 0x05ad0000)
  to   space 512K,   0% used [0x05ad0000, 0x05ad0000, 0x05b50000)
 tenured generation   total 10944K, used 4481K [0x0ab50000, 0x0b600000, 0x15600000)
   the space 10944K,  40% used [0x0ab50000, 0x0afb0468, 0x0afb0600, 0x0b600000)
 Metaspace       used 11343K, capacity 11510K, committed 11520K, reserved 11648K
}
Event: 0.729 GC heap before
{Heap before GC invocations=8 (full 0):
 def new generation   total 4928K, used 4928K [0x05600000, 0x05b50000, 0x0ab50000)
  eden space 4416K, 100% used [0x05600000, 0x05a50000, 0x05a50000)
  from space 512K, 100% used [0x05a50000, 0x05ad0000, 0x05ad0000)
  to   space 512K,   0% used [0x05ad0000, 0x05ad0000, 0x05b50000)
 tenured generation   total 10944K, used 10711K [0x0ab50000, 0x0b600000, 0x15600000)
   the space 10944K,  97% used [0x0ab50000, 0x0b5c5e60, 0x0b5c6000, 0x0b600000)
 Metaspace       used 11814K, capacity 12008K, committed 12032K, reserved 12672K
}
Event: 0.738 GC heap after
{Heap after GC invocations=9 (full 1):
 def new generation   total 8768K, used 508K [0x05600000, 0x05f80000, 0x0ab50000)
  eden space 7808K,   6% used [0x05600000, 0x0567f228, 0x05da0000)
  from space 960K,   0% used [0x05da0000, 0x05da0000, 0x05e90000)
  to   space 960K,   0% used [0x05e90000, 0x05e90000, 0x05f80000)
 tenured generation   total 19308K, used 11583K [0x0ab50000, 0x0be2b000, 0x15600000)
   the space 19308K,  59% used [0x0ab50000, 0x0b69ffe8, 0x0b6a0000, 0x0be2b000)
 Metaspace       used 11814K, capacity 12008K, committed 12032K, reserved 12672K
}
Event: 0.844 GC heap before
{Heap before GC invocations=9 (full 1):
 def new generation   total 8768K, used 7808K [0x05600000, 0x05f80000, 0x0ab50000)
  eden space 7808K, 100% used [0x05600000, 0x05da0000, 0x05da0000)
  from space 960K,   0% used [0x05da0000, 0x05da0000, 0x05e90000)
  to   space 960K,   0% used [0x05e90000, 0x05e90000, 0x05f80000)
 tenured generation   total 19308K, used 11583K [0x0ab50000, 0x0be2b000, 0x15600000)
   the space 19308K,  59% used [0x0ab50000, 0x0b69ffe8, 0x0b6a0000, 0x0be2b000)
 Metaspace       used 12727K, capacity 12899K, committed 12928K, reserved 13696K
}
Event: 0.847 GC heap after
{Heap after GC invocations=10 (full 1):
 def new generation   total 8768K, used 960K [0x05600000, 0x05f80000, 0x0ab50000)
  eden space 7808K,   0% used [0x05600000, 0x05600000, 0x05da0000)
  from space 960K, 100% used [0x05e90000, 0x05f80000, 0x05f80000)
  to   space 960K,   0% used [0x05da0000, 0x05da0000, 0x05e90000)
 tenured generation   total 19308K, used 11949K [0x0ab50000, 0x0be2b000, 0x15600000)
   the space 19308K,  61% used [0x0ab50000, 0x0b6fb560, 0x0b6fb600, 0x0be2b000)
 Metaspace       used 12727K, capacity 12899K, committed 12928K, reserved 13696K
}
Event: 0.920 GC heap before
{Heap before GC invocations=10 (full 1):
 def new generation   total 8768K, used 8703K [0x05600000, 0x05f80000, 0x0ab50000)
  eden space 7808K,  99% used [0x05600000, 0x05d8feb0, 0x05da0000)
  from space 960K, 100% used [0x05e90000, 0x05f80000, 0x05f80000)
  to   space 960K,   0% used [0x05da0000, 0x05da0000, 0x05e90000)
 tenured generation   total 19308K, used 11949K [0x0ab50000, 0x0be2b000, 0x15600000)
   the space 19308K,  61% used [0x0ab50000, 0x0b6fb560, 0x0b6fb600, 0x0be2b000)
 Metaspace       used 13960K, capacity 14253K, committed 14336K, reserved 14720K
}
Event: 0.924 GC heap after
{Heap after GC invocations=11 (full 1):
 def new generation   total 8768K, used 596K [0x05600000, 0x05f80000, 0x0ab50000)
  eden space 7808K,   0% used [0x05600000, 0x05600000, 0x05da0000)
  from space 960K,  62% used [0x05da0000, 0x05e351a8, 0x05e90000)
  to   space 960K,   0% used [0x05e90000, 0x05e90000, 0x05f80000)
 tenured generation   total 19308K, used 12899K [0x0ab50000, 0x0be2b000, 0x15600000)
   the space 19308K,  66% used [0x0ab50000, 0x0b7e8ea0, 0x0b7e9000, 0x0be2b000)
 Metaspace       used 13960K, capacity 14253K, committed 14336K, reserved 14720K
}
Event: 1.813 GC heap before
{Heap before GC invocations=11 (full 1):
 def new generation   total 8768K, used 8404K [0x05600000, 0x05f80000, 0x0ab50000)
  eden space 7808K, 100% used [0x05600000, 0x05da0000, 0x05da0000)
  from space 960K,  62% used [0x05da0000, 0x05e351a8, 0x05e90000)
  to   space 960K,   0% used [0x05e90000, 0x05e90000, 0x05f80000)
 tenured generation   total 19308K, used 12899K [0x0ab50000, 0x0be2b000, 0x15600000)
   the space 19308K,  66% used [0x0ab50000, 0x0b7e8ea0, 0x0b7e9000, 0x0be2b000)
 Metaspace       used 14840K, capacity 15137K, committed 15232K, reserved 15744K
}
Event: 1.818 GC heap after
{Heap after GC invocations=12 (full 1):
 def new generation   total 8768K, used 960K [0x05600000, 0x05f80000, 0x0ab50000)
  eden space 7808K,   0% used [0x05600000, 0x05600000, 0x05da0000)
  from space 960K, 100% used [0x05e90000, 0x05f80000, 0x05f80000)
  to   space 960K,   0% used [0x05da0000, 0x05da0000, 0x05e90000)
 tenured generation   total 19308K, used 14577K [0x0ab50000, 0x0be2b000, 0x15600000)
   the space 19308K,  75% used [0x0ab50000, 0x0b98c768, 0x0b98c800, 0x0be2b000)
 Metaspace       used 14840K, capacity 15137K, committed 15232K, reserved 15744K
}
Event: 2.520 GC heap before
{Heap before GC invocations=12 (full 1):
 def new generation   total 8768K, used 8768K [0x05600000, 0x05f80000, 0x0ab50000)
  eden space 7808K, 100% used [0x05600000, 0x05da0000, 0x05da0000)
  from space 960K, 100% used [0x05e90000, 0x05f80000, 0x05f80000)
  to   space 960K,   0% used [0x05da0000, 0x05da0000, 0x05e90000)
 tenured generation   total 19308K, used 14577K [0x0ab50000, 0x0be2b000, 0x15600000)
   the space 19308K,  75% used [0x0ab50000, 0x0b98c768, 0x0b98c800, 0x0be2b000)
 Metaspace       used 15860K, capacity 16251K, committed 16256K, reserved 16768K
}
Event: 2.523 GC heap after
{Heap after GC invocations=13 (full 1):
 def new generation   total 8768K, used 739K [0x05600000, 0x05f80000, 0x0ab50000)
  eden space 7808K,   0% used [0x05600000, 0x05600000, 0x05da0000)
  from space 960K,  77% used [0x05da0000, 0x05e58d08, 0x05e90000)
  to   space 960K,   0% used [0x05e90000, 0x05e90000, 0x05f80000)
 tenured generation   total 19308K, used 15531K [0x0ab50000, 0x0be2b000, 0x15600000)
   the space 19308K,  80% used [0x0ab50000, 0x0ba7afe0, 0x0ba7b000, 0x0be2b000)
 Metaspace       used 15860K, capacity 16251K, committed 16256K, reserved 16768K
}
Event: 9.220 GC heap before
{Heap before GC invocations=13 (full 1):
 def new generation   total 8768K, used 8547K [0x05600000, 0x05f80000, 0x0ab50000)
  eden space 7808K, 100% used [0x05600000, 0x05da0000, 0x05da0000)
  from space 960K,  77% used [0x05da0000, 0x05e58d08, 0x05e90000)
  to   space 960K,   0% used [0x05e90000, 0x05e90000, 0x05f80000)
 tenured generation   total 19308K, used 15531K [0x0ab50000, 0x0be2b000, 0x15600000)
   the space 19308K,  80% used [0x0ab50000, 0x0ba7afe0, 0x0ba7b000, 0x0be2b000)
 Metaspace       used 16244K, capacity 16691K, committed 16768K, reserved 16768K
}
Event: 9.223 GC heap after
{Heap after GC invocations=14 (full 1):
 def new generation   total 8768K, used 670K [0x05600000, 0x05f80000, 0x0ab50000)
  eden space 7808K,   0% used [0x05600000, 0x05600000, 0x05da0000)
  from space 960K,  69% used [0x05e90000, 0x05f37af8, 0x05f80000)
  to   space 960K,   0% used [0x05da0000, 0x05da0000, 0x05e90000)
 tenured generation   total 19308K, used 16251K [0x0ab50000, 0x0be2b000, 0x15600000)
   the space 19308K,  84% used [0x0ab50000, 0x0bb2ef80, 0x0bb2f000, 0x0be2b000)
 Metaspace       used 16244K, capacity 16691K, committed 16768K, reserved 16768K
}
Event: 10.071 GC heap before
{Heap before GC invocations=14 (full 1):
 def new generation   total 8768K, used 8478K [0x05600000, 0x05f80000, 0x0ab50000)
  eden space 7808K, 100% used [0x05600000, 0x05da0000, 0x05da0000)
  from space 960K,  69% used [0x05e90000, 0x05f37af8, 0x05f80000)
  to   space 960K,   0% used [0x05da0000, 0x05da0000, 0x05e90000)
 tenured generation   total 19308K, used 16251K [0x0ab50000, 0x0be2b000, 0x15600000)
   the space 19308K,  84% used [0x0ab50000, 0x0bb2ef80, 0x0bb2f000, 0x0be2b000)
 Metaspace       used 16322K, capacity 16769K, committed 16896K, reserved 17792K
}
Event: 10.074 GC heap after
{Heap after GC invocations=15 (full 1):
 def new generation   total 8768K, used 960K [0x05600000, 0x05f80000, 0x0ab50000)
  eden space 7808K,   0% used [0x05600000, 0x05600000, 0x05da0000)
  from space 960K, 100% used [0x05da0000, 0x05e90000, 0x05e90000)
  to   space 960K,   0% used [0x05e90000, 0x05e90000, 0x05f80000)
 tenured generation   total 19308K, used 17620K [0x0ab50000, 0x0be2b000, 0x15600000)
   the space 19308K,  91% used [0x0ab50000, 0x0bc85280, 0x0bc85400, 0x0be2b000)
 Metaspace       used 16322K, capacity 16769K, committed 16896K, reserved 17792K
}
Event: 11.148 GC heap before
{Heap before GC invocations=15 (full 1):
 def new generation   total 8768K, used 8768K [0x05600000, 0x05f80000, 0x0ab50000)
  eden space 7808K, 100% used [0x05600000, 0x05da0000, 0x05da0000)
  from space 960K, 100% used [0x05da0000, 0x05e90000, 0x05e90000)
  to   space 960K,   0% used [0x05e90000, 0x05e90000, 0x05f80000)
 tenured generation   total 19308K, used 17620K [0x0ab50000, 0x0be2b000, 0x15600000)
   the space 19308K,  91% used [0x0ab50000, 0x0bc85280, 0x0bc85400, 0x0be2b000)
 Metaspace       used 16335K, capacity 16784K, committed 16896K, reserved 17792K
}
Event: 11.169 GC heap after
{Heap after GC invocations=16 (full 2):
 def new generation   total 19008K, used 0K [0x05600000, 0x06aa0000, 0x0ab50000)
  eden space 16896K,   0% used [0x05600000, 0x05600000, 0x06680000)
  from space 2112K,   0% used [0x06680000, 0x06680000, 0x06890000)
  to   space 2112K,   0% used [0x06890000, 0x06890000, 0x06aa0000)
 tenured generation   total 42104K, used 25260K [0x0ab50000, 0x0d46e000, 0x15600000)
   the space 42104K,  59% used [0x0ab50000, 0x0c3fb0d8, 0x0c3fb200, 0x0d46e000)
 Metaspace       used 16061K, capacity 16447K, committed 16896K, reserved 17792K
}

