# JRE version: OpenJDK Runtime Environment Temurin-11.0.21+9 (11.0.21+9) (build 11.0.21+9)
# Java VM: OpenJDK Client VM Temurin-11.0.21+9 (11.0.21+9, mixed mode, serial gc, windows-x86)
Heap:
 def new generation   total 14080K, used 10038K [0x05a00000, 0x06940000, 0x0af50000)
  eden space 12544K,  72% used [0x05a00000, 0x062ec908, 0x06640000)
  from space 1536K,  58% used [0x06640000, 0x067211b8, 0x067c0000)
  to   space 1536K,   0% used [0x067c0000, 0x067c0000, 0x06940000)
 tenured generation   total 31120K, used 19652K [0x0af50000, 0x0cdb4000, 0x15a00000)
   the space 31120K,  63% used [0x0af50000, 0x0c281008, 0x0c281200, 0x0cdb4000)
 Metaspace       used 16307K, capacity 16724K, committed 17024K, reserved 17792K
GC Heap History (20 events):
Event: 0.919 GC heap before
{Heap before GC invocations=8 (full 0):
 def new generation   total 4928K, used 4928K [0x05a00000, 0x05f50000, 0x0af50000)
  eden space 4416K, 100% used [0x05a00000, 0x05e50000, 0x05e50000)
  from space 512K, 100% used [0x05e50000, 0x05ed0000, 0x05ed0000)
  to   space 512K,   0% used [0x05ed0000, 0x05ed0000, 0x05f50000)
 tenured generation   total 10944K, used 10657K [0x0af50000, 0x0ba00000, 0x15a00000)
   the space 10944K,  97% used [0x0af50000, 0x0b9b8660, 0x0b9b8800, 0x0ba00000)
 Metaspace       used 11801K, capacity 11976K, committed 12032K, reserved 12672K
}
Event: 0.928 GC heap after
{Heap after GC invocations=9 (full 1):
 def new generation   total 8768K, used 507K [0x05a00000, 0x06380000, 0x0af50000)
  eden space 7808K,   6% used [0x05a00000, 0x05a7ec90, 0x061a0000)
  from space 960K,   0% used [0x061a0000, 0x061a0000, 0x06290000)
  to   space 960K,   0% used [0x06290000, 0x06290000, 0x06380000)
 tenured generation   total 19308K, used 11583K [0x0af50000, 0x0c22b000, 0x15a00000)
   the space 19308K,  59% used [0x0af50000, 0x0ba9ffc0, 0x0baa0000, 0x0c22b000)
 Metaspace       used 11801K, capacity 11976K, committed 12032K, reserved 12672K
}
Event: 1.069 GC heap before
{Heap before GC invocations=9 (full 1):
 def new generation   total 8768K, used 7808K [0x05a00000, 0x06380000, 0x0af50000)
  eden space 7808K, 100% used [0x05a00000, 0x061a0000, 0x061a0000)
  from space 960K,   0% used [0x061a0000, 0x061a0000, 0x06290000)
  to   space 960K,   0% used [0x06290000, 0x06290000, 0x06380000)
 tenured generation   total 19308K, used 11583K [0x0af50000, 0x0c22b000, 0x15a00000)
   the space 19308K,  59% used [0x0af50000, 0x0ba9ffc0, 0x0baa0000, 0x0c22b000)
 Metaspace       used 12718K, capacity 12899K, committed 12928K, reserved 13696K
}
Event: 1.073 GC heap after
{Heap after GC invocations=10 (full 1):
 def new generation   total 8768K, used 960K [0x05a00000, 0x06380000, 0x0af50000)
  eden space 7808K,   0% used [0x05a00000, 0x05a00000, 0x061a0000)
  from space 960K, 100% used [0x06290000, 0x06380000, 0x06380000)
  to   space 960K,   0% used [0x061a0000, 0x061a0000, 0x06290000)
 tenured generation   total 19308K, used 11946K [0x0af50000, 0x0c22b000, 0x15a00000)
   the space 19308K,  61% used [0x0af50000, 0x0bafa958, 0x0bafaa00, 0x0c22b000)
 Metaspace       used 12718K, capacity 12899K, committed 12928K, reserved 13696K
}
Event: 1.150 GC heap before
{Heap before GC invocations=10 (full 1):
 def new generation   total 8768K, used 8768K [0x05a00000, 0x06380000, 0x0af50000)
  eden space 7808K, 100% used [0x05a00000, 0x061a0000, 0x061a0000)
  from space 960K, 100% used [0x06290000, 0x06380000, 0x06380000)
  to   space 960K,   0% used [0x061a0000, 0x061a0000, 0x06290000)
 tenured generation   total 19308K, used 11946K [0x0af50000, 0x0c22b000, 0x15a00000)
   the space 19308K,  61% used [0x0af50000, 0x0bafa958, 0x0bafaa00, 0x0c22b000)
 Metaspace       used 13960K, capacity 14253K, committed 14336K, reserved 14720K
}
Event: 1.153 GC heap after
{Heap after GC invocations=11 (full 1):
 def new generation   total 8768K, used 598K [0x05a00000, 0x06380000, 0x0af50000)
  eden space 7808K,   0% used [0x05a00000, 0x05a00000, 0x061a0000)
  from space 960K,  62% used [0x061a0000, 0x06235860, 0x06290000)
  to   space 960K,   0% used [0x06290000, 0x06290000, 0x06380000)
 tenured generation   total 19308K, used 12898K [0x0af50000, 0x0c22b000, 0x15a00000)
   the space 19308K,  66% used [0x0af50000, 0x0bbe8918, 0x0bbe8a00, 0x0c22b000)
 Metaspace       used 13960K, capacity 14253K, committed 14336K, reserved 14720K
}
Event: 2.551 GC heap before
{Heap before GC invocations=11 (full 1):
 def new generation   total 8768K, used 8406K [0x05a00000, 0x06380000, 0x0af50000)
  eden space 7808K, 100% used [0x05a00000, 0x061a0000, 0x061a0000)
  from space 960K,  62% used [0x061a0000, 0x06235860, 0x06290000)
  to   space 960K,   0% used [0x06290000, 0x06290000, 0x06380000)
 tenured generation   total 19308K, used 12898K [0x0af50000, 0x0c22b000, 0x15a00000)
   the space 19308K,  66% used [0x0af50000, 0x0bbe8918, 0x0bbe8a00, 0x0c22b000)
 Metaspace       used 14786K, capacity 15104K, committed 15104K, reserved 15744K
}
Event: 2.557 GC heap after
{Heap after GC invocations=12 (full 1):
 def new generation   total 8768K, used 960K [0x05a00000, 0x06380000, 0x0af50000)
  eden space 7808K,   0% used [0x05a00000, 0x05a00000, 0x061a0000)
  from space 960K, 100% used [0x06290000, 0x06380000, 0x06380000)
  to   space 960K,   0% used [0x061a0000, 0x061a0000, 0x06290000)
 tenured generation   total 19308K, used 14573K [0x0af50000, 0x0c22b000, 0x15a00000)
   the space 19308K,  75% used [0x0af50000, 0x0bd8b4a0, 0x0bd8b600, 0x0c22b000)
 Metaspace       used 14786K, capacity 15104K, committed 15104K, reserved 15744K
}
Event: 3.377 GC heap before
{Heap before GC invocations=12 (full 1):
 def new generation   total 8768K, used 8768K [0x05a00000, 0x06380000, 0x0af50000)
  eden space 7808K, 100% used [0x05a00000, 0x061a0000, 0x061a0000)
  from space 960K, 100% used [0x06290000, 0x06380000, 0x06380000)
  to   space 960K,   0% used [0x061a0000, 0x061a0000, 0x06290000)
 tenured generation   total 19308K, used 14573K [0x0af50000, 0x0c22b000, 0x15a00000)
   the space 19308K,  75% used [0x0af50000, 0x0bd8b4a0, 0x0bd8b600, 0x0c22b000)
 Metaspace       used 15844K, capacity 16219K, committed 16256K, reserved 16768K
}
Event: 3.380 GC heap after
{Heap after GC invocations=13 (full 1):
 def new generation   total 8768K, used 718K [0x05a00000, 0x06380000, 0x0af50000)
  eden space 7808K,   0% used [0x05a00000, 0x05a00000, 0x061a0000)
  from space 960K,  74% used [0x061a0000, 0x06253a50, 0x06290000)
  to   space 960K,   0% used [0x06290000, 0x06290000, 0x06380000)
 tenured generation   total 19308K, used 15525K [0x0af50000, 0x0c22b000, 0x15a00000)
   the space 19308K,  80% used [0x0af50000, 0x0be79440, 0x0be79600, 0x0c22b000)
 Metaspace       used 15844K, capacity 16219K, committed 16256K, reserved 16768K
}
Event: 13.907 GC heap before
{Heap before GC invocations=13 (full 1):
 def new generation   total 8768K, used 8526K [0x05a00000, 0x06380000, 0x0af50000)
  eden space 7808K, 100% used [0x05a00000, 0x061a0000, 0x061a0000)
  from space 960K,  74% used [0x061a0000, 0x06253a50, 0x06290000)
  to   space 960K,   0% used [0x06290000, 0x06290000, 0x06380000)
 tenured generation   total 19308K, used 15525K [0x0af50000, 0x0c22b000, 0x15a00000)
   the space 19308K,  80% used [0x0af50000, 0x0be79440, 0x0be79600, 0x0c22b000)
 Metaspace       used 16027K, capacity 16435K, committed 16512K, reserved 16768K
}
Event: 13.910 GC heap after
{Heap after GC invocations=14 (full 1):
 def new generation   total 8768K, used 584K [0x05a00000, 0x06380000, 0x0af50000)
  eden space 7808K,   0% used [0x05a00000, 0x05a00000, 0x061a0000)
  from space 960K,  60% used [0x06290000, 0x063223f8, 0x06380000)
  to   space 960K,   0% used [0x061a0000, 0x061a0000, 0x06290000)
 tenured generation   total 19308K, used 17248K [0x0af50000, 0x0c22b000, 0x15a00000)
   the space 19308K,  89% used [0x0af50000, 0x0c028048, 0x0c028200, 0x0c22b000)
 Metaspace       used 16027K, capacity 16435K, committed 16512K, reserved 16768K
}
Event: 15.309 GC heap before
{Heap before GC invocations=14 (full 1):
 def new generation   total 8768K, used 8392K [0x05a00000, 0x06380000, 0x0af50000)
  eden space 7808K, 100% used [0x05a00000, 0x061a0000, 0x061a0000)
  from space 960K,  60% used [0x06290000, 0x063223f8, 0x06380000)
  to   space 960K,   0% used [0x061a0000, 0x061a0000, 0x06290000)
 tenured generation   total 19308K, used 17248K [0x0af50000, 0x0c22b000, 0x15a00000)
   the space 19308K,  89% used [0x0af50000, 0x0c028048, 0x0c028200, 0x0c22b000)
 Metaspace       used 16206K, capacity 16616K, committed 16640K, reserved 16768K
}
Event: 15.313 GC heap after
{Heap after GC invocations=15 (full 1):
 def new generation   total 8768K, used 960K [0x05a00000, 0x06380000, 0x0af50000)
  eden space 7808K,   0% used [0x05a00000, 0x05a00000, 0x061a0000)
  from space 960K, 100% used [0x061a0000, 0x06290000, 0x06290000)
  to   space 960K,   0% used [0x06290000, 0x06290000, 0x06380000)
 tenured generation   total 19308K, used 18554K [0x0af50000, 0x0c22b000, 0x15a00000)
   the space 19308K,  96% used [0x0af50000, 0x0c16eb68, 0x0c16ec00, 0x0c22b000)
 Metaspace       used 16206K, capacity 16616K, committed 16640K, reserved 16768K
}
Event: 21.939 GC heap before
{Heap before GC invocations=15 (full 1):
 def new generation   total 8768K, used 8768K [0x05a00000, 0x06380000, 0x0af50000)
  eden space 7808K, 100% used [0x05a00000, 0x061a0000, 0x061a0000)
  from space 960K, 100% used [0x061a0000, 0x06290000, 0x06290000)
  to   space 960K,   0% used [0x06290000, 0x06290000, 0x06380000)
 tenured generation   total 19308K, used 18554K [0x0af50000, 0x0c22b000, 0x15a00000)
   the space 19308K,  96% used [0x0af50000, 0x0c16eb68, 0x0c16ec00, 0x0c22b000)
 Metaspace       used 16254K, capacity 16684K, committed 16768K, reserved 16768K
}
Event: 21.962 GC heap after
{Heap after GC invocations=16 (full 2):
 def new generation   total 14080K, used 0K [0x05a00000, 0x06940000, 0x0af50000)
  eden space 12544K,   0% used [0x05a00000, 0x05a00000, 0x06640000)
  from space 1536K,   0% used [0x06640000, 0x06640000, 0x067c0000)
  to   space 1536K,   0% used [0x067c0000, 0x067c0000, 0x06940000)
 tenured generation   total 31120K, used 18671K [0x0af50000, 0x0cdb4000, 0x15a00000)
   the space 31120K,  59% used [0x0af50000, 0x0c18bc88, 0x0c18be00, 0x0cdb4000)
 Metaspace       used 15986K, capacity 16355K, committed 16768K, reserved 16768K
}
Event: 35.717 GC heap before
{Heap before GC invocations=16 (full 2):
 def new generation   total 14080K, used 12543K [0x05a00000, 0x06940000, 0x0af50000)
  eden space 12544K,  99% used [0x05a00000, 0x0663fff8, 0x06640000)
  from space 1536K,   0% used [0x06640000, 0x06640000, 0x067c0000)
  to   space 1536K,   0% used [0x067c0000, 0x067c0000, 0x06940000)
 tenured generation   total 31120K, used 18671K [0x0af50000, 0x0cdb4000, 0x15a00000)
   the space 31120K,  59% used [0x0af50000, 0x0c18bc88, 0x0c18be00, 0x0cdb4000)
 Metaspace       used 16270K, capacity 16651K, committed 17024K, reserved 17792K
}
Event: 35.719 GC heap after
{Heap after GC invocations=17 (full 2):
 def new generation   total 14080K, used 989K [0x05a00000, 0x06940000, 0x0af50000)
  eden space 12544K,   0% used [0x05a00000, 0x05a00000, 0x06640000)
  from space 1536K,  64% used [0x067c0000, 0x068b7518, 0x06940000)
  to   space 1536K,   0% used [0x06640000, 0x06640000, 0x067c0000)
 tenured generation   total 31120K, used 18671K [0x0af50000, 0x0cdb4000, 0x15a00000)
   the space 31120K,  59% used [0x0af50000, 0x0c18bc88, 0x0c18be00, 0x0cdb4000)
 Metaspace       used 16270K, capacity 16651K, committed 17024K, reserved 17792K
}
Event: 53.218 GC heap before
{Heap before GC invocations=17 (full 2):
 def new generation   total 14080K, used 11099K [0x05a00000, 0x06940000, 0x0af50000)
  eden space 12544K,  80% used [0x05a00000, 0x063df838, 0x06640000)
  from space 1536K,  64% used [0x067c0000, 0x068b7518, 0x06940000)
  to   space 1536K,   0% used [0x06640000, 0x06640000, 0x067c0000)
 tenured generation   total 31120K, used 18671K [0x0af50000, 0x0cdb4000, 0x15a00000)
   the space 31120K,  59% used [0x0af50000, 0x0c18bc88, 0x0c18be00, 0x0cdb4000)
 Metaspace       used 16282K, capacity 16697K, committed 17024K, reserved 17792K
}
Event: 53.221 GC heap after
{Heap after GC invocations=18 (full 2):
 def new generation   total 14080K, used 900K [0x05a00000, 0x06940000, 0x0af50000)
  eden space 12544K,   0% used [0x05a00000, 0x05a00000, 0x06640000)
  from space 1536K,  58% used [0x06640000, 0x067211b8, 0x067c0000)
  to   space 1536K,   0% used [0x067c0000, 0x067c0000, 0x06940000)
 tenured generation   total 31120K, used 19652K [0x0af50000, 0x0cdb4000, 0x15a00000)
   the space 31120K,  63% used [0x0af50000, 0x0c281008, 0x0c281200, 0x0cdb4000)
 Metaspace       used 16282K, capacity 16697K, committed 17024K, reserved 17792K
}

